#
# There is insufficient memory for the Java Runtime Environment to continue.
# Native memory allocation (mmap) failed to map 42991616 bytes for Failed to commit area from 0x000000008ca00000 to 0x000000008f300000 of length 42991616.
# Possible reasons:
#   The system is out of physical RAM or swap space
#   The process is running with CompressedOops enabled, and the Java Heap may be blocking the growth of the native heap
# Possible solutions:
#   Reduce memory load on the system
#   Increase physical memory or swap space
#   Check if swap backing store is full
#   Decrease Java heap size (-Xmx/-Xms)
#   Decrease number of Java threads
#   Decrease Java thread stack sizes (-Xss)
#   Set larger code cache with -XX:ReservedCodeCacheSize=
#   JVM is running with Unscaled Compressed Oops mode in which the Java heap is
#     placed in the first 4GB address space. The Java Heap base address is the
#     maximum limit for the native heap growth. Please use -XX:HeapBaseMinAddress
#     to set the Java Heap base and to place the Java Heap above 4GB virtual address.
# This output file may be truncated or incomplete.
#
#  Out of Memory Error (./src/hotspot/os/windows/os_windows.cpp:3301), pid=5456, tid=7056
#
# JRE version: OpenJDK Runtime Environment (11.0.10) (build 11.0.10+0-b96-7249189)
# Java VM: OpenJDK 64-Bit Server VM (11.0.10+0-b96-7249189, mixed mode, tiered, compressed oops, g1 gc, windows-amd64)
# No core dump will be written. Minidumps are not enabled by default on client versions of Windows
#

---------------  S U M M A R Y ------------

Command Line: --add-opens=java.base/java.util=ALL-UNNAMED --add-opens=java.base/java.lang=ALL-UNNAMED --add-opens=java.base/java.lang.invoke=ALL-UNNAMED --add-opens=java.base/java.util=ALL-UNNAMED --add-opens=java.prefs/java.util.prefs=ALL-UNNAMED --add-opens=java.prefs/java.util.prefs=ALL-UNNAMED --add-opens=java.base/java.nio.charset=ALL-UNNAMED --add-opens=java.base/java.net=ALL-UNNAMED --add-opens=java.base/java.util.concurrent.atomic=ALL-UNNAMED -Xmx2048m -Dfile.encoding=UTF-8 -Duser.country=US -Duser.language=en -Duser.variant org.gradle.launcher.daemon.bootstrap.GradleDaemon 7.0.2

Host: Intel(R) Core(TM) i3-2330M CPU @ 2.20GHz, 4 cores, 5G,  Windows 10 , 64 bit Build 10240 (10.0.10240.17113)
Time: Sat May 13 01:58:01 2023 Pacific Standard Time elapsed time: 1848.564216 seconds (0d 0h 30m 48s)

---------------  T H R E A D  ---------------

Current thread (0x00000099999db800):  VMThread "VM Thread" [stack: 0x000000999a250000,0x000000999a350000] [id=7056]

Stack: [0x000000999a250000,0x000000999a350000]
[error occurred during error reporting (printing stack bounds), id 0xc0000005, EXCEPTION_ACCESS_VIOLATION (0xc0000005) at pc=0x0000009983a10f2d]

Native frames: (J=compiled Java code, j=interpreted, Vv=VM code, C=native code)
V  [jvm.dll+0x5ecfaa]
V  [jvm.dll+0x722bd5]
V  [jvm.dll+0x72412d]
V  [jvm.dll+0x724745]
V  [jvm.dll+0x7246fb]
V  [jvm.dll+0x5ec348]
V  [jvm.dll+0x5ecad8]
C  [ntdll.dll+0x9666d]
C  [ntdll.dll+0x13c00]
C  [ntdll.dll+0x9577a]
C  0x0000009983a10f2d

VM_Operation (0x000000999faedf60): G1CollectForAllocation, mode: safepoint, requested by thread 0x000000999ca7b000


---------------  P R O C E S S  ---------------

Threads class SMR info:
_java_thread_list=0x00000099a6159b30, length=47, elements={
0x00000099fd50c800, 0x00000099999e3800, 0x00000099999e4800, 0x000000999a673800,
0x00000099999fe800, 0x0000009999a00000, 0x0000009999a03000, 0x0000009999a15800,
0x0000009999a17000, 0x000000999a79e000, 0x000000999c158000, 0x000000999be5c000,
0x000000999cd94800, 0x000000999ca77000, 0x000000999ca7c800, 0x000000999ca7b000,
0x000000999ca79800, 0x000000999ca7a000, 0x000000999ca7d800, 0x000000999ca78000,
0x000000999d3bc000, 0x000000999d3b9800, 0x000000999d3be800, 0x000000999d3bf800,
0x000000999d3c5000, 0x00000099a2f85000, 0x00000099a2f85800, 0x00000099a2f84000,
0x00000099a2f86800, 0x00000099a2f87000, 0x00000099a2f81800, 0x00000099a2f8b800,
0x00000099a2f8c000, 0x00000099a2f8a800, 0x00000099a2f8d000, 0x00000099a2f88000,
0x00000099a2f8e800, 0x00000099a2f8d800, 0x00000099a2f89000, 0x00000099a2f8f800,
0x00000099a2f89800, 0x000000999d3c1000, 0x000000999d3bb800, 0x000000999d3c2800,
0x000000999d3bd000, 0x000000999d3c3800, 0x000000999d3ba800
}

Java Threads: ( => current thread )
  0x00000099fd50c800 JavaThread "main" [_thread_blocked, id=7084, stack(0x00000099feff0000,0x00000099ff0f0000)]
  0x00000099999e3800 JavaThread "Reference Handler" daemon [_thread_blocked, id=6628, stack(0x000000999a350000,0x000000999a450000)]
  0x00000099999e4800 JavaThread "Finalizer" daemon [_thread_blocked, id=6620, stack(0x000000999a450000,0x000000999a550000)]
  0x000000999a673800 JavaThread "Signal Dispatcher" daemon [_thread_blocked, id=6684, stack(0x000000999aa30000,0x000000999ab30000)]
  0x00000099999fe800 JavaThread "Attach Listener" daemon [_thread_blocked, id=1448, stack(0x000000999ab30000,0x000000999ac30000)]
  0x0000009999a00000 JavaThread "Service Thread" daemon [_thread_blocked, id=6360, stack(0x000000999ac30000,0x000000999ad30000)]
  0x0000009999a03000 JavaThread "C2 CompilerThread0" daemon [_thread_in_native, id=6024, stack(0x000000999ad30000,0x000000999ae30000)]
  0x0000009999a15800 JavaThread "C1 CompilerThread0" daemon [_thread_blocked, id=3708, stack(0x000000999ae30000,0x000000999af30000)]
  0x0000009999a17000 JavaThread "Sweeper thread" daemon [_thread_blocked, id=6408, stack(0x000000999af30000,0x000000999b030000)]
  0x000000999a79e000 JavaThread "Common-Cleaner" daemon [_thread_blocked, id=5428, stack(0x000000999b030000,0x000000999b130000)]
  0x000000999c158000 JavaThread "Daemon health stats" [_thread_blocked, id=1060, stack(0x00000099fd6d0000,0x00000099fd7d0000)]
  0x000000999be5c000 JavaThread "Incoming local TCP Connector on port 49570" [_thread_in_native, id=6764, stack(0x000000999e510000,0x000000999e610000)]
  0x000000999cd94800 JavaThread "Daemon periodic checks" [_thread_blocked, id=4984, stack(0x000000999e8f0000,0x000000999e9f0000)]
  0x000000999ca77000 JavaThread "Cache worker for file hash cache (C:\Users\Mega\.gradle\caches\7.0.2\fileHashes)" [_thread_blocked, id=6320, stack(0x000000999f5f0000,0x000000999f6f0000)]
  0x000000999ca7c800 JavaThread "File lock request listener" [_thread_in_native, id=5012, stack(0x000000999f6f0000,0x000000999f7f0000)]
  0x000000999ca7b000 JavaThread "Cache worker for journal cache (C:\Users\Mega\.gradle\caches\journal-1)" [_thread_blocked, id=4696, stack(0x000000999f9f0000,0x000000999faf0000)]
  0x000000999ca79800 JavaThread "File watcher server" daemon [_thread_blocked, id=5492, stack(0x00000099a0fc0000,0x00000099a10c0000)]
  0x000000999ca7a000 JavaThread "File watcher consumer" daemon [_thread_blocked, id=6752, stack(0x00000099a10c0000,0x00000099a11c0000)]
  0x000000999ca7d800 JavaThread "jar transforms" [_thread_blocked, id=6532, stack(0x00000099a11c0000,0x00000099a12c0000)]
  0x000000999ca78000 JavaThread "jar transforms Thread 2" [_thread_blocked, id=5508, stack(0x00000099a12c0000,0x00000099a13c0000)]
  0x000000999d3bc000 JavaThread "jar transforms Thread 3" [_thread_blocked, id=6444, stack(0x00000099a13c0000,0x00000099a14c0000)]
  0x000000999d3b9800 JavaThread "jar transforms Thread 4" [_thread_blocked, id=4128, stack(0x00000099a14c0000,0x00000099a15c0000)]
  0x000000999d3be800 JavaThread "Cache worker for execution history cache (C:\Users\Mega\.gradle\caches\7.0.2\executionHistory)" [_thread_blocked, id=5400, stack(0x00000099a1cc0000,0x00000099a1dc0000)]
  0x000000999d3bf800 JavaThread "Cache worker for file content cache (C:\Users\Mega\.gradle\caches\7.0.2\fileContent)" [_thread_blocked, id=7048, stack(0x00000099a25c0000,0x00000099a26c0000)]
  0x000000999d3c5000 JavaThread "Memory manager" [_thread_blocked, id=7128, stack(0x00000099a7010000,0x00000099a7110000)]
  0x00000099a2f85000 JavaThread "Daemon Thread 4" [_thread_blocked, id=3140, stack(0x000000999e0d0000,0x000000999e1d0000)]
  0x00000099a2f85800 JavaThread "Handler for socket connection from /127.0.0.1:49570 to /127.0.0.1:49636" [_thread_in_native, id=5724, stack(0x000000999ecf0000,0x000000999edf0000)]
  0x00000099a2f84000 JavaThread "Cancel handler" [_thread_blocked, id=5592, stack(0x000000999edf0000,0x000000999eef0000)]
  0x00000099a2f86800 JavaThread "Daemon worker Thread 4" [_thread_blocked, id=932, stack(0x000000999eef0000,0x000000999eff0000)]
  0x00000099a2f87000 JavaThread "Asynchronous log dispatcher for DefaultDaemonConnection: socket connection from /127.0.0.1:49570 to /127.0.0.1:49636" [_thread_blocked, id=6644, stack(0x000000999eff0000,0x000000999f0f0000)]
  0x00000099a2f81800 JavaThread "Daemon client event forwarder" [_thread_blocked, id=2948, stack(0x00000099a15c0000,0x00000099a16c0000)]
  0x00000099a2f8b800 JavaThread "Cache worker for file hash cache (C:\Users\Mega\AndroidStudioProjects\WnE\.gradle\7.0.2\fileHashes)" [_thread_blocked, id=5792, stack(0x00000099a17c0000,0x00000099a18c0000)]
  0x00000099a2f8c000 JavaThread "Cache worker for checksums cache (C:\Users\Mega\AndroidStudioProjects\WnE\.gradle\checksums)" [_thread_blocked, id=5220, stack(0x00000099a26c0000,0x00000099a27c0000)]
  0x00000099a2f8a800 JavaThread "Cache worker for cache directory md-supplier (C:\Users\Mega\.gradle\caches\7.0.2\md-supplier)" [_thread_blocked, id=1812, stack(0x00000099a41b0000,0x00000099a42b0000)]
  0x00000099a2f8d000 JavaThread "Cache worker for cache directory md-rule (C:\Users\Mega\.gradle\caches\7.0.2\md-rule)" [_thread_blocked, id=1072, stack(0x00000099a42b0000,0x00000099a43b0000)]
  0x00000099a2f88000 JavaThread "Cache worker for dependencies-accessors (C:\Users\Mega\AndroidStudioProjects\WnE\.gradle\7.0.2\dependencies-accessors)" [_thread_blocked, id=4652, stack(0x00000099a43b0000,0x00000099a44b0000)]
  0x00000099a2f8e800 JavaThread "Cache worker for Build Output Cleanup Cache (C:\Users\Mega\AndroidStudioProjects\WnE\.gradle\buildOutputCleanup)" [_thread_blocked, id=2404, stack(0x00000099a44b0000,0x00000099a45b0000)]
  0x00000099a2f8d800 JavaThread "Build operations" [_thread_blocked, id=2624, stack(0x00000099a5670000,0x00000099a5770000)]
  0x00000099a2f89000 JavaThread "Build operations Thread 2" [_thread_blocked, id=2472, stack(0x00000099a7570000,0x00000099a7670000)]
  0x00000099a2f8f800 JavaThread "Build operations Thread 3" [_thread_blocked, id=952, stack(0x00000099a96f0000,0x00000099a97f0000)]
  0x00000099a2f89800 JavaThread "Build operations Thread 4" [_thread_blocked, id=4900, stack(0x00000099aaa00000,0x00000099aab00000)]
  0x000000999d3c1000 JavaThread "build event listener" [_thread_blocked, id=2216, stack(0x00000099aae00000,0x00000099aaf00000)]
  0x000000999d3bb800 JavaThread "Execution worker for ':'" [_thread_blocked, id=5020, stack(0x00000099ab100000,0x00000099ab200000)]
  0x000000999d3c2800 JavaThread "Execution worker for ':' Thread 2" [_thread_blocked, id=5776, stack(0x00000099aba00000,0x00000099abb00000)]
  0x000000999d3bd000 JavaThread "Execution worker for ':' Thread 3" [_thread_blocked, id=5356, stack(0x00000099adb00000,0x00000099adc00000)]
  0x000000999d3c3800 JavaThread "Cache worker for execution history cache (C:\Users\Mega\AndroidStudioProjects\WnE\.gradle\7.0.2\executionHistory)" [_thread_blocked, id=4780, stack(0x00000099adc00000,0x00000099add00000)]
  0x000000999d3ba800 JavaThread "C2 CompilerThread1" daemon [_thread_blocked, id=4300, stack(0x00000099a0cc0000,0x00000099a0dc0000)]

Other Threads:
=>0x00000099999db800 VMThread "VM Thread" [stack: 0x000000999a250000,0x000000999a350000] [id=7056]
  0x000000999a7b4800 WatcherThread [stack: 0x000000999b130000,0x000000999b230000] [id=4720]
  0x00000099ff920000 GCTaskThread "GC Thread#0" [stack: 0x00000099ff300000,0x00000099ff400000] [id=6668]
  0x000000999a89b800 GCTaskThread "GC Thread#1" [stack: 0x000000999ba30000,0x000000999bb30000] [id=4188]
  0x000000999c73b800 GCTaskThread "GC Thread#2" [stack: 0x000000999f1f0000,0x000000999f2f0000] [id=4896]
  0x000000999c73c000 GCTaskThread "GC Thread#3" [stack: 0x000000999f2f0000,0x000000999f3f0000] [id=2796]
  0x00000099ff950000 ConcurrentGCThread "G1 Main Marker" [stack: 0x00000099ffdf0000,0x00000099ffef0000] [id=1824]
  0x00000099ff952800 ConcurrentGCThread "G1 Conc#0" [stack: 0x00000099ffef0000,0x00000099ffff0000] [id=1792]
  0x00000099ff9ca800 ConcurrentGCThread "G1 Refine#0" [stack: 0x0000009999650000,0x0000009999750000] [id=872]
  0x00000099ff9cb800 ConcurrentGCThread "G1 Young RemSet Sampling" [stack: 0x0000009999750000,0x0000009999850000] [id=7104]

Threads with active compile tasks:
C2 CompilerThread01848735 18280   !   4       org.gradle.internal.snapshot.impl.DirectorySnapshotter$PathVisitor::doVisitFile (306 bytes)
C2 CompilerThread11848736 18279       4       org.gradle.internal.snapshot.impl.DirectorySnapshotterStatistics$CollectingFileVisitor::visitFile (10 bytes)

VM state:at safepoint (normal execution)

VM Mutex/Monitor currently owned by a thread:  ([mutex/lock_event])
[0x00000099ff9083f0] Threads_lock - owner thread: 0x00000099999db800
[0x00000099ff907ee0] Heap_lock - owner thread: 0x000000999ca7b000

Heap address: 0x0000000080000000, size: 2048 MB, Compressed Oops mode: 32-bit
Narrow klass base: 0x0000000000000000, Narrow klass shift: 3
Compressed class space size: 1073741824 Address: 0x0000000100000000

Heap:
 garbage-first heap   total 248832K, used 164911K [0x0000000080000000, 0x0000000100000000)
  region size 1024K, 2 young (2048K), 2 survivors (2048K)
 Metaspace       used 139352K, capacity 143639K, committed 143792K, reserved 1173504K
  class space    used 18122K, capacity 19691K, committed 19712K, reserved 1048576K
Heap Regions: E=young(eden), S=young(survivor), O=old, HS=humongous(starts), HC=humongous(continues), CS=collection set, F=free, A=archive, TAMS=top-at-mark-start (previous, next)
|   0|0x0000000080000000, 0x0000000080100000, 0x0000000080100000|100%| O|  |TAMS 0x0000000080100000, 0x0000000080100000| Untracked 
|   1|0x0000000080100000, 0x0000000080200000, 0x0000000080200000|100%| O|  |TAMS 0x0000000080200000, 0x0000000080200000| Untracked 
|   2|0x0000000080200000, 0x0000000080300000, 0x0000000080300000|100%| O|  |TAMS 0x0000000080300000, 0x0000000080300000| Untracked 
|   3|0x0000000080300000, 0x0000000080400000, 0x0000000080400000|100%|HS|  |TAMS 0x0000000080400000, 0x0000000080400000| Complete 
|   4|0x0000000080400000, 0x0000000080500000, 0x0000000080500000|100%|HC|  |TAMS 0x0000000080500000, 0x0000000080500000| Complete 
|   5|0x0000000080500000, 0x0000000080600000, 0x0000000080600000|100%|HC|  |TAMS 0x0000000080600000, 0x0000000080600000| Complete 
|   6|0x0000000080600000, 0x0000000080700000, 0x0000000080700000|100%| O|  |TAMS 0x0000000080700000, 0x0000000080700000| Untracked 
|   7|0x0000000080700000, 0x0000000080800000, 0x0000000080800000|100%| O|  |TAMS 0x0000000080800000, 0x0000000080800000| Untracked 
|   8|0x0000000080800000, 0x0000000080900000, 0x0000000080900000|100%| O|  |TAMS 0x0000000080900000, 0x0000000080900000| Untracked 
|   9|0x0000000080900000, 0x0000000080a00000, 0x0000000080a00000|100%| O|  |TAMS 0x0000000080a00000, 0x0000000080a00000| Untracked 
|  10|0x0000000080a00000, 0x0000000080b00000, 0x0000000080b00000|100%| O|  |TAMS 0x0000000080b00000, 0x0000000080b00000| Untracked 
|  11|0x0000000080b00000, 0x0000000080c00000, 0x0000000080c00000|100%| O|  |TAMS 0x0000000080c00000, 0x0000000080c00000| Untracked 
|  12|0x0000000080c00000, 0x0000000080d00000, 0x0000000080d00000|100%| O|  |TAMS 0x0000000080d00000, 0x0000000080d00000| Untracked 
|  13|0x0000000080d00000, 0x0000000080e00000, 0x0000000080e00000|100%| O|  |TAMS 0x0000000080e00000, 0x0000000080e00000| Untracked 
|  14|0x0000000080e00000, 0x0000000080f00000, 0x0000000080f00000|100%| O|  |TAMS 0x0000000080f00000, 0x0000000080f00000| Untracked 
|  15|0x0000000080f00000, 0x0000000081000000, 0x0000000081000000|100%| O|  |TAMS 0x0000000081000000, 0x0000000081000000| Untracked 
|  16|0x0000000081000000, 0x0000000081100000, 0x0000000081100000|100%|HS|  |TAMS 0x0000000081100000, 0x0000000081100000| Complete 
|  17|0x0000000081100000, 0x0000000081200000, 0x0000000081200000|100%|HC|  |TAMS 0x0000000081200000, 0x0000000081200000| Complete 
|  18|0x0000000081200000, 0x0000000081300000, 0x0000000081300000|100%|HS|  |TAMS 0x0000000081300000, 0x0000000081300000| Complete 
|  19|0x0000000081300000, 0x0000000081400000, 0x0000000081400000|100%|HC|  |TAMS 0x0000000081400000, 0x0000000081400000| Complete 
|  20|0x0000000081400000, 0x0000000081500000, 0x0000000081500000|100%|HC|  |TAMS 0x0000000081500000, 0x0000000081500000| Complete 
|  21|0x0000000081500000, 0x0000000081600000, 0x0000000081600000|100%|HS|  |TAMS 0x0000000081600000, 0x0000000081600000| Complete 
|  22|0x0000000081600000, 0x0000000081700000, 0x0000000081700000|100%|HC|  |TAMS 0x0000000081700000, 0x0000000081700000| Complete 
|  23|0x0000000081700000, 0x0000000081800000, 0x0000000081800000|100%|HC|  |TAMS 0x0000000081800000, 0x0000000081800000| Complete 
|  24|0x0000000081800000, 0x0000000081900000, 0x0000000081900000|100%|HC|  |TAMS 0x0000000081900000, 0x0000000081900000| Complete 
|  25|0x0000000081900000, 0x0000000081a00000, 0x0000000081a00000|100%|HC|  |TAMS 0x0000000081a00000, 0x0000000081a00000| Complete 
|  26|0x0000000081a00000, 0x0000000081b00000, 0x0000000081b00000|100%| O|  |TAMS 0x0000000081b00000, 0x0000000081b00000| Untracked 
|  27|0x0000000081b00000, 0x0000000081c00000, 0x0000000081c00000|100%| O|  |TAMS 0x0000000081c00000, 0x0000000081c00000| Untracked 
|  28|0x0000000081c00000, 0x0000000081d00000, 0x0000000081d00000|100%| O|  |TAMS 0x0000000081d00000, 0x0000000081d00000| Untracked 
|  29|0x0000000081d00000, 0x0000000081e00000, 0x0000000081e00000|100%| O|  |TAMS 0x0000000081e00000, 0x0000000081e00000| Untracked 
|  30|0x0000000081e00000, 0x0000000081f00000, 0x0000000081f00000|100%| O|  |TAMS 0x0000000081f00000, 0x0000000081f00000| Untracked 
|  31|0x0000000081f00000, 0x0000000082000000, 0x0000000082000000|100%| O|  |TAMS 0x0000000082000000, 0x0000000082000000| Untracked 
|  32|0x0000000082000000, 0x0000000082100000, 0x0000000082100000|100%| O|  |TAMS 0x0000000082100000, 0x0000000082100000| Untracked 
|  33|0x0000000082100000, 0x0000000082200000, 0x0000000082200000|100%| O|  |TAMS 0x0000000082200000, 0x0000000082200000| Untracked 
|  34|0x0000000082200000, 0x0000000082300000, 0x0000000082300000|100%| O|  |TAMS 0x0000000082300000, 0x0000000082300000| Untracked 
|  35|0x0000000082300000, 0x0000000082400000, 0x0000000082400000|100%| O|  |TAMS 0x0000000082400000, 0x0000000082400000| Untracked 
|  36|0x0000000082400000, 0x0000000082500000, 0x0000000082500000|100%| O|  |TAMS 0x0000000082500000, 0x0000000082500000| Untracked 
|  37|0x0000000082500000, 0x0000000082600000, 0x0000000082600000|100%| O|  |TAMS 0x0000000082600000, 0x0000000082600000| Untracked 
|  38|0x0000000082600000, 0x0000000082700000, 0x0000000082700000|100%|HS|  |TAMS 0x0000000082700000, 0x0000000082700000| Complete 
|  39|0x0000000082700000, 0x0000000082800000, 0x0000000082800000|100%|HC|  |TAMS 0x0000000082800000, 0x0000000082800000| Complete 
|  40|0x0000000082800000, 0x0000000082900000, 0x0000000082900000|100%|HC|  |TAMS 0x0000000082900000, 0x0000000082900000| Complete 
|  41|0x0000000082900000, 0x0000000082a00000, 0x0000000082a00000|100%|HC|  |TAMS 0x0000000082a00000, 0x0000000082a00000| Complete 
|  42|0x0000000082a00000, 0x0000000082b00000, 0x0000000082b00000|100%|HC|  |TAMS 0x0000000082b00000, 0x0000000082b00000| Complete 
|  43|0x0000000082b00000, 0x0000000082c00000, 0x0000000082c00000|100%|HS|  |TAMS 0x0000000082c00000, 0x0000000082c00000| Complete 
|  44|0x0000000082c00000, 0x0000000082d00000, 0x0000000082d00000|100%|HC|  |TAMS 0x0000000082d00000, 0x0000000082d00000| Complete 
|  45|0x0000000082d00000, 0x0000000082e00000, 0x0000000082e00000|100%|HC|  |TAMS 0x0000000082e00000, 0x0000000082e00000| Complete 
|  46|0x0000000082e00000, 0x0000000082f00000, 0x0000000082f00000|100%| O|  |TAMS 0x0000000082f00000, 0x0000000082f00000| Untracked 
|  47|0x0000000082f00000, 0x0000000083000000, 0x0000000083000000|100%| O|  |TAMS 0x0000000083000000, 0x0000000083000000| Untracked 
|  48|0x0000000083000000, 0x0000000083100000, 0x0000000083100000|100%| O|  |TAMS 0x0000000083100000, 0x0000000083100000| Untracked 
|  49|0x0000000083100000, 0x0000000083200000, 0x0000000083200000|100%| O|  |TAMS 0x0000000083200000, 0x0000000083200000| Untracked 
|  50|0x0000000083200000, 0x0000000083300000, 0x0000000083300000|100%| O|  |TAMS 0x0000000083300000, 0x0000000083300000| Untracked 
|  51|0x0000000083300000, 0x0000000083400000, 0x0000000083400000|100%| O|  |TAMS 0x0000000083400000, 0x0000000083400000| Untracked 
|  52|0x0000000083400000, 0x0000000083500000, 0x0000000083500000|100%| O|  |TAMS 0x0000000083500000, 0x0000000083500000| Untracked 
|  53|0x0000000083500000, 0x0000000083600000, 0x0000000083600000|100%| O|  |TAMS 0x0000000083600000, 0x0000000083600000| Untracked 
|  54|0x0000000083600000, 0x0000000083700000, 0x0000000083700000|100%| O|  |TAMS 0x0000000083700000, 0x0000000083700000| Untracked 
|  55|0x0000000083700000, 0x0000000083800000, 0x0000000083800000|100%|HS|  |TAMS 0x0000000083800000, 0x0000000083800000| Complete 
|  56|0x0000000083800000, 0x0000000083900000, 0x0000000083900000|100%|HS|  |TAMS 0x0000000083900000, 0x0000000083900000| Complete 
|  57|0x0000000083900000, 0x0000000083a00000, 0x0000000083a00000|100%| O|  |TAMS 0x0000000083a00000, 0x0000000083a00000| Untracked 
|  58|0x0000000083a00000, 0x0000000083b00000, 0x0000000083b00000|100%| O|  |TAMS 0x0000000083b00000, 0x0000000083b00000| Untracked 
|  59|0x0000000083b00000, 0x0000000083c00000, 0x0000000083c00000|100%| O|  |TAMS 0x0000000083b00000, 0x0000000083c00000| Untracked 
|  60|0x0000000083c00000, 0x0000000083d00000, 0x0000000083d00000|100%| O|  |TAMS 0x0000000083d00000, 0x0000000083d00000| Untracked 
|  61|0x0000000083d00000, 0x0000000083e00000, 0x0000000083e00000|100%|HS|  |TAMS 0x0000000083e00000, 0x0000000083e00000| Complete 
|  62|0x0000000083e00000, 0x0000000083f00000, 0x0000000083f00000|100%|HC|  |TAMS 0x0000000083f00000, 0x0000000083f00000| Complete 
|  63|0x0000000083f00000, 0x0000000084000000, 0x0000000084000000|100%| O|  |TAMS 0x0000000084000000, 0x0000000084000000| Untracked 
|  64|0x0000000084000000, 0x0000000084100000, 0x0000000084100000|100%| O|  |TAMS 0x0000000084100000, 0x0000000084100000| Untracked 
|  65|0x0000000084100000, 0x0000000084200000, 0x0000000084200000|100%| O|  |TAMS 0x0000000084200000, 0x0000000084200000| Untracked 
|  66|0x0000000084200000, 0x0000000084300000, 0x0000000084300000|100%| O|  |TAMS 0x0000000084300000, 0x0000000084300000| Untracked 
|  67|0x0000000084300000, 0x0000000084400000, 0x0000000084400000|100%| O|  |TAMS 0x0000000084400000, 0x0000000084400000| Untracked 
|  68|0x0000000084400000, 0x0000000084500000, 0x0000000084500000|100%| O|  |TAMS 0x0000000084500000, 0x0000000084500000| Untracked 
|  69|0x0000000084500000, 0x0000000084600000, 0x0000000084600000|100%| O|  |TAMS 0x0000000084600000, 0x0000000084600000| Untracked 
|  70|0x0000000084600000, 0x0000000084700000, 0x0000000084700000|100%| O|  |TAMS 0x0000000084700000, 0x0000000084700000| Untracked 
|  71|0x0000000084700000, 0x0000000084800000, 0x0000000084800000|100%| O|  |TAMS 0x0000000084800000, 0x0000000084800000| Untracked 
|  72|0x0000000084800000, 0x0000000084900000, 0x0000000084900000|100%| O|  |TAMS 0x0000000084900000, 0x0000000084900000| Untracked 
|  73|0x0000000084900000, 0x0000000084a00000, 0x0000000084a00000|100%| O|  |TAMS 0x0000000084a00000, 0x0000000084a00000| Untracked 
|  74|0x0000000084a00000, 0x0000000084b00000, 0x0000000084b00000|100%| O|  |TAMS 0x0000000084b00000, 0x0000000084b00000| Untracked 
|  75|0x0000000084b00000, 0x0000000084c00000, 0x0000000084c00000|100%| O|  |TAMS 0x0000000084c00000, 0x0000000084c00000| Untracked 
|  76|0x0000000084c00000, 0x0000000084d00000, 0x0000000084d00000|100%| O|  |TAMS 0x0000000084d00000, 0x0000000084d00000| Untracked 
|  77|0x0000000084d00000, 0x0000000084e00000, 0x0000000084e00000|100%| O|  |TAMS 0x0000000084e00000, 0x0000000084e00000| Untracked 
|  78|0x0000000084e00000, 0x0000000084f00000, 0x0000000084f00000|100%| O|  |TAMS 0x0000000084f00000, 0x0000000084f00000| Untracked 
|  79|0x0000000084f00000, 0x0000000085000000, 0x0000000085000000|100%| O|  |TAMS 0x0000000085000000, 0x0000000085000000| Untracked 
|  80|0x0000000085000000, 0x0000000085100000, 0x0000000085100000|100%| O|  |TAMS 0x0000000085100000, 0x0000000085100000| Untracked 
|  81|0x0000000085100000, 0x0000000085200000, 0x0000000085200000|100%| O|  |TAMS 0x0000000085200000, 0x0000000085200000| Untracked 
|  82|0x0000000085200000, 0x0000000085300000, 0x0000000085300000|100%| O|  |TAMS 0x0000000085300000, 0x0000000085300000| Untracked 
|  83|0x0000000085300000, 0x0000000085400000, 0x0000000085400000|100%| O|  |TAMS 0x0000000085400000, 0x0000000085400000| Untracked 
|  84|0x0000000085400000, 0x0000000085500000, 0x0000000085500000|100%| O|  |TAMS 0x0000000085500000, 0x0000000085500000| Untracked 
|  85|0x0000000085500000, 0x0000000085600000, 0x0000000085600000|100%| O|  |TAMS 0x0000000085600000, 0x0000000085600000| Untracked 
|  86|0x0000000085600000, 0x0000000085700000, 0x0000000085700000|100%| O|  |TAMS 0x0000000085700000, 0x0000000085700000| Untracked 
|  87|0x0000000085700000, 0x0000000085800000, 0x0000000085800000|100%| O|  |TAMS 0x0000000085800000, 0x0000000085800000| Untracked 
|  88|0x0000000085800000, 0x0000000085900000, 0x0000000085900000|100%| O|  |TAMS 0x0000000085900000, 0x0000000085900000| Untracked 
|  89|0x0000000085900000, 0x0000000085a00000, 0x0000000085a00000|100%| O|  |TAMS 0x0000000085a00000, 0x0000000085a00000| Untracked 
|  90|0x0000000085a00000, 0x0000000085b00000, 0x0000000085b00000|100%| O|  |TAMS 0x0000000085b00000, 0x0000000085b00000| Untracked 
|  91|0x0000000085b00000, 0x0000000085c00000, 0x0000000085c00000|100%| O|  |TAMS 0x0000000085c00000, 0x0000000085c00000| Untracked 
|  92|0x0000000085c00000, 0x0000000085d00000, 0x0000000085d00000|100%| O|  |TAMS 0x0000000085d00000, 0x0000000085d00000| Untracked 
|  93|0x0000000085d00000, 0x0000000085e00000, 0x0000000085e00000|100%| O|  |TAMS 0x0000000085e00000, 0x0000000085e00000| Untracked 
|  94|0x0000000085e00000, 0x0000000085f00000, 0x0000000085f00000|100%| O|  |TAMS 0x0000000085f00000, 0x0000000085f00000| Untracked 
|  95|0x0000000085f00000, 0x0000000086000000, 0x0000000086000000|100%| O|  |TAMS 0x0000000086000000, 0x0000000086000000| Untracked 
|  96|0x0000000086000000, 0x0000000086100000, 0x0000000086100000|100%| O|  |TAMS 0x0000000086100000, 0x0000000086100000| Untracked 
|  97|0x0000000086100000, 0x0000000086200000, 0x0000000086200000|100%| O|  |TAMS 0x0000000086200000, 0x0000000086200000| Untracked 
|  98|0x0000000086200000, 0x0000000086300000, 0x0000000086300000|100%| O|  |TAMS 0x0000000086300000, 0x0000000086300000| Untracked 
|  99|0x0000000086300000, 0x0000000086400000, 0x0000000086400000|100%| O|  |TAMS 0x0000000086400000, 0x0000000086400000| Untracked 
| 100|0x0000000086400000, 0x0000000086500000, 0x0000000086500000|100%| O|  |TAMS 0x0000000086500000, 0x0000000086500000| Untracked 
| 101|0x0000000086500000, 0x0000000086600000, 0x0000000086600000|100%| O|  |TAMS 0x0000000086600000, 0x0000000086600000| Untracked 
| 102|0x0000000086600000, 0x0000000086700000, 0x0000000086700000|100%| O|  |TAMS 0x0000000086700000, 0x0000000086700000| Untracked 
| 103|0x0000000086700000, 0x0000000086800000, 0x0000000086800000|100%| O|  |TAMS 0x0000000086800000, 0x0000000086800000| Untracked 
| 104|0x0000000086800000, 0x0000000086900000, 0x0000000086900000|100%| O|  |TAMS 0x0000000086900000, 0x0000000086900000| Untracked 
| 105|0x0000000086900000, 0x0000000086a00000, 0x0000000086a00000|100%| O|  |TAMS 0x0000000086a00000, 0x0000000086a00000| Untracked 
| 106|0x0000000086a00000, 0x0000000086b00000, 0x0000000086b00000|100%| O|  |TAMS 0x0000000086b00000, 0x0000000086b00000| Untracked 
| 107|0x0000000086b00000, 0x0000000086c00000, 0x0000000086c00000|100%| O|  |TAMS 0x0000000086c00000, 0x0000000086c00000| Untracked 
| 108|0x0000000086c00000, 0x0000000086d00000, 0x0000000086d00000|100%| O|  |TAMS 0x0000000086d00000, 0x0000000086d00000| Untracked 
| 109|0x0000000086d00000, 0x0000000086e00000, 0x0000000086e00000|100%| O|  |TAMS 0x0000000086e00000, 0x0000000086e00000| Untracked 
| 110|0x0000000086e00000, 0x0000000086f00000, 0x0000000086f00000|100%| O|  |TAMS 0x0000000086f00000, 0x0000000086f00000| Untracked 
| 111|0x0000000086f00000, 0x0000000087000000, 0x0000000087000000|100%| O|  |TAMS 0x0000000087000000, 0x0000000087000000| Untracked 
| 112|0x0000000087000000, 0x0000000087100000, 0x0000000087100000|100%| O|  |TAMS 0x0000000087100000, 0x0000000087100000| Untracked 
| 113|0x0000000087100000, 0x0000000087200000, 0x0000000087200000|100%| O|  |TAMS 0x0000000087200000, 0x0000000087200000| Untracked 
| 114|0x0000000087200000, 0x0000000087300000, 0x0000000087300000|100%| O|  |TAMS 0x0000000087300000, 0x0000000087300000| Untracked 
| 115|0x0000000087300000, 0x0000000087400000, 0x0000000087400000|100%| O|  |TAMS 0x0000000087400000, 0x0000000087400000| Untracked 
| 116|0x0000000087400000, 0x0000000087500000, 0x0000000087500000|100%| O|  |TAMS 0x0000000087500000, 0x0000000087500000| Untracked 
| 117|0x0000000087500000, 0x0000000087600000, 0x0000000087600000|100%| O|  |TAMS 0x0000000087600000, 0x0000000087600000| Untracked 
| 118|0x0000000087600000, 0x0000000087700000, 0x0000000087700000|100%| O|  |TAMS 0x0000000087700000, 0x0000000087700000| Untracked 
| 119|0x0000000087700000, 0x0000000087800000, 0x0000000087800000|100%| O|  |TAMS 0x0000000087800000, 0x0000000087800000| Untracked 
| 120|0x0000000087800000, 0x0000000087900000, 0x0000000087900000|100%| O|  |TAMS 0x0000000087900000, 0x0000000087900000| Untracked 
| 121|0x0000000087900000, 0x0000000087a00000, 0x0000000087a00000|100%| O|  |TAMS 0x0000000087a00000, 0x0000000087a00000| Untracked 
| 122|0x0000000087a00000, 0x0000000087b00000, 0x0000000087b00000|100%| O|  |TAMS 0x0000000087b00000, 0x0000000087b00000| Untracked 
| 123|0x0000000087b00000, 0x0000000087c00000, 0x0000000087c00000|100%| O|  |TAMS 0x0000000087c00000, 0x0000000087c00000| Untracked 
| 124|0x0000000087c00000, 0x0000000087d00000, 0x0000000087d00000|100%| O|  |TAMS 0x0000000087d00000, 0x0000000087d00000| Untracked 
| 125|0x0000000087d00000, 0x0000000087e00000, 0x0000000087e00000|100%| O|  |TAMS 0x0000000087e00000, 0x0000000087e00000| Untracked 
| 126|0x0000000087e00000, 0x0000000087f00000, 0x0000000087f00000|100%| O|  |TAMS 0x0000000087f00000, 0x0000000087f00000| Untracked 
| 127|0x0000000087f00000, 0x0000000088000000, 0x0000000088000000|100%| O|  |TAMS 0x0000000088000000, 0x0000000088000000| Untracked 
| 128|0x0000000088000000, 0x0000000088100000, 0x0000000088100000|100%| O|  |TAMS 0x0000000088100000, 0x0000000088100000| Untracked 
| 129|0x0000000088100000, 0x0000000088200000, 0x0000000088200000|100%| O|  |TAMS 0x0000000088200000, 0x0000000088200000| Untracked 
| 130|0x0000000088200000, 0x0000000088300000, 0x0000000088300000|100%| O|  |TAMS 0x0000000088300000, 0x0000000088300000| Untracked 
| 131|0x0000000088300000, 0x0000000088400000, 0x0000000088400000|100%| O|  |TAMS 0x0000000088400000, 0x0000000088400000| Untracked 
| 132|0x0000000088400000, 0x0000000088500000, 0x0000000088500000|100%| O|  |TAMS 0x0000000088500000, 0x0000000088500000| Untracked 
| 133|0x0000000088500000, 0x0000000088600000, 0x0000000088600000|100%| O|  |TAMS 0x0000000088600000, 0x0000000088600000| Untracked 
| 134|0x0000000088600000, 0x0000000088700000, 0x0000000088700000|100%| O|  |TAMS 0x0000000088700000, 0x0000000088700000| Untracked 
| 135|0x0000000088700000, 0x0000000088800000, 0x0000000088800000|100%| O|  |TAMS 0x0000000088800000, 0x0000000088800000| Untracked 
| 136|0x0000000088800000, 0x0000000088900000, 0x0000000088900000|100%| O|  |TAMS 0x0000000088817600, 0x0000000088900000| Untracked 
| 137|0x0000000088900000, 0x0000000088a00000, 0x0000000088a00000|100%| O|  |TAMS 0x0000000088a00000, 0x0000000088a00000| Untracked 
| 138|0x0000000088a00000, 0x0000000088b00000, 0x0000000088b00000|100%| O|  |TAMS 0x0000000088b00000, 0x0000000088b00000| Untracked 
| 139|0x0000000088b00000, 0x0000000088c00000, 0x0000000088c00000|100%| O|  |TAMS 0x0000000088c00000, 0x0000000088c00000| Untracked 
| 140|0x0000000088c00000, 0x0000000088d00000, 0x0000000088d00000|100%| O|  |TAMS 0x0000000088d00000, 0x0000000088d00000| Untracked 
| 141|0x0000000088d00000, 0x0000000088e00000, 0x0000000088e00000|100%| O|  |TAMS 0x0000000088e00000, 0x0000000088e00000| Untracked 
| 142|0x0000000088e00000, 0x0000000088f00000, 0x0000000088f00000|100%| O|  |TAMS 0x0000000088f00000, 0x0000000088f00000| Untracked 
| 143|0x0000000088f00000, 0x0000000089000000, 0x0000000089000000|100%| O|  |TAMS 0x0000000089000000, 0x0000000089000000| Untracked 
| 144|0x0000000089000000, 0x0000000089100000, 0x0000000089100000|100%| O|  |TAMS 0x0000000089000000, 0x0000000089100000| Untracked 
| 145|0x0000000089100000, 0x0000000089200000, 0x0000000089200000|100%| O|  |TAMS 0x0000000089200000, 0x0000000089200000| Untracked 
| 146|0x0000000089200000, 0x0000000089300000, 0x0000000089300000|100%| O|  |TAMS 0x0000000089300000, 0x0000000089300000| Untracked 
| 147|0x0000000089300000, 0x0000000089400000, 0x0000000089400000|100%| O|  |TAMS 0x0000000089400000, 0x0000000089400000| Untracked 
| 148|0x0000000089400000, 0x0000000089500000, 0x0000000089500000|100%| O|  |TAMS 0x0000000089500000, 0x0000000089500000| Untracked 
| 149|0x0000000089500000, 0x0000000089600000, 0x0000000089600000|100%| O|  |TAMS 0x0000000089600000, 0x0000000089600000| Untracked 
| 150|0x0000000089600000, 0x0000000089700000, 0x0000000089700000|100%| O|  |TAMS 0x0000000089700000, 0x0000000089700000| Untracked 
| 151|0x0000000089700000, 0x0000000089800000, 0x0000000089800000|100%| O|  |TAMS 0x0000000089800000, 0x0000000089800000| Untracked 
| 152|0x0000000089800000, 0x0000000089900000, 0x0000000089900000|100%| O|  |TAMS 0x0000000089900000, 0x0000000089900000| Untracked 
| 153|0x0000000089900000, 0x0000000089a00000, 0x0000000089a00000|100%| O|  |TAMS 0x0000000089a00000, 0x0000000089a00000| Untracked 
| 154|0x0000000089a00000, 0x0000000089b00000, 0x0000000089b00000|100%| O|  |TAMS 0x0000000089b00000, 0x0000000089b00000| Untracked 
| 155|0x0000000089b00000, 0x0000000089c00000, 0x0000000089c00000|100%| O|  |TAMS 0x0000000089c00000, 0x0000000089c00000| Untracked 
| 156|0x0000000089c00000, 0x0000000089d00000, 0x0000000089d00000|100%| O|  |TAMS 0x0000000089c00000, 0x0000000089d00000| Untracked 
| 157|0x0000000089d00000, 0x0000000089e00000, 0x0000000089e00000|100%| O|  |TAMS 0x0000000089d00000, 0x0000000089e00000| Untracked 
| 158|0x0000000089e00000, 0x0000000089f00000, 0x0000000089f00000|100%| O|  |TAMS 0x0000000089e00000, 0x0000000089f00000| Untracked 
| 159|0x0000000089f00000, 0x0000000089f74400, 0x000000008a000000| 45%| O|  |TAMS 0x0000000089f00000, 0x0000000089f74400| Untracked 
| 160|0x000000008a000000, 0x000000008a000000, 0x000000008a100000|  0%| F|  |TAMS 0x000000008a000000, 0x000000008a000000| Untracked 
| 161|0x000000008a100000, 0x000000008a100000, 0x000000008a200000|  0%| F|  |TAMS 0x000000008a100000, 0x000000008a100000| Untracked 
| 162|0x000000008a200000, 0x000000008a200000, 0x000000008a300000|  0%| F|  |TAMS 0x000000008a200000, 0x000000008a200000| Untracked 
| 163|0x000000008a300000, 0x000000008a300000, 0x000000008a400000|  0%| F|  |TAMS 0x000000008a300000, 0x000000008a300000| Untracked 
| 164|0x000000008a400000, 0x000000008a400000, 0x000000008a500000|  0%| F|  |TAMS 0x000000008a400000, 0x000000008a400000| Untracked 
| 165|0x000000008a500000, 0x000000008a500000, 0x000000008a600000|  0%| F|  |TAMS 0x000000008a500000, 0x000000008a500000| Untracked 
| 166|0x000000008a600000, 0x000000008a600000, 0x000000008a700000|  0%| F|  |TAMS 0x000000008a600000, 0x000000008a600000| Untracked 
| 167|0x000000008a700000, 0x000000008a700000, 0x000000008a800000|  0%| F|  |TAMS 0x000000008a700000, 0x000000008a700000| Untracked 
| 168|0x000000008a800000, 0x000000008a800000, 0x000000008a900000|  0%| F|  |TAMS 0x000000008a800000, 0x000000008a800000| Untracked 
| 169|0x000000008a900000, 0x000000008a900000, 0x000000008aa00000|  0%| F|  |TAMS 0x000000008a900000, 0x000000008a900000| Untracked 
| 170|0x000000008aa00000, 0x000000008aa00000, 0x000000008ab00000|  0%| F|  |TAMS 0x000000008aa00000, 0x000000008aa00000| Untracked 
| 171|0x000000008ab00000, 0x000000008ab00000, 0x000000008ac00000|  0%| F|  |TAMS 0x000000008ab00000, 0x000000008ab00000| Untracked 
| 172|0x000000008ac00000, 0x000000008ac00000, 0x000000008ad00000|  0%| F|  |TAMS 0x000000008ac00000, 0x000000008ac00000| Untracked 
| 173|0x000000008ad00000, 0x000000008ad00000, 0x000000008ae00000|  0%| F|  |TAMS 0x000000008ad00000, 0x000000008ad00000| Untracked 
| 174|0x000000008ae00000, 0x000000008ae00000, 0x000000008af00000|  0%| F|  |TAMS 0x000000008ae00000, 0x000000008ae00000| Untracked 
| 175|0x000000008af00000, 0x000000008af00000, 0x000000008b000000|  0%| F|  |TAMS 0x000000008af00000, 0x000000008af00000| Untracked 
| 176|0x000000008b000000, 0x000000008b000000, 0x000000008b100000|  0%| F|  |TAMS 0x000000008b000000, 0x000000008b000000| Untracked 
| 177|0x000000008b100000, 0x000000008b100000, 0x000000008b200000|  0%| F|  |TAMS 0x000000008b100000, 0x000000008b100000| Untracked 
| 178|0x000000008b200000, 0x000000008b200000, 0x000000008b300000|  0%| F|  |TAMS 0x000000008b200000, 0x000000008b200000| Untracked 
| 179|0x000000008b300000, 0x000000008b300000, 0x000000008b400000|  0%| F|  |TAMS 0x000000008b300000, 0x000000008b300000| Untracked 
| 180|0x000000008b400000, 0x000000008b400000, 0x000000008b500000|  0%| F|  |TAMS 0x000000008b400000, 0x000000008b400000| Untracked 
| 181|0x000000008b500000, 0x000000008b500000, 0x000000008b600000|  0%| F|  |TAMS 0x000000008b500000, 0x000000008b500000| Untracked 
| 182|0x000000008b600000, 0x000000008b600000, 0x000000008b700000|  0%| F|  |TAMS 0x000000008b600000, 0x000000008b600000| Untracked 
| 183|0x000000008b700000, 0x000000008b700000, 0x000000008b800000|  0%| F|  |TAMS 0x000000008b700000, 0x000000008b700000| Untracked 
| 184|0x000000008b800000, 0x000000008b8979a0, 0x000000008b900000| 59%| S|CS|TAMS 0x000000008b800000, 0x000000008b800000| Complete 
| 185|0x000000008b900000, 0x000000008ba00000, 0x000000008ba00000|100%| S|CS|TAMS 0x000000008b900000, 0x000000008b900000| Complete 
| 186|0x000000008ba00000, 0x000000008ba00000, 0x000000008bb00000|  0%| F|  |TAMS 0x000000008ba00000, 0x000000008ba00000| Untracked 
| 187|0x000000008bb00000, 0x000000008bb00000, 0x000000008bc00000|  0%| F|  |TAMS 0x000000008bb00000, 0x000000008bb00000| Untracked 
| 188|0x000000008bc00000, 0x000000008bc00000, 0x000000008bd00000|  0%| F|  |TAMS 0x000000008bc00000, 0x000000008bc00000| Untracked 
| 189|0x000000008bd00000, 0x000000008bd00000, 0x000000008be00000|  0%| F|  |TAMS 0x000000008bd00000, 0x000000008bd00000| Untracked 
| 190|0x000000008be00000, 0x000000008be00000, 0x000000008bf00000|  0%| F|  |TAMS 0x000000008be00000, 0x000000008be00000| Untracked 
| 191|0x000000008bf00000, 0x000000008bf00000, 0x000000008c000000|  0%| F|  |TAMS 0x000000008bf00000, 0x000000008bf00000| Untracked 
| 192|0x000000008c000000, 0x000000008c000000, 0x000000008c100000|  0%| F|  |TAMS 0x000000008c000000, 0x000000008c000000| Untracked 
| 193|0x000000008c100000, 0x000000008c100000, 0x000000008c200000|  0%| F|  |TAMS 0x000000008c100000, 0x000000008c100000| Untracked 
| 194|0x000000008c200000, 0x000000008c200000, 0x000000008c300000|  0%| F|  |TAMS 0x000000008c200000, 0x000000008c200000| Untracked 
| 195|0x000000008c300000, 0x000000008c300000, 0x000000008c400000|  0%| F|  |TAMS 0x000000008c300000, 0x000000008c300000| Untracked 
| 196|0x000000008c400000, 0x000000008c400000, 0x000000008c500000|  0%| F|  |TAMS 0x000000008c400000, 0x000000008c400000| Untracked 
| 197|0x000000008c500000, 0x000000008c500000, 0x000000008c600000|  0%| F|  |TAMS 0x000000008c500000, 0x000000008c500000| Untracked 
| 198|0x000000008c600000, 0x000000008c600000, 0x000000008c700000|  0%| F|  |TAMS 0x000000008c600000, 0x000000008c600000| Untracked 
| 199|0x000000008c700000, 0x000000008c700000, 0x000000008c800000|  0%| F|  |TAMS 0x000000008c700000, 0x000000008c700000| Untracked 
| 200|0x000000008c800000, 0x000000008c800000, 0x000000008c900000|  0%| F|  |TAMS 0x000000008c800000, 0x000000008c800000| Untracked 
| 201|0x000000008c900000, 0x000000008c900000, 0x000000008ca00000|  0%| F|  |TAMS 0x000000008c900000, 0x000000008c900000| Untracked 

Card table byte_map: [0x0000009992a10000,0x0000009992e10000] _byte_map_base: 0x0000009992610000

Marking Bits (Prev, Next): (CMBitMap*) 0x00000099ff947150, (CMBitMap*) 0x00000099ff947118
 Prev Bits: [0x0000009995210000, 0x0000009997210000)
 Next Bits: [0x0000009993210000, 0x0000009995210000)

Polling page: 0x00000099ff0f0000

Metaspace:

Usage:
  Non-class:    121.04 MB capacity,   118.39 MB ( 98%) used,     2.26 MB (  2%) free+waste,   406.31 KB ( <1%) overhead. 
      Class:     19.23 MB capacity,    17.70 MB ( 92%) used,     1.35 MB (  7%) free+waste,   187.63 KB ( <1%) overhead. 
       Both:    140.27 MB capacity,   136.09 MB ( 97%) used,     3.61 MB (  3%) free+waste,   593.94 KB ( <1%) overhead. 

Virtual space:
  Non-class space:      122.00 MB reserved,     121.17 MB (>99%) committed 
      Class space:        1.00 GB reserved,      19.25 MB (  2%) committed 
             Both:        1.12 GB reserved,     140.42 MB ( 12%) committed 

Chunk freelists:
   Non-Class:  4.00 KB
       Class:  21.00 KB
        Both:  25.00 KB

MaxMetaspaceSize: 17179869184.00 GB
CompressedClassSpaceSize: 1.00 GB

CodeHeap 'non-profiled nmethods': size=120064Kb used=13292Kb max_used=13292Kb free=106771Kb
 bounds [0x000000998b4d0000, 0x000000998c1d0000, 0x0000009992a10000]
CodeHeap 'profiled nmethods': size=120000Kb used=39231Kb max_used=39231Kb free=80768Kb
 bounds [0x0000009983fa0000, 0x0000009986600000, 0x000000998b4d0000]
CodeHeap 'non-nmethods': size=5696Kb used=2343Kb max_used=2400Kb free=3352Kb
 bounds [0x0000009983a10000, 0x0000009983c80000, 0x0000009983fa0000]
 total_blobs=18200 nmethods=17235 adapters=875
 compilation: enabled
              stopped_count=0, restarted_count=0
 full_count=0

Compilation events (20 events):
Event: 1846.059 Thread 0x0000009999a03000 18274       4       java.util.ArrayDeque$DeqSpliterator::forEachRemaining (132 bytes)
Event: 1846.264 Thread 0x0000009999a03000 nmethod 18274 0x000000998c1c6c90 code [0x000000998c1c6f20, 0x000000998c1c82b8]
Event: 1846.588 Thread 0x0000009999a03000 18275       4       org.gradle.cache.internal.InMemoryDecoratedCache$$Lambda$175/0x0000000100380440::call (12 bytes)
Event: 1846.677 Thread 0x0000009999a03000 nmethod 18275 0x000000998c1c8f90 code [0x000000998c1c91c0, 0x000000998c1c9e20]
Event: 1846.677 Thread 0x0000009999a03000 18276   !   4       org.gradle.cache.internal.CacheAccessWorker::read (42 bytes)
Event: 1846.739 Thread 0x0000009999a03000 nmethod 18276 0x000000998c1ca390 code [0x000000998c1ca5a0, 0x000000998c1cafc0]
Event: 1846.839 Thread 0x0000009999a03000 18278       4       sun.nio.fs.WindowsFileAttributes::isRegularFile (27 bytes)
Event: 1846.843 Thread 0x0000009999a03000 nmethod 18278 0x000000998c1cb410 code [0x000000998c1cb5a0, 0x000000998c1cb658]
Event: 1846.844 Thread 0x0000009999a03000 18280   !   4       org.gradle.internal.snapshot.impl.DirectorySnapshotter$PathVisitor::doVisitFile (306 bytes)
Event: 1847.036 Thread 0x0000009999a15800 18282       3       org.gradle.internal.operations.DefaultBuildOperationQueue$WorkerRunnable::doRunBatch (26 bytes)
Event: 1847.039 Thread 0x0000009999a15800 nmethod 18282 0x00000099865fd290 code [0x00000099865fd4a0, 0x00000099865fd988]
Event: 1847.934 Thread 0x0000009999a15800 18285       3       org.gradle.internal.resources.DefaultResourceLockCoordinationService$AcquireLocks::transform (62 bytes)
Event: 1847.936 Thread 0x0000009999a15800 nmethod 18285 0x00000099865fdd10 code [0x00000099865fdf20, 0x00000099865fe598]
Event: 1847.937 Thread 0x000000999d3ba800 18283       4       com.google.common.collect.CompactHashMap$Itr::next (53 bytes)
Event: 1847.956 Thread 0x000000999d3ba800 nmethod 18283 0x000000998c1cb710 code [0x000000998c1cb8c0, 0x000000998c1cbb78]
Event: 1847.957 Thread 0x000000999d3ba800 18281       4       java.util.LinkedHashMap$LinkedHashIterator::remove (75 bytes)
Event: 1847.966 Thread 0x000000999d3ba800 nmethod 18281 0x000000998c1cbe10 code [0x000000998c1cbfc0, 0x000000998c1cc128]
Event: 1847.966 Thread 0x000000999d3ba800 18279       4       org.gradle.internal.snapshot.impl.DirectorySnapshotterStatistics$CollectingFileVisitor::visitFile (10 bytes)
Event: 1848.337 Thread 0x0000009999a15800 18287       3       java.util.concurrent.ArrayBlockingQueue::enqueue (53 bytes)
Event: 1848.339 Thread 0x0000009999a15800 nmethod 18287 0x00000099865fe790 code [0x00000099865fe9a0, 0x00000099865fef48]

GC Heap History (20 events):
Event: 1834.040 GC heap after
{Heap after GC invocations=103 (full 0):
 garbage-first heap   total 206848K, used 158110K [0x0000000080000000, 0x0000000100000000)
  region size 1024K, 2 young (2048K), 2 survivors (2048K)
 Metaspace       used 138958K, capacity 143216K, committed 143536K, reserved 1173504K
  class space    used 18074K, capacity 19642K, committed 19712K, reserved 1048576K
}
Event: 1834.695 GC heap before
{Heap before GC invocations=103 (full 0):
 garbage-first heap   total 206848K, used 165278K [0x0000000080000000, 0x0000000100000000)
  region size 1024K, 10 young (10240K), 2 survivors (2048K)
 Metaspace       used 138963K, capacity 143217K, committed 143536K, reserved 1173504K
  class space    used 18074K, capacity 19642K, committed 19712K, reserved 1048576K
}
Event: 1834.718 GC heap after
{Heap after GC invocations=104 (full 0):
 garbage-first heap   total 206848K, used 157107K [0x0000000080000000, 0x0000000100000000)
  region size 1024K, 1 young (1024K), 1 survivors (1024K)
 Metaspace       used 138963K, capacity 143217K, committed 143536K, reserved 1173504K
  class space    used 18074K, capacity 19642K, committed 19712K, reserved 1048576K
}
Event: 1836.485 GC heap before
{Heap before GC invocations=104 (full 0):
 garbage-first heap   total 206848K, used 175539K [0x0000000080000000, 0x0000000100000000)
  region size 1024K, 20 young (20480K), 1 survivors (1024K)
 Metaspace       used 139004K, capacity 143228K, committed 143536K, reserved 1173504K
  class space    used 18074K, capacity 19642K, committed 19712K, reserved 1048576K
}
Event: 1836.495 GC heap after
{Heap after GC invocations=105 (full 0):
 garbage-first heap   total 206848K, used 157907K [0x0000000080000000, 0x0000000100000000)
  region size 1024K, 2 young (2048K), 2 survivors (2048K)
 Metaspace       used 139004K, capacity 143228K, committed 143536K, reserved 1173504K
  class space    used 18074K, capacity 19642K, committed 19712K, reserved 1048576K
}
Event: 1837.998 GC heap before
{Heap before GC invocations=105 (full 0):
 garbage-first heap   total 206848K, used 176339K [0x0000000080000000, 0x0000000100000000)
  region size 1024K, 21 young (21504K), 2 survivors (2048K)
 Metaspace       used 139038K, capacity 143295K, committed 143536K, reserved 1173504K
  class space    used 18074K, capacity 19642K, committed 19712K, reserved 1048576K
}
Event: 1838.014 GC heap after
{Heap after GC invocations=106 (full 0):
 garbage-first heap   total 206848K, used 158847K [0x0000000080000000, 0x0000000100000000)
  region size 1024K, 3 young (3072K), 3 survivors (3072K)
 Metaspace       used 139038K, capacity 143295K, committed 143536K, reserved 1173504K
  class space    used 18074K, capacity 19642K, committed 19712K, reserved 1048576K
}
Event: 1839.068 GC heap before
{Heap before GC invocations=106 (full 0):
 garbage-first heap   total 206848K, used 162943K [0x0000000080000000, 0x0000000100000000)
  region size 1024K, 8 young (8192K), 3 survivors (3072K)
 Metaspace       used 139207K, capacity 143497K, committed 143536K, reserved 1173504K
  class space    used 18105K, capacity 19689K, committed 19712K, reserved 1048576K
}
Event: 1839.109 GC heap after
{Heap after GC invocations=107 (full 0):
 garbage-first heap   total 206848K, used 159232K [0x0000000080000000, 0x0000000100000000)
  region size 1024K, 2 young (2048K), 2 survivors (2048K)
 Metaspace       used 139207K, capacity 143497K, committed 143536K, reserved 1173504K
  class space    used 18105K, capacity 19689K, committed 19712K, reserved 1048576K
}
Event: 1840.408 GC heap before
{Heap before GC invocations=107 (full 0):
 garbage-first heap   total 206848K, used 176640K [0x0000000080000000, 0x0000000100000000)
  region size 1024K, 19 young (19456K), 2 survivors (2048K)
 Metaspace       used 139212K, capacity 143498K, committed 143536K, reserved 1173504K
  class space    used 18105K, capacity 19689K, committed 19712K, reserved 1048576K
}
Event: 1840.424 GC heap after
{Heap after GC invocations=108 (full 0):
 garbage-first heap   total 206848K, used 160861K [0x0000000080000000, 0x0000000100000000)
  region size 1024K, 3 young (3072K), 3 survivors (3072K)
 Metaspace       used 139212K, capacity 143498K, committed 143536K, reserved 1173504K
  class space    used 18105K, capacity 19689K, committed 19712K, reserved 1048576K
}
Event: 1842.325 GC heap before
{Heap before GC invocations=109 (full 0):
 garbage-first heap   total 206848K, used 176221K [0x0000000080000000, 0x0000000100000000)
  region size 1024K, 19 young (19456K), 3 survivors (3072K)
 Metaspace       used 139259K, capacity 143572K, committed 143792K, reserved 1173504K
  class space    used 18115K, capacity 19691K, committed 19712K, reserved 1048576K
}
Event: 1842.346 GC heap after
{Heap after GC invocations=110 (full 0):
 garbage-first heap   total 206848K, used 161672K [0x0000000080000000, 0x0000000100000000)
  region size 1024K, 1 young (1024K), 1 survivors (1024K)
 Metaspace       used 139259K, capacity 143572K, committed 143792K, reserved 1173504K
  class space    used 18115K, capacity 19691K, committed 19712K, reserved 1048576K
}
Event: 1844.088 GC heap before
{Heap before GC invocations=110 (full 0):
 garbage-first heap   total 206848K, used 169864K [0x0000000080000000, 0x0000000100000000)
  region size 1024K, 10 young (10240K), 1 survivors (1024K)
 Metaspace       used 139283K, capacity 143574K, committed 143792K, reserved 1173504K
  class space    used 18115K, capacity 19691K, committed 19712K, reserved 1048576K
}
Event: 1844.163 GC heap after
{Heap after GC invocations=111 (full 0):
 garbage-first heap   total 206848K, used 161591K [0x0000000080000000, 0x0000000100000000)
  region size 1024K, 2 young (2048K), 2 survivors (2048K)
 Metaspace       used 139283K, capacity 143574K, committed 143792K, reserved 1173504K
  class space    used 18115K, capacity 19691K, committed 19712K, reserved 1048576K
}
Event: 1845.965 GC heap before
{Heap before GC invocations=111 (full 0):
 garbage-first heap   total 206848K, used 176951K [0x0000000080000000, 0x0000000100000000)
  region size 1024K, 18 young (18432K), 2 survivors (2048K)
 Metaspace       used 139352K, capacity 143639K, committed 143792K, reserved 1173504K
  class space    used 18122K, capacity 19691K, committed 19712K, reserved 1048576K
}
Event: 1845.986 GC heap after
{Heap after GC invocations=112 (full 0):
 garbage-first heap   total 206848K, used 163418K [0x0000000080000000, 0x0000000100000000)
  region size 1024K, 3 young (3072K), 3 survivors (3072K)
 Metaspace       used 139352K, capacity 143639K, committed 143792K, reserved 1173504K
  class space    used 18122K, capacity 19691K, committed 19712K, reserved 1048576K
}
Event: 1847.241 GC heap before
{Heap before GC invocations=112 (full 0):
 garbage-first heap   total 206848K, used 177754K [0x0000000080000000, 0x0000000100000000)
  region size 1024K, 18 young (18432K), 3 survivors (3072K)
 Metaspace       used 139352K, capacity 143639K, committed 143792K, reserved 1173504K
  class space    used 18122K, capacity 19691K, committed 19712K, reserved 1048576K
}
Event: 1847.264 GC heap after
{Heap after GC invocations=113 (full 0):
 garbage-first heap   total 206848K, used 164281K [0x0000000080000000, 0x0000000100000000)
  region size 1024K, 1 young (1024K), 1 survivors (1024K)
 Metaspace       used 139352K, capacity 143639K, committed 143792K, reserved 1173504K
  class space    used 18122K, capacity 19691K, committed 19712K, reserved 1048576K
}
Event: 1848.547 GC heap before
{Heap before GC invocations=113 (full 0):
 garbage-first heap   total 206848K, used 179641K [0x0000000080000000, 0x0000000100000000)
  region size 1024K, 16 young (16384K), 1 survivors (1024K)
 Metaspace       used 139352K, capacity 143639K, committed 143792K, reserved 1173504K
  class space    used 18122K, capacity 19691K, committed 19712K, reserved 1048576K
}

Deoptimization events (20 events):
Event: 1843.058 Thread 0x000000999d3c2800 Uncommon trap: trap_request=0xffffffde fr.pc=0x000000998c1748a4 relative=0x0000000000004dc4
Event: 1843.058 Thread 0x000000999d3c2800 Uncommon trap: reason=class_check action=maybe_recompile pc=0x000000998c1748a4 method=org.gradle.internal.fingerprint.impl.RelativePathFingerprintingStrategy.lambda$collectFingerprints$0(Ljava/util/HashSet;Lcom/google/common/collect/ImmutableMap$Builder;L
Event: 1843.058 Thread 0x000000999d3c2800 DEOPT PACKING pc=0x000000998c1748a4 sp=0x00000099abafcb80
Event: 1843.058 Thread 0x000000999d3c2800 DEOPT UNPACKING pc=0x0000009983a3782f sp=0x00000099abafcbb0 mode 2
Event: 1844.266 Thread 0x000000999d3bb800 Uncommon trap: trap_request=0xffffff4d fr.pc=0x000000998c008bcc relative=0x000000000000016c
Event: 1844.266 Thread 0x000000999d3bb800 Uncommon trap: reason=unstable_if action=reinterpret pc=0x000000998c008bcc method=org.gradle.api.internal.artifacts.configurations.DefaultConfiguration.preventIllegalMutation(Lorg/gradle/api/internal/artifacts/configurations/MutationValidator$MutationType
Event: 1844.266 Thread 0x000000999d3bb800 DEOPT PACKING pc=0x000000998c008bcc sp=0x00000099ab1fa630
Event: 1844.266 Thread 0x000000999d3bb800 DEOPT UNPACKING pc=0x0000009983a3782f sp=0x00000099ab1fa5b8 mode 2
Event: 1845.110 Thread 0x000000999d3bb800 Uncommon trap: trap_request=0x0000000b fr.pc=0x000000998be4e60c relative=0x000000000000078c
Event: 1845.111 Thread 0x000000999d3bb800 Uncommon trap: reason=unloaded action=reinterpret pc=0x000000998be4e60c method=org.gradle.api.internal.artifacts.ivyservice.clientmodule.ClientModuleResolver.resolve(Lorg/gradle/api/artifacts/component/ComponentIdentifier;Lorg/gradle/internal/component/mo
Event: 1845.159 Thread 0x000000999d3bb800 DEOPT PACKING pc=0x000000998be4e60c sp=0x00000099ab1f9910
Event: 1845.159 Thread 0x000000999d3bb800 DEOPT UNPACKING pc=0x0000009983a3782f sp=0x00000099ab1f98a0 mode 2
Event: 1845.304 Thread 0x000000999d3bb800 Uncommon trap: trap_request=0xffffffc6 fr.pc=0x000000998be68138 relative=0x0000000000002cf8
Event: 1845.304 Thread 0x000000999d3bb800 Uncommon trap: reason=bimorphic_or_optimized_type_check action=maybe_recompile pc=0x000000998be68138 method=org.gradle.internal.snapshot.impl.DefaultValueSnapshotter.processValue(Ljava/lang/Object;Lorg/gradle/internal/snapshot/impl/DefaultValueSnapshotter
Event: 1845.304 Thread 0x000000999d3bb800 DEOPT PACKING pc=0x000000998be68138 sp=0x00000099ab1fadf0
Event: 1845.304 Thread 0x000000999d3bb800 DEOPT UNPACKING pc=0x0000009983a3782f sp=0x00000099ab1fadd8 mode 2
Event: 1847.809 Thread 0x00000099a2f89800 Uncommon trap: trap_request=0xffffff4d fr.pc=0x000000998bb8a270 relative=0x0000000000000810
Event: 1847.809 Thread 0x00000099a2f89800 Uncommon trap: reason=unstable_if action=reinterpret pc=0x000000998bb8a270 method=java.util.concurrent.locks.AbstractQueuedSynchronizer.enq(Ljava/util/concurrent/locks/AbstractQueuedSynchronizer$Node;)Ljava/util/concurrent/locks/AbstractQueuedSynchronizer
Event: 1847.809 Thread 0x00000099a2f89800 DEOPT PACKING pc=0x000000998bb8a270 sp=0x00000099aaafda30
Event: 1847.809 Thread 0x00000099a2f89800 DEOPT UNPACKING pc=0x0000009983a3782f sp=0x00000099aaafd840 mode 2

Classes redefined (0 events):
No events

Internal exceptions (20 events):
Event: 1814.085 Thread 0x00000099a2f86800 Exception <a 'java/lang/ClassNotFoundException'{0x000000008b7e4eb8}: org/gradle/api/internal/artifacts/dependencies/AbstractDependencyCustomizer> (0x000000008b7e4eb8) thrown at [./src/hotspot/share/classfile/systemDictionary.cpp, line 231]
Event: 1814.087 Thread 0x00000099a2f86800 Exception <a 'java/lang/ClassNotFoundException'{0x000000008b6208d8}: org/gradle/api/internal/artifacts/dependencies/AbstractModuleDependencyCustomizer> (0x000000008b6208d8) thrown at [./src/hotspot/share/classfile/systemDictionary.cpp, line 231]
Event: 1814.092 Thread 0x00000099a2f86800 Exception <a 'java/lang/ClassNotFoundException'{0x000000008b683098}: org/gradle/api/internal/artifacts/dependencies/AbstractExternalModuleDependencyCustomizer> (0x000000008b683098) thrown at [./src/hotspot/share/classfile/systemDictionary.cpp, line 231]
Event: 1814.096 Thread 0x00000099a2f86800 Exception <a 'java/lang/ClassNotFoundException'{0x000000008b6dc140}: org/gradle/api/internal/artifacts/dependencies/DefaultExternalModuleDependencyCustomizer> (0x000000008b6dc140) thrown at [./src/hotspot/share/classfile/systemDictionary.cpp, line 231]
Event: 1814.100 Thread 0x00000099a2f86800 Exception <a 'java/lang/ClassNotFoundException'{0x000000008b5352c8}: org/gradle/api/internal/artifacts/dependencies/DefaultExternalModuleDependency_DecoratedCustomizer> (0x000000008b5352c8) thrown at [./src/hotspot/share/classfile/systemDictionary.cpp, line 231]
Event: 1814.722 Thread 0x00000099a2f86800 Implicit null exception at 0x000000998b56842d to 0x000000998b568508
Event: 1814.738 Thread 0x00000099a2f86800 Exception <a 'java/lang/ClassNotFoundException'{0x000000008afd7e00}: com/android/build/gradle/internal/api/LibraryVariantOutputImpl_DecoratedBeanInfo> (0x000000008afd7e00) thrown at [./src/hotspot/share/classfile/systemDictionary.cpp, line 231]
Event: 1814.740 Thread 0x00000099a2f86800 Exception <a 'java/lang/ClassNotFoundException'{0x000000008aff2328}: com/android/build/gradle/internal/api/LibraryVariantOutputImplBeanInfo> (0x000000008aff2328) thrown at [./src/hotspot/share/classfile/systemDictionary.cpp, line 231]
Event: 1814.744 Thread 0x00000099a2f86800 Exception <a 'java/lang/ClassNotFoundException'{0x000000008ae0cd50}: com/android/build/gradle/internal/api/LibraryVariantOutputImplCustomizer> (0x000000008ae0cd50) thrown at [./src/hotspot/share/classfile/systemDictionary.cpp, line 231]
Event: 1814.747 Thread 0x00000099a2f86800 Exception <a 'java/lang/ClassNotFoundException'{0x000000008ae319e0}: com/android/build/gradle/internal/api/LibraryVariantOutputImpl_DecoratedCustomizer> (0x000000008ae319e0) thrown at [./src/hotspot/share/classfile/systemDictionary.cpp, line 231]
Event: 1814.756 Thread 0x00000099a2f86800 Exception <a 'java/lang/NoClassDefFoundError'{0x000000008ae6b1b0}: org/jetbrains/kotlin/gradle/plugin/KotlinBasePluginWrapper> (0x000000008ae6b1b0) thrown at [./src/hotspot/share/oops/constantPool.cpp, line 775]
Event: 1815.279 Thread 0x00000099a2f86800 Exception <a 'sun/nio/fs/WindowsException'{0x000000008adf16b0}> (0x000000008adf16b0) thrown at [./src/hotspot/share/prims/jni.cpp, line 615]
Event: 1815.280 Thread 0x00000099a2f86800 Exception <a 'sun/nio/fs/WindowsException'{0x000000008adf1b68}> (0x000000008adf1b68) thrown at [./src/hotspot/share/prims/jni.cpp, line 615]
Event: 1816.517 Thread 0x00000099a2f86800 Exception <a 'java/lang/NullPointerException'{0x000000008c355ad8}> (0x000000008c355ad8) thrown at [./src/hotspot/share/interpreter/linkResolver.cpp, line 1440]
Event: 1817.579 Thread 0x00000099a2f86800 Exception <a 'sun/nio/fs/WindowsException'{0x000000008b796ab8}> (0x000000008b796ab8) thrown at [./src/hotspot/share/prims/jni.cpp, line 615]
Event: 1817.581 Thread 0x00000099a2f86800 Exception <a 'sun/nio/fs/WindowsException'{0x000000008b797b88}> (0x000000008b797b88) thrown at [./src/hotspot/share/prims/jni.cpp, line 615]
Event: 1817.582 Thread 0x00000099a2f86800 Exception <a 'sun/nio/fs/WindowsException'{0x000000008b798ca8}> (0x000000008b798ca8) thrown at [./src/hotspot/share/prims/jni.cpp, line 615]
Event: 1817.582 Thread 0x00000099a2f86800 Exception <a 'sun/nio/fs/WindowsException'{0x000000008b799dc8}> (0x000000008b799dc8) thrown at [./src/hotspot/share/prims/jni.cpp, line 615]
Event: 1819.176 Thread 0x000000999d3c1000 Exception <a 'java/lang/NoSuchMethodError'{0x000000008ba82168}: <clinit>> (0x000000008ba82168) thrown at [./src/hotspot/share/prims/jni.cpp, line 1362]
Event: 1819.184 Thread 0x000000999d3c1000 Exception <a 'java/lang/NoSuchMethodError'{0x000000008bae4ab8}: <clinit>> (0x000000008bae4ab8) thrown at [./src/hotspot/share/prims/jni.cpp, line 1362]

Events (20 events):
Event: 1844.361 Executing VM operation: RevokeBias done
Event: 1844.361 Executing VM operation: BulkRevokeBias
Event: 1844.363 Executing VM operation: BulkRevokeBias done
Event: 1844.364 Executing VM operation: BulkRevokeBias
Event: 1844.366 Executing VM operation: BulkRevokeBias done
Event: 1845.094 Executing VM operation: RevokeBias
Event: 1845.094 Executing VM operation: RevokeBias done
Event: 1845.111 loading class org/gradle/api/internal/artifacts/ivyservice/clientmodule/ClientModuleResolver$ClientModuleComponentResolveMetadata
Event: 1845.111 loading class org/gradle/api/internal/artifacts/ivyservice/clientmodule/ClientModuleResolver$ClientModuleComponentResolveMetadata done
Event: 1845.160 loading class org/gradle/api/internal/artifacts/ivyservice/clientmodule/ClientModuleResolver$ClientModuleConfigurationMetadata
Event: 1845.160 loading class org/gradle/api/internal/artifacts/ivyservice/clientmodule/ClientModuleResolver$ClientModuleConfigurationMetadata done
Event: 1845.173 Executing VM operation: Deoptimize
Event: 1845.180 Executing VM operation: Deoptimize done
Event: 1845.203 Thread 0x000000999d3ba800 Thread exited: 0x000000999d3ba800
Event: 1845.964 Executing VM operation: G1CollectForAllocation
Event: 1845.986 Executing VM operation: G1CollectForAllocation done
Event: 1847.241 Executing VM operation: G1CollectForAllocation
Event: 1847.264 Executing VM operation: G1CollectForAllocation done
Event: 1847.936 Thread 0x000000999d3ba800 Thread added: 0x000000999d3ba800
Event: 1848.546 Executing VM operation: G1CollectForAllocation


Dynamic libraries:
0x00007ff7259b0000 - 0x00007ff7259ba000 	C:\Program Files\Android\Android Studio\jre\bin\java.exe
0x00007ffaf6650000 - 0x00007ffaf6812000 	C:\Windows\SYSTEM32\ntdll.dll
0x00007ffaf4040000 - 0x00007ffaf40ed000 	C:\Windows\system32\KERNEL32.DLL
0x00007ffaf39c0000 - 0x00007ffaf3b9d000 	C:\Windows\system32\KERNELBASE.dll
0x00007ffae9ce0000 - 0x00007ffae9cf9000 	C:\Program Files\Android\Android Studio\jre\bin\jli.dll
0x00007ffaf4ac0000 - 0x00007ffaf4c0e000 	C:\Windows\system32\USER32.dll
0x00007ffaf4930000 - 0x00007ffaf4ab4000 	C:\Windows\system32\GDI32.dll
0x00007ffae7c70000 - 0x00007ffae7c87000 	C:\Program Files\Android\Android Studio\jre\bin\VCRUNTIME140.dll
0x00007ffaeb320000 - 0x00007ffaeb412000 	C:\Windows\SYSTEM32\ucrtbase.dll
0x00007ffae62f0000 - 0x00007ffae6564000 	C:\Windows\WinSxS\amd64_microsoft.windows.common-controls_6595b64144ccf1df_6.0.10240.17184_none_f41d7a705752bce6\COMCTL32.dll
0x00007ffaf3d10000 - 0x00007ffaf3dad000 	C:\Windows\system32\msvcrt.dll
0x00007ffaf4230000 - 0x00007ffaf4266000 	C:\Windows\system32\IMM32.DLL
0x00007ffaf3db0000 - 0x00007ffaf3f0c000 	C:\Windows\system32\MSCTF.dll
0x00007ffaddb20000 - 0x00007ffaddbbd000 	C:\Program Files\Android\Android Studio\jre\bin\msvcp140.dll
0x00007ffad6d20000 - 0x00007ffad77ef000 	C:\Program Files\Android\Android Studio\jre\bin\server\jvm.dll
0x00007ffaf4500000 - 0x00007ffaf45a6000 	C:\Windows\system32\ADVAPI32.dll
0x00007ffaf45b0000 - 0x00007ffaf460b000 	C:\Windows\system32\sechost.dll
0x00007ffaf3f10000 - 0x00007ffaf4036000 	C:\Windows\system32\RPCRT4.dll
0x00007ffaf4150000 - 0x00007ffaf4158000 	C:\Windows\system32\PSAPI.DLL
0x00007ffae7ce0000 - 0x00007ffae7ce9000 	C:\Windows\SYSTEM32\WSOCK32.dll
0x00007ffaf41c0000 - 0x00007ffaf4229000 	C:\Windows\system32\WS2_32.dll
0x00007ffaf4270000 - 0x00007ffaf4278000 	C:\Windows\system32\NSI.dll
0x00007ffaf14a0000 - 0x00007ffaf14c3000 	C:\Windows\SYSTEM32\WINMM.dll
0x00007ffae9410000 - 0x00007ffae941a000 	C:\Windows\SYSTEM32\VERSION.dll
0x00007ffaf0df0000 - 0x00007ffaf0e1c000 	C:\Windows\SYSTEM32\WINMMBASE.dll
0x00007ffaf3740000 - 0x00007ffaf3784000 	C:\Windows\system32\cfgmgr32.dll
0x00007ffaf19f0000 - 0x00007ffaf1a17000 	C:\Windows\SYSTEM32\DEVOBJ.dll
0x00007ffaf3090000 - 0x00007ffaf309f000 	C:\Windows\system32\kernel.appcore.dll
0x00007ffaee290000 - 0x00007ffaee2a1000 	C:\Program Files\Android\Android Studio\jre\bin\verify.dll
0x00007ffadd6e0000 - 0x00007ffadd86a000 	C:\Windows\SYSTEM32\DBGHELP.DLL
0x00007ffae2a50000 - 0x00007ffae2a75000 	C:\Windows\SYSTEM32\dbgcore.DLL
0x00007ffaee260000 - 0x00007ffaee289000 	C:\Program Files\Android\Android Studio\jre\bin\java.dll
0x00007ffaf0410000 - 0x00007ffaf041b000 	C:\Program Files\Android\Android Studio\jre\bin\jimage.dll
0x00007ffaee240000 - 0x00007ffaee258000 	C:\Program Files\Android\Android Studio\jre\bin\zip.dll
0x00007ffaf50c0000 - 0x00007ffaf65e3000 	C:\Windows\system32\SHELL32.dll
0x00007ffaf3110000 - 0x00007ffaf3739000 	C:\Windows\system32\windows.storage.dll
0x00007ffaf4e40000 - 0x00007ffaf50bc000 	C:\Windows\system32\combase.dll
0x00007ffaf65f0000 - 0x00007ffaf6641000 	C:\Windows\system32\shlwapi.dll
0x00007ffaf3c50000 - 0x00007ffaf3d03000 	C:\Windows\system32\shcore.dll
0x00007ffaf30a0000 - 0x00007ffaf30ea000 	C:\Windows\system32\powrprof.dll
0x00007ffaf30f0000 - 0x00007ffaf3103000 	C:\Windows\system32\profapi.dll
0x00007ffaee220000 - 0x00007ffaee23a000 	C:\Program Files\Android\Android Studio\jre\bin\net.dll
0x00007ffaec540000 - 0x00007ffaec616000 	C:\Windows\SYSTEM32\WINHTTP.dll
0x00007ffaf2880000 - 0x00007ffaf28dd000 	C:\Windows\system32\mswsock.dll
0x00007ffaee200000 - 0x00007ffaee214000 	C:\Program Files\Android\Android Studio\jre\bin\nio.dll
0x00007ffae7010000 - 0x00007ffae7037000 	C:\Users\Mega\.gradle\native\8bec1ad78214c89d9ad589b4d07fe93259594b29d510b10fafb7a158f7737e5d\windows-amd64\native-platform.dll
0x00007ffaddbc0000 - 0x00007ffaddcfd000 	C:\Users\Mega\.gradle\native\53dbd7edfb1c66fb8903c78663c9afc45aea4f116125fa6feffd364cf09443e8\windows-amd64\native-platform-file-events.dll
0x00007ffaee590000 - 0x00007ffaee59a000 	C:\Program Files\Android\Android Studio\jre\bin\management.dll
0x00007ffaee1f0000 - 0x00007ffaee1fc000 	C:\Program Files\Android\Android Studio\jre\bin\management_ext.dll
0x00007ffaf28e0000 - 0x00007ffaf28f7000 	C:\Windows\SYSTEM32\CRYPTSP.dll
0x00007ffaf2fa0000 - 0x00007ffaf2fc8000 	C:\Windows\SYSTEM32\bcrypt.dll
0x00007ffaf2530000 - 0x00007ffaf2563000 	C:\Windows\system32\rsaenh.dll
0x00007ffaf2620000 - 0x00007ffaf263f000 	C:\Windows\SYSTEM32\USERENV.dll
0x00007ffaf2e90000 - 0x00007ffaf2efb000 	C:\Windows\system32\bcryptprimitives.dll
0x00007ffaf2a50000 - 0x00007ffaf2a5b000 	C:\Windows\SYSTEM32\CRYPTBASE.dll
0x00007ffaf1340000 - 0x00007ffaf1378000 	C:\Windows\SYSTEM32\IPHLPAPI.DLL
0x00007ffaf1320000 - 0x00007ffaf132b000 	C:\Windows\SYSTEM32\WINNSI.DLL
0x00007ffaec830000 - 0x00007ffaec846000 	C:\Windows\SYSTEM32\dhcpcsvc6.DLL
0x00007ffaec810000 - 0x00007ffaec82a000 	C:\Windows\SYSTEM32\dhcpcsvc.DLL
0x00007ffae7280000 - 0x00007ffae72a7000 	C:\Program Files\Android\Android Studio\jre\bin\sunec.dll
0x00007ffaf2640000 - 0x00007ffaf26e8000 	C:\Windows\SYSTEM32\DNSAPI.dll
0x00007ffae9af0000 - 0x00007ffae9afa000 	C:\Windows\System32\rasadhlp.dll
0x00007ffaf23b0000 - 0x00007ffaf23e2000 	C:\Windows\SYSTEM32\ntmarta.dll
0x00007ffaebe60000 - 0x00007ffaebec8000 	C:\Windows\System32\fwpuclnt.dll

dbghelp: loaded successfully - version: 4.0.5 - missing functions: none
symbol engine: initialized successfully - sym options: 0x614 - pdb path: .;C:\Program Files\Android\Android Studio\jre\bin;C:\Windows\SYSTEM32;C:\Windows\WinSxS\amd64_microsoft.windows.common-controls_6595b64144ccf1df_6.0.10240.17184_none_f41d7a705752bce6;C:\Program Files\Android\Android Studio\jre\bin\server;C:\Users\Mega\.gradle\native\8bec1ad78214c89d9ad589b4d07fe93259594b29d510b10fafb7a158f7737e5d\windows-amd64;C:\Users\Mega\.gradle\native\53dbd7edfb1c66fb8903c78663c9afc45aea4f116125fa6feffd364cf09443e8\windows-amd64

VM Arguments:
jvm_args: --add-opens=java.base/java.util=ALL-UNNAMED --add-opens=java.base/java.lang=ALL-UNNAMED --add-opens=java.base/java.lang.invoke=ALL-UNNAMED --add-opens=java.base/java.util=ALL-UNNAMED --add-opens=java.prefs/java.util.prefs=ALL-UNNAMED --add-opens=java.prefs/java.util.prefs=ALL-UNNAMED --add-opens=java.base/java.nio.charset=ALL-UNNAMED --add-opens=java.base/java.net=ALL-UNNAMED --add-opens=java.base/java.util.concurrent.atomic=ALL-UNNAMED -Xmx2048m -Dfile.encoding=UTF-8 -Duser.country=US -Duser.language=en -Duser.variant 
java_command: org.gradle.launcher.daemon.bootstrap.GradleDaemon 7.0.2
java_class_path (initial): C:\Users\Mega\.gradle\wrapper\dists\gradle-7.0.2-bin\857tjihv64xamwrf0h14cai3r\gradle-7.0.2\lib\gradle-launcher-7.0.2.jar
Launcher Type: SUN_STANDARD

[Global flags]
     intx CICompilerCount                          = 3                                         {product} {ergonomic}
     uint ConcGCThreads                            = 1                                         {product} {ergonomic}
     uint G1ConcRefinementThreads                  = 4                                         {product} {ergonomic}
   size_t G1HeapRegionSize                         = 1048576                                   {product} {ergonomic}
    uintx GCDrainStackTargetSize                   = 64                                        {product} {ergonomic}
   size_t InitialHeapSize                          = 100663296                                 {product} {ergonomic}
   size_t MarkStackSize                            = 4194304                                   {product} {ergonomic}
   size_t MaxHeapSize                              = 2147483648                                {product} {command line}
   size_t MaxNewSize                               = 1287651328                                {product} {ergonomic}
   size_t MinHeapDeltaBytes                        = 1048576                                   {product} {ergonomic}
    uintx NonNMethodCodeHeapSize                   = 5830732                                {pd product} {ergonomic}
    uintx NonProfiledCodeHeapSize                  = 122913754                              {pd product} {ergonomic}
    uintx ProfiledCodeHeapSize                     = 122913754                              {pd product} {ergonomic}
    uintx ReservedCodeCacheSize                    = 251658240                              {pd product} {ergonomic}
     bool SegmentedCodeCache                       = true                                      {product} {ergonomic}
     bool UseCompressedClassPointers               = true                                 {lp64_product} {ergonomic}
     bool UseCompressedOops                        = true                                 {lp64_product} {ergonomic}
     bool UseG1GC                                  = true                                      {product} {ergonomic}
     bool UseLargePagesIndividualAllocation        = false                                  {pd product} {ergonomic}

Logging:
Log output configuration:
 #0: stdout all=warning uptime,level,tags
 #1: stderr all=off uptime,level,tags

Environment Variables:
JAVA_HOME=C:\Program Files\Java\jdk-11
PATH=C:\Program Files\Common Files\Oracle\Java\javapath;C:\Program Files (x86)\Common Files\Oracle\Java\javapath;C:\Program Files (x86)\VMware\VMware Player\bin\;C:\Windows\system32;C:\Windows;C:\Windows\System32\Wbem;C:\Windows\System32\WindowsPowerShell\v1.0\;C:\xamp\php;C:\composer;C:\Program Files\nodejs\;C:\ProgramData\chocolatey\bin;C:\Program Files\Git\cmd;C:\Program Files\PuTTY\;C:\apache-maven-4.0.0-alpha-3\bin;C:\Users\Mega\AppData\Roaming\Composer\vendor\bin;C:\Users\Mega\AppData\Local\Programs\Microsoft VS Code\bin;C:\Users\Mega\AppData\Roaming\npm;C:\Program Files\MongoDB\Server\5.0\bin;C:\Program Files\Android\Android Studio\jre\bin;C:\Users\Mega\AppData\Local\android\sdk\tools;C:\Program Files\Java\jdk-11\bin
USERNAME=Mega
OS=Windows_NT
PROCESSOR_IDENTIFIER=Intel64 Family 6 Model 42 Stepping 7, GenuineIntel



---------------  S Y S T E M  ---------------

OS: Windows 10 , 64 bit Build 10240 (10.0.10240.17113)
OS uptime: 0 days 1:22 hours

CPU:total 4 (initial active 4) (2 cores per cpu, 2 threads per core) family 6 model 42 stepping 7 microcode 0x29, cmov, cx8, fxsr, mmx, sse, sse2, sse3, ssse3, sse4.1, sse4.2, popcnt, avx, clmul, ht, tsc, tscinvbit

Memory: 4k page, system-wide physical 6091M (431M free)
TotalPageFile size 11163M (AvailPageFile size 42M)
current process WorkingSet (physical memory assigned to process): 493M, peak: 494M
current process commit charge ("private bytes"): 584M, peak: 622M

vm_info: OpenJDK 64-Bit Server VM (11.0.10+0-b96-7249189) for windows-amd64 JRE (11.0.10+0-b96-7249189), built on Mar 31 2021 21:44:00 by "builder" with MS VC++ 14.0 (VS2015)

END.
