#
# There is insufficient memory for the Java Runtime Environment to continue.
# Native memory allocation (malloc) failed to allocate 1685136 bytes for Chunk::new
# Possible reasons:
#   The system is out of physical RAM or swap space
#   The process is running with CompressedOops enabled, and the Java Heap may be blocking the growth of the native heap
# Possible solutions:
#   Reduce memory load on the system
#   Increase physical memory or swap space
#   Check if swap backing store is full
#   Decrease Java heap size (-Xmx/-Xms)
#   Decrease number of Java threads
#   Decrease Java thread stack sizes (-Xss)
#   Set larger code cache with -XX:ReservedCodeCacheSize=
#   JVM is running with Unscaled Compressed Oops mode in which the Java heap is
#     placed in the first 4GB address space. The Java Heap base address is the
#     maximum limit for the native heap growth. Please use -XX:HeapBaseMinAddress
#     to set the Java Heap base and to place the Java Heap above 4GB virtual address.
# This output file may be truncated or incomplete.
#
#  Out of Memory Error (./src/hotspot/share/memory/arena.cpp:197), pid=5772, tid=3492
#
# JRE version: OpenJDK Runtime Environment (11.0.10) (build 11.0.10+0-b96-7249189)
# Java VM: OpenJDK 64-Bit Server VM (11.0.10+0-b96-7249189, mixed mode, tiered, compressed oops, g1 gc, windows-amd64)
# No core dump will be written. Minidumps are not enabled by default on client versions of Windows
#

---------------  S U M M A R Y ------------

Command Line: --add-opens=java.base/java.util=ALL-UNNAMED --add-opens=java.base/java.lang=ALL-UNNAMED --add-opens=java.base/java.lang.invoke=ALL-UNNAMED --add-opens=java.base/java.util=ALL-UNNAMED --add-opens=java.prefs/java.util.prefs=ALL-UNNAMED --add-opens=java.prefs/java.util.prefs=ALL-UNNAMED --add-opens=java.base/java.nio.charset=ALL-UNNAMED --add-opens=java.base/java.net=ALL-UNNAMED --add-opens=java.base/java.util.concurrent.atomic=ALL-UNNAMED -Xmx2048m -Dfile.encoding=UTF-8 -Duser.country=US -Duser.language=en -Duser.variant org.gradle.launcher.daemon.bootstrap.GradleDaemon 7.0.2

Host: Intel(R) Core(TM) i3-2330M CPU @ 2.20GHz, 4 cores, 5G,  Windows 10 , 64 bit Build 10240 (10.0.10240.17113)
Time: Mon May  1 14:00:30 2023 Pacific Standard Time elapsed time: 679.779958 seconds (0d 0h 11m 19s)

---------------  T H R E A D  ---------------

Current thread (0x000000e89730e800):  JavaThread "C2 CompilerThread0" daemon [_thread_in_native, id=3492, stack(0x000000e898550000,0x000000e898650000)]


Current CompileTask:
C2: 679780 16829       4       org.gradle.internal.operations.DefaultBuildOperationRunner::execute (140 bytes)

Stack: [0x000000e898550000,0x000000e898650000]
Native frames: (J=compiled Java code, j=interpreted, Vv=VM code, C=native code)
V  [jvm.dll+0x5ecfaa]
V  [jvm.dll+0x722bd5]
V  [jvm.dll+0x72412d]
V  [jvm.dll+0x7247e3]
V  [jvm.dll+0x242928]
V  [jvm.dll+0xbc4fc]
V  [jvm.dll+0xbca0c]
V  [jvm.dll+0x352d3b]
V  [jvm.dll+0x320ad3]
V  [jvm.dll+0x31ffca]
V  [jvm.dll+0x1fb602]
V  [jvm.dll+0x1fa7f4]
V  [jvm.dll+0x18354c]
V  [jvm.dll+0x208ee7]
V  [jvm.dll+0x207731]
V  [jvm.dll+0x6eb1cf]
V  [jvm.dll+0x6e3d45]
V  [jvm.dll+0x5ebe96]
C  [ucrtbase.dll+0x6829d]
C  [KERNEL32.DLL+0x12d92]
C  [ntdll.dll+0x9f64]


---------------  P R O C E S S  ---------------

Threads class SMR info:
_java_thread_list=0x000000e8a43fc700, length=43, elements={
0x000000e8fd191800, 0x000000e8972ef000, 0x000000e8972f0000, 0x000000e897308800,
0x000000e897309800, 0x000000e89730a000, 0x000000e89730e800, 0x000000e897eb4000,
0x000000e897ebf800, 0x000000e897faf800, 0x000000e89a7b8800, 0x000000e89b88a800,
0x000000e899bea800, 0x000000e8999c2800, 0x000000e8999c1000, 0x000000e8999c2000,
0x000000e8999c3800, 0x000000e8999c5000, 0x000000e89bfa7000, 0x000000e89bfa1000,
0x000000e89bfa6000, 0x000000e89bfa7800, 0x000000e89bfa8800, 0x000000e89bfab800,
0x000000e89bfac800, 0x000000e8a19f6800, 0x000000e89bfa2000, 0x000000e89bfa2800,
0x000000e89bfae000, 0x000000e89bfab000, 0x000000e89bfaf000, 0x000000e89bfaa000,
0x000000e89bfa9800, 0x000000e89bfb0000, 0x000000e8a19f8000, 0x000000e8a19fa800,
0x000000e8a19f5800, 0x000000e8a19f7800, 0x000000e8a19f9000, 0x000000e8a19fb800,
0x000000e8a19fe000, 0x000000e8a19fd000, 0x000000e8a19fc000
}

Java Threads: ( => current thread )
  0x000000e8fd191800 JavaThread "main" [_thread_blocked, id=5612, stack(0x000000e8fc870000,0x000000e8fc970000)]
  0x000000e8972ef000 JavaThread "Reference Handler" daemon [_thread_blocked, id=1200, stack(0x000000e897c50000,0x000000e897d50000)]
  0x000000e8972f0000 JavaThread "Finalizer" daemon [_thread_blocked, id=3732, stack(0x000000e897d50000,0x000000e897e50000)]
  0x000000e897308800 JavaThread "Signal Dispatcher" daemon [_thread_blocked, id=1072, stack(0x000000e898250000,0x000000e898350000)]
  0x000000e897309800 JavaThread "Attach Listener" daemon [_thread_blocked, id=204, stack(0x000000e898350000,0x000000e898450000)]
  0x000000e89730a000 JavaThread "Service Thread" daemon [_thread_blocked, id=5248, stack(0x000000e898450000,0x000000e898550000)]
=>0x000000e89730e800 JavaThread "C2 CompilerThread0" daemon [_thread_in_native, id=3492, stack(0x000000e898550000,0x000000e898650000)]
  0x000000e897eb4000 JavaThread "C1 CompilerThread0" daemon [_thread_blocked, id=5736, stack(0x000000e898650000,0x000000e898750000)]
  0x000000e897ebf800 JavaThread "Sweeper thread" daemon [_thread_blocked, id=1276, stack(0x000000e898750000,0x000000e898850000)]
  0x000000e897faf800 JavaThread "Common-Cleaner" daemon [_thread_blocked, id=4460, stack(0x000000e898850000,0x000000e898950000)]
  0x000000e89a7b8800 JavaThread "Daemon health stats" [_thread_blocked, id=932, stack(0x000000e89c7c0000,0x000000e89c8c0000)]
  0x000000e89b88a800 JavaThread "Incoming local TCP Connector on port 49521" [_thread_in_native, id=3984, stack(0x000000e899250000,0x000000e899350000)]
  0x000000e899bea800 JavaThread "Daemon periodic checks" [_thread_blocked, id=5468, stack(0x000000e89cda0000,0x000000e89cea0000)]
  0x000000e8999c2800 JavaThread "Cache worker for file hash cache (C:\Users\Mega\.gradle\caches\7.0.2\fileHashes)" [_thread_blocked, id=3824, stack(0x000000e89de90000,0x000000e89df90000)]
  0x000000e8999c1000 JavaThread "File lock request listener" [_thread_in_native, id=5768, stack(0x000000e89df90000,0x000000e89e090000)]
  0x000000e8999c2000 JavaThread "Cache worker for journal cache (C:\Users\Mega\.gradle\caches\journal-1)" [_thread_blocked, id=5828, stack(0x000000e89e290000,0x000000e89e390000)]
  0x000000e8999c3800 JavaThread "File watcher server" daemon [_thread_in_native, id=5944, stack(0x000000e89e690000,0x000000e89e790000)]
  0x000000e8999c5000 JavaThread "File watcher consumer" daemon [_thread_blocked, id=3908, stack(0x000000e89e790000,0x000000e89e890000)]
  0x000000e89bfa7000 JavaThread "Cache worker for execution history cache (C:\Users\Mega\.gradle\caches\7.0.2\executionHistory)" [_thread_blocked, id=6048, stack(0x000000e89f2d0000,0x000000e89f3d0000)]
  0x000000e89bfa1000 JavaThread "jar transforms" [_thread_blocked, id=5052, stack(0x000000e8a05a0000,0x000000e8a06a0000)]
  0x000000e89bfa6000 JavaThread "jar transforms Thread 2" [_thread_blocked, id=2328, stack(0x000000e8a08a0000,0x000000e8a09a0000)]
  0x000000e89bfa7800 JavaThread "Cache worker for file content cache (C:\Users\Mega\.gradle\caches\7.0.2\fileContent)" [_thread_blocked, id=396, stack(0x000000e8a0ba0000,0x000000e8a0ca0000)]
  0x000000e89bfa8800 JavaThread "jar transforms Thread 3" [_thread_blocked, id=3152, stack(0x000000e8a2170000,0x000000e8a2270000)]
  0x000000e89bfab800 JavaThread "jar transforms Thread 4" [_thread_blocked, id=5604, stack(0x000000e8a3040000,0x000000e8a3140000)]
  0x000000e89bfac800 JavaThread "Memory manager" [_thread_blocked, id=6072, stack(0x000000e8a3b40000,0x000000e8a3c40000)]
  0x000000e8a19f6800 JavaThread "Cache worker for Java compile cache (C:\Users\Mega\.gradle\caches\7.0.2\javaCompile)" [_thread_blocked, id=5432, stack(0x000000e8a88d0000,0x000000e8a89d0000)]
  0x000000e89bfa2000 JavaThread "Daemon Thread 3" [_thread_blocked, id=6796, stack(0x000000e89d290000,0x000000e89d390000)]
  0x000000e89bfa2800 JavaThread "Handler for socket connection from /127.0.0.1:49521 to /127.0.0.1:49547" [_thread_in_native, id=6808, stack(0x000000e89d390000,0x000000e89d490000)]
  0x000000e89bfae000 JavaThread "Cancel handler" [_thread_blocked, id=6812, stack(0x000000e89d490000,0x000000e89d590000)]
  0x000000e89bfab000 JavaThread "Daemon worker Thread 3" [_thread_blocked, id=6816, stack(0x000000e89d590000,0x000000e89d690000)]
  0x000000e89bfaf000 JavaThread "Asynchronous log dispatcher for DefaultDaemonConnection: socket connection from /127.0.0.1:49521 to /127.0.0.1:49547" [_thread_blocked, id=6832, stack(0x000000e89d690000,0x000000e89d790000)]
  0x000000e89bfaa000 JavaThread "Stdin handler" [_thread_blocked, id=6836, stack(0x000000e89d790000,0x000000e89d890000)]
  0x000000e89bfa9800 JavaThread "Daemon client event forwarder" [_thread_blocked, id=6840, stack(0x000000e89d890000,0x000000e89d990000)]
  0x000000e89bfb0000 JavaThread "Cache worker for file hash cache (C:\Users\Mega\AndroidStudioProjects\WnE\.gradle\7.0.2\fileHashes)" [_thread_blocked, id=6844, stack(0x000000e89e590000,0x000000e89e690000)]
  0x000000e8a19f8000 JavaThread "Cache worker for checksums cache (C:\Users\Mega\AndroidStudioProjects\WnE\.gradle\checksums)" [_thread_blocked, id=6864, stack(0x000000e89ea90000,0x000000e89eb90000)]
  0x000000e8a19fa800 JavaThread "Cache worker for cache directory md-supplier (C:\Users\Mega\.gradle\caches\7.0.2\md-supplier)" [_thread_blocked, id=6868, stack(0x000000e89eb90000,0x000000e89ec90000)]
  0x000000e8a19f5800 JavaThread "Cache worker for cache directory md-rule (C:\Users\Mega\.gradle\caches\7.0.2\md-rule)" [_thread_blocked, id=6872, stack(0x000000e89ec90000,0x000000e89ed90000)]
  0x000000e8a19f7800 JavaThread "Cache worker for dependencies-accessors (C:\Users\Mega\AndroidStudioProjects\WnE\.gradle\7.0.2\dependencies-accessors)" [_thread_blocked, id=6892, stack(0x000000e8a0ea0000,0x000000e8a0fa0000)]
  0x000000e8a19f9000 JavaThread "Cache worker for Build Output Cleanup Cache (C:\Users\Mega\AndroidStudioProjects\WnE\.gradle\buildOutputCleanup)" [_thread_blocked, id=6896, stack(0x000000e8a2470000,0x000000e8a2570000)]
  0x000000e8a19fb800 JavaThread "Build operations" [_thread_blocked, id=6900, stack(0x000000e8a2570000,0x000000e8a2670000)]
  0x000000e8a19fe000 JavaThread "Build operations Thread 2" [_thread_blocked, id=6904, stack(0x000000e8a2670000,0x000000e8a2770000)]
  0x000000e8a19fd000 JavaThread "Build operations Thread 3" [_thread_in_native, id=6908, stack(0x000000e8a2770000,0x000000e8a2870000)]
  0x000000e8a19fc000 JavaThread "Build operations Thread 4" [_thread_in_native, id=6944, stack(0x000000e8a3e40000,0x000000e8a3f40000)]

Other Threads:
  0x000000e8972e8800 VMThread "VM Thread" [stack: 0x000000e897b50000,0x000000e897c50000] [id=1288]
  0x000000e897fff800 WatcherThread [stack: 0x000000e898950000,0x000000e898a50000] [id=1216]
  0x000000e8fd1ab000 GCTaskThread "GC Thread#0" [stack: 0x000000e8fcb50000,0x000000e8fcc50000] [id=3084]
  0x000000e898eee000 GCTaskThread "GC Thread#1" [stack: 0x000000e899350000,0x000000e899450000] [id=5512]
  0x000000e899beb800 GCTaskThread "GC Thread#2" [stack: 0x000000e89dc90000,0x000000e89dd90000] [id=4916]
  0x000000e89a884800 GCTaskThread "GC Thread#3" [stack: 0x000000e89dd90000,0x000000e89de90000] [id=3788]
  0x000000e8fd1dc000 ConcurrentGCThread "G1 Main Marker" [stack: 0x000000e8ffe70000,0x000000e8fff70000] [id=4476]
  0x000000e8fd1dd800 ConcurrentGCThread "G1 Conc#0" [stack: 0x000000e894a10000,0x000000e894b10000] [id=5268]
  0x000000e8fd254800 ConcurrentGCThread "G1 Refine#0" [stack: 0x000000e896f50000,0x000000e897050000] [id=5532]
  0x000000e8fd255800 ConcurrentGCThread "G1 Young RemSet Sampling" [stack: 0x000000e897050000,0x000000e897150000] [id=4740]

Threads with active compile tasks:
C2 CompilerThread0 679824 16829       4       org.gradle.internal.operations.DefaultBuildOperationRunner::execute (140 bytes)
C1 CompilerThread0 679824 16839       3       org.gradle.internal.snapshot.SingletonChildMap::invalidate (22 bytes)

VM state:not at safepoint (normal execution)

VM Mutex/Monitor currently owned by a thread: None

Heap address: 0x0000000080000000, size: 2048 MB, Compressed Oops mode: 32-bit
Narrow klass base: 0x0000000000000000, Narrow klass shift: 3
Compressed class space size: 1073741824 Address: 0x0000000100000000

Heap:
 garbage-first heap   total 207872K, used 156598K [0x0000000080000000, 0x0000000100000000)
  region size 1024K, 12 young (12288K), 3 survivors (3072K)
 Metaspace       used 127594K, capacity 131512K, committed 131660K, reserved 1163264K
  class space    used 16308K, capacity 17679K, committed 17792K, reserved 1048576K
Heap Regions: E=young(eden), S=young(survivor), O=old, HS=humongous(starts), HC=humongous(continues), CS=collection set, F=free, A=archive, TAMS=top-at-mark-start (previous, next)
|   0|0x0000000080000000, 0x0000000080100000, 0x0000000080100000|100%| O|  |TAMS 0x0000000080100000, 0x0000000080000000| Untracked 
|   1|0x0000000080100000, 0x0000000080200000, 0x0000000080200000|100%| O|  |TAMS 0x0000000080200000, 0x0000000080100000| Untracked 
|   2|0x0000000080200000, 0x0000000080300000, 0x0000000080300000|100%| O|  |TAMS 0x0000000080300000, 0x0000000080200000| Untracked 
|   3|0x0000000080300000, 0x0000000080400000, 0x0000000080400000|100%|HS|  |TAMS 0x0000000080400000, 0x0000000080300000| Complete 
|   4|0x0000000080400000, 0x0000000080500000, 0x0000000080500000|100%|HC|  |TAMS 0x0000000080500000, 0x0000000080400000| Complete 
|   5|0x0000000080500000, 0x0000000080600000, 0x0000000080600000|100%|HC|  |TAMS 0x0000000080600000, 0x0000000080500000| Complete 
|   6|0x0000000080600000, 0x0000000080700000, 0x0000000080700000|100%| O|  |TAMS 0x0000000080700000, 0x0000000080600000| Untracked 
|   7|0x0000000080700000, 0x0000000080800000, 0x0000000080800000|100%| O|  |TAMS 0x0000000080800000, 0x0000000080700000| Untracked 
|   8|0x0000000080800000, 0x0000000080900000, 0x0000000080900000|100%| O|  |TAMS 0x0000000080900000, 0x0000000080800000| Untracked 
|   9|0x0000000080900000, 0x0000000080a00000, 0x0000000080a00000|100%| O|  |TAMS 0x0000000080a00000, 0x0000000080900000| Untracked 
|  10|0x0000000080a00000, 0x0000000080b00000, 0x0000000080b00000|100%| O|  |TAMS 0x0000000080b00000, 0x0000000080a00000| Untracked 
|  11|0x0000000080b00000, 0x0000000080c00000, 0x0000000080c00000|100%| O|  |TAMS 0x0000000080c00000, 0x0000000080b00000| Untracked 
|  12|0x0000000080c00000, 0x0000000080d00000, 0x0000000080d00000|100%| O|  |TAMS 0x0000000080d00000, 0x0000000080c00000| Untracked 
|  13|0x0000000080d00000, 0x0000000080e00000, 0x0000000080e00000|100%| O|  |TAMS 0x0000000080e00000, 0x0000000080d00000| Untracked 
|  14|0x0000000080e00000, 0x0000000080f00000, 0x0000000080f00000|100%| O|  |TAMS 0x0000000080f00000, 0x0000000080e00000| Untracked 
|  15|0x0000000080f00000, 0x0000000081000000, 0x0000000081000000|100%| O|  |TAMS 0x0000000081000000, 0x0000000080f00000| Complete 
|  16|0x0000000081000000, 0x0000000081100000, 0x0000000081100000|100%| O|  |TAMS 0x0000000081100000, 0x0000000081000000| Untracked 
|  17|0x0000000081100000, 0x0000000081200000, 0x0000000081200000|100%| O|  |TAMS 0x0000000081200000, 0x0000000081100000| Untracked 
|  18|0x0000000081200000, 0x0000000081300000, 0x0000000081300000|100%| O|  |TAMS 0x0000000081300000, 0x0000000081200000| Complete 
|  19|0x0000000081300000, 0x0000000081400000, 0x0000000081400000|100%| O|  |TAMS 0x0000000081400000, 0x0000000081300000| Untracked 
|  20|0x0000000081400000, 0x0000000081500000, 0x0000000081500000|100%| O|  |TAMS 0x0000000081500000, 0x0000000081400000| Complete 
|  21|0x0000000081500000, 0x0000000081600000, 0x0000000081600000|100%| O|  |TAMS 0x0000000081600000, 0x0000000081500000| Complete 
|  22|0x0000000081600000, 0x0000000081700000, 0x0000000081700000|100%| O|  |TAMS 0x0000000081700000, 0x0000000081600000| Untracked 
|  23|0x0000000081700000, 0x0000000081800000, 0x0000000081800000|100%| O|  |TAMS 0x0000000081800000, 0x0000000081700000| Untracked 
|  24|0x0000000081800000, 0x0000000081900000, 0x0000000081900000|100%| O|  |TAMS 0x0000000081900000, 0x0000000081800000| Untracked 
|  25|0x0000000081900000, 0x0000000081a00000, 0x0000000081a00000|100%| O|  |TAMS 0x0000000081a00000, 0x0000000081900000| Complete 
|  26|0x0000000081a00000, 0x0000000081b00000, 0x0000000081b00000|100%| O|  |TAMS 0x0000000081b00000, 0x0000000081a00000| Complete 
|  27|0x0000000081b00000, 0x0000000081c00000, 0x0000000081c00000|100%|HS|  |TAMS 0x0000000081c00000, 0x0000000081b00000| Complete 
|  28|0x0000000081c00000, 0x0000000081d00000, 0x0000000081d00000|100%|HS|  |TAMS 0x0000000081d00000, 0x0000000081c00000| Complete 
|  29|0x0000000081d00000, 0x0000000081e00000, 0x0000000081e00000|100%|HS|  |TAMS 0x0000000081e00000, 0x0000000081d00000| Complete 
|  30|0x0000000081e00000, 0x0000000081f00000, 0x0000000081f00000|100%|HC|  |TAMS 0x0000000081f00000, 0x0000000081e00000| Complete 
|  31|0x0000000081f00000, 0x0000000082000000, 0x0000000082000000|100%| O|  |TAMS 0x0000000082000000, 0x0000000081f00000| Untracked 
|  32|0x0000000082000000, 0x0000000082100000, 0x0000000082100000|100%| O|  |TAMS 0x0000000082100000, 0x0000000082000000| Complete 
|  33|0x0000000082100000, 0x0000000082200000, 0x0000000082200000|100%| O|  |TAMS 0x0000000082200000, 0x0000000082100000| Untracked 
|  34|0x0000000082200000, 0x0000000082300000, 0x0000000082300000|100%| O|  |TAMS 0x0000000082300000, 0x0000000082200000| Complete 
|  35|0x0000000082300000, 0x0000000082400000, 0x0000000082400000|100%| O|  |TAMS 0x0000000082400000, 0x0000000082300000| Complete 
|  36|0x0000000082400000, 0x0000000082500000, 0x0000000082500000|100%| O|  |TAMS 0x0000000082500000, 0x0000000082400000| Complete 
|  37|0x0000000082500000, 0x0000000082600000, 0x0000000082600000|100%| O|  |TAMS 0x0000000082600000, 0x0000000082500000| Untracked 
|  38|0x0000000082600000, 0x0000000082700000, 0x0000000082700000|100%| O|  |TAMS 0x0000000082700000, 0x0000000082600000| Untracked 
|  39|0x0000000082700000, 0x0000000082800000, 0x0000000082800000|100%| O|  |TAMS 0x0000000082800000, 0x0000000082700000| Complete 
|  40|0x0000000082800000, 0x0000000082900000, 0x0000000082900000|100%| O|  |TAMS 0x0000000082900000, 0x0000000082800000| Untracked 
|  41|0x0000000082900000, 0x0000000082a00000, 0x0000000082a00000|100%| O|  |TAMS 0x0000000082a00000, 0x0000000082900000| Untracked 
|  42|0x0000000082a00000, 0x0000000082b00000, 0x0000000082b00000|100%| O|  |TAMS 0x0000000082b00000, 0x0000000082a00000| Complete 
|  43|0x0000000082b00000, 0x0000000082c00000, 0x0000000082c00000|100%| O|  |TAMS 0x0000000082c00000, 0x0000000082b00000| Untracked 
|  44|0x0000000082c00000, 0x0000000082d00000, 0x0000000082d00000|100%| O|  |TAMS 0x0000000082d00000, 0x0000000082c00000| Untracked 
|  45|0x0000000082d00000, 0x0000000082e00000, 0x0000000082e00000|100%| O|  |TAMS 0x0000000082e00000, 0x0000000082d00000| Untracked 
|  46|0x0000000082e00000, 0x0000000082f00000, 0x0000000082f00000|100%| O|  |TAMS 0x0000000082f00000, 0x0000000082e00000| Complete 
|  47|0x0000000082f00000, 0x0000000083000000, 0x0000000083000000|100%| O|  |TAMS 0x0000000083000000, 0x0000000082f00000| Untracked 
|  48|0x0000000083000000, 0x0000000083100000, 0x0000000083100000|100%| O|  |TAMS 0x0000000083100000, 0x0000000083000000| Untracked 
|  49|0x0000000083100000, 0x0000000083200000, 0x0000000083200000|100%| O|  |TAMS 0x0000000083200000, 0x0000000083100000| Untracked 
|  50|0x0000000083200000, 0x0000000083300000, 0x0000000083300000|100%| O|  |TAMS 0x0000000083300000, 0x0000000083200000| Untracked 
|  51|0x0000000083300000, 0x0000000083400000, 0x0000000083400000|100%| O|  |TAMS 0x0000000083400000, 0x0000000083300000| Untracked 
|  52|0x0000000083400000, 0x0000000083500000, 0x0000000083500000|100%| O|  |TAMS 0x0000000083500000, 0x0000000083400000| Untracked 
|  53|0x0000000083500000, 0x0000000083600000, 0x0000000083600000|100%| O|  |TAMS 0x0000000083600000, 0x0000000083500000| Untracked 
|  54|0x0000000083600000, 0x0000000083700000, 0x0000000083700000|100%| O|  |TAMS 0x0000000083700000, 0x0000000083600000| Untracked 
|  55|0x0000000083700000, 0x0000000083800000, 0x0000000083800000|100%| O|  |TAMS 0x0000000083800000, 0x0000000083700000| Complete 
|  56|0x0000000083800000, 0x0000000083900000, 0x0000000083900000|100%| O|  |TAMS 0x0000000083900000, 0x0000000083800000| Untracked 
|  57|0x0000000083900000, 0x0000000083a00000, 0x0000000083a00000|100%| O|  |TAMS 0x0000000083a00000, 0x0000000083900000| Untracked 
|  58|0x0000000083a00000, 0x0000000083b00000, 0x0000000083b00000|100%| O|  |TAMS 0x0000000083b00000, 0x0000000083a00000| Complete 
|  59|0x0000000083b00000, 0x0000000083c00000, 0x0000000083c00000|100%| O|  |TAMS 0x0000000083c00000, 0x0000000083b00000| Complete 
|  60|0x0000000083c00000, 0x0000000083d00000, 0x0000000083d00000|100%| O|  |TAMS 0x0000000083d00000, 0x0000000083c00000| Complete 
|  61|0x0000000083d00000, 0x0000000083e00000, 0x0000000083e00000|100%| O|  |TAMS 0x0000000083e00000, 0x0000000083d00000| Complete 
|  62|0x0000000083e00000, 0x0000000083f00000, 0x0000000083f00000|100%| O|  |TAMS 0x0000000083f00000, 0x0000000083e00000| Untracked 
|  63|0x0000000083f00000, 0x0000000084000000, 0x0000000084000000|100%| O|  |TAMS 0x0000000084000000, 0x0000000083f00000| Untracked 
|  64|0x0000000084000000, 0x0000000084100000, 0x0000000084100000|100%| O|  |TAMS 0x0000000084100000, 0x0000000084000000| Untracked 
|  65|0x0000000084100000, 0x0000000084200000, 0x0000000084200000|100%| O|  |TAMS 0x0000000084200000, 0x0000000084100000| Complete 
|  66|0x0000000084200000, 0x0000000084300000, 0x0000000084300000|100%| O|  |TAMS 0x0000000084300000, 0x0000000084200000| Untracked 
|  67|0x0000000084300000, 0x0000000084400000, 0x0000000084400000|100%| O|  |TAMS 0x0000000084400000, 0x0000000084300000| Untracked 
|  68|0x0000000084400000, 0x0000000084500000, 0x0000000084500000|100%| O|  |TAMS 0x0000000084500000, 0x0000000084400000| Complete 
|  69|0x0000000084500000, 0x0000000084600000, 0x0000000084600000|100%| O|  |TAMS 0x0000000084600000, 0x0000000084500000| Untracked 
|  70|0x0000000084600000, 0x0000000084700000, 0x0000000084700000|100%| O|  |TAMS 0x0000000084700000, 0x0000000084600000| Complete 
|  71|0x0000000084700000, 0x0000000084800000, 0x0000000084800000|100%| O|  |TAMS 0x0000000084800000, 0x0000000084700000| Untracked 
|  72|0x0000000084800000, 0x0000000084900000, 0x0000000084900000|100%| O|  |TAMS 0x0000000084900000, 0x0000000084800000| Untracked 
|  73|0x0000000084900000, 0x0000000084a00000, 0x0000000084a00000|100%| O|  |TAMS 0x0000000084a00000, 0x0000000084900000| Untracked 
|  74|0x0000000084a00000, 0x0000000084b00000, 0x0000000084b00000|100%| O|  |TAMS 0x0000000084b00000, 0x0000000084a00000| Untracked 
|  75|0x0000000084b00000, 0x0000000084c00000, 0x0000000084c00000|100%| O|  |TAMS 0x0000000084c00000, 0x0000000084b00000| Untracked 
|  76|0x0000000084c00000, 0x0000000084d00000, 0x0000000084d00000|100%| O|  |TAMS 0x0000000084d00000, 0x0000000084c00000| Untracked 
|  77|0x0000000084d00000, 0x0000000084e00000, 0x0000000084e00000|100%| O|  |TAMS 0x0000000084e00000, 0x0000000084d00000| Untracked 
|  78|0x0000000084e00000, 0x0000000084f00000, 0x0000000084f00000|100%| O|  |TAMS 0x0000000084f00000, 0x0000000084e00000| Untracked 
|  79|0x0000000084f00000, 0x0000000085000000, 0x0000000085000000|100%| O|  |TAMS 0x0000000085000000, 0x0000000084f00000| Complete 
|  80|0x0000000085000000, 0x0000000085100000, 0x0000000085100000|100%| O|  |TAMS 0x0000000085100000, 0x0000000085000000| Complete 
|  81|0x0000000085100000, 0x0000000085200000, 0x0000000085200000|100%| O|  |TAMS 0x0000000085200000, 0x0000000085100000| Untracked 
|  82|0x0000000085200000, 0x0000000085300000, 0x0000000085300000|100%| O|  |TAMS 0x0000000085300000, 0x0000000085200000| Untracked 
|  83|0x0000000085300000, 0x0000000085400000, 0x0000000085400000|100%| O|  |TAMS 0x0000000085400000, 0x0000000085300000| Complete 
|  84|0x0000000085400000, 0x0000000085500000, 0x0000000085500000|100%| O|  |TAMS 0x0000000085500000, 0x0000000085400000| Complete 
|  85|0x0000000085500000, 0x0000000085600000, 0x0000000085600000|100%| O|  |TAMS 0x0000000085600000, 0x0000000085500000| Untracked 
|  86|0x0000000085600000, 0x0000000085700000, 0x0000000085700000|100%| O|  |TAMS 0x0000000085700000, 0x0000000085600000| Untracked 
|  87|0x0000000085700000, 0x0000000085800000, 0x0000000085800000|100%| O|  |TAMS 0x0000000085800000, 0x0000000085700000| Complete 
|  88|0x0000000085800000, 0x0000000085900000, 0x0000000085900000|100%| O|  |TAMS 0x0000000085900000, 0x0000000085800000| Untracked 
|  89|0x0000000085900000, 0x0000000085a00000, 0x0000000085a00000|100%| O|  |TAMS 0x0000000085a00000, 0x0000000085900000| Untracked 
|  90|0x0000000085a00000, 0x0000000085b00000, 0x0000000085b00000|100%| O|  |TAMS 0x0000000085b00000, 0x0000000085a00000| Untracked 
|  91|0x0000000085b00000, 0x0000000085c00000, 0x0000000085c00000|100%| O|  |TAMS 0x0000000085c00000, 0x0000000085b00000| Complete 
|  92|0x0000000085c00000, 0x0000000085d00000, 0x0000000085d00000|100%| O|  |TAMS 0x0000000085d00000, 0x0000000085c00000| Untracked 
|  93|0x0000000085d00000, 0x0000000085e00000, 0x0000000085e00000|100%| O|  |TAMS 0x0000000085e00000, 0x0000000085d00000| Complete 
|  94|0x0000000085e00000, 0x0000000085f00000, 0x0000000085f00000|100%| O|  |TAMS 0x0000000085f00000, 0x0000000085e00000| Complete 
|  95|0x0000000085f00000, 0x0000000085f54000, 0x0000000086000000| 32%| O|  |TAMS 0x0000000085f54000, 0x0000000085f00000| Untracked 
|  96|0x0000000086000000, 0x0000000086100000, 0x0000000086100000|100%| O|  |TAMS 0x0000000086100000, 0x0000000086000000| Complete 
|  97|0x0000000086100000, 0x0000000086200000, 0x0000000086200000|100%| O|  |TAMS 0x0000000086200000, 0x0000000086100000| Complete 
|  98|0x0000000086200000, 0x0000000086200000, 0x0000000086300000|  0%| F|  |TAMS 0x0000000086200000, 0x0000000086200000| Untracked 
|  99|0x0000000086300000, 0x0000000086300000, 0x0000000086400000|  0%| F|  |TAMS 0x0000000086300000, 0x0000000086300000| Untracked 
| 100|0x0000000086400000, 0x0000000086500000, 0x0000000086500000|100%| O|  |TAMS 0x0000000086500000, 0x0000000086400000| Complete 
| 101|0x0000000086500000, 0x0000000086500000, 0x0000000086600000|  0%| F|  |TAMS 0x0000000086500000, 0x0000000086500000| Untracked 
| 102|0x0000000086600000, 0x0000000086600000, 0x0000000086700000|  0%| F|  |TAMS 0x0000000086600000, 0x0000000086600000| Untracked 
| 103|0x0000000086700000, 0x0000000086700000, 0x0000000086800000|  0%| F|  |TAMS 0x0000000086700000, 0x0000000086700000| Untracked 
| 104|0x0000000086800000, 0x0000000086900000, 0x0000000086900000|100%| O|  |TAMS 0x0000000086900000, 0x0000000086800000| Untracked 
| 105|0x0000000086900000, 0x0000000086a00000, 0x0000000086a00000|100%| O|  |TAMS 0x0000000086a00000, 0x0000000086900000| Untracked 
| 106|0x0000000086a00000, 0x0000000086b00000, 0x0000000086b00000|100%| O|  |TAMS 0x0000000086b00000, 0x0000000086a00000| Untracked 
| 107|0x0000000086b00000, 0x0000000086c00000, 0x0000000086c00000|100%| O|  |TAMS 0x0000000086c00000, 0x0000000086b00000| Untracked 
| 108|0x0000000086c00000, 0x0000000086c00000, 0x0000000086d00000|  0%| F|  |TAMS 0x0000000086c00000, 0x0000000086c00000| Untracked 
| 109|0x0000000086d00000, 0x0000000086e00000, 0x0000000086e00000|100%| O|  |TAMS 0x0000000086e00000, 0x0000000086d00000| Complete 
| 110|0x0000000086e00000, 0x0000000086f00000, 0x0000000086f00000|100%| O|  |TAMS 0x0000000086f00000, 0x0000000086e00000| Untracked 
| 111|0x0000000086f00000, 0x0000000087000000, 0x0000000087000000|100%| O|  |TAMS 0x0000000087000000, 0x0000000086f00000| Untracked 
| 112|0x0000000087000000, 0x0000000087100000, 0x0000000087100000|100%| O|  |TAMS 0x0000000087100000, 0x0000000087000000| Untracked 
| 113|0x0000000087100000, 0x0000000087200000, 0x0000000087200000|100%| O|  |TAMS 0x0000000087200000, 0x0000000087100000| Untracked 
| 114|0x0000000087200000, 0x0000000087300000, 0x0000000087300000|100%| O|  |TAMS 0x0000000087300000, 0x0000000087200000| Untracked 
| 115|0x0000000087300000, 0x0000000087400000, 0x0000000087400000|100%| O|  |TAMS 0x0000000087400000, 0x0000000087300000| Untracked 
| 116|0x0000000087400000, 0x0000000087500000, 0x0000000087500000|100%|HS|  |TAMS 0x0000000087500000, 0x0000000087400000| Complete 
| 117|0x0000000087500000, 0x0000000087600000, 0x0000000087600000|100%|HC|  |TAMS 0x0000000087600000, 0x0000000087500000| Complete 
| 118|0x0000000087600000, 0x0000000087600000, 0x0000000087700000|  0%| F|  |TAMS 0x0000000087600000, 0x0000000087600000| Untracked 
| 119|0x0000000087700000, 0x0000000087700000, 0x0000000087800000|  0%| F|  |TAMS 0x0000000087700000, 0x0000000087700000| Untracked 
| 120|0x0000000087800000, 0x0000000087900000, 0x0000000087900000|100%| O|  |TAMS 0x0000000087900000, 0x0000000087800000| Complete 
| 121|0x0000000087900000, 0x0000000087a00000, 0x0000000087a00000|100%|HS|  |TAMS 0x0000000087a00000, 0x0000000087900000| Complete 
| 122|0x0000000087a00000, 0x0000000087b00000, 0x0000000087b00000|100%|HC|  |TAMS 0x0000000087b00000, 0x0000000087a00000| Complete 
| 123|0x0000000087b00000, 0x0000000087c00000, 0x0000000087c00000|100%|HC|  |TAMS 0x0000000087c00000, 0x0000000087b00000| Complete 
| 124|0x0000000087c00000, 0x0000000087d00000, 0x0000000087d00000|100%|HS|  |TAMS 0x0000000087d00000, 0x0000000087c00000| Complete 
| 125|0x0000000087d00000, 0x0000000087e00000, 0x0000000087e00000|100%|HC|  |TAMS 0x0000000087e00000, 0x0000000087d00000| Complete 
| 126|0x0000000087e00000, 0x0000000087f00000, 0x0000000087f00000|100%|HC|  |TAMS 0x0000000087f00000, 0x0000000087e00000| Complete 
| 127|0x0000000087f00000, 0x0000000088000000, 0x0000000088000000|100%|HC|  |TAMS 0x0000000088000000, 0x0000000087f00000| Complete 
| 128|0x0000000088000000, 0x0000000088100000, 0x0000000088100000|100%|HC|  |TAMS 0x0000000088100000, 0x0000000088000000| Complete 
| 129|0x0000000088100000, 0x0000000088200000, 0x0000000088200000|100%|HS|  |TAMS 0x0000000088200000, 0x0000000088100000| Complete 
| 130|0x0000000088200000, 0x0000000088300000, 0x0000000088300000|100%|HC|  |TAMS 0x0000000088300000, 0x0000000088200000| Complete 
| 131|0x0000000088300000, 0x0000000088400000, 0x0000000088400000|100%|HC|  |TAMS 0x0000000088400000, 0x0000000088300000| Complete 
| 132|0x0000000088400000, 0x0000000088500000, 0x0000000088500000|100%| O|  |TAMS 0x0000000088500000, 0x0000000088400000| Untracked 
| 133|0x0000000088500000, 0x0000000088600000, 0x0000000088600000|100%| O|  |TAMS 0x0000000088600000, 0x0000000088500000| Untracked 
| 134|0x0000000088600000, 0x0000000088700000, 0x0000000088700000|100%| O|  |TAMS 0x0000000088700000, 0x0000000088600000| Untracked 
| 135|0x0000000088700000, 0x0000000088800000, 0x0000000088800000|100%| O|  |TAMS 0x0000000088800000, 0x0000000088700000| Complete 
| 136|0x0000000088800000, 0x0000000088900000, 0x0000000088900000|100%|HS|  |TAMS 0x0000000088900000, 0x0000000088800000| Complete 
| 137|0x0000000088900000, 0x0000000088a00000, 0x0000000088a00000|100%|HC|  |TAMS 0x0000000088a00000, 0x0000000088900000| Complete 
| 138|0x0000000088a00000, 0x0000000088b00000, 0x0000000088b00000|100%|HC|  |TAMS 0x0000000088b00000, 0x0000000088a00000| Complete 
| 139|0x0000000088b00000, 0x0000000088c00000, 0x0000000088c00000|100%|HC|  |TAMS 0x0000000088c00000, 0x0000000088b00000| Complete 
| 140|0x0000000088c00000, 0x0000000088d00000, 0x0000000088d00000|100%|HC|  |TAMS 0x0000000088d00000, 0x0000000088c00000| Complete 
| 141|0x0000000088d00000, 0x0000000088e00000, 0x0000000088e00000|100%| O|  |TAMS 0x0000000088e00000, 0x0000000088d00000| Untracked 
| 142|0x0000000088e00000, 0x0000000088f00000, 0x0000000088f00000|100%| O|  |TAMS 0x0000000088f00000, 0x0000000088e00000| Complete 
| 143|0x0000000088f00000, 0x0000000089000000, 0x0000000089000000|100%| O|  |TAMS 0x0000000089000000, 0x0000000088f00000| Untracked 
| 144|0x0000000089000000, 0x0000000089100000, 0x0000000089100000|100%| O|  |TAMS 0x0000000089100000, 0x0000000089000000| Untracked 
| 145|0x0000000089100000, 0x0000000089200000, 0x0000000089200000|100%| O|  |TAMS 0x0000000089200000, 0x0000000089100000| Complete 
| 146|0x0000000089200000, 0x0000000089200000, 0x0000000089300000|  0%| F|  |TAMS 0x0000000089200000, 0x0000000089200000| Untracked 
| 147|0x0000000089300000, 0x0000000089300000, 0x0000000089400000|  0%| F|  |TAMS 0x0000000089300000, 0x0000000089300000| Untracked 
| 148|0x0000000089400000, 0x0000000089400000, 0x0000000089500000|  0%| F|  |TAMS 0x0000000089400000, 0x0000000089400000| Untracked 
| 149|0x0000000089500000, 0x0000000089500000, 0x0000000089600000|  0%| F|  |TAMS 0x0000000089500000, 0x0000000089500000| Untracked 
| 150|0x0000000089600000, 0x0000000089700000, 0x0000000089700000|100%| O|  |TAMS 0x0000000089700000, 0x0000000089600000| Untracked 
| 151|0x0000000089700000, 0x0000000089800000, 0x0000000089800000|100%| O|  |TAMS 0x0000000089800000, 0x0000000089700000| Untracked 
| 152|0x0000000089800000, 0x0000000089900000, 0x0000000089900000|100%| O|  |TAMS 0x0000000089900000, 0x0000000089800000| Untracked 
| 153|0x0000000089900000, 0x0000000089a00000, 0x0000000089a00000|100%| O|  |TAMS 0x0000000089a00000, 0x0000000089900000| Untracked 
| 154|0x0000000089a00000, 0x0000000089b00000, 0x0000000089b00000|100%| O|  |TAMS 0x0000000089b00000, 0x0000000089a00000| Complete 
| 155|0x0000000089b00000, 0x0000000089b00000, 0x0000000089c00000|  0%| F|  |TAMS 0x0000000089b00000, 0x0000000089b00000| Untracked 
| 156|0x0000000089c00000, 0x0000000089c00000, 0x0000000089d00000|  0%| F|  |TAMS 0x0000000089c00000, 0x0000000089c00000| Untracked 
| 157|0x0000000089d00000, 0x0000000089d00000, 0x0000000089e00000|  0%| F|  |TAMS 0x0000000089d00000, 0x0000000089d00000| Untracked 
| 158|0x0000000089e00000, 0x0000000089e00000, 0x0000000089f00000|  0%| F|  |TAMS 0x0000000089e00000, 0x0000000089e00000| Untracked 
| 159|0x0000000089f00000, 0x0000000089f00000, 0x000000008a000000|  0%| F|  |TAMS 0x0000000089f00000, 0x0000000089f00000| Untracked 
| 160|0x000000008a000000, 0x000000008a000000, 0x000000008a100000|  0%| F|  |TAMS 0x000000008a000000, 0x000000008a000000| Untracked 
| 161|0x000000008a100000, 0x000000008a100000, 0x000000008a200000|  0%| F|  |TAMS 0x000000008a100000, 0x000000008a100000| Untracked 
| 162|0x000000008a200000, 0x000000008a200000, 0x000000008a300000|  0%| F|  |TAMS 0x000000008a200000, 0x000000008a200000| Untracked 
| 163|0x000000008a300000, 0x000000008a300000, 0x000000008a400000|  0%| F|  |TAMS 0x000000008a300000, 0x000000008a300000| Untracked 
| 164|0x000000008a400000, 0x000000008a400000, 0x000000008a500000|  0%| F|  |TAMS 0x000000008a400000, 0x000000008a400000| Untracked 
| 165|0x000000008a500000, 0x000000008a500000, 0x000000008a600000|  0%| F|  |TAMS 0x000000008a500000, 0x000000008a500000| Untracked 
| 166|0x000000008a600000, 0x000000008a600000, 0x000000008a700000|  0%| F|  |TAMS 0x000000008a600000, 0x000000008a600000| Untracked 
| 167|0x000000008a700000, 0x000000008a700000, 0x000000008a800000|  0%| F|  |TAMS 0x000000008a700000, 0x000000008a700000| Untracked 
| 168|0x000000008a800000, 0x000000008a800000, 0x000000008a900000|  0%| F|  |TAMS 0x000000008a800000, 0x000000008a800000| Untracked 
| 169|0x000000008a900000, 0x000000008a900000, 0x000000008aa00000|  0%| F|  |TAMS 0x000000008a900000, 0x000000008a900000| Untracked 
| 170|0x000000008aa00000, 0x000000008aa00000, 0x000000008ab00000|  0%| F|  |TAMS 0x000000008aa00000, 0x000000008aa00000| Untracked 
| 171|0x000000008ab00000, 0x000000008ab00000, 0x000000008ac00000|  0%| F|  |TAMS 0x000000008ab00000, 0x000000008ab00000| Untracked 
| 172|0x000000008ac00000, 0x000000008ac00000, 0x000000008ad00000|  0%| F|  |TAMS 0x000000008ac00000, 0x000000008ac00000| Untracked 
| 173|0x000000008ad00000, 0x000000008ad99aa0, 0x000000008ae00000| 60%| S|CS|TAMS 0x000000008ad00000, 0x000000008ad00000| Complete 
| 174|0x000000008ae00000, 0x000000008af00000, 0x000000008af00000|100%| S|CS|TAMS 0x000000008ae00000, 0x000000008ae00000| Complete 
| 175|0x000000008af00000, 0x000000008b000000, 0x000000008b000000|100%| S|CS|TAMS 0x000000008af00000, 0x000000008af00000| Complete 
| 176|0x000000008b000000, 0x000000008b000000, 0x000000008b100000|  0%| F|  |TAMS 0x000000008b000000, 0x000000008b000000| Untracked 
| 177|0x000000008b100000, 0x000000008b100000, 0x000000008b200000|  0%| F|  |TAMS 0x000000008b100000, 0x000000008b100000| Untracked 
| 178|0x000000008b200000, 0x000000008b200000, 0x000000008b300000|  0%| F|  |TAMS 0x000000008b200000, 0x000000008b200000| Untracked 
| 179|0x000000008b300000, 0x000000008b300000, 0x000000008b400000|  0%| F|  |TAMS 0x000000008b300000, 0x000000008b300000| Untracked 
| 180|0x000000008b400000, 0x000000008b400000, 0x000000008b500000|  0%| F|  |TAMS 0x000000008b400000, 0x000000008b400000| Untracked 
| 181|0x000000008b500000, 0x000000008b500000, 0x000000008b600000|  0%| F|  |TAMS 0x000000008b500000, 0x000000008b500000| Untracked 
| 182|0x000000008b600000, 0x000000008b600000, 0x000000008b700000|  0%| F|  |TAMS 0x000000008b600000, 0x000000008b600000| Untracked 
| 183|0x000000008b700000, 0x000000008b700000, 0x000000008b800000|  0%| F|  |TAMS 0x000000008b700000, 0x000000008b700000| Untracked 
| 184|0x000000008b800000, 0x000000008b800000, 0x000000008b900000|  0%| F|  |TAMS 0x000000008b800000, 0x000000008b800000| Untracked 
| 185|0x000000008b900000, 0x000000008b900000, 0x000000008ba00000|  0%| F|  |TAMS 0x000000008b900000, 0x000000008b900000| Untracked 
| 186|0x000000008ba00000, 0x000000008ba00000, 0x000000008bb00000|  0%| F|  |TAMS 0x000000008ba00000, 0x000000008ba00000| Untracked 
| 187|0x000000008bb00000, 0x000000008bb00000, 0x000000008bc00000|  0%| F|  |TAMS 0x000000008bb00000, 0x000000008bb00000| Untracked 
| 188|0x000000008bc00000, 0x000000008bc00000, 0x000000008bd00000|  0%| F|  |TAMS 0x000000008bc00000, 0x000000008bc00000| Untracked 
| 189|0x000000008bd00000, 0x000000008bd00000, 0x000000008be00000|  0%| F|  |TAMS 0x000000008bd00000, 0x000000008bd00000| Untracked 
| 190|0x000000008be00000, 0x000000008be00000, 0x000000008bf00000|  0%| F|  |TAMS 0x000000008be00000, 0x000000008be00000| Untracked 
| 191|0x000000008bf00000, 0x000000008bf00000, 0x000000008c000000|  0%| F|  |TAMS 0x000000008bf00000, 0x000000008bf00000| Untracked 
| 192|0x000000008c000000, 0x000000008c000000, 0x000000008c100000|  0%| F|  |TAMS 0x000000008c000000, 0x000000008c000000| Untracked 
| 193|0x000000008c100000, 0x000000008c100000, 0x000000008c200000|  0%| F|  |TAMS 0x000000008c100000, 0x000000008c100000| Untracked 
| 194|0x000000008c200000, 0x000000008c2f8448, 0x000000008c300000| 96%| E|  |TAMS 0x000000008c200000, 0x000000008c200000| Complete 
| 195|0x000000008c300000, 0x000000008c400000, 0x000000008c400000|100%| E|CS|TAMS 0x000000008c300000, 0x000000008c300000| Complete 
| 196|0x000000008c400000, 0x000000008c500000, 0x000000008c500000|100%| E|CS|TAMS 0x000000008c400000, 0x000000008c400000| Complete 
| 197|0x000000008c500000, 0x000000008c600000, 0x000000008c600000|100%| E|CS|TAMS 0x000000008c500000, 0x000000008c500000| Complete 
| 198|0x000000008c600000, 0x000000008c700000, 0x000000008c700000|100%| E|CS|TAMS 0x000000008c600000, 0x000000008c600000| Complete 
| 199|0x000000008c700000, 0x000000008c800000, 0x000000008c800000|100%| E|CS|TAMS 0x000000008c700000, 0x000000008c700000| Complete 
| 200|0x000000008c800000, 0x000000008c900000, 0x000000008c900000|100%| E|CS|TAMS 0x000000008c800000, 0x000000008c800000| Complete 
| 201|0x000000008c900000, 0x000000008ca00000, 0x000000008ca00000|100%| E|CS|TAMS 0x000000008c900000, 0x000000008c900000| Complete 
| 202|0x000000008ca00000, 0x000000008cb00000, 0x000000008cb00000|100%| E|CS|TAMS 0x000000008ca00000, 0x000000008ca00000| Complete 

Card table byte_map: [0x000000e8fd670000,0x000000e8fda70000] _byte_map_base: 0x000000e8fd270000

Marking Bits (Prev, Next): (CMBitMap*) 0x000000e8fd1d3438, (CMBitMap*) 0x000000e8fd1d3470
 Prev Bits: [0x000000e8fde70000, 0x000000e8ffe70000)
 Next Bits: [0x000000e892a10000, 0x000000e894a10000)

Polling page: 0x000000e8fb070000

Metaspace:

Usage:
  Non-class:    111.17 MB capacity,   108.68 MB ( 98%) used,     2.11 MB (  2%) free+waste,   382.81 KB ( <1%) overhead. 
      Class:     17.26 MB capacity,    15.93 MB ( 92%) used,     1.17 MB (  7%) free+waste,   174.63 KB ( <1%) overhead. 
       Both:    128.43 MB capacity,   124.61 MB ( 97%) used,     3.28 MB (  3%) free+waste,   557.44 KB ( <1%) overhead. 

Virtual space:
  Non-class space:      112.00 MB reserved,     111.20 MB (>99%) committed 
      Class space:        1.00 GB reserved,      17.38 MB (  2%) committed 
             Both:        1.11 GB reserved,     128.57 MB ( 11%) committed 

Chunk freelists:
   Non-Class:  34.00 KB
       Class:  17.00 KB
        Both:  51.00 KB

MaxMetaspaceSize: 17179869184.00 GB
CompressedClassSpaceSize: 1.00 GB

CodeHeap 'non-profiled nmethods': size=120064Kb used=11926Kb max_used=11926Kb free=108138Kb
 bounds [0x000000e88b4d0000, 0x000000e88c080000, 0x000000e892a10000]
CodeHeap 'profiled nmethods': size=120000Kb used=38267Kb max_used=38267Kb free=81732Kb
 bounds [0x000000e883fa0000, 0x000000e886500000, 0x000000e88b4d0000]
CodeHeap 'non-nmethods': size=5696Kb used=2357Kb max_used=2422Kb free=3338Kb
 bounds [0x000000e883a10000, 0x000000e883c80000, 0x000000e883fa0000]
 total_blobs=17592 nmethods=16604 adapters=895
 compilation: enabled
              stopped_count=0, restarted_count=0
 full_count=0

Compilation events (20 events):
Event: 679.397 Thread 0x000000e89730e800 16829       4       org.gradle.internal.operations.DefaultBuildOperationRunner::execute (140 bytes)
Event: 679.397 Thread 0x000000e897eb4000 nmethod 16826 0x000000e8864f3b10 code [0x000000e8864f3ce0, 0x000000e8864f4098]
Event: 679.397 Thread 0x000000e897eb4000 16828       3       org.apache.http.client.protocol.HttpClientContext::getCookieStore (13 bytes)
Event: 679.398 Thread 0x000000e897eb4000 nmethod 16828 0x000000e8864f4210 code [0x000000e8864f4440, 0x000000e8864f4bb8]
Event: 679.398 Thread 0x000000e897eb4000 16827       3       org.apache.http.message.HeaderGroup::iterator (13 bytes)
Event: 679.398 Thread 0x000000e897eb4000 nmethod 16827 0x000000e8864f4e10 code [0x000000e8864f4fc0, 0x000000e8864f5168]
Event: 679.399 Thread 0x000000e897eb4000 16831       1       java.net.AbstractPlainSocketImpl::getTimeout (5 bytes)
Event: 679.399 Thread 0x000000e897eb4000 nmethod 16831 0x000000e88c075210 code [0x000000e88c0753c0, 0x000000e88c075478]
Event: 679.399 Thread 0x000000e897eb4000 16832       1       java.net.AbstractPlainSocketImpl::isConnectionReset (5 bytes)
Event: 679.399 Thread 0x000000e897eb4000 nmethod 16832 0x000000e88c075510 code [0x000000e88c0756c0, 0x000000e88c075778]
Event: 679.399 Thread 0x000000e897eb4000 16833   !   3       javax.crypto.Cipher::chooseFirstProvider (298 bytes)
Event: 679.404 Thread 0x000000e897eb4000 nmethod 16833 0x000000e8864f5210 code [0x000000e8864f5560, 0x000000e8864f6d38]
Event: 679.404 Thread 0x000000e897eb4000 16835       3       com.sun.crypto.provider.CipherCore::getOutputSizeByOperation (177 bytes)
Event: 679.407 Thread 0x000000e897eb4000 nmethod 16835 0x000000e8864f7690 code [0x000000e8864f7940, 0x000000e8864f86b8]
Event: 679.639 Thread 0x000000e897eb4000 16836       3       org.gradle.internal.work.DefaultWorkerLeaseService::releaseLocks (15 bytes)
Event: 679.640 Thread 0x000000e897eb4000 nmethod 16836 0x000000e8864f8a90 code [0x000000e8864f8c80, 0x000000e8864f8fc8]
Event: 679.640 Thread 0x000000e897eb4000 16837       3       org.gradle.internal.work.DefaultWorkerLeaseService$DefaultWorkerLease::releaseLock (90 bytes)
Event: 679.644 Thread 0x000000e897eb4000 nmethod 16837 0x000000e8864f9190 code [0x000000e8864f94c0, 0x000000e8864fa8f8]
Event: 679.645 Thread 0x000000e897eb4000 16838       3       com.sun.crypto.provider.GaloisCounterMode::getBufferedLength (17 bytes)
Event: 679.646 Thread 0x000000e897eb4000 nmethod 16838 0x000000e8864faf90 code [0x000000e8864fb140, 0x000000e8864fb4b8]

GC Heap History (20 events):
Event: 401.478 GC heap before
{Heap before GC invocations=51 (full 0):
 garbage-first heap   total 207872K, used 173995K [0x0000000080000000, 0x0000000100000000)
  region size 1024K, 23 young (23552K), 2 survivors (2048K)
 Metaspace       used 115506K, capacity 118943K, committed 119244K, reserved 1153024K
  class space    used 14994K, capacity 16264K, committed 16384K, reserved 1048576K
}
Event: 401.507 GC heap after
{Heap after GC invocations=52 (full 0):
 garbage-first heap   total 207872K, used 154779K [0x0000000080000000, 0x0000000100000000)
  region size 1024K, 2 young (2048K), 2 survivors (2048K)
 Metaspace       used 115506K, capacity 118943K, committed 119244K, reserved 1153024K
  class space    used 14994K, capacity 16264K, committed 16384K, reserved 1048576K
}
Event: 403.246 GC heap before
{Heap before GC invocations=53 (full 0):
 garbage-first heap   total 207872K, used 176283K [0x0000000080000000, 0x0000000100000000)
  region size 1024K, 23 young (23552K), 2 survivors (2048K)
 Metaspace       used 116175K, capacity 119632K, committed 119756K, reserved 1153024K
  class space    used 15056K, capacity 16324K, committed 16384K, reserved 1048576K
}
Event: 403.260 GC heap after
{Heap after GC invocations=54 (full 0):
 garbage-first heap   total 207872K, used 155382K [0x0000000080000000, 0x0000000100000000)
  region size 1024K, 2 young (2048K), 2 survivors (2048K)
 Metaspace       used 116175K, capacity 119632K, committed 119756K, reserved 1153024K
  class space    used 15056K, capacity 16324K, committed 16384K, reserved 1048576K
}
Event: 405.406 GC heap before
{Heap before GC invocations=54 (full 0):
 garbage-first heap   total 207872K, used 177910K [0x0000000080000000, 0x0000000100000000)
  region size 1024K, 24 young (24576K), 2 survivors (2048K)
 Metaspace       used 118109K, capacity 121763K, committed 121804K, reserved 1155072K
  class space    used 15258K, capacity 16639K, committed 16640K, reserved 1048576K
}
Event: 405.432 GC heap after
{Heap after GC invocations=55 (full 0):
 garbage-first heap   total 207872K, used 157687K [0x0000000080000000, 0x0000000100000000)
  region size 1024K, 3 young (3072K), 3 survivors (3072K)
 Metaspace       used 118109K, capacity 121763K, committed 121804K, reserved 1155072K
  class space    used 15258K, capacity 16639K, committed 16640K, reserved 1048576K
}
Event: 407.169 GC heap before
{Heap before GC invocations=56 (full 0):
 garbage-first heap   total 207872K, used 170999K [0x0000000080000000, 0x0000000100000000)
  region size 1024K, 24 young (24576K), 3 survivors (3072K)
 Metaspace       used 118378K, capacity 122145K, committed 122444K, reserved 1155072K
  class space    used 15279K, capacity 16677K, committed 16768K, reserved 1048576K
}
Event: 407.210 GC heap after
{Heap after GC invocations=57 (full 0):
 garbage-first heap   total 207872K, used 151991K [0x0000000080000000, 0x0000000100000000)
  region size 1024K, 3 young (3072K), 3 survivors (3072K)
 Metaspace       used 118378K, capacity 122145K, committed 122444K, reserved 1155072K
  class space    used 15279K, capacity 16677K, committed 16768K, reserved 1048576K
}
Event: 407.603 GC heap before
{Heap before GC invocations=57 (full 0):
 garbage-first heap   total 207872K, used 159159K [0x0000000080000000, 0x0000000100000000)
  region size 1024K, 10 young (10240K), 3 survivors (3072K)
 Metaspace       used 118749K, capacity 122444K, committed 122700K, reserved 1155072K
  class space    used 15344K, capacity 16713K, committed 16768K, reserved 1048576K
}
Event: 407.687 GC heap after
{Heap after GC invocations=58 (full 0):
 garbage-first heap   total 207872K, used 140905K [0x0000000080000000, 0x0000000100000000)
  region size 1024K, 1 young (1024K), 1 survivors (1024K)
 Metaspace       used 118749K, capacity 122444K, committed 122700K, reserved 1155072K
  class space    used 15344K, capacity 16713K, committed 16768K, reserved 1048576K
}
Event: 409.734 GC heap before
{Heap before GC invocations=58 (full 0):
 garbage-first heap   total 207872K, used 167529K [0x0000000080000000, 0x0000000100000000)
  region size 1024K, 28 young (28672K), 1 survivors (1024K)
 Metaspace       used 121184K, capacity 124971K, committed 125132K, reserved 1157120K
  class space    used 15676K, capacity 17063K, committed 17152K, reserved 1048576K
}
Event: 409.758 GC heap after
{Heap after GC invocations=59 (full 0):
 garbage-first heap   total 207872K, used 142052K [0x0000000080000000, 0x0000000100000000)
  region size 1024K, 2 young (2048K), 2 survivors (2048K)
 Metaspace       used 121184K, capacity 124971K, committed 125132K, reserved 1157120K
  class space    used 15676K, capacity 17063K, committed 17152K, reserved 1048576K
}
Event: 411.848 GC heap before
{Heap before GC invocations=60 (full 0):
 garbage-first heap   total 207872K, used 169700K [0x0000000080000000, 0x0000000100000000)
  region size 1024K, 29 young (29696K), 2 survivors (2048K)
 Metaspace       used 121477K, capacity 125117K, committed 125388K, reserved 1157120K
  class space    used 15705K, capacity 17064K, committed 17152K, reserved 1048576K
}
Event: 411.874 GC heap after
{Heap after GC invocations=61 (full 0):
 garbage-first heap   total 207872K, used 143309K [0x0000000080000000, 0x0000000100000000)
  region size 1024K, 4 young (4096K), 4 survivors (4096K)
 Metaspace       used 121477K, capacity 125117K, committed 125388K, reserved 1157120K
  class space    used 15705K, capacity 17064K, committed 17152K, reserved 1048576K
}
Event: 412.570 GC heap before
{Heap before GC invocations=61 (full 0):
 garbage-first heap   total 207872K, used 153549K [0x0000000080000000, 0x0000000100000000)
  region size 1024K, 15 young (15360K), 4 survivors (4096K)
 Metaspace       used 122396K, capacity 126144K, committed 126412K, reserved 1159168K
  class space    used 15794K, capacity 17129K, committed 17152K, reserved 1048576K
}
Event: 412.585 GC heap after
{Heap after GC invocations=62 (full 0):
 garbage-first heap   total 207872K, used 144282K [0x0000000080000000, 0x0000000100000000)
  region size 1024K, 3 young (3072K), 3 survivors (3072K)
 Metaspace       used 122396K, capacity 126144K, committed 126412K, reserved 1159168K
  class space    used 15794K, capacity 17129K, committed 17152K, reserved 1048576K
}
Event: 415.819 GC heap before
{Heap before GC invocations=63 (full 0):
 garbage-first heap   total 207872K, used 173978K [0x0000000080000000, 0x0000000100000000)
  region size 1024K, 31 young (31744K), 3 survivors (3072K)
 Metaspace       used 125140K, capacity 128892K, committed 128972K, reserved 1161216K
  class space    used 16009K, capacity 17380K, committed 17408K, reserved 1048576K
}
Event: 415.860 GC heap after
{Heap after GC invocations=64 (full 0):
 garbage-first heap   total 207872K, used 146927K [0x0000000080000000, 0x0000000100000000)
  region size 1024K, 4 young (4096K), 4 survivors (4096K)
 Metaspace       used 125140K, capacity 128892K, committed 128972K, reserved 1161216K
  class space    used 16009K, capacity 17380K, committed 17408K, reserved 1048576K
}
Event: 674.123 GC heap before
{Heap before GC invocations=64 (full 0):
 garbage-first heap   total 207872K, used 173551K [0x0000000080000000, 0x0000000100000000)
  region size 1024K, 31 young (31744K), 4 survivors (4096K)
 Metaspace       used 127305K, capacity 131154K, committed 131276K, reserved 1163264K
  class space    used 16279K, capacity 17646K, committed 17664K, reserved 1048576K
}
Event: 674.145 GC heap after
{Heap after GC invocations=65 (full 0):
 garbage-first heap   total 207872K, used 148406K [0x0000000080000000, 0x0000000100000000)
  region size 1024K, 3 young (3072K), 3 survivors (3072K)
 Metaspace       used 127305K, capacity 131154K, committed 131276K, reserved 1163264K
  class space    used 16279K, capacity 17646K, committed 17664K, reserved 1048576K
}

Deoptimization events (20 events):
Event: 674.174 Thread 0x000000e8a19fb800 DEOPT PACKING pc=0x000000e884d55abf sp=0x000000e8a266a3f0
Event: 674.174 Thread 0x000000e8a19fb800 DEOPT UNPACKING pc=0x000000e883a3764e sp=0x000000e8a2669870 mode 0
Event: 674.773 Thread 0x000000e89bfab000 DEOPT PACKING pc=0x000000e88647da0e sp=0x000000e89d6848d0
Event: 674.773 Thread 0x000000e89bfab000 DEOPT UNPACKING pc=0x000000e883a3764e sp=0x000000e89d683d00 mode 0
Event: 674.851 Thread 0x000000e89bfab000 Uncommon trap: trap_request=0xffffff4d fr.pc=0x000000e88b693eb0 relative=0x0000000000001150
Event: 674.851 Thread 0x000000e89bfab000 Uncommon trap: reason=unstable_if action=reinterpret pc=0x000000e88b693eb0 method=java.util.WeakHashMap.remove(Ljava/lang/Object;)Ljava/lang/Object; @ 94 c2
Event: 674.851 Thread 0x000000e89bfab000 DEOPT PACKING pc=0x000000e88b693eb0 sp=0x000000e89d683080
Event: 674.851 Thread 0x000000e89bfab000 DEOPT UNPACKING pc=0x000000e883a3782f sp=0x000000e89d682f58 mode 2
Event: 674.922 Thread 0x000000e8a19fe000 Uncommon trap: trap_request=0xffffff4d fr.pc=0x000000e88beee8a0 relative=0x00000000000014c0
Event: 674.922 Thread 0x000000e8a19fe000 Uncommon trap: reason=unstable_if action=reinterpret pc=0x000000e88beee8a0 method=java.util.concurrent.ConcurrentHashMap.putVal(Ljava/lang/Object;Ljava/lang/Object;Z)Ljava/lang/Object; @ 112 c2
Event: 674.922 Thread 0x000000e8a19fe000 DEOPT PACKING pc=0x000000e88beee8a0 sp=0x000000e8a276c4b0
Event: 674.922 Thread 0x000000e8a19fe000 DEOPT UNPACKING pc=0x000000e883a3782f sp=0x000000e8a276c450 mode 2
Event: 675.101 Thread 0x000000e8a19fe000 Uncommon trap: trap_request=0xffffff4d fr.pc=0x000000e88ba09b6c relative=0x000000000000088c
Event: 675.102 Thread 0x000000e8a19fe000 Uncommon trap: reason=unstable_if action=reinterpret pc=0x000000e88ba09b6c method=java.util.LinkedHashMap.afterNodeAccess(Ljava/util/HashMap$Node;)V @ 14 c2
Event: 675.102 Thread 0x000000e8a19fe000 DEOPT PACKING pc=0x000000e88ba09b6c sp=0x000000e8a276afd0
Event: 675.102 Thread 0x000000e8a19fe000 DEOPT UNPACKING pc=0x000000e883a3782f sp=0x000000e8a276af18 mode 2
Event: 675.107 Thread 0x000000e8a19fe000 Uncommon trap: trap_request=0xffffff4d fr.pc=0x000000e88c03984c relative=0x000000000000178c
Event: 675.107 Thread 0x000000e8a19fe000 Uncommon trap: reason=unstable_if action=reinterpret pc=0x000000e88c03984c method=sun.security.util.AbstractAlgorithmConstraints.checkAlgorithm(Ljava/util/List;Ljava/lang/String;Lsun/security/util/AlgorithmDecomposer;)Z @ 75 c2
Event: 675.107 Thread 0x000000e8a19fe000 DEOPT PACKING pc=0x000000e88c03984c sp=0x000000e8a276ad20
Event: 675.107 Thread 0x000000e8a19fe000 DEOPT UNPACKING pc=0x000000e883a3782f sp=0x000000e8a276ad10 mode 2

Classes redefined (0 events):
No events

Internal exceptions (20 events):
Event: 412.945 Thread 0x000000e8a19f5800 Exception <a 'sun/nio/fs/WindowsException'{0x000000008c672c40}> (0x000000008c672c40) thrown at [./src/hotspot/share/prims/jni.cpp, line 615]
Event: 412.970 Thread 0x000000e8a19f5800 Exception <a 'sun/nio/fs/WindowsException'{0x000000008c515720}> (0x000000008c515720) thrown at [./src/hotspot/share/prims/jni.cpp, line 615]
Event: 412.970 Thread 0x000000e8a19f5800 Exception <a 'sun/nio/fs/WindowsException'{0x000000008c516a98}> (0x000000008c516a98) thrown at [./src/hotspot/share/prims/jni.cpp, line 615]
Event: 412.970 Thread 0x000000e8a19f5800 Exception <a 'sun/nio/fs/WindowsException'{0x000000008c517e60}> (0x000000008c517e60) thrown at [./src/hotspot/share/prims/jni.cpp, line 615]
Event: 412.970 Thread 0x000000e8a19f5800 Exception <a 'sun/nio/fs/WindowsException'{0x000000008c519228}> (0x000000008c519228) thrown at [./src/hotspot/share/prims/jni.cpp, line 615]
Event: 414.172 Thread 0x000000e8a19f5800 Exception <a 'java/lang/reflect/InvocationTargetException'{0x000000008b75c678}> (0x000000008b75c678) thrown at [./src/hotspot/share/runtime/reflection.cpp, line 1247]
Event: 414.801 Thread 0x000000e8a19f5800 Exception <a 'java/net/UnknownHostException'{0x000000008b289030}> (0x000000008b289030) thrown at [./src/hotspot/share/prims/jni.cpp, line 615]
Event: 414.809 Thread 0x000000e8a19f5800 Exception <a 'java/net/UnknownHostException'{0x000000008b2a3d10}> (0x000000008b2a3d10) thrown at [./src/hotspot/share/prims/jni.cpp, line 615]
Event: 414.818 Thread 0x000000e8a19f5800 Exception <a 'java/net/UnknownHostException'{0x000000008b2be1d0}> (0x000000008b2be1d0) thrown at [./src/hotspot/share/prims/jni.cpp, line 615]
Event: 416.346 Thread 0x000000e8a19f5800 Implicit null exception at 0x000000e88bf916ab to 0x000000e88bf985b8
Event: 672.089 Thread 0x000000e89bfa8800 Exception <a 'sun/nio/fs/WindowsException'{0x000000008be2a658}> (0x000000008be2a658) thrown at [./src/hotspot/share/prims/jni.cpp, line 615]
Event: 672.111 Thread 0x000000e89bfa8800 Exception <a 'sun/nio/fs/WindowsException'{0x000000008bedd078}> (0x000000008bedd078) thrown at [./src/hotspot/share/prims/jni.cpp, line 615]
Event: 672.153 Thread 0x000000e89bfa8800 Exception <a 'sun/nio/fs/WindowsException'{0x000000008bedd1e8}> (0x000000008bedd1e8) thrown at [./src/hotspot/share/prims/jni.cpp, line 615]
Event: 672.209 Thread 0x000000e89bfab000 Exception <a 'java/lang/ClassNotFoundException'{0x000000008bd382d8}: sync_studio_tooling8089_263zd317m3pbic2sespse9jv1BeanInfo> (0x000000008bd382d8) thrown at [./src/hotspot/share/classfile/systemDictionary.cpp, line 231]
Event: 672.210 Thread 0x000000e89bfab000 Exception <a 'java/lang/ClassNotFoundException'{0x000000008bd44f60}: sync_studio_tooling8089_263zd317m3pbic2sespse9jv1Customizer> (0x000000008bd44f60) thrown at [./src/hotspot/share/classfile/systemDictionary.cpp, line 231]
Event: 672.400 Thread 0x000000e89bfa6000 Exception <a 'sun/nio/fs/WindowsException'{0x000000008bdc3368}> (0x000000008bdc3368) thrown at [./src/hotspot/share/prims/jni.cpp, line 615]
Event: 672.442 Thread 0x000000e89bfa6000 Exception <a 'sun/nio/fs/WindowsException'{0x000000008bc1a240}> (0x000000008bc1a240) thrown at [./src/hotspot/share/prims/jni.cpp, line 615]
Event: 672.444 Thread 0x000000e89bfa6000 Exception <a 'sun/nio/fs/WindowsException'{0x000000008bc1a3a8}> (0x000000008bc1a3a8) thrown at [./src/hotspot/share/prims/jni.cpp, line 615]
Event: 672.455 Thread 0x000000e89bfab000 Exception <a 'java/lang/ClassNotFoundException'{0x000000008bc82dc0}: sync_studio_tooling8089_263zd317m3pbic2sespse9jv1BeanInfo> (0x000000008bc82dc0) thrown at [./src/hotspot/share/classfile/systemDictionary.cpp, line 231]
Event: 672.456 Thread 0x000000e89bfab000 Exception <a 'java/lang/ClassNotFoundException'{0x000000008bc8f720}: sync_studio_tooling8089_263zd317m3pbic2sespse9jv1Customizer> (0x000000008bc8f720) thrown at [./src/hotspot/share/classfile/systemDictionary.cpp, line 231]

Events (20 events):
Event: 675.116 loading class sun/security/ssl/SSLEngineOutputRecord$RecordMemo
Event: 675.116 loading class sun/security/ssl/SSLEngineOutputRecord$RecordMemo done
Event: 675.116 loading class sun/security/ssl/SSLEngineOutputRecord$HandshakeMemo done
Event: 675.174 Executing VM operation: CGC_Operation
Event: 675.208 Executing VM operation: CGC_Operation done
Event: 675.305 loading class sun/security/ssl/PreSharedKeyExtension$SHPreSharedKeySpec
Event: 675.306 loading class sun/security/ssl/PreSharedKeyExtension$SHPreSharedKeySpec done
Event: 675.318 Executing VM operation: RevokeBias
Event: 675.319 Executing VM operation: RevokeBias done
Event: 675.772 Executing VM operation: CGC_Operation
Event: 675.772 Executing VM operation: CGC_Operation done
Event: 676.191 Thread 0x000000e8a1791800 Thread exited: 0x000000e8a1791800
Event: 678.070 Executing VM operation: RevokeBias
Event: 678.070 Executing VM operation: RevokeBias done
Event: 678.070 Executing VM operation: RevokeBias
Event: 678.071 Executing VM operation: RevokeBias done
Event: 678.071 Executing VM operation: RevokeBias
Event: 678.072 Executing VM operation: RevokeBias done
Event: 678.072 Executing VM operation: RevokeBias
Event: 678.073 Executing VM operation: RevokeBias done


Dynamic libraries:
0x00007ff7d3ef0000 - 0x00007ff7d3efa000 	C:\Program Files\Android\Android Studio\jre\bin\java.exe
0x00007ff839540000 - 0x00007ff839702000 	C:\Windows\SYSTEM32\ntdll.dll
0x00007ff837170000 - 0x00007ff83721d000 	C:\Windows\system32\KERNEL32.DLL
0x00007ff836000000 - 0x00007ff8361dd000 	C:\Windows\system32\KERNELBASE.dll
0x00007ff8346c0000 - 0x00007ff834738000 	C:\Windows\system32\apphelp.dll
0x00007ff8307e0000 - 0x00007ff8307f9000 	C:\Program Files\Android\Android Studio\jre\bin\jli.dll
0x00007ff836e80000 - 0x00007ff836fce000 	C:\Windows\system32\USER32.dll
0x00007ff838cb0000 - 0x00007ff838e34000 	C:\Windows\system32\GDI32.dll
0x00007ff8307c0000 - 0x00007ff8307d7000 	C:\Program Files\Android\Android Studio\jre\bin\VCRUNTIME140.dll
0x00007ff82edc0000 - 0x00007ff82eeb2000 	C:\Windows\SYSTEM32\ucrtbase.dll
0x00007ff827070000 - 0x00007ff8272e4000 	C:\Windows\WinSxS\amd64_microsoft.windows.common-controls_6595b64144ccf1df_6.0.10240.17184_none_f41d7a705752bce6\COMCTL32.dll
0x00007ff8374a0000 - 0x00007ff83753d000 	C:\Windows\system32\msvcrt.dll
0x00007ff839500000 - 0x00007ff839536000 	C:\Windows\system32\IMM32.DLL
0x00007ff837550000 - 0x00007ff8376ac000 	C:\Windows\system32\MSCTF.dll
0x00007ff830710000 - 0x00007ff8307ad000 	C:\Program Files\Android\Android Studio\jre\bin\msvcp140.dll
0x00007ff819a40000 - 0x00007ff81a50f000 	C:\Program Files\Android\Android Studio\jre\bin\server\jvm.dll
0x00007ff836fe0000 - 0x00007ff837086000 	C:\Windows\system32\ADVAPI32.dll
0x00007ff839150000 - 0x00007ff8391ab000 	C:\Windows\system32\sechost.dll
0x00007ff839210000 - 0x00007ff839336000 	C:\Windows\system32\RPCRT4.dll
0x00007ff836fd0000 - 0x00007ff836fd8000 	C:\Windows\system32\PSAPI.DLL
0x00007ff829c30000 - 0x00007ff829c39000 	C:\Windows\SYSTEM32\WSOCK32.dll
0x00007ff838e40000 - 0x00007ff838ea9000 	C:\Windows\system32\WS2_32.dll
0x00007ff839340000 - 0x00007ff839348000 	C:\Windows\system32\NSI.dll
0x00007ff8340c0000 - 0x00007ff8340e3000 	C:\Windows\SYSTEM32\WINMM.dll
0x00007ff82ae40000 - 0x00007ff82ae4a000 	C:\Windows\SYSTEM32\VERSION.dll
0x00007ff834060000 - 0x00007ff83408c000 	C:\Windows\SYSTEM32\WINMMBASE.dll
0x00007ff836bb0000 - 0x00007ff836bf4000 	C:\Windows\system32\cfgmgr32.dll
0x00007ff8348e0000 - 0x00007ff834907000 	C:\Windows\SYSTEM32\DEVOBJ.dll
0x00007ff835f80000 - 0x00007ff835f8f000 	C:\Windows\system32\kernel.appcore.dll
0x00007ff8304e0000 - 0x00007ff8304f1000 	C:\Program Files\Android\Android Studio\jre\bin\verify.dll
0x00007ff830350000 - 0x00007ff8304da000 	C:\Windows\SYSTEM32\DBGHELP.DLL
0x00007ff830080000 - 0x00007ff8300a5000 	C:\Windows\SYSTEM32\dbgcore.DLL
0x00007ff82ecd0000 - 0x00007ff82ecf9000 	C:\Program Files\Android\Android Studio\jre\bin\java.dll
0x00007ff82ff20000 - 0x00007ff82ff2b000 	C:\Program Files\Android\Android Studio\jre\bin\jimage.dll
0x00007ff82e6c0000 - 0x00007ff82e6d8000 	C:\Program Files\Android\Android Studio\jre\bin\zip.dll
0x00007ff8376b0000 - 0x00007ff838bd3000 	C:\Windows\system32\SHELL32.dll
0x00007ff836300000 - 0x00007ff836929000 	C:\Windows\system32\windows.storage.dll
0x00007ff836c00000 - 0x00007ff836e7c000 	C:\Windows\system32\combase.dll
0x00007ff8391b0000 - 0x00007ff839201000 	C:\Windows\system32\shlwapi.dll
0x00007ff8361e0000 - 0x00007ff836293000 	C:\Windows\system32\shcore.dll
0x00007ff835f90000 - 0x00007ff835fda000 	C:\Windows\system32\powrprof.dll
0x00007ff835f60000 - 0x00007ff835f73000 	C:\Windows\system32\profapi.dll
0x00007ff82cb90000 - 0x00007ff82cbaa000 	C:\Program Files\Android\Android Studio\jre\bin\net.dll
0x00007ff831b80000 - 0x00007ff831c56000 	C:\Windows\SYSTEM32\WINHTTP.dll
0x00007ff835770000 - 0x00007ff8357cd000 	C:\Windows\system32\mswsock.dll
0x00007ff82bb90000 - 0x00007ff82bba4000 	C:\Program Files\Android\Android Studio\jre\bin\nio.dll
0x00007ff830920000 - 0x00007ff830947000 	C:\Users\Mega\.gradle\native\8bec1ad78214c89d9ad589b4d07fe93259594b29d510b10fafb7a158f7737e5d\windows-amd64\native-platform.dll
0x00007ff821380000 - 0x00007ff8214bd000 	C:\Users\Mega\.gradle\native\53dbd7edfb1c66fb8903c78663c9afc45aea4f116125fa6feffd364cf09443e8\windows-amd64\native-platform-file-events.dll
0x00007ff82cf40000 - 0x00007ff82cf4a000 	C:\Program Files\Android\Android Studio\jre\bin\management.dll
0x00007ff82cb80000 - 0x00007ff82cb8c000 	C:\Program Files\Android\Android Studio\jre\bin\management_ext.dll
0x00007ff8357d0000 - 0x00007ff8357e7000 	C:\Windows\SYSTEM32\CRYPTSP.dll
0x00007ff835e90000 - 0x00007ff835eb8000 	C:\Windows\SYSTEM32\bcrypt.dll
0x00007ff835420000 - 0x00007ff835453000 	C:\Windows\system32\rsaenh.dll
0x00007ff835600000 - 0x00007ff83561f000 	C:\Windows\SYSTEM32\USERENV.dll
0x00007ff835d80000 - 0x00007ff835deb000 	C:\Windows\system32\bcryptprimitives.dll
0x00007ff835920000 - 0x00007ff83592b000 	C:\Windows\SYSTEM32\CRYPTBASE.dll
0x00007ff833d00000 - 0x00007ff833d38000 	C:\Windows\SYSTEM32\IPHLPAPI.DLL
0x00007ff833ae0000 - 0x00007ff833aeb000 	C:\Windows\SYSTEM32\WINNSI.DLL
0x00007ff831f10000 - 0x00007ff831f26000 	C:\Windows\SYSTEM32\dhcpcsvc6.DLL
0x00007ff831ef0000 - 0x00007ff831f0a000 	C:\Windows\SYSTEM32\dhcpcsvc.DLL
0x00007ff82b0d0000 - 0x00007ff82b0f7000 	C:\Program Files\Android\Android Studio\jre\bin\sunec.dll
0x00007ff835510000 - 0x00007ff8355b8000 	C:\Windows\SYSTEM32\DNSAPI.dll
0x00007ff82cb40000 - 0x00007ff82cb4a000 	C:\Windows\System32\rasadhlp.dll
0x00007ff8352a0000 - 0x00007ff8352d2000 	C:\Windows\SYSTEM32\ntmarta.dll
0x00007ff831900000 - 0x00007ff831968000 	C:\Windows\System32\fwpuclnt.dll

dbghelp: loaded successfully - version: 4.0.5 - missing functions: none
symbol engine: initialized successfully - sym options: 0x614 - pdb path: .;C:\Program Files\Android\Android Studio\jre\bin;C:\Windows\SYSTEM32;C:\Windows\WinSxS\amd64_microsoft.windows.common-controls_6595b64144ccf1df_6.0.10240.17184_none_f41d7a705752bce6;C:\Program Files\Android\Android Studio\jre\bin\server;C:\Users\Mega\.gradle\native\8bec1ad78214c89d9ad589b4d07fe93259594b29d510b10fafb7a158f7737e5d\windows-amd64;C:\Users\Mega\.gradle\native\53dbd7edfb1c66fb8903c78663c9afc45aea4f116125fa6feffd364cf09443e8\windows-amd64

VM Arguments:
jvm_args: --add-opens=java.base/java.util=ALL-UNNAMED --add-opens=java.base/java.lang=ALL-UNNAMED --add-opens=java.base/java.lang.invoke=ALL-UNNAMED --add-opens=java.base/java.util=ALL-UNNAMED --add-opens=java.prefs/java.util.prefs=ALL-UNNAMED --add-opens=java.prefs/java.util.prefs=ALL-UNNAMED --add-opens=java.base/java.nio.charset=ALL-UNNAMED --add-opens=java.base/java.net=ALL-UNNAMED --add-opens=java.base/java.util.concurrent.atomic=ALL-UNNAMED -Xmx2048m -Dfile.encoding=UTF-8 -Duser.country=US -Duser.language=en -Duser.variant 
java_command: org.gradle.launcher.daemon.bootstrap.GradleDaemon 7.0.2
java_class_path (initial): C:\Users\Mega\.gradle\wrapper\dists\gradle-7.0.2-bin\857tjihv64xamwrf0h14cai3r\gradle-7.0.2\lib\gradle-launcher-7.0.2.jar
Launcher Type: SUN_STANDARD

[Global flags]
     intx CICompilerCount                          = 3                                         {product} {ergonomic}
     uint ConcGCThreads                            = 1                                         {product} {ergonomic}
     uint G1ConcRefinementThreads                  = 4                                         {product} {ergonomic}
   size_t G1HeapRegionSize                         = 1048576                                   {product} {ergonomic}
    uintx GCDrainStackTargetSize                   = 64                                        {product} {ergonomic}
   size_t InitialHeapSize                          = 100663296                                 {product} {ergonomic}
   size_t MarkStackSize                            = 4194304                                   {product} {ergonomic}
   size_t MaxHeapSize                              = 2147483648                                {product} {command line}
   size_t MaxNewSize                               = 1287651328                                {product} {ergonomic}
   size_t MinHeapDeltaBytes                        = 1048576                                   {product} {ergonomic}
    uintx NonNMethodCodeHeapSize                   = 5830732                                {pd product} {ergonomic}
    uintx NonProfiledCodeHeapSize                  = 122913754                              {pd product} {ergonomic}
    uintx ProfiledCodeHeapSize                     = 122913754                              {pd product} {ergonomic}
    uintx ReservedCodeCacheSize                    = 251658240                              {pd product} {ergonomic}
     bool SegmentedCodeCache                       = true                                      {product} {ergonomic}
     bool UseCompressedClassPointers               = true                                 {lp64_product} {ergonomic}
     bool UseCompressedOops                        = true                                 {lp64_product} {ergonomic}
     bool UseG1GC                                  = true                                      {product} {ergonomic}
     bool UseLargePagesIndividualAllocation        = false                                  {pd product} {ergonomic}

Logging:
Log output configuration:
 #0: stdout all=warning uptime,level,tags
 #1: stderr all=off uptime,level,tags

Environment Variables:
JAVA_HOME=C:\Program Files\Java\jdk-11
PATH=C:\Program Files\Common Files\Oracle\Java\javapath;C:\Program Files (x86)\Common Files\Oracle\Java\javapath;C:\Program Files (x86)\VMware\VMware Player\bin\;C:\Windows\system32;C:\Windows;C:\Windows\System32\Wbem;C:\Windows\System32\WindowsPowerShell\v1.0\;C:\xamp\php;C:\composer;C:\Program Files\nodejs\;C:\ProgramData\chocolatey\bin;C:\Program Files\Git\cmd;C:\Program Files\PuTTY\;C:\apache-maven-4.0.0-alpha-3\bin;C:\Users\Mega\AppData\Roaming\Composer\vendor\bin;C:\Users\Mega\AppData\Local\Programs\Microsoft VS Code\bin;C:\Users\Mega\AppData\Roaming\npm;C:\Program Files\MongoDB\Server\5.0\bin;C:\Program Files\Android\Android Studio\jre\bin;C:\Users\Mega\AppData\Local\android\sdk\tools;C:\Program Files\Java\jdk-11\bin
USERNAME=Mega
OS=Windows_NT
PROCESSOR_IDENTIFIER=Intel64 Family 6 Model 42 Stepping 7, GenuineIntel



---------------  S Y S T E M  ---------------

OS: Windows 10 , 64 bit Build 10240 (10.0.10240.17113)
OS uptime: 0 days 1:00 hours

CPU:total 4 (initial active 4) (2 cores per cpu, 2 threads per core) family 6 model 42 stepping 7 microcode 0x29, cmov, cx8, fxsr, mmx, sse, sse2, sse3, ssse3, sse4.1, sse4.2, popcnt, avx, clmul, ht, tsc, tscinvbit

Memory: 4k page, system-wide physical 6091M (780M free)
TotalPageFile size 9639M (AvailPageFile size 0M)
current process WorkingSet (physical memory assigned to process): 472M, peak: 532M
current process commit charge ("private bytes"): 555M, peak: 558M

vm_info: OpenJDK 64-Bit Server VM (11.0.10+0-b96-7249189) for windows-amd64 JRE (11.0.10+0-b96-7249189), built on Mar 31 2021 21:44:00 by "builder" with MS VC++ 14.0 (VS2015)

END.
