#
# There is insufficient memory for the Java Runtime Environment to continue.
# Native memory allocation (malloc) failed to allocate 1779856 bytes for Chunk::new
# Possible reasons:
#   The system is out of physical RAM or swap space
#   The process is running with CompressedOops enabled, and the Java Heap may be blocking the growth of the native heap
# Possible solutions:
#   Reduce memory load on the system
#   Increase physical memory or swap space
#   Check if swap backing store is full
#   Decrease Java heap size (-Xmx/-Xms)
#   Decrease number of Java threads
#   Decrease Java thread stack sizes (-Xss)
#   Set larger code cache with -XX:ReservedCodeCacheSize=
#   JVM is running with Unscaled Compressed Oops mode in which the Java heap is
#     placed in the first 4GB address space. The Java Heap base address is the
#     maximum limit for the native heap growth. Please use -XX:HeapBaseMinAddress
#     to set the Java Heap base and to place the Java Heap above 4GB virtual address.
# This output file may be truncated or incomplete.
#
#  Out of Memory Error (./src/hotspot/share/memory/arena.cpp:197), pid=3252, tid=1052
#
# JRE version: OpenJDK Runtime Environment (11.0.10) (build 11.0.10+0-b96-7249189)
# Java VM: OpenJDK 64-Bit Server VM (11.0.10+0-b96-7249189, mixed mode, tiered, compressed oops, g1 gc, windows-amd64)
# No core dump will be written. Minidumps are not enabled by default on client versions of Windows
#

---------------  S U M M A R Y ------------

Command Line: --add-opens=java.base/java.util=ALL-UNNAMED --add-opens=java.base/java.lang=ALL-UNNAMED --add-opens=java.base/java.lang.invoke=ALL-UNNAMED --add-opens=java.base/java.util=ALL-UNNAMED --add-opens=java.prefs/java.util.prefs=ALL-UNNAMED --add-opens=java.prefs/java.util.prefs=ALL-UNNAMED --add-opens=java.base/java.nio.charset=ALL-UNNAMED --add-opens=java.base/java.net=ALL-UNNAMED --add-opens=java.base/java.util.concurrent.atomic=ALL-UNNAMED -Xmx2048m -Dfile.encoding=UTF-8 -Duser.country=US -Duser.language=en -Duser.variant org.gradle.launcher.daemon.bootstrap.GradleDaemon 7.0.2

Host: Intel(R) Core(TM) i3-2330M CPU @ 2.20GHz, 4 cores, 5G,  Windows 10 , 64 bit Build 10240 (10.0.10240.17113)
Time: Sun Apr 30 18:22:49 2023 Pacific Standard Time elapsed time: 728.006461 seconds (0d 0h 12m 8s)

---------------  T H R E A D  ---------------

Current thread (0x000000af54c9c000):  JavaThread "C2 CompilerThread1" daemon [_thread_in_native, id=1052, stack(0x000000af63020000,0x000000af63120000)]


Current CompileTask:
C2: 728006 25073       4       com.android.tools.r8.internal.Kv::a (583 bytes)

Stack: [0x000000af63020000,0x000000af63120000]
Native frames: (J=compiled Java code, j=interpreted, Vv=VM code, C=native code)
V  [jvm.dll+0x5ecfaa]
V  [jvm.dll+0x722bd5]
V  [jvm.dll+0x72412d]
V  [jvm.dll+0x7247e3]
V  [jvm.dll+0x242928]
V  [jvm.dll+0xbc4fc]
V  [jvm.dll+0xbca0c]
V  [jvm.dll+0x352d7d]
V  [jvm.dll+0x320ad3]
V  [jvm.dll+0x31ffca]
V  [jvm.dll+0x1fb602]
V  [jvm.dll+0x1fa7f4]
V  [jvm.dll+0x18354c]
V  [jvm.dll+0x208ee7]
V  [jvm.dll+0x207731]
V  [jvm.dll+0x6eb1cf]
V  [jvm.dll+0x6e3d45]
V  [jvm.dll+0x5ebe96]
C  [ucrtbase.dll+0x6829d]
C  [KERNEL32.DLL+0x12d92]
C  [ntdll.dll+0x9f64]


---------------  P R O C E S S  ---------------

Threads class SMR info:
_java_thread_list=0x000000af5f4fa430, length=53, elements={
0x000000af34b86000, 0x000000af4f3f3000, 0x000000af4f3f4800, 0x000000af50093800,
0x000000af4f40e800, 0x000000af4f40f000, 0x000000af4f410800, 0x000000af4f415800,
0x000000af4f456000, 0x000000af501a4000, 0x000000af52475000, 0x000000af5246d000,
0x000000af51e4c800, 0x000000af51315000, 0x000000af51315800, 0x000000af51311800,
0x000000af51316800, 0x000000af51313800, 0x000000af5194d800, 0x000000af5194f000,
0x000000af5194b800, 0x000000af51950000, 0x000000af51950800, 0x000000af5194e000,
0x000000af51959000, 0x000000af5893d800, 0x000000af5893c800, 0x000000af5893f000,
0x000000af5893e000, 0x000000af5893b800, 0x000000af5893f800, 0x000000af5893a000,
0x000000af58943000, 0x000000af58944000, 0x000000af58945800, 0x000000af58944800,
0x000000af58941800, 0x000000af58946000, 0x000000af58947000, 0x000000af58940800,
0x000000af58948000, 0x000000af5194b000, 0x000000af5194c800, 0x000000af51955800,
0x000000af51956800, 0x000000af51954000, 0x000000af58942000, 0x000000af51310000,
0x000000af51311000, 0x000000af51951800, 0x000000af58939000, 0x000000af54c9d800,
0x000000af54c9c000
}

Java Threads: ( => current thread )
  0x000000af34b86000 JavaThread "main" [_thread_blocked, id=876, stack(0x000000af34a70000,0x000000af34b70000)]
  0x000000af4f3f3000 JavaThread "Reference Handler" daemon [_thread_blocked, id=6268, stack(0x000000af4fd60000,0x000000af4fe60000)]
  0x000000af4f3f4800 JavaThread "Finalizer" daemon [_thread_blocked, id=7064, stack(0x000000af4fe60000,0x000000af4ff60000)]
  0x000000af50093800 JavaThread "Signal Dispatcher" daemon [_thread_blocked, id=1252, stack(0x000000af50450000,0x000000af50550000)]
  0x000000af4f40e800 JavaThread "Attach Listener" daemon [_thread_blocked, id=3784, stack(0x000000af50550000,0x000000af50650000)]
  0x000000af4f40f000 JavaThread "Service Thread" daemon [_thread_blocked, id=932, stack(0x000000af50650000,0x000000af50750000)]
  0x000000af4f410800 JavaThread "C2 CompilerThread0" daemon [_thread_in_native, id=5380, stack(0x000000af50750000,0x000000af50850000)]
  0x000000af4f415800 JavaThread "C1 CompilerThread0" daemon [_thread_blocked, id=6460, stack(0x000000af50850000,0x000000af50950000)]
  0x000000af4f456000 JavaThread "Sweeper thread" daemon [_thread_blocked, id=3148, stack(0x000000af50950000,0x000000af50a50000)]
  0x000000af501a4000 JavaThread "Common-Cleaner" daemon [_thread_blocked, id=6396, stack(0x000000af50a50000,0x000000af50b50000)]
  0x000000af52475000 JavaThread "Daemon health stats" [_thread_blocked, id=6480, stack(0x000000af52920000,0x000000af52a20000)]
  0x000000af5246d000 JavaThread "Incoming local TCP Connector on port 49691" [_thread_in_native, id=3776, stack(0x000000af52f60000,0x000000af53060000)]
  0x000000af51e4c800 JavaThread "Daemon periodic checks" [_thread_blocked, id=3052, stack(0x000000af53340000,0x000000af53440000)]
  0x000000af51315000 JavaThread "Cache worker for file hash cache (C:\Users\Mega\.gradle\caches\7.0.2\fileHashes)" [_thread_blocked, id=5444, stack(0x000000af54040000,0x000000af54140000)]
  0x000000af51315800 JavaThread "File lock request listener" [_thread_in_native, id=2320, stack(0x000000af54140000,0x000000af54240000)]
  0x000000af51311800 JavaThread "Cache worker for journal cache (C:\Users\Mega\.gradle\caches\journal-1)" [_thread_blocked, id=6804, stack(0x000000af55410000,0x000000af55510000)]
  0x000000af51316800 JavaThread "File watcher server" daemon [_thread_in_native, id=6408, stack(0x000000af568e0000,0x000000af569e0000)]
  0x000000af51313800 JavaThread "File watcher consumer" daemon [_thread_blocked, id=6916, stack(0x000000af56be0000,0x000000af56ce0000)]
  0x000000af5194d800 JavaThread "jar transforms" [_thread_blocked, id=2304, stack(0x000000af56ce0000,0x000000af56de0000)]
  0x000000af5194f000 JavaThread "jar transforms Thread 2" [_thread_blocked, id=3372, stack(0x000000af56de0000,0x000000af56ee0000)]
  0x000000af5194b800 JavaThread "jar transforms Thread 3" [_thread_blocked, id=6868, stack(0x000000af56ee0000,0x000000af56fe0000)]
  0x000000af51950000 JavaThread "jar transforms Thread 4" [_thread_blocked, id=5872, stack(0x000000af56fe0000,0x000000af570e0000)]
  0x000000af51950800 JavaThread "Cache worker for execution history cache (C:\Users\Mega\.gradle\caches\7.0.2\executionHistory)" [_thread_blocked, id=3092, stack(0x000000af576a0000,0x000000af577a0000)]
  0x000000af5194e000 JavaThread "Cache worker for file content cache (C:\Users\Mega\.gradle\caches\7.0.2\fileContent)" [_thread_blocked, id=2436, stack(0x000000af581a0000,0x000000af582a0000)]
  0x000000af51959000 JavaThread "Memory manager" [_thread_blocked, id=3200, stack(0x000000af5cdc0000,0x000000af5cec0000)]
  0x000000af5893d800 JavaThread "Daemon Thread 2" [_thread_blocked, id=560, stack(0x000000af330c0000,0x000000af331c0000)]
  0x000000af5893c800 JavaThread "Handler for socket connection from /127.0.0.1:49691 to /127.0.0.1:49721" [_thread_in_native, id=4304, stack(0x000000af34970000,0x000000af34a70000)]
  0x000000af5893f000 JavaThread "Cancel handler" [_thread_blocked, id=3752, stack(0x000000af53440000,0x000000af53540000)]
  0x000000af5893e000 JavaThread "Daemon worker Thread 2" [_thread_blocked, id=6616, stack(0x000000af53540000,0x000000af53640000)]
  0x000000af5893b800 JavaThread "Asynchronous log dispatcher for DefaultDaemonConnection: socket connection from /127.0.0.1:49691 to /127.0.0.1:49721" [_thread_blocked, id=4724, stack(0x000000af53640000,0x000000af53740000)]
  0x000000af5893f800 JavaThread "Daemon client event forwarder" [_thread_blocked, id=204, stack(0x000000af53840000,0x000000af53940000)]
  0x000000af5893a000 JavaThread "Cache worker for file hash cache (C:\Users\Mega\AndroidStudioProjects\WnE\.gradle\7.0.2\fileHashes)" [_thread_blocked, id=212, stack(0x000000af53940000,0x000000af53a40000)]
  0x000000af58943000 JavaThread "Cache worker for checksums cache (C:\Users\Mega\AndroidStudioProjects\WnE\.gradle\checksums)" [_thread_blocked, id=4480, stack(0x000000af53a40000,0x000000af53b40000)]
  0x000000af58944000 JavaThread "Cache worker for cache directory md-supplier (C:\Users\Mega\.gradle\caches\7.0.2\md-supplier)" [_thread_blocked, id=4920, stack(0x000000af55510000,0x000000af55610000)]
  0x000000af58945800 JavaThread "Cache worker for cache directory md-rule (C:\Users\Mega\.gradle\caches\7.0.2\md-rule)" [_thread_blocked, id=5260, stack(0x000000af570e0000,0x000000af571e0000)]
  0x000000af58944800 JavaThread "Cache worker for dependencies-accessors (C:\Users\Mega\AndroidStudioProjects\WnE\.gradle\7.0.2\dependencies-accessors)" [_thread_blocked, id=2752, stack(0x000000af573e0000,0x000000af574e0000)]
  0x000000af58941800 JavaThread "Cache worker for Build Output Cleanup Cache (C:\Users\Mega\AndroidStudioProjects\WnE\.gradle\buildOutputCleanup)" [_thread_blocked, id=328, stack(0x000000af574e0000,0x000000af575e0000)]
  0x000000af58946000 JavaThread "Build operations" [_thread_blocked, id=6488, stack(0x000000af5c0c0000,0x000000af5c1c0000)]
  0x000000af58947000 JavaThread "Build operations Thread 2" [_thread_blocked, id=388, stack(0x000000af5c1c0000,0x000000af5c2c0000)]
  0x000000af58940800 JavaThread "Build operations Thread 3" [_thread_blocked, id=3884, stack(0x000000af567e0000,0x000000af568e0000)]
  0x000000af58948000 JavaThread "Build operations Thread 4" [_thread_blocked, id=6864, stack(0x000000af5c2c0000,0x000000af5c3c0000)]
  0x000000af5194b000 JavaThread "build event listener" [_thread_blocked, id=884, stack(0x000000af53740000,0x000000af53840000)]
  0x000000af5194c800 JavaThread "Execution worker for ':'" [_thread_blocked, id=3768, stack(0x000000af5fa90000,0x000000af5fb90000)]
  0x000000af51955800 JavaThread "Execution worker for ':' Thread 2" [_thread_blocked, id=5660, stack(0x000000af628d0000,0x000000af629d0000)]
  0x000000af51956800 JavaThread "Execution worker for ':' Thread 3" [_thread_blocked, id=3972, stack(0x000000af629d0000,0x000000af62ad0000)]
  0x000000af51954000 JavaThread "Cache worker for execution history cache (C:\Users\Mega\AndroidStudioProjects\WnE\.gradle\7.0.2\executionHistory)" [_thread_blocked, id=6252, stack(0x000000af62d20000,0x000000af62e20000)]
  0x000000af58942000 JavaThread "WorkerExecutor Queue Thread 5" [_thread_blocked, id=1772, stack(0x000000af63620000,0x000000af63720000)]
  0x000000af51310000 JavaThread "WorkerExecutor Queue Thread 6" [_thread_blocked, id=680, stack(0x000000af63120000,0x000000af63220000)]
  0x000000af51311000 JavaThread "WorkerExecutor Queue Thread 7" [_thread_blocked, id=272, stack(0x000000af63220000,0x000000af63320000)]
  0x000000af51951800 JavaThread "Cache worker for Java compile cache (C:\Users\Mega\.gradle\caches\7.0.2\javaCompile)" [_thread_blocked, id=6316, stack(0x000000af63520000,0x000000af63620000)]
  0x000000af58939000 JavaThread "Cache worker for Java compile cache (C:\Users\Mega\AndroidStudioProjects\WnE\.gradle\7.0.2\javaCompile)" [_thread_blocked, id=1004, stack(0x000000af63b20000,0x000000af63c20000)]
  0x000000af54c9d800 JavaThread "WorkerExecutor Queue Thread 9" [_thread_blocked, id=2504, stack(0x000000af65690000,0x000000af65790000)]
=>0x000000af54c9c000 JavaThread "C2 CompilerThread1" daemon [_thread_in_native, id=1052, stack(0x000000af63020000,0x000000af63120000)]

Other Threads:
  0x000000af34c6c000 VMThread "VM Thread" [stack: 0x000000af4fc60000,0x000000af4fd60000] [id=5044]
  0x000000af501d1800 WatcherThread [stack: 0x000000af50b50000,0x000000af50c50000] [id=7032]
  0x000000af34b9f800 GCTaskThread "GC Thread#0" [stack: 0x000000af47890000,0x000000af47990000] [id=1960]
  0x000000af511b1000 GCTaskThread "GC Thread#1" [stack: 0x000000af51450000,0x000000af51550000] [id=5532]
  0x000000af523aa800 GCTaskThread "GC Thread#2" [stack: 0x000000af53e40000,0x000000af53f40000] [id=1684]
  0x000000af50365800 GCTaskThread "GC Thread#3" [stack: 0x000000af53f40000,0x000000af54040000] [id=4316]
  0x000000af34bcf800 ConcurrentGCThread "G1 Main Marker" [stack: 0x000000af4ca20000,0x000000af4cb20000] [id=4764]
  0x000000af34bd2000 ConcurrentGCThread "G1 Conc#0" [stack: 0x000000af4cb20000,0x000000af4cc20000] [id=2756]
  0x000000af34c4b000 ConcurrentGCThread "G1 Refine#0" [stack: 0x000000af4f060000,0x000000af4f160000] [id=6324]
  0x000000af34c4c000 ConcurrentGCThread "G1 Young RemSet Sampling" [stack: 0x000000af4f160000,0x000000af4f260000] [id=764]

Threads with active compile tasks:
C2 CompilerThread0 729100 25067 %     4       com.android.tools.r8.ir.regalloc.a::a @ 1262 (1824 bytes)
C2 CompilerThread1 729100 25073       4       com.android.tools.r8.internal.Kv::a (583 bytes)

VM state:at safepoint (normal execution)

VM Mutex/Monitor currently owned by a thread:  ([mutex/lock_event])
[0x000000af34b83a00] Threads_lock - owner thread: 0x000000af34c6c000
[0x000000af34b82260] Heap_lock - owner thread: 0x000000af58948000

OutOfMemory and StackOverflow Exception counts:
OutOfMemoryError java_heap_errors=1
LinkageErrors=232

Heap address: 0x0000000080000000, size: 2048 MB, Compressed Oops mode: 32-bit
Narrow klass base: 0x0000000000000000, Narrow klass shift: 3
Compressed class space size: 1073741824 Address: 0x0000000100000000

Heap:
 garbage-first heap   total 378880K, used 321132K [0x0000000080000000, 0x0000000100000000)
  region size 1024K, 68 young (69632K), 4 survivors (4096K)
 Metaspace       used 171110K, capacity 176250K, committed 176460K, reserved 1202176K
  class space    used 22098K, capacity 24053K, committed 24140K, reserved 1048576K
Heap Regions: E=young(eden), S=young(survivor), O=old, HS=humongous(starts), HC=humongous(continues), CS=collection set, F=free, A=archive, TAMS=top-at-mark-start (previous, next)
|   0|0x0000000080000000, 0x00000000800fa7c0, 0x0000000080100000| 97%| O|  |TAMS 0x0000000080000000, 0x0000000080000000| Untracked 
|   1|0x0000000080100000, 0x00000000801fffc8, 0x0000000080200000| 99%| O|  |TAMS 0x0000000080100000, 0x0000000080100000| Untracked 
|   2|0x0000000080200000, 0x00000000802fc6b0, 0x0000000080300000| 98%| O|  |TAMS 0x0000000080200000, 0x0000000080200000| Untracked 
|   3|0x0000000080300000, 0x0000000080400000, 0x0000000080400000|100%|HS|  |TAMS 0x0000000080300000, 0x0000000080300000| Untracked 
|   4|0x0000000080400000, 0x0000000080500000, 0x0000000080500000|100%|HC|  |TAMS 0x0000000080400000, 0x0000000080400000| Untracked 
|   5|0x0000000080500000, 0x0000000080600000, 0x0000000080600000|100%|HC|  |TAMS 0x0000000080500000, 0x0000000080500000| Untracked 
|   6|0x0000000080600000, 0x00000000806fffb8, 0x0000000080700000| 99%| O|  |TAMS 0x0000000080600000, 0x0000000080600000| Untracked 
|   7|0x0000000080700000, 0x00000000807fd828, 0x0000000080800000| 99%| O|  |TAMS 0x0000000080700000, 0x0000000080700000| Untracked 
|   8|0x0000000080800000, 0x00000000808ffff0, 0x0000000080900000| 99%| O|  |TAMS 0x0000000080800000, 0x0000000080800000| Untracked 
|   9|0x0000000080900000, 0x00000000809fffd0, 0x0000000080a00000| 99%| O|  |TAMS 0x0000000080900000, 0x0000000080900000| Untracked 
|  10|0x0000000080a00000, 0x0000000080afd820, 0x0000000080b00000| 99%| O|  |TAMS 0x0000000080a00000, 0x0000000080a00000| Untracked 
|  11|0x0000000080b00000, 0x0000000080bfffe0, 0x0000000080c00000| 99%| O|  |TAMS 0x0000000080b00000, 0x0000000080b00000| Untracked 
|  12|0x0000000080c00000, 0x0000000080d00000, 0x0000000080d00000|100%| O|  |TAMS 0x0000000080c00000, 0x0000000080c00000| Untracked 
|  13|0x0000000080d00000, 0x0000000080dec550, 0x0000000080e00000| 92%| O|  |TAMS 0x0000000080d00000, 0x0000000080d00000| Untracked 
|  14|0x0000000080e00000, 0x0000000080ef91b8, 0x0000000080f00000| 97%| O|  |TAMS 0x0000000080e00000, 0x0000000080e00000| Untracked 
|  15|0x0000000080f00000, 0x0000000080fffff8, 0x0000000081000000| 99%| O|  |TAMS 0x0000000080f00000, 0x0000000080f00000| Untracked 
|  16|0x0000000081000000, 0x00000000810be590, 0x0000000081100000| 74%| O|  |TAMS 0x0000000081000000, 0x0000000081000000| Untracked 
|  17|0x0000000081100000, 0x0000000081200000, 0x0000000081200000|100%|HS|  |TAMS 0x0000000081100000, 0x0000000081100000| Untracked 
|  18|0x0000000081200000, 0x0000000081300000, 0x0000000081300000|100%|HC|  |TAMS 0x0000000081200000, 0x0000000081200000| Untracked 
|  19|0x0000000081300000, 0x0000000081400000, 0x0000000081400000|100%|HS|  |TAMS 0x0000000081300000, 0x0000000081300000| Untracked 
|  20|0x0000000081400000, 0x0000000081500000, 0x0000000081500000|100%|HC|  |TAMS 0x0000000081400000, 0x0000000081400000| Untracked 
|  21|0x0000000081500000, 0x0000000081600000, 0x0000000081600000|100%|HC|  |TAMS 0x0000000081500000, 0x0000000081500000| Untracked 
|  22|0x0000000081600000, 0x0000000081700000, 0x0000000081700000|100%|HS|  |TAMS 0x0000000081600000, 0x0000000081600000| Untracked 
|  23|0x0000000081700000, 0x0000000081800000, 0x0000000081800000|100%|HC|  |TAMS 0x0000000081700000, 0x0000000081700000| Untracked 
|  24|0x0000000081800000, 0x0000000081900000, 0x0000000081900000|100%|HC|  |TAMS 0x0000000081800000, 0x0000000081800000| Untracked 
|  25|0x0000000081900000, 0x0000000081a00000, 0x0000000081a00000|100%|HC|  |TAMS 0x0000000081900000, 0x0000000081900000| Untracked 
|  26|0x0000000081a00000, 0x0000000081b00000, 0x0000000081b00000|100%|HC|  |TAMS 0x0000000081a00000, 0x0000000081a00000| Untracked 
|  27|0x0000000081b00000, 0x0000000081bffff0, 0x0000000081c00000| 99%| O|  |TAMS 0x0000000081b00000, 0x0000000081b00000| Untracked 
|  28|0x0000000081c00000, 0x0000000081cffff0, 0x0000000081d00000| 99%| O|  |TAMS 0x0000000081c00000, 0x0000000081c00000| Untracked 
|  29|0x0000000081d00000, 0x0000000081e00000, 0x0000000081e00000|100%| O|  |TAMS 0x0000000081d00000, 0x0000000081d00000| Untracked 
|  30|0x0000000081e00000, 0x0000000081efffc0, 0x0000000081f00000| 99%| O|  |TAMS 0x0000000081e00000, 0x0000000081e00000| Untracked 
|  31|0x0000000081f00000, 0x0000000081ffffe8, 0x0000000082000000| 99%| O|  |TAMS 0x0000000081f00000, 0x0000000081f00000| Untracked 
|  32|0x0000000082000000, 0x0000000082100000, 0x0000000082100000|100%|HS|  |TAMS 0x0000000082000000, 0x0000000082000000| Untracked 
|  33|0x0000000082100000, 0x0000000082200000, 0x0000000082200000|100%|HC|  |TAMS 0x0000000082100000, 0x0000000082100000| Untracked 
|  34|0x0000000082200000, 0x0000000082300000, 0x0000000082300000|100%|HC|  |TAMS 0x0000000082200000, 0x0000000082200000| Untracked 
|  35|0x0000000082300000, 0x0000000082400000, 0x0000000082400000|100%|HC|  |TAMS 0x0000000082300000, 0x0000000082300000| Untracked 
|  36|0x0000000082400000, 0x0000000082500000, 0x0000000082500000|100%|HC|  |TAMS 0x0000000082400000, 0x0000000082400000| Untracked 
|  37|0x0000000082500000, 0x00000000825ffff0, 0x0000000082600000| 99%| O|  |TAMS 0x0000000082500000, 0x0000000082500000| Untracked 
|  38|0x0000000082600000, 0x00000000826bbd40, 0x0000000082700000| 73%| O|  |TAMS 0x0000000082600000, 0x0000000082600000| Untracked 
|  39|0x0000000082700000, 0x00000000827ffff8, 0x0000000082800000| 99%| O|  |TAMS 0x0000000082700000, 0x0000000082700000| Untracked 
|  40|0x0000000082800000, 0x0000000082900000, 0x0000000082900000|100%|HS|  |TAMS 0x0000000082800000, 0x0000000082800000| Untracked 
|  41|0x0000000082900000, 0x0000000082a00000, 0x0000000082a00000|100%|HC|  |TAMS 0x0000000082900000, 0x0000000082900000| Untracked 
|  42|0x0000000082a00000, 0x0000000082b00000, 0x0000000082b00000|100%|HC|  |TAMS 0x0000000082a00000, 0x0000000082a00000| Untracked 
|  43|0x0000000082b00000, 0x0000000082bffff0, 0x0000000082c00000| 99%| O|  |TAMS 0x0000000082b00000, 0x0000000082b00000| Untracked 
|  44|0x0000000082c00000, 0x0000000082cffff8, 0x0000000082d00000| 99%| O|  |TAMS 0x0000000082c00000, 0x0000000082c00000| Untracked 
|  45|0x0000000082d00000, 0x0000000082dffff8, 0x0000000082e00000| 99%| O|  |TAMS 0x0000000082d00000, 0x0000000082d00000| Untracked 
|  46|0x0000000082e00000, 0x0000000082f00000, 0x0000000082f00000|100%| O|  |TAMS 0x0000000082e00000, 0x0000000082e00000| Untracked 
|  47|0x0000000082f00000, 0x0000000082ffffe0, 0x0000000083000000| 99%| O|  |TAMS 0x0000000082f00000, 0x0000000082f00000| Untracked 
|  48|0x0000000083000000, 0x00000000830ffff0, 0x0000000083100000| 99%| O|  |TAMS 0x0000000083000000, 0x0000000083000000| Untracked 
|  49|0x0000000083100000, 0x00000000831ffff0, 0x0000000083200000| 99%| O|  |TAMS 0x0000000083100000, 0x0000000083100000| Untracked 
|  50|0x0000000083200000, 0x00000000832fffe8, 0x0000000083300000| 99%| O|  |TAMS 0x0000000083200000, 0x0000000083200000| Untracked 
|  51|0x0000000083300000, 0x00000000833ffff0, 0x0000000083400000| 99%| O|  |TAMS 0x0000000083300000, 0x0000000083300000| Untracked 
|  52|0x0000000083400000, 0x00000000834ff208, 0x0000000083500000| 99%| O|  |TAMS 0x0000000083400000, 0x0000000083400000| Untracked 
|  53|0x0000000083500000, 0x00000000835ffff0, 0x0000000083600000| 99%| O|  |TAMS 0x0000000083500000, 0x0000000083500000| Untracked 
|  54|0x0000000083600000, 0x00000000836f99f0, 0x0000000083700000| 97%| O|  |TAMS 0x0000000083600000, 0x0000000083600000| Untracked 
|  55|0x0000000083700000, 0x00000000837ffff8, 0x0000000083800000| 99%| O|  |TAMS 0x0000000083700000, 0x0000000083700000| Untracked 
|  56|0x0000000083800000, 0x0000000083900000, 0x0000000083900000|100%| O|  |TAMS 0x0000000083800000, 0x0000000083800000| Untracked 
|  57|0x0000000083900000, 0x00000000839f6a20, 0x0000000083a00000| 96%| O|  |TAMS 0x0000000083900000, 0x0000000083900000| Untracked 
|  58|0x0000000083a00000, 0x0000000083b00000, 0x0000000083b00000|100%|HS|  |TAMS 0x0000000083a00000, 0x0000000083a00000| Untracked 
|  59|0x0000000083b00000, 0x0000000083c00000, 0x0000000083c00000|100%|HS|  |TAMS 0x0000000083b00000, 0x0000000083b00000| Untracked 
|  60|0x0000000083c00000, 0x0000000083cfffe0, 0x0000000083d00000| 99%| O|  |TAMS 0x0000000083c00000, 0x0000000083c00000| Untracked 
|  61|0x0000000083d00000, 0x0000000083dfffd8, 0x0000000083e00000| 99%| O|  |TAMS 0x0000000083d00000, 0x0000000083d00000| Untracked 
|  62|0x0000000083e00000, 0x0000000083efffc0, 0x0000000083f00000| 99%| O|  |TAMS 0x0000000083e00000, 0x0000000083e00000| Untracked 
|  63|0x0000000083f00000, 0x0000000083fff260, 0x0000000084000000| 99%| O|  |TAMS 0x0000000083f00000, 0x0000000083f00000| Untracked 
|  64|0x0000000084000000, 0x0000000084100000, 0x0000000084100000|100%|HS|  |TAMS 0x0000000084000000, 0x0000000084000000| Untracked 
|  65|0x0000000084100000, 0x0000000084200000, 0x0000000084200000|100%|HC|  |TAMS 0x0000000084100000, 0x0000000084100000| Untracked 
|  66|0x0000000084200000, 0x00000000842ffa18, 0x0000000084300000| 99%| O|  |TAMS 0x0000000084200000, 0x0000000084200000| Untracked 
|  67|0x0000000084300000, 0x00000000843fffd0, 0x0000000084400000| 99%| O|  |TAMS 0x0000000084300000, 0x0000000084300000| Untracked 
|  68|0x0000000084400000, 0x00000000844fffc8, 0x0000000084500000| 99%| O|  |TAMS 0x0000000084400000, 0x0000000084400000| Untracked 
|  69|0x0000000084500000, 0x00000000845ffff8, 0x0000000084600000| 99%| O|  |TAMS 0x0000000084500000, 0x0000000084500000| Untracked 
|  70|0x0000000084600000, 0x00000000846ffff0, 0x0000000084700000| 99%| O|  |TAMS 0x0000000084600000, 0x0000000084600000| Untracked 
|  71|0x0000000084700000, 0x00000000847fffd0, 0x0000000084800000| 99%| O|  |TAMS 0x0000000084700000, 0x0000000084700000| Untracked 
|  72|0x0000000084800000, 0x00000000848ffff0, 0x0000000084900000| 99%| O|  |TAMS 0x0000000084800000, 0x0000000084800000| Untracked 
|  73|0x0000000084900000, 0x00000000849fffe8, 0x0000000084a00000| 99%| O|  |TAMS 0x0000000084900000, 0x0000000084900000| Untracked 
|  74|0x0000000084a00000, 0x0000000084b00000, 0x0000000084b00000|100%| O|  |TAMS 0x0000000084a00000, 0x0000000084a00000| Untracked 
|  75|0x0000000084b00000, 0x0000000084c00000, 0x0000000084c00000|100%| O|  |TAMS 0x0000000084b00000, 0x0000000084b00000| Untracked 
|  76|0x0000000084c00000, 0x0000000084cfffe0, 0x0000000084d00000| 99%| O|  |TAMS 0x0000000084c00000, 0x0000000084c00000| Untracked 
|  77|0x0000000084d00000, 0x0000000084e00000, 0x0000000084e00000|100%| O|  |TAMS 0x0000000084d00000, 0x0000000084d00000| Untracked 
|  78|0x0000000084e00000, 0x0000000084efffd0, 0x0000000084f00000| 99%| O|  |TAMS 0x0000000084e00000, 0x0000000084e00000| Untracked 
|  79|0x0000000084f00000, 0x0000000085000000, 0x0000000085000000|100%| O|  |TAMS 0x0000000084f00000, 0x0000000084f00000| Untracked 
|  80|0x0000000085000000, 0x00000000850fffd8, 0x0000000085100000| 99%| O|  |TAMS 0x0000000085000000, 0x0000000085000000| Untracked 
|  81|0x0000000085100000, 0x00000000851ffff8, 0x0000000085200000| 99%| O|  |TAMS 0x0000000085100000, 0x0000000085100000| Untracked 
|  82|0x0000000085200000, 0x00000000852fffd8, 0x0000000085300000| 99%| O|  |TAMS 0x0000000085200000, 0x0000000085200000| Untracked 
|  83|0x0000000085300000, 0x00000000853ffff0, 0x0000000085400000| 99%| O|  |TAMS 0x0000000085300000, 0x0000000085300000| Untracked 
|  84|0x0000000085400000, 0x00000000854fffe8, 0x0000000085500000| 99%| O|  |TAMS 0x0000000085400000, 0x0000000085400000| Untracked 
|  85|0x0000000085500000, 0x0000000085600000, 0x0000000085600000|100%| O|  |TAMS 0x0000000085500000, 0x0000000085500000| Untracked 
|  86|0x0000000085600000, 0x00000000856ffff8, 0x0000000085700000| 99%| O|  |TAMS 0x0000000085600000, 0x0000000085600000| Untracked 
|  87|0x0000000085700000, 0x00000000857fffe0, 0x0000000085800000| 99%| O|  |TAMS 0x0000000085700000, 0x0000000085700000| Untracked 
|  88|0x0000000085800000, 0x00000000858ffff8, 0x0000000085900000| 99%| O|  |TAMS 0x0000000085800000, 0x0000000085800000| Untracked 
|  89|0x0000000085900000, 0x00000000859ffff0, 0x0000000085a00000| 99%| O|  |TAMS 0x0000000085900000, 0x0000000085900000| Untracked 
|  90|0x0000000085a00000, 0x0000000085affff8, 0x0000000085b00000| 99%| O|  |TAMS 0x0000000085a00000, 0x0000000085a00000| Untracked 
|  91|0x0000000085b00000, 0x0000000085bff020, 0x0000000085c00000| 99%| O|  |TAMS 0x0000000085b00000, 0x0000000085b00000| Untracked 
|  92|0x0000000085c00000, 0x0000000085cffff8, 0x0000000085d00000| 99%| O|  |TAMS 0x0000000085c00000, 0x0000000085c00000| Untracked 
|  93|0x0000000085d00000, 0x0000000085dfffe8, 0x0000000085e00000| 99%| O|  |TAMS 0x0000000085d00000, 0x0000000085d00000| Untracked 
|  94|0x0000000085e00000, 0x0000000085effff0, 0x0000000085f00000| 99%| O|  |TAMS 0x0000000085e00000, 0x0000000085e00000| Untracked 
|  95|0x0000000085f00000, 0x0000000086000000, 0x0000000086000000|100%| O|  |TAMS 0x0000000085f00000, 0x0000000085f00000| Untracked 
|  96|0x0000000086000000, 0x00000000860ffff0, 0x0000000086100000| 99%| O|  |TAMS 0x0000000086000000, 0x0000000086000000| Untracked 
|  97|0x0000000086100000, 0x00000000861ffff0, 0x0000000086200000| 99%| O|  |TAMS 0x0000000086100000, 0x0000000086100000| Untracked 
|  98|0x0000000086200000, 0x00000000862ffff8, 0x0000000086300000| 99%| O|  |TAMS 0x0000000086200000, 0x0000000086200000| Untracked 
|  99|0x0000000086300000, 0x00000000863fffd8, 0x0000000086400000| 99%| O|  |TAMS 0x0000000086300000, 0x0000000086300000| Untracked 
| 100|0x0000000086400000, 0x00000000864fffe0, 0x0000000086500000| 99%| O|  |TAMS 0x0000000086400000, 0x0000000086400000| Untracked 
| 101|0x0000000086500000, 0x0000000086600000, 0x0000000086600000|100%| O|  |TAMS 0x0000000086500000, 0x0000000086500000| Untracked 
| 102|0x0000000086600000, 0x00000000866fe468, 0x0000000086700000| 99%| O|  |TAMS 0x0000000086600000, 0x0000000086600000| Untracked 
| 103|0x0000000086700000, 0x0000000086800000, 0x0000000086800000|100%| O|  |TAMS 0x0000000086700000, 0x0000000086700000| Untracked 
| 104|0x0000000086800000, 0x00000000868ffff8, 0x0000000086900000| 99%| O|  |TAMS 0x0000000086800000, 0x0000000086800000| Untracked 
| 105|0x0000000086900000, 0x00000000869ffff0, 0x0000000086a00000| 99%| O|  |TAMS 0x0000000086900000, 0x0000000086900000| Untracked 
| 106|0x0000000086a00000, 0x0000000086afffe8, 0x0000000086b00000| 99%| O|  |TAMS 0x0000000086a00000, 0x0000000086a00000| Untracked 
| 107|0x0000000086b00000, 0x0000000086c00000, 0x0000000086c00000|100%| O|  |TAMS 0x0000000086b00000, 0x0000000086b00000| Untracked 
| 108|0x0000000086c00000, 0x0000000086d00000, 0x0000000086d00000|100%| O|  |TAMS 0x0000000086c00000, 0x0000000086c00000| Untracked 
| 109|0x0000000086d00000, 0x0000000086e00000, 0x0000000086e00000|100%| O|  |TAMS 0x0000000086d00000, 0x0000000086d00000| Untracked 
| 110|0x0000000086e00000, 0x0000000086f00000, 0x0000000086f00000|100%| O|  |TAMS 0x0000000086e00000, 0x0000000086e00000| Untracked 
| 111|0x0000000086f00000, 0x0000000087000000, 0x0000000087000000|100%| O|  |TAMS 0x0000000086f00000, 0x0000000086f00000| Untracked 
| 112|0x0000000087000000, 0x00000000870ffff8, 0x0000000087100000| 99%| O|  |TAMS 0x0000000087000000, 0x0000000087000000| Untracked 
| 113|0x0000000087100000, 0x00000000871fffe0, 0x0000000087200000| 99%| O|  |TAMS 0x0000000087100000, 0x0000000087100000| Untracked 
| 114|0x0000000087200000, 0x00000000872ffff8, 0x0000000087300000| 99%| O|  |TAMS 0x0000000087200000, 0x0000000087200000| Untracked 
| 115|0x0000000087300000, 0x00000000873fff30, 0x0000000087400000| 99%| O|  |TAMS 0x0000000087300000, 0x0000000087300000| Untracked 
| 116|0x0000000087400000, 0x0000000087500000, 0x0000000087500000|100%| O|  |TAMS 0x0000000087400000, 0x0000000087400000| Untracked 
| 117|0x0000000087500000, 0x00000000875ffff0, 0x0000000087600000| 99%| O|  |TAMS 0x0000000087500000, 0x0000000087500000| Untracked 
| 118|0x0000000087600000, 0x0000000087700000, 0x0000000087700000|100%| O|  |TAMS 0x0000000087600000, 0x0000000087600000| Untracked 
| 119|0x0000000087700000, 0x00000000877ffff8, 0x0000000087800000| 99%| O|  |TAMS 0x0000000087700000, 0x0000000087700000| Untracked 
| 120|0x0000000087800000, 0x00000000878ffff8, 0x0000000087900000| 99%| O|  |TAMS 0x0000000087800000, 0x0000000087800000| Untracked 
| 121|0x0000000087900000, 0x00000000879fffe8, 0x0000000087a00000| 99%| O|  |TAMS 0x0000000087900000, 0x0000000087900000| Untracked 
| 122|0x0000000087a00000, 0x0000000087affff8, 0x0000000087b00000| 99%| O|  |TAMS 0x0000000087a00000, 0x0000000087a00000| Untracked 
| 123|0x0000000087b00000, 0x0000000087bffff0, 0x0000000087c00000| 99%| O|  |TAMS 0x0000000087b00000, 0x0000000087b00000| Untracked 
| 124|0x0000000087c00000, 0x0000000087d00000, 0x0000000087d00000|100%| O|  |TAMS 0x0000000087c00000, 0x0000000087c00000| Untracked 
| 125|0x0000000087d00000, 0x0000000087dfffe8, 0x0000000087e00000| 99%| O|  |TAMS 0x0000000087d00000, 0x0000000087d00000| Untracked 
| 126|0x0000000087e00000, 0x0000000087effff8, 0x0000000087f00000| 99%| O|  |TAMS 0x0000000087e00000, 0x0000000087e00000| Untracked 
| 127|0x0000000087f00000, 0x0000000087fffff0, 0x0000000088000000| 99%| O|  |TAMS 0x0000000087f00000, 0x0000000087f00000| Untracked 
| 128|0x0000000088000000, 0x00000000880fffd0, 0x0000000088100000| 99%| O|  |TAMS 0x0000000088000000, 0x0000000088000000| Untracked 
| 129|0x0000000088100000, 0x00000000881ffff0, 0x0000000088200000| 99%| O|  |TAMS 0x0000000088100000, 0x0000000088100000| Untracked 
| 130|0x0000000088200000, 0x00000000882fffd0, 0x0000000088300000| 99%| O|  |TAMS 0x0000000088200000, 0x0000000088200000| Untracked 
| 131|0x0000000088300000, 0x00000000883ffff0, 0x0000000088400000| 99%| O|  |TAMS 0x0000000088300000, 0x0000000088300000| Untracked 
| 132|0x0000000088400000, 0x0000000088500000, 0x0000000088500000|100%| O|  |TAMS 0x0000000088400000, 0x0000000088400000| Untracked 
| 133|0x0000000088500000, 0x00000000885fffd8, 0x0000000088600000| 99%| O|  |TAMS 0x0000000088500000, 0x0000000088500000| Untracked 
| 134|0x0000000088600000, 0x00000000886fff98, 0x0000000088700000| 99%| O|  |TAMS 0x0000000088600000, 0x0000000088600000| Untracked 
| 135|0x0000000088700000, 0x0000000088800000, 0x0000000088800000|100%| O|  |TAMS 0x0000000088700000, 0x0000000088700000| Untracked 
| 136|0x0000000088800000, 0x00000000888fffe8, 0x0000000088900000| 99%| O|  |TAMS 0x0000000088800000, 0x0000000088800000| Untracked 
| 137|0x0000000088900000, 0x00000000889ffff0, 0x0000000088a00000| 99%| O|  |TAMS 0x0000000088900000, 0x0000000088900000| Untracked 
| 138|0x0000000088a00000, 0x0000000088a67d08, 0x0000000088b00000| 40%| O|  |TAMS 0x0000000088a00000, 0x0000000088a00000| Untracked 
| 139|0x0000000088b00000, 0x0000000088b48a00, 0x0000000088c00000| 28%| O|  |TAMS 0x0000000088b00000, 0x0000000088b00000| Untracked 
| 140|0x0000000088c00000, 0x0000000088cfffe8, 0x0000000088d00000| 99%| O|  |TAMS 0x0000000088c00000, 0x0000000088c00000| Untracked 
| 141|0x0000000088d00000, 0x0000000088dfffe8, 0x0000000088e00000| 99%| O|  |TAMS 0x0000000088d00000, 0x0000000088d00000| Untracked 
| 142|0x0000000088e00000, 0x0000000088f00000, 0x0000000088f00000|100%| O|  |TAMS 0x0000000088e00000, 0x0000000088e00000| Untracked 
| 143|0x0000000088f00000, 0x0000000089000000, 0x0000000089000000|100%| O|  |TAMS 0x0000000088f00000, 0x0000000088f00000| Untracked 
| 144|0x0000000089000000, 0x00000000890f04f0, 0x0000000089100000| 93%| O|  |TAMS 0x0000000089000000, 0x0000000089000000| Untracked 
| 145|0x0000000089100000, 0x0000000089160b58, 0x0000000089200000| 37%| O|  |TAMS 0x0000000089100000, 0x0000000089100000| Untracked 
| 146|0x0000000089200000, 0x0000000089300000, 0x0000000089300000|100%| O|  |TAMS 0x0000000089200000, 0x0000000089200000| Untracked 
| 147|0x0000000089300000, 0x0000000089400000, 0x0000000089400000|100%| O|  |TAMS 0x0000000089300000, 0x0000000089300000| Untracked 
| 148|0x0000000089400000, 0x0000000089500000, 0x0000000089500000|100%| O|  |TAMS 0x0000000089400000, 0x0000000089400000| Untracked 
| 149|0x0000000089500000, 0x0000000089600000, 0x0000000089600000|100%| O|  |TAMS 0x0000000089500000, 0x0000000089500000| Untracked 
| 150|0x0000000089600000, 0x0000000089700000, 0x0000000089700000|100%| O|  |TAMS 0x0000000089600000, 0x0000000089600000| Untracked 
| 151|0x0000000089700000, 0x0000000089800000, 0x0000000089800000|100%| O|  |TAMS 0x0000000089700000, 0x0000000089700000| Untracked 
| 152|0x0000000089800000, 0x0000000089900000, 0x0000000089900000|100%| O|  |TAMS 0x0000000089800000, 0x0000000089800000| Untracked 
| 153|0x0000000089900000, 0x0000000089a00000, 0x0000000089a00000|100%|HS|  |TAMS 0x0000000089900000, 0x0000000089900000| Complete 
| 154|0x0000000089a00000, 0x0000000089b00000, 0x0000000089b00000|100%|HC|  |TAMS 0x0000000089a00000, 0x0000000089a00000| Complete 
| 155|0x0000000089b00000, 0x0000000089c00000, 0x0000000089c00000|100%| O|  |TAMS 0x0000000089b00000, 0x0000000089b00000| Untracked 
| 156|0x0000000089c00000, 0x0000000089d00000, 0x0000000089d00000|100%| O|  |TAMS 0x0000000089c00000, 0x0000000089c00000| Untracked 
| 157|0x0000000089d00000, 0x0000000089e00000, 0x0000000089e00000|100%| O|  |TAMS 0x0000000089d00000, 0x0000000089d00000| Untracked 
| 158|0x0000000089e00000, 0x0000000089f00000, 0x0000000089f00000|100%| O|  |TAMS 0x0000000089e00000, 0x0000000089e00000| Untracked 
| 159|0x0000000089f00000, 0x000000008a000000, 0x000000008a000000|100%| O|  |TAMS 0x0000000089f00000, 0x0000000089f00000| Untracked 
| 160|0x000000008a000000, 0x000000008a100000, 0x000000008a100000|100%| O|  |TAMS 0x000000008a000000, 0x000000008a000000| Untracked 
| 161|0x000000008a100000, 0x000000008a200000, 0x000000008a200000|100%| O|  |TAMS 0x000000008a100000, 0x000000008a100000| Untracked 
| 162|0x000000008a200000, 0x000000008a300000, 0x000000008a300000|100%| O|  |TAMS 0x000000008a200000, 0x000000008a200000| Untracked 
| 163|0x000000008a300000, 0x000000008a400000, 0x000000008a400000|100%| O|  |TAMS 0x000000008a300000, 0x000000008a300000| Untracked 
| 164|0x000000008a400000, 0x000000008a500000, 0x000000008a500000|100%| O|  |TAMS 0x000000008a400000, 0x000000008a400000| Untracked 
| 165|0x000000008a500000, 0x000000008a600000, 0x000000008a600000|100%| O|  |TAMS 0x000000008a500000, 0x000000008a500000| Untracked 
| 166|0x000000008a600000, 0x000000008a700000, 0x000000008a700000|100%| O|  |TAMS 0x000000008a600000, 0x000000008a600000| Untracked 
| 167|0x000000008a700000, 0x000000008a800000, 0x000000008a800000|100%| O|  |TAMS 0x000000008a700000, 0x000000008a700000| Untracked 
| 168|0x000000008a800000, 0x000000008a900000, 0x000000008a900000|100%| O|  |TAMS 0x000000008a800000, 0x000000008a800000| Untracked 
| 169|0x000000008a900000, 0x000000008aa00000, 0x000000008aa00000|100%| O|  |TAMS 0x000000008a900000, 0x000000008a900000| Untracked 
| 170|0x000000008aa00000, 0x000000008ab00000, 0x000000008ab00000|100%| O|  |TAMS 0x000000008aa00000, 0x000000008aa00000| Untracked 
| 171|0x000000008ab00000, 0x000000008ac00000, 0x000000008ac00000|100%| O|  |TAMS 0x000000008ab00000, 0x000000008ab00000| Untracked 
| 172|0x000000008ac00000, 0x000000008ad00000, 0x000000008ad00000|100%| O|  |TAMS 0x000000008ac00000, 0x000000008ac00000| Untracked 
| 173|0x000000008ad00000, 0x000000008ae00000, 0x000000008ae00000|100%| O|  |TAMS 0x000000008ad00000, 0x000000008ad00000| Untracked 
| 174|0x000000008ae00000, 0x000000008af00000, 0x000000008af00000|100%| O|  |TAMS 0x000000008ae00000, 0x000000008ae00000| Untracked 
| 175|0x000000008af00000, 0x000000008b000000, 0x000000008b000000|100%| O|  |TAMS 0x000000008af00000, 0x000000008af00000| Untracked 
| 176|0x000000008b000000, 0x000000008b100000, 0x000000008b100000|100%| O|  |TAMS 0x000000008b000000, 0x000000008b000000| Untracked 
| 177|0x000000008b100000, 0x000000008b200000, 0x000000008b200000|100%| O|  |TAMS 0x000000008b100000, 0x000000008b100000| Untracked 
| 178|0x000000008b200000, 0x000000008b300000, 0x000000008b300000|100%| O|  |TAMS 0x000000008b200000, 0x000000008b200000| Untracked 
| 179|0x000000008b300000, 0x000000008b400000, 0x000000008b400000|100%| O|  |TAMS 0x000000008b300000, 0x000000008b300000| Untracked 
| 180|0x000000008b400000, 0x000000008b500000, 0x000000008b500000|100%| O|  |TAMS 0x000000008b400000, 0x000000008b400000| Untracked 
| 181|0x000000008b500000, 0x000000008b600000, 0x000000008b600000|100%| O|  |TAMS 0x000000008b500000, 0x000000008b500000| Untracked 
| 182|0x000000008b600000, 0x000000008b700000, 0x000000008b700000|100%| O|  |TAMS 0x000000008b600000, 0x000000008b600000| Untracked 
| 183|0x000000008b700000, 0x000000008b800000, 0x000000008b800000|100%| O|  |TAMS 0x000000008b700000, 0x000000008b700000| Untracked 
| 184|0x000000008b800000, 0x000000008b900000, 0x000000008b900000|100%| O|  |TAMS 0x000000008b800000, 0x000000008b800000| Untracked 
| 185|0x000000008b900000, 0x000000008ba00000, 0x000000008ba00000|100%| O|  |TAMS 0x000000008b900000, 0x000000008b900000| Untracked 
| 186|0x000000008ba00000, 0x000000008bb00000, 0x000000008bb00000|100%| O|  |TAMS 0x000000008ba00000, 0x000000008ba00000| Untracked 
| 187|0x000000008bb00000, 0x000000008bc00000, 0x000000008bc00000|100%| O|  |TAMS 0x000000008bb00000, 0x000000008bb00000| Untracked 
| 188|0x000000008bc00000, 0x000000008bd00000, 0x000000008bd00000|100%| O|  |TAMS 0x000000008bc00000, 0x000000008bc00000| Untracked 
| 189|0x000000008bd00000, 0x000000008be00000, 0x000000008be00000|100%| O|  |TAMS 0x000000008bd00000, 0x000000008bd00000| Untracked 
| 190|0x000000008be00000, 0x000000008bf00000, 0x000000008bf00000|100%| O|  |TAMS 0x000000008be00000, 0x000000008be00000| Untracked 
| 191|0x000000008bf00000, 0x000000008c000000, 0x000000008c000000|100%| O|  |TAMS 0x000000008bf00000, 0x000000008bf00000| Untracked 
| 192|0x000000008c000000, 0x000000008c100000, 0x000000008c100000|100%| O|  |TAMS 0x000000008c000000, 0x000000008c000000| Untracked 
| 193|0x000000008c100000, 0x000000008c200000, 0x000000008c200000|100%| O|  |TAMS 0x000000008c100000, 0x000000008c100000| Untracked 
| 194|0x000000008c200000, 0x000000008c300000, 0x000000008c300000|100%| O|  |TAMS 0x000000008c200000, 0x000000008c200000| Untracked 
| 195|0x000000008c300000, 0x000000008c400000, 0x000000008c400000|100%| O|  |TAMS 0x000000008c300000, 0x000000008c300000| Untracked 
| 196|0x000000008c400000, 0x000000008c500000, 0x000000008c500000|100%| O|  |TAMS 0x000000008c400000, 0x000000008c400000| Untracked 
| 197|0x000000008c500000, 0x000000008c600000, 0x000000008c600000|100%| O|  |TAMS 0x000000008c500000, 0x000000008c500000| Untracked 
| 198|0x000000008c600000, 0x000000008c700000, 0x000000008c700000|100%| O|  |TAMS 0x000000008c600000, 0x000000008c600000| Untracked 
| 199|0x000000008c700000, 0x000000008c800000, 0x000000008c800000|100%| O|  |TAMS 0x000000008c700000, 0x000000008c700000| Untracked 
| 200|0x000000008c800000, 0x000000008c900000, 0x000000008c900000|100%| O|  |TAMS 0x000000008c800000, 0x000000008c800000| Untracked 
| 201|0x000000008c900000, 0x000000008ca00000, 0x000000008ca00000|100%| O|  |TAMS 0x000000008c900000, 0x000000008c900000| Untracked 
| 202|0x000000008ca00000, 0x000000008cb00000, 0x000000008cb00000|100%| O|  |TAMS 0x000000008ca00000, 0x000000008ca00000| Untracked 
| 203|0x000000008cb00000, 0x000000008cc00000, 0x000000008cc00000|100%| O|  |TAMS 0x000000008cb00000, 0x000000008cb00000| Untracked 
| 204|0x000000008cc00000, 0x000000008cd00000, 0x000000008cd00000|100%| O|  |TAMS 0x000000008cc00000, 0x000000008cc00000| Untracked 
| 205|0x000000008cd00000, 0x000000008ce00000, 0x000000008ce00000|100%| O|  |TAMS 0x000000008cd00000, 0x000000008cd00000| Untracked 
| 206|0x000000008ce00000, 0x000000008cf00000, 0x000000008cf00000|100%| O|  |TAMS 0x000000008ce00000, 0x000000008ce00000| Untracked 
| 207|0x000000008cf00000, 0x000000008d000000, 0x000000008d000000|100%| O|  |TAMS 0x000000008cf00000, 0x000000008cf00000| Untracked 
| 208|0x000000008d000000, 0x000000008d100000, 0x000000008d100000|100%| O|  |TAMS 0x000000008d000000, 0x000000008d000000| Untracked 
| 209|0x000000008d100000, 0x000000008d200000, 0x000000008d200000|100%| O|  |TAMS 0x000000008d100000, 0x000000008d100000| Untracked 
| 210|0x000000008d200000, 0x000000008d300000, 0x000000008d300000|100%| O|  |TAMS 0x000000008d200000, 0x000000008d200000| Untracked 
| 211|0x000000008d300000, 0x000000008d400000, 0x000000008d400000|100%| O|  |TAMS 0x000000008d300000, 0x000000008d300000| Untracked 
| 212|0x000000008d400000, 0x000000008d500000, 0x000000008d500000|100%| O|  |TAMS 0x000000008d400000, 0x000000008d400000| Untracked 
| 213|0x000000008d500000, 0x000000008d600000, 0x000000008d600000|100%| O|  |TAMS 0x000000008d500000, 0x000000008d500000| Untracked 
| 214|0x000000008d600000, 0x000000008d700000, 0x000000008d700000|100%| O|  |TAMS 0x000000008d600000, 0x000000008d600000| Untracked 
| 215|0x000000008d700000, 0x000000008d800000, 0x000000008d800000|100%| O|  |TAMS 0x000000008d700000, 0x000000008d700000| Untracked 
| 216|0x000000008d800000, 0x000000008d900000, 0x000000008d900000|100%| O|  |TAMS 0x000000008d800000, 0x000000008d800000| Untracked 
| 217|0x000000008d900000, 0x000000008da00000, 0x000000008da00000|100%| O|  |TAMS 0x000000008d900000, 0x000000008d900000| Untracked 
| 218|0x000000008da00000, 0x000000008db00000, 0x000000008db00000|100%| O|  |TAMS 0x000000008da00000, 0x000000008da00000| Untracked 
| 219|0x000000008db00000, 0x000000008dc00000, 0x000000008dc00000|100%| O|  |TAMS 0x000000008db00000, 0x000000008db00000| Untracked 
| 220|0x000000008dc00000, 0x000000008dd00000, 0x000000008dd00000|100%| O|  |TAMS 0x000000008dc00000, 0x000000008dc00000| Untracked 
| 221|0x000000008dd00000, 0x000000008de00000, 0x000000008de00000|100%| O|  |TAMS 0x000000008dd00000, 0x000000008dd00000| Untracked 
| 222|0x000000008de00000, 0x000000008df00000, 0x000000008df00000|100%| O|  |TAMS 0x000000008de00000, 0x000000008de00000| Untracked 
| 223|0x000000008df00000, 0x000000008e000000, 0x000000008e000000|100%| O|  |TAMS 0x000000008df00000, 0x000000008df00000| Untracked 
| 224|0x000000008e000000, 0x000000008e100000, 0x000000008e100000|100%| O|  |TAMS 0x000000008e000000, 0x000000008e000000| Untracked 
| 225|0x000000008e100000, 0x000000008e200000, 0x000000008e200000|100%| O|  |TAMS 0x000000008e100000, 0x000000008e100000| Untracked 
| 226|0x000000008e200000, 0x000000008e300000, 0x000000008e300000|100%| O|  |TAMS 0x000000008e200000, 0x000000008e200000| Untracked 
| 227|0x000000008e300000, 0x000000008e400000, 0x000000008e400000|100%| O|  |TAMS 0x000000008e300000, 0x000000008e300000| Untracked 
| 228|0x000000008e400000, 0x000000008e500000, 0x000000008e500000|100%| O|  |TAMS 0x000000008e400000, 0x000000008e400000| Untracked 
| 229|0x000000008e500000, 0x000000008e600000, 0x000000008e600000|100%| O|  |TAMS 0x000000008e500000, 0x000000008e500000| Untracked 
| 230|0x000000008e600000, 0x000000008e700000, 0x000000008e700000|100%| O|  |TAMS 0x000000008e600000, 0x000000008e600000| Untracked 
| 231|0x000000008e700000, 0x000000008e800000, 0x000000008e800000|100%| O|  |TAMS 0x000000008e700000, 0x000000008e700000| Untracked 
| 232|0x000000008e800000, 0x000000008e900000, 0x000000008e900000|100%| O|  |TAMS 0x000000008e800000, 0x000000008e800000| Untracked 
| 233|0x000000008e900000, 0x000000008ea00000, 0x000000008ea00000|100%|HS|  |TAMS 0x000000008e900000, 0x000000008e900000| Complete 
| 234|0x000000008ea00000, 0x000000008eb00000, 0x000000008eb00000|100%|HC|  |TAMS 0x000000008ea00000, 0x000000008ea00000| Complete 
| 235|0x000000008eb00000, 0x000000008ec00000, 0x000000008ec00000|100%| O|  |TAMS 0x000000008eb00000, 0x000000008eb00000| Untracked 
| 236|0x000000008ec00000, 0x000000008ed00000, 0x000000008ed00000|100%| O|  |TAMS 0x000000008ec00000, 0x000000008ec00000| Untracked 
| 237|0x000000008ed00000, 0x000000008ee00000, 0x000000008ee00000|100%| O|  |TAMS 0x000000008ed00000, 0x000000008ed00000| Untracked 
| 238|0x000000008ee00000, 0x000000008ef00000, 0x000000008ef00000|100%| O|  |TAMS 0x000000008ee00000, 0x000000008ee00000| Untracked 
| 239|0x000000008ef00000, 0x000000008f000000, 0x000000008f000000|100%| O|  |TAMS 0x000000008ef00000, 0x000000008ef00000| Untracked 
| 240|0x000000008f000000, 0x000000008f100000, 0x000000008f100000|100%| O|  |TAMS 0x000000008f000000, 0x000000008f000000| Untracked 
| 241|0x000000008f100000, 0x000000008f200000, 0x000000008f200000|100%| O|  |TAMS 0x000000008f100000, 0x000000008f100000| Untracked 
| 242|0x000000008f200000, 0x000000008f300000, 0x000000008f300000|100%| O|  |TAMS 0x000000008f200000, 0x000000008f200000| Untracked 
| 243|0x000000008f300000, 0x000000008f400000, 0x000000008f400000|100%| O|  |TAMS 0x000000008f300000, 0x000000008f300000| Untracked 
| 244|0x000000008f400000, 0x000000008f500000, 0x000000008f500000|100%| O|  |TAMS 0x000000008f400000, 0x000000008f400000| Untracked 
| 245|0x000000008f500000, 0x000000008f600000, 0x000000008f600000|100%| O|  |TAMS 0x000000008f500000, 0x000000008f500000| Untracked 
| 246|0x000000008f600000, 0x000000008f700000, 0x000000008f700000|100%| O|  |TAMS 0x000000008f600000, 0x000000008f600000| Untracked 
| 247|0x000000008f700000, 0x000000008f800000, 0x000000008f800000|100%| O|  |TAMS 0x000000008f700000, 0x000000008f700000| Untracked 
| 248|0x000000008f800000, 0x000000008f900000, 0x000000008f900000|100%| O|  |TAMS 0x000000008f800000, 0x000000008f800000| Untracked 
| 249|0x000000008f900000, 0x000000008fa00000, 0x000000008fa00000|100%| O|  |TAMS 0x000000008f900000, 0x000000008f900000| Untracked 
| 250|0x000000008fa00000, 0x000000008fb00000, 0x000000008fb00000|100%| O|  |TAMS 0x000000008fa00000, 0x000000008fa00000| Untracked 
| 251|0x000000008fb00000, 0x000000008fba0980, 0x000000008fc00000| 62%| O|  |TAMS 0x000000008fb00000, 0x000000008fb00000| Untracked 
| 252|0x000000008fc00000, 0x000000008fc00000, 0x000000008fd00000|  0%| F|  |TAMS 0x000000008fc00000, 0x000000008fc00000| Untracked 
| 253|0x000000008fd00000, 0x000000008fd00000, 0x000000008fe00000|  0%| F|  |TAMS 0x000000008fd00000, 0x000000008fd00000| Untracked 
| 254|0x000000008fe00000, 0x000000008fe00000, 0x000000008ff00000|  0%| F|  |TAMS 0x000000008fe00000, 0x000000008fe00000| Untracked 
| 255|0x000000008ff00000, 0x000000008ff00000, 0x0000000090000000|  0%| F|  |TAMS 0x000000008ff00000, 0x000000008ff00000| Untracked 
| 256|0x0000000090000000, 0x0000000090000000, 0x0000000090100000|  0%| F|  |TAMS 0x0000000090000000, 0x0000000090000000| Untracked 
| 257|0x0000000090100000, 0x0000000090100000, 0x0000000090200000|  0%| F|  |TAMS 0x0000000090100000, 0x0000000090100000| Untracked 
| 258|0x0000000090200000, 0x0000000090200000, 0x0000000090300000|  0%| F|  |TAMS 0x0000000090200000, 0x0000000090200000| Untracked 
| 259|0x0000000090300000, 0x0000000090300000, 0x0000000090400000|  0%| F|  |TAMS 0x0000000090300000, 0x0000000090300000| Untracked 
| 260|0x0000000090400000, 0x0000000090400000, 0x0000000090500000|  0%| F|  |TAMS 0x0000000090400000, 0x0000000090400000| Untracked 
| 261|0x0000000090500000, 0x0000000090500000, 0x0000000090600000|  0%| F|  |TAMS 0x0000000090500000, 0x0000000090500000| Untracked 
| 262|0x0000000090600000, 0x0000000090600000, 0x0000000090700000|  0%| F|  |TAMS 0x0000000090600000, 0x0000000090600000| Untracked 
| 263|0x0000000090700000, 0x0000000090700000, 0x0000000090800000|  0%| F|  |TAMS 0x0000000090700000, 0x0000000090700000| Untracked 
| 264|0x0000000090800000, 0x0000000090800000, 0x0000000090900000|  0%| F|  |TAMS 0x0000000090800000, 0x0000000090800000| Untracked 
| 265|0x0000000090900000, 0x0000000090900000, 0x0000000090a00000|  0%| F|  |TAMS 0x0000000090900000, 0x0000000090900000| Untracked 
| 266|0x0000000090a00000, 0x0000000090b00000, 0x0000000090b00000|100%| E|CS|TAMS 0x0000000090a00000, 0x0000000090a00000| Complete 
| 267|0x0000000090b00000, 0x0000000090c00000, 0x0000000090c00000|100%| E|CS|TAMS 0x0000000090b00000, 0x0000000090b00000| Complete 
| 268|0x0000000090c00000, 0x0000000090d00000, 0x0000000090d00000|100%| E|CS|TAMS 0x0000000090c00000, 0x0000000090c00000| Complete 
| 269|0x0000000090d00000, 0x0000000090e00000, 0x0000000090e00000|100%| E|CS|TAMS 0x0000000090d00000, 0x0000000090d00000| Complete 
| 270|0x0000000090e00000, 0x0000000090f00000, 0x0000000090f00000|100%| E|CS|TAMS 0x0000000090e00000, 0x0000000090e00000| Complete 
| 271|0x0000000090f00000, 0x0000000090f00000, 0x0000000091000000|  0%| F|  |TAMS 0x0000000090f00000, 0x0000000090f00000| Untracked 
| 272|0x0000000091000000, 0x0000000091000000, 0x0000000091100000|  0%| F|  |TAMS 0x0000000091000000, 0x0000000091000000| Untracked 
| 273|0x0000000091100000, 0x0000000091200000, 0x0000000091200000|100%| E|CS|TAMS 0x0000000091100000, 0x0000000091100000| Complete 
| 274|0x0000000091200000, 0x0000000091300000, 0x0000000091300000|100%| E|CS|TAMS 0x0000000091200000, 0x0000000091200000| Complete 
| 275|0x0000000091300000, 0x0000000091400000, 0x0000000091400000|100%| E|CS|TAMS 0x0000000091300000, 0x0000000091300000| Complete 
| 276|0x0000000091400000, 0x0000000091500000, 0x0000000091500000|100%| E|CS|TAMS 0x0000000091400000, 0x0000000091400000| Complete 
| 277|0x0000000091500000, 0x0000000091600000, 0x0000000091600000|100%| E|CS|TAMS 0x0000000091500000, 0x0000000091500000| Complete 
| 278|0x0000000091600000, 0x0000000091600000, 0x0000000091700000|  0%| F|  |TAMS 0x0000000091600000, 0x0000000091600000| Untracked 
| 279|0x0000000091700000, 0x0000000091800000, 0x0000000091800000|100%| E|CS|TAMS 0x0000000091700000, 0x0000000091700000| Complete 
| 280|0x0000000091800000, 0x0000000091800000, 0x0000000091900000|  0%| F|  |TAMS 0x0000000091800000, 0x0000000091800000| Untracked 
| 281|0x0000000091900000, 0x0000000091900000, 0x0000000091a00000|  0%| F|  |TAMS 0x0000000091900000, 0x0000000091900000| Untracked 
| 282|0x0000000091a00000, 0x0000000091a00000, 0x0000000091b00000|  0%| F|  |TAMS 0x0000000091a00000, 0x0000000091a00000| Untracked 
| 283|0x0000000091b00000, 0x0000000091b00000, 0x0000000091c00000|  0%| F|  |TAMS 0x0000000091b00000, 0x0000000091b00000| Untracked 
| 284|0x0000000091c00000, 0x0000000091d00000, 0x0000000091d00000|100%| E|CS|TAMS 0x0000000091c00000, 0x0000000091c00000| Complete 
| 285|0x0000000091d00000, 0x0000000091d00000, 0x0000000091e00000|  0%| F|  |TAMS 0x0000000091d00000, 0x0000000091d00000| Untracked 
| 286|0x0000000091e00000, 0x0000000091e00000, 0x0000000091f00000|  0%| F|  |TAMS 0x0000000091e00000, 0x0000000091e00000| Untracked 
| 287|0x0000000091f00000, 0x0000000091f00000, 0x0000000092000000|  0%| F|  |TAMS 0x0000000091f00000, 0x0000000091f00000| Untracked 
| 288|0x0000000092000000, 0x0000000092000000, 0x0000000092100000|  0%| F|  |TAMS 0x0000000092000000, 0x0000000092000000| Untracked 
| 289|0x0000000092100000, 0x0000000092100000, 0x0000000092200000|  0%| F|  |TAMS 0x0000000092100000, 0x0000000092100000| Untracked 
| 290|0x0000000092200000, 0x0000000092200000, 0x0000000092300000|  0%| F|  |TAMS 0x0000000092200000, 0x0000000092200000| Untracked 
| 291|0x0000000092300000, 0x0000000092300000, 0x0000000092400000|  0%| F|  |TAMS 0x0000000092300000, 0x0000000092300000| Untracked 
| 292|0x0000000092400000, 0x0000000092400000, 0x0000000092500000|  0%| F|  |TAMS 0x0000000092400000, 0x0000000092400000| Untracked 
| 293|0x0000000092500000, 0x0000000092500000, 0x0000000092600000|  0%| F|  |TAMS 0x0000000092500000, 0x0000000092500000| Untracked 
| 294|0x0000000092600000, 0x0000000092600000, 0x0000000092700000|  0%| F|  |TAMS 0x0000000092600000, 0x0000000092600000| Untracked 
| 295|0x0000000092700000, 0x0000000092700000, 0x0000000092800000|  0%| F|  |TAMS 0x0000000092700000, 0x0000000092700000| Untracked 
| 296|0x0000000092800000, 0x0000000092800000, 0x0000000092900000|  0%| F|  |TAMS 0x0000000092800000, 0x0000000092800000| Untracked 
| 297|0x0000000092900000, 0x0000000092900000, 0x0000000092a00000|  0%| F|  |TAMS 0x0000000092900000, 0x0000000092900000| Untracked 
| 298|0x0000000092a00000, 0x0000000092b00000, 0x0000000092b00000|100%| S|  |TAMS 0x0000000092a00000, 0x0000000092a00000| Complete 
| 299|0x0000000092b00000, 0x0000000092c00000, 0x0000000092c00000|100%| S|  |TAMS 0x0000000092b00000, 0x0000000092b00000| Complete 
| 300|0x0000000092c00000, 0x0000000092d00000, 0x0000000092d00000|100%| S|  |TAMS 0x0000000092c00000, 0x0000000092c00000| Complete 
| 301|0x0000000092d00000, 0x0000000092e00000, 0x0000000092e00000|100%| S|  |TAMS 0x0000000092d00000, 0x0000000092d00000| Complete 
| 302|0x0000000092e00000, 0x0000000092f00000, 0x0000000092f00000|100%| S|  |TAMS 0x0000000092e00000, 0x0000000092e00000| Complete 
| 303|0x0000000092f00000, 0x0000000093000000, 0x0000000093000000|100%| S|  |TAMS 0x0000000092f00000, 0x0000000092f00000| Complete 
| 304|0x0000000093000000, 0x0000000093100000, 0x0000000093100000|100%| S|  |TAMS 0x0000000093000000, 0x0000000093000000| Complete 
| 305|0x0000000093100000, 0x0000000093200000, 0x0000000093200000|100%| S|  |TAMS 0x0000000093100000, 0x0000000093100000| Complete 
| 306|0x0000000093200000, 0x0000000093300000, 0x0000000093300000|100%| E|CS|TAMS 0x0000000093200000, 0x0000000093200000| Complete 
| 307|0x0000000093300000, 0x0000000093400000, 0x0000000093400000|100%| E|CS|TAMS 0x0000000093300000, 0x0000000093300000| Complete 
| 308|0x0000000093400000, 0x0000000093500000, 0x0000000093500000|100%| E|CS|TAMS 0x0000000093400000, 0x0000000093400000| Complete 
| 309|0x0000000093500000, 0x0000000093600000, 0x0000000093600000|100%| E|CS|TAMS 0x0000000093500000, 0x0000000093500000| Complete 
| 310|0x0000000093600000, 0x0000000093700000, 0x0000000093700000|100%| E|CS|TAMS 0x0000000093600000, 0x0000000093600000| Complete 
| 311|0x0000000093700000, 0x0000000093800000, 0x0000000093800000|100%| E|CS|TAMS 0x0000000093700000, 0x0000000093700000| Complete 
| 312|0x0000000093800000, 0x0000000093900000, 0x0000000093900000|100%| E|CS|TAMS 0x0000000093800000, 0x0000000093800000| Complete 
| 313|0x0000000093900000, 0x0000000093a00000, 0x0000000093a00000|100%| E|CS|TAMS 0x0000000093900000, 0x0000000093900000| Complete 
| 314|0x0000000093a00000, 0x0000000093b00000, 0x0000000093b00000|100%| E|CS|TAMS 0x0000000093a00000, 0x0000000093a00000| Complete 
| 315|0x0000000093b00000, 0x0000000093c00000, 0x0000000093c00000|100%| E|CS|TAMS 0x0000000093b00000, 0x0000000093b00000| Complete 
| 316|0x0000000093c00000, 0x0000000093d00000, 0x0000000093d00000|100%| E|CS|TAMS 0x0000000093c00000, 0x0000000093c00000| Complete 
| 317|0x0000000093d00000, 0x0000000093e00000, 0x0000000093e00000|100%| E|CS|TAMS 0x0000000093d00000, 0x0000000093d00000| Complete 
| 318|0x0000000093e00000, 0x0000000093f00000, 0x0000000093f00000|100%| E|CS|TAMS 0x0000000093e00000, 0x0000000093e00000| Complete 
| 319|0x0000000093f00000, 0x0000000094000000, 0x0000000094000000|100%| E|CS|TAMS 0x0000000093f00000, 0x0000000093f00000| Complete 
| 320|0x0000000094000000, 0x0000000094100000, 0x0000000094100000|100%| E|CS|TAMS 0x0000000094000000, 0x0000000094000000| Complete 
| 321|0x0000000094100000, 0x0000000094200000, 0x0000000094200000|100%| E|CS|TAMS 0x0000000094100000, 0x0000000094100000| Complete 
| 322|0x0000000094200000, 0x0000000094300000, 0x0000000094300000|100%| E|CS|TAMS 0x0000000094200000, 0x0000000094200000| Complete 
| 323|0x0000000094300000, 0x0000000094400000, 0x0000000094400000|100%| E|CS|TAMS 0x0000000094300000, 0x0000000094300000| Complete 
| 324|0x0000000094400000, 0x0000000094500000, 0x0000000094500000|100%| E|CS|TAMS 0x0000000094400000, 0x0000000094400000| Complete 
| 325|0x0000000094500000, 0x0000000094600000, 0x0000000094600000|100%| E|CS|TAMS 0x0000000094500000, 0x0000000094500000| Complete 
| 326|0x0000000094600000, 0x0000000094700000, 0x0000000094700000|100%| E|CS|TAMS 0x0000000094600000, 0x0000000094600000| Complete 
| 327|0x0000000094700000, 0x0000000094800000, 0x0000000094800000|100%| E|CS|TAMS 0x0000000094700000, 0x0000000094700000| Complete 
| 328|0x0000000094800000, 0x0000000094900000, 0x0000000094900000|100%| E|CS|TAMS 0x0000000094800000, 0x0000000094800000| Complete 
| 329|0x0000000094900000, 0x0000000094a00000, 0x0000000094a00000|100%| E|CS|TAMS 0x0000000094900000, 0x0000000094900000| Complete 
| 330|0x0000000094a00000, 0x0000000094b00000, 0x0000000094b00000|100%| E|CS|TAMS 0x0000000094a00000, 0x0000000094a00000| Complete 
| 331|0x0000000094b00000, 0x0000000094c00000, 0x0000000094c00000|100%| E|CS|TAMS 0x0000000094b00000, 0x0000000094b00000| Complete 
| 332|0x0000000094c00000, 0x0000000094d00000, 0x0000000094d00000|100%| E|CS|TAMS 0x0000000094c00000, 0x0000000094c00000| Complete 
| 333|0x0000000094d00000, 0x0000000094e00000, 0x0000000094e00000|100%| E|CS|TAMS 0x0000000094d00000, 0x0000000094d00000| Complete 
| 334|0x0000000094e00000, 0x0000000094f00000, 0x0000000094f00000|100%| E|CS|TAMS 0x0000000094e00000, 0x0000000094e00000| Complete 
| 335|0x0000000094f00000, 0x0000000095000000, 0x0000000095000000|100%| E|CS|TAMS 0x0000000094f00000, 0x0000000094f00000| Complete 
| 336|0x0000000095000000, 0x0000000095100000, 0x0000000095100000|100%| E|CS|TAMS 0x0000000095000000, 0x0000000095000000| Complete 
| 337|0x0000000095100000, 0x0000000095200000, 0x0000000095200000|100%| E|CS|TAMS 0x0000000095100000, 0x0000000095100000| Complete 
| 338|0x0000000095200000, 0x0000000095300000, 0x0000000095300000|100%| E|CS|TAMS 0x0000000095200000, 0x0000000095200000| Complete 
| 339|0x0000000095300000, 0x0000000095400000, 0x0000000095400000|100%| E|CS|TAMS 0x0000000095300000, 0x0000000095300000| Complete 
| 340|0x0000000095400000, 0x0000000095500000, 0x0000000095500000|100%| E|CS|TAMS 0x0000000095400000, 0x0000000095400000| Complete 
| 341|0x0000000095500000, 0x0000000095600000, 0x0000000095600000|100%| E|CS|TAMS 0x0000000095500000, 0x0000000095500000| Complete 
| 342|0x0000000095600000, 0x0000000095700000, 0x0000000095700000|100%| E|CS|TAMS 0x0000000095600000, 0x0000000095600000| Complete 
| 343|0x0000000095700000, 0x0000000095800000, 0x0000000095800000|100%| E|CS|TAMS 0x0000000095700000, 0x0000000095700000| Complete 
| 344|0x0000000095800000, 0x0000000095900000, 0x0000000095900000|100%| E|CS|TAMS 0x0000000095800000, 0x0000000095800000| Complete 
| 345|0x0000000095900000, 0x0000000095a00000, 0x0000000095a00000|100%| E|CS|TAMS 0x0000000095900000, 0x0000000095900000| Complete 
| 346|0x0000000095a00000, 0x0000000095b00000, 0x0000000095b00000|100%| E|CS|TAMS 0x0000000095a00000, 0x0000000095a00000| Complete 
| 347|0x0000000095b00000, 0x0000000095c00000, 0x0000000095c00000|100%| E|CS|TAMS 0x0000000095b00000, 0x0000000095b00000| Complete 
| 348|0x0000000095c00000, 0x0000000095d00000, 0x0000000095d00000|100%| E|CS|TAMS 0x0000000095c00000, 0x0000000095c00000| Complete 
| 349|0x0000000095d00000, 0x0000000095e00000, 0x0000000095e00000|100%| E|CS|TAMS 0x0000000095d00000, 0x0000000095d00000| Complete 
| 350|0x0000000095e00000, 0x0000000095f00000, 0x0000000095f00000|100%| E|CS|TAMS 0x0000000095e00000, 0x0000000095e00000| Complete 
| 351|0x0000000095f00000, 0x0000000096000000, 0x0000000096000000|100%| E|CS|TAMS 0x0000000095f00000, 0x0000000095f00000| Complete 
| 352|0x0000000096000000, 0x0000000096100000, 0x0000000096100000|100%| E|CS|TAMS 0x0000000096000000, 0x0000000096000000| Complete 
| 353|0x0000000096100000, 0x0000000096200000, 0x0000000096200000|100%| E|CS|TAMS 0x0000000096100000, 0x0000000096100000| Complete 
| 354|0x0000000096200000, 0x0000000096300000, 0x0000000096300000|100%| E|CS|TAMS 0x0000000096200000, 0x0000000096200000| Complete 
| 355|0x0000000096300000, 0x0000000096400000, 0x0000000096400000|100%| E|CS|TAMS 0x0000000096300000, 0x0000000096300000| Complete 
| 356|0x0000000096400000, 0x0000000096500000, 0x0000000096500000|100%| E|CS|TAMS 0x0000000096400000, 0x0000000096400000| Complete 
| 357|0x0000000096500000, 0x0000000096600000, 0x0000000096600000|100%| E|CS|TAMS 0x0000000096500000, 0x0000000096500000| Complete 
| 358|0x0000000096600000, 0x0000000096700000, 0x0000000096700000|100%| E|CS|TAMS 0x0000000096600000, 0x0000000096600000| Complete 
| 359|0x0000000096700000, 0x0000000096800000, 0x0000000096800000|100%| E|CS|TAMS 0x0000000096700000, 0x0000000096700000| Complete 
| 360|0x0000000096800000, 0x0000000096900000, 0x0000000096900000|100%| E|CS|TAMS 0x0000000096800000, 0x0000000096800000| Complete 
| 361|0x0000000096900000, 0x0000000096a00000, 0x0000000096a00000|100%| E|CS|TAMS 0x0000000096900000, 0x0000000096900000| Complete 
| 362|0x0000000096a00000, 0x0000000096b00000, 0x0000000096b00000|100%| E|CS|TAMS 0x0000000096a00000, 0x0000000096a00000| Complete 
| 363|0x0000000096b00000, 0x0000000096c00000, 0x0000000096c00000|100%| E|CS|TAMS 0x0000000096b00000, 0x0000000096b00000| Complete 
| 364|0x0000000096c00000, 0x0000000096d00000, 0x0000000096d00000|100%| E|CS|TAMS 0x0000000096c00000, 0x0000000096c00000| Complete 
| 365|0x0000000096d00000, 0x0000000096e00000, 0x0000000096e00000|100%| E|CS|TAMS 0x0000000096d00000, 0x0000000096d00000| Complete 
| 366|0x0000000096e00000, 0x0000000096f00000, 0x0000000096f00000|100%| E|CS|TAMS 0x0000000096e00000, 0x0000000096e00000| Complete 
| 367|0x0000000096f00000, 0x0000000097000000, 0x0000000097000000|100%| E|CS|TAMS 0x0000000096f00000, 0x0000000096f00000| Complete 
| 368|0x0000000097000000, 0x0000000097100000, 0x0000000097100000|100%| E|CS|TAMS 0x0000000097000000, 0x0000000097000000| Complete 
| 369|0x0000000097100000, 0x0000000097200000, 0x0000000097200000|100%| E|CS|TAMS 0x0000000097100000, 0x0000000097100000| Complete 

Card table byte_map: [0x000000af481d0000,0x000000af485d0000] _byte_map_base: 0x000000af47dd0000

Marking Bits (Prev, Next): (CMBitMap*) 0x000000af34bc6e40, (CMBitMap*) 0x000000af34bc6e08
 Prev Bits: [0x000000af4a9d0000, 0x000000af4c9d0000)
 Next Bits: [0x000000af489d0000, 0x000000af4a9d0000)

Polling page: 0x000000af38680000

Metaspace:

Usage:
  Non-class:    148.63 MB capacity,   145.52 MB ( 98%) used,     2.57 MB (  2%) free+waste,   554.69 KB ( <1%) overhead. 
      Class:     23.49 MB capacity,    21.58 MB ( 92%) used,     1.66 MB (  7%) free+waste,   255.31 KB (  1%) overhead. 
       Both:    172.12 MB capacity,   167.10 MB ( 97%) used,     4.23 MB (  2%) free+waste,   810.00 KB ( <1%) overhead. 

Virtual space:
  Non-class space:      150.00 MB reserved,     148.75 MB (>99%) committed 
      Class space:        1.00 GB reserved,      23.57 MB (  2%) committed 
             Both:        1.15 GB reserved,     172.32 MB ( 15%) committed 

Chunk freelists:
   Non-Class:  59.00 KB
       Class:  11.00 KB
        Both:  70.00 KB

MaxMetaspaceSize: 17179869184.00 GB
CompressedClassSpaceSize: 1.00 GB

CodeHeap 'non-profiled nmethods': size=120064Kb used=16088Kb max_used=16088Kb free=103975Kb
 bounds [0x000000af40160000, 0x000000af41170000, 0x000000af476a0000]
CodeHeap 'profiled nmethods': size=120000Kb used=51182Kb max_used=51204Kb free=68817Kb
 bounds [0x000000af38c30000, 0x000000af3bf10000, 0x000000af40160000]
CodeHeap 'non-nmethods': size=5696Kb used=2392Kb max_used=2473Kb free=3303Kb
 bounds [0x000000af386a0000, 0x000000af38930000, 0x000000af38c30000]
 total_blobs=23251 nmethods=22224 adapters=937
 compilation: enabled
              stopped_count=0, restarted_count=0
 full_count=0

Compilation events (20 events):
Event: 727.650 Thread 0x000000af4f415800 25524       2       java.util.WeakHashMap::transfer (107 bytes)
Event: 727.652 Thread 0x000000af4f415800 nmethod 25524 0x000000af39eb1590 code [0x000000af39eb1760, 0x000000af39eb1b58]
Event: 727.713 Thread 0x000000af4f415800 25526       2       com.android.tools.r8.graph.i::V (32 bytes)
Event: 727.713 Thread 0x000000af4f415800 nmethod 25526 0x000000af39e96490 code [0x000000af39e96640, 0x000000af39e96738]
Event: 727.714 Thread 0x000000af4f415800 25527       2       com.android.tools.r8.internal.Ms::i0 (2 bytes)
Event: 727.714 Thread 0x000000af4f415800 nmethod 25527 0x000000af39eb1210 code [0x000000af39eb13c0, 0x000000af39eb14b8]
Event: 727.717 Thread 0x000000af4f415800 25528       2       com.android.tools.r8.internal.l4$$Lambda$2127/0x0000000101623c40::test (16 bytes)
Event: 727.717 Thread 0x000000af4f415800 nmethod 25528 0x000000af39eb0d90 code [0x000000af39eb0f40, 0x000000af39eb10c8]
Event: 727.717 Thread 0x000000af4f415800 25529       2       com.android.tools.r8.internal.B4::a (49 bytes)
Event: 727.718 Thread 0x000000af4f415800 nmethod 25529 0x000000af39eb0810 code [0x000000af39eb0a00, 0x000000af39eb0bd8]
Event: 727.720 Thread 0x000000af4f415800 25530 %     3       com.android.tools.r8.internal.Le::a @ 1628 (3140 bytes)
Event: 727.801 Thread 0x000000af4f415800 nmethod 25530% 0x000000af3bec5010 code [0x000000af3bec6da0, 0x000000af3bedc108]
Event: 727.801 Thread 0x000000af4f415800 25532       2       com.android.tools.r8.internal.Lv::a (455 bytes)
Event: 727.807 Thread 0x000000af4f415800 nmethod 25532 0x000000af39ed6410 code [0x000000af39ed6820, 0x000000af39ed78c8]
Event: 727.807 Thread 0x000000af4f415800 25531       2       com.android.tools.r8.internal.A4::a (1 bytes)
Event: 727.808 Thread 0x000000af4f415800 nmethod 25531 0x000000af39eb0490 code [0x000000af39eb0640, 0x000000af39eb0738]
Event: 727.808 Thread 0x000000af4f415800 25533       2       com.android.tools.r8.internal.l4::a (183 bytes)
Event: 727.810 Thread 0x000000af4f415800 nmethod 25533 0x000000af39eaf910 code [0x000000af39eafbc0, 0x000000af39eb01d8]
Event: 727.811 Thread 0x000000af4f415800 25534       2       org.gradle.api.internal.artifacts.configurations.DefaultConfiguration$ConfigurationFileCollection::getSelectedArtifacts (49 bytes)
Event: 727.812 Thread 0x000000af4f415800 nmethod 25534 0x000000af39eaf410 code [0x000000af39eaf5e0, 0x000000af39eaf7f8]

GC Heap History (20 events):
Event: 697.971 GC heap after
{Heap after GC invocations=170 (full 1):
 garbage-first heap   total 378880K, used 235472K [0x0000000080000000, 0x0000000100000000)
  region size 1024K, 2 young (2048K), 2 survivors (2048K)
 Metaspace       used 170005K, capacity 175077K, committed 175308K, reserved 1200128K
  class space    used 22016K, capacity 23982K, committed 24012K, reserved 1048576K
}
Event: 700.278 GC heap before
{Heap before GC invocations=170 (full 1):
 garbage-first heap   total 378880K, used 305104K [0x0000000080000000, 0x0000000100000000)
  region size 1024K, 70 young (71680K), 2 survivors (2048K)
 Metaspace       used 170060K, capacity 175084K, committed 175308K, reserved 1200128K
  class space    used 22017K, capacity 23984K, committed 24012K, reserved 1048576K
}
Event: 700.288 GC heap after
{Heap after GC invocations=171 (full 1):
 garbage-first heap   total 378880K, used 235856K [0x0000000080000000, 0x0000000100000000)
  region size 1024K, 2 young (2048K), 2 survivors (2048K)
 Metaspace       used 170060K, capacity 175084K, committed 175308K, reserved 1200128K
  class space    used 22017K, capacity 23984K, committed 24012K, reserved 1048576K
}
Event: 705.883 GC heap before
{Heap before GC invocations=171 (full 1):
 garbage-first heap   total 378880K, used 313680K [0x0000000080000000, 0x0000000100000000)
  region size 1024K, 78 young (79872K), 2 survivors (2048K)
 Metaspace       used 170117K, capacity 175230K, committed 175308K, reserved 1200128K
  class space    used 22021K, capacity 23990K, committed 24012K, reserved 1048576K
}
Event: 705.900 GC heap after
{Heap after GC invocations=172 (full 1):
 garbage-first heap   total 378880K, used 236312K [0x0000000080000000, 0x0000000100000000)
  region size 1024K, 3 young (3072K), 3 survivors (3072K)
 Metaspace       used 170117K, capacity 175230K, committed 175308K, reserved 1200128K
  class space    used 22021K, capacity 23990K, committed 24012K, reserved 1048576K
}
Event: 710.665 GC heap before
{Heap before GC invocations=172 (full 1):
 garbage-first heap   total 378880K, used 317208K [0x0000000080000000, 0x0000000100000000)
  region size 1024K, 82 young (83968K), 3 survivors (3072K)
 Metaspace       used 170137K, capacity 175233K, committed 175308K, reserved 1200128K
  class space    used 22021K, capacity 23991K, committed 24012K, reserved 1048576K
}
Event: 710.680 GC heap after
{Heap after GC invocations=173 (full 1):
 garbage-first heap   total 378880K, used 236901K [0x0000000080000000, 0x0000000100000000)
  region size 1024K, 3 young (3072K), 3 survivors (3072K)
 Metaspace       used 170137K, capacity 175233K, committed 175308K, reserved 1200128K
  class space    used 22021K, capacity 23991K, committed 24012K, reserved 1048576K
}
Event: 715.985 GC heap before
{Heap before GC invocations=173 (full 1):
 garbage-first heap   total 378880K, used 322917K [0x0000000080000000, 0x0000000100000000)
  region size 1024K, 87 young (89088K), 3 survivors (3072K)
 Metaspace       used 170174K, capacity 175310K, committed 175564K, reserved 1200128K
  class space    used 22024K, capacity 23995K, committed 24012K, reserved 1048576K
}
Event: 716.007 GC heap after
{Heap after GC invocations=174 (full 1):
 garbage-first heap   total 378880K, used 237376K [0x0000000080000000, 0x0000000100000000)
  region size 1024K, 4 young (4096K), 4 survivors (4096K)
 Metaspace       used 170174K, capacity 175310K, committed 175564K, reserved 1200128K
  class space    used 22024K, capacity 23995K, committed 24012K, reserved 1048576K
}
Event: 718.571 GC heap before
{Heap before GC invocations=174 (full 1):
 garbage-first heap   total 378880K, used 323392K [0x0000000080000000, 0x0000000100000000)
  region size 1024K, 88 young (90112K), 4 survivors (4096K)
 Metaspace       used 170196K, capacity 175325K, committed 175564K, reserved 1200128K
  class space    used 22027K, capacity 24000K, committed 24012K, reserved 1048576K
}
Event: 718.593 GC heap after
{Heap after GC invocations=175 (full 1):
 garbage-first heap   total 378880K, used 238243K [0x0000000080000000, 0x0000000100000000)
  region size 1024K, 4 young (4096K), 4 survivors (4096K)
 Metaspace       used 170196K, capacity 175325K, committed 175564K, reserved 1200128K
  class space    used 22027K, capacity 24000K, committed 24012K, reserved 1048576K
}
Event: 720.735 GC heap before
{Heap before GC invocations=175 (full 1):
 garbage-first heap   total 378880K, used 326307K [0x0000000080000000, 0x0000000100000000)
  region size 1024K, 90 young (92160K), 4 survivors (4096K)
 Metaspace       used 170701K, capacity 175721K, committed 175948K, reserved 1202176K
  class space    used 22093K, capacity 24046K, committed 24140K, reserved 1048576K
}
Event: 720.757 GC heap after
{Heap after GC invocations=176 (full 1):
 garbage-first heap   total 378880K, used 239305K [0x0000000080000000, 0x0000000100000000)
  region size 1024K, 5 young (5120K), 5 survivors (5120K)
 Metaspace       used 170701K, capacity 175721K, committed 175948K, reserved 1202176K
  class space    used 22093K, capacity 24046K, committed 24140K, reserved 1048576K
}
Event: 722.068 GC heap before
{Heap before GC invocations=176 (full 1):
 garbage-first heap   total 378880K, used 326345K [0x0000000080000000, 0x0000000100000000)
  region size 1024K, 90 young (92160K), 5 survivors (5120K)
 Metaspace       used 170714K, capacity 175725K, committed 175948K, reserved 1202176K
  class space    used 22093K, capacity 24046K, committed 24140K, reserved 1048576K
}
Event: 722.091 GC heap after
{Heap after GC invocations=177 (full 1):
 garbage-first heap   total 378880K, used 239305K [0x0000000080000000, 0x0000000100000000)
  region size 1024K, 5 young (5120K), 5 survivors (5120K)
 Metaspace       used 170714K, capacity 175725K, committed 175948K, reserved 1202176K
  class space    used 22093K, capacity 24046K, committed 24140K, reserved 1048576K
}
Event: 723.786 GC heap before
{Heap before GC invocations=177 (full 1):
 garbage-first heap   total 378880K, used 327369K [0x0000000080000000, 0x0000000100000000)
  region size 1024K, 91 young (93184K), 5 survivors (5120K)
 Metaspace       used 170721K, capacity 175789K, committed 175948K, reserved 1202176K
  class space    used 22093K, capacity 24046K, committed 24140K, reserved 1048576K
}
Event: 723.812 GC heap after
{Heap after GC invocations=178 (full 1):
 garbage-first heap   total 378880K, used 240238K [0x0000000080000000, 0x0000000100000000)
  region size 1024K, 6 young (6144K), 6 survivors (6144K)
 Metaspace       used 170721K, capacity 175789K, committed 175948K, reserved 1202176K
  class space    used 22093K, capacity 24046K, committed 24140K, reserved 1048576K
}
Event: 726.353 GC heap before
{Heap before GC invocations=178 (full 1):
 garbage-first heap   total 378880K, used 330350K [0x0000000080000000, 0x0000000100000000)
  region size 1024K, 92 young (94208K), 6 survivors (6144K)
 Metaspace       used 170983K, capacity 176102K, committed 176204K, reserved 1202176K
  class space    used 22096K, capacity 24051K, committed 24140K, reserved 1048576K
}
Event: 726.380 GC heap after
{Heap after GC invocations=179 (full 1):
 garbage-first heap   total 378880K, used 241104K [0x0000000080000000, 0x0000000100000000)
  region size 1024K, 7 young (7168K), 7 survivors (7168K)
 Metaspace       used 170983K, capacity 176102K, committed 176204K, reserved 1202176K
  class space    used 22096K, capacity 24051K, committed 24140K, reserved 1048576K
}
Event: 727.868 GC heap before
{Heap before GC invocations=179 (full 1):
 garbage-first heap   total 378880K, used 327120K [0x0000000080000000, 0x0000000100000000)
  region size 1024K, 92 young (94208K), 7 survivors (7168K)
 Metaspace       used 171047K, capacity 176177K, committed 176460K, reserved 1202176K
  class space    used 22096K, capacity 24051K, committed 24140K, reserved 1048576K
}

Deoptimization events (20 events):
Event: 727.437 Thread 0x000000af58948000 Uncommon trap: trap_request=0xffffffc6 fr.pc=0x000000af410bd0f0 relative=0x0000000000000170
Event: 727.437 Thread 0x000000af58948000 Uncommon trap: reason=bimorphic_or_optimized_type_check action=maybe_recompile pc=0x000000af410bd0f0 method=com.android.tools.r8.internal.Le.a(Lcom/android/tools/r8/internal/NG;Lcom/android/tools/r8/internal/VG;)V @ 32 c2
Event: 727.437 Thread 0x000000af58948000 DEOPT PACKING pc=0x000000af410bd0f0 sp=0x000000af5c3b9ac0
Event: 727.437 Thread 0x000000af58948000 DEOPT UNPACKING pc=0x000000af386c782f sp=0x000000af5c3b9a48 mode 2
Event: 727.438 Thread 0x000000af58948000 Uncommon trap: trap_request=0xffffffc6 fr.pc=0x000000af410bd0f0 relative=0x0000000000000170
Event: 727.438 Thread 0x000000af58948000 Uncommon trap: reason=bimorphic_or_optimized_type_check action=maybe_recompile pc=0x000000af410bd0f0 method=com.android.tools.r8.internal.Le.a(Lcom/android/tools/r8/internal/NG;Lcom/android/tools/r8/internal/VG;)V @ 32 c2
Event: 727.438 Thread 0x000000af58948000 DEOPT PACKING pc=0x000000af410bd0f0 sp=0x000000af5c3b9ac0
Event: 727.438 Thread 0x000000af58948000 DEOPT UNPACKING pc=0x000000af386c782f sp=0x000000af5c3b9a48 mode 2
Event: 727.556 Thread 0x000000af58948000 DEOPT PACKING pc=0x000000af3b81f2df sp=0x000000af5c3b9f60
Event: 727.556 Thread 0x000000af58948000 DEOPT UNPACKING pc=0x000000af386c764e sp=0x000000af5c3b9480 mode 0
Event: 727.719 Thread 0x000000af58947000 Uncommon trap: trap_request=0xffffffc6 fr.pc=0x000000af40ff7b4c relative=0x0000000000005c8c
Event: 727.719 Thread 0x000000af58947000 Uncommon trap: reason=bimorphic_or_optimized_type_check action=maybe_recompile pc=0x000000af40ff7b4c method=com.android.tools.r8.internal.Le.a(Lcom/android/tools/r8/internal/NG;Lcom/android/tools/r8/internal/VG;)V @ 32 c2
Event: 727.719 Thread 0x000000af58947000 DEOPT PACKING pc=0x000000af40ff7b4c sp=0x000000af5c2b9530
Event: 727.719 Thread 0x000000af58947000 DEOPT UNPACKING pc=0x000000af386c782f sp=0x000000af5c2b94e0 mode 2
Event: 727.719 Thread 0x000000af58947000 Uncommon trap: trap_request=0xffffffc6 fr.pc=0x000000af41149d08 relative=0x00000000000029e8
Event: 727.719 Thread 0x000000af58947000 Uncommon trap: reason=bimorphic_or_optimized_type_check action=maybe_recompile pc=0x000000af41149d08 method=com.android.tools.r8.internal.Le.a(Lcom/android/tools/r8/internal/NG;Lcom/android/tools/r8/internal/VG;)V @ 32 c2
Event: 727.719 Thread 0x000000af58947000 DEOPT PACKING pc=0x000000af41149d08 sp=0x000000af5c2b9720
Event: 727.719 Thread 0x000000af58947000 DEOPT UNPACKING pc=0x000000af386c782f sp=0x000000af5c2b9690 mode 2
Event: 727.729 Thread 0x000000af58947000 DEOPT PACKING pc=0x000000af38dbdf0e sp=0x000000af5c2b9770
Event: 727.729 Thread 0x000000af58947000 DEOPT UNPACKING pc=0x000000af386c764e sp=0x000000af5c2b8be8 mode 0

Classes redefined (0 events):
No events

Internal exceptions (20 events):
Event: 681.714 Thread 0x000000af58942000 Exception <a 'java/lang/NoSuchMethodError'{0x000000009161d3f0}: 'void java.lang.invoke.DirectMethodHandle$Holder.invokeVirtual(java.lang.Object, java.lang.Object, int, java.lang.Object)'> (0x000000009161d3f0) thrown at [./src/hotspot/share/interpreter/linkResolver.cpp, line 773]
Event: 681.715 Thread 0x000000af51956800 Exception <a 'java/lang/NoSuchMethodError'{0x0000000091b0bb20}: 'void java.lang.invoke.DirectMethodHandle$Holder.invokeVirtual(java.lang.Object, java.lang.Object, int, java.lang.Object)'> (0x0000000091b0bb20) thrown at [./src/hotspot/share/interpreter/linkResolver.cpp, line 773]
Event: 682.045 Thread 0x000000af58942000 Exception <a 'java/lang/IncompatibleClassChangeError'{0x00000000910f6d38}: Found class java.lang.Object, but interface was expected> (0x00000000910f6d38) thrown at [./src/hotspot/share/interpreter/linkResolver.cpp, line 839]
Event: 682.138 Thread 0x000000af58942000 Exception <a 'java/lang/NoSuchMethodError'{0x00000000908d41f0}: 'void java.lang.invoke.DirectMethodHandle$Holder.invokeSpecial(java.lang.Object, java.lang.Object, int, java.lang.Object, java.lang.Object, java.lang.Object, java.lang.Object)'> (0x00000000908d41f0) thrown at [./src/hotspot/share/interpreter/linkResolver.cpp, line 773]
Event: 682.141 Thread 0x000000af58942000 Exception <a 'java/lang/NoSuchMethodError'{0x00000000908eb440}: 'java.lang.Object java.lang.invoke.Invokers$Holder.linkToTargetMethod(java.lang.Object, int, java.lang.Object, java.lang.Object, java.lang.Object, java.lang.Object)'> (0x00000000908eb440) thrown at [./src/hotspot/share/interpreter/linkResolver.cpp, line 773]
Event: 682.142 Thread 0x000000af58942000 Exception <a 'java/lang/NoSuchMethodError'{0x00000000908ef0f8}: 'void java.lang.invoke.DirectMethodHandle$Holder.invokeSpecial(java.lang.Object, java.lang.Object, java.lang.Object, java.lang.Object, java.lang.Object, java.lang.Object, java.lang.Object, java.lang.Object, java.lang.Object)'> (0x00000000908ef0f8) thrown at [./src/hotspot/share/interpreter/linkResolver.cpp, line 773]
Event: 682.204 Thread 0x000000af58942000 Exception <a 'java/lang/NoSuchMethodError'{0x0000000091fe5ec8}: 'void java.lang.invoke.DirectMethodHandle$Holder.invokeStatic(java.lang.Object, java.lang.Object, java.lang.Object, java.lang.Object, java.lang.Object, java.lang.Object, java.lang.Object, java.lang.Object)'> (0x0000000091fe5ec8) thrown at [./src/hotspot/share/interpreter/linkResolver.cpp, line 773]
Event: 682.271 Thread 0x000000af51310000 Exception <a 'java/lang/NoSuchMethodError'{0x00000000918874d0}: 'java.lang.Object java.lang.invoke.DirectMethodHandle$Holder.invokeInterface(java.lang.Object, java.lang.Object, int)'> (0x00000000918874d0) thrown at [./src/hotspot/share/interpreter/linkResolver.cpp, line 773]
Event: 682.807 Thread 0x000000af58942000 Exception <a 'java/lang/NoSuchMethodError'{0x00000000910856a0}: 'void java.lang.invoke.DirectMethodHandle$Holder.invokeVirtual(java.lang.Object, java.lang.Object, int)'> (0x00000000910856a0) thrown at [./src/hotspot/share/interpreter/linkResolver.cpp, line 773]
Event: 683.196 Thread 0x000000af58942000 Implicit null exception at 0x000000af40e5ef60 to 0x000000af40e63244
Event: 683.197 Thread 0x000000af58942000 Implicit null exception at 0x000000af40e6ed90 to 0x000000af40e73ce0
Event: 684.181 Thread 0x000000af51956800 Exception <a 'java/lang/IncompatibleClassChangeError'{0x0000000091770dd8}: Found class java.lang.Object, but interface was expected> (0x0000000091770dd8) thrown at [./src/hotspot/share/interpreter/linkResolver.cpp, line 839]
Event: 684.414 Thread 0x000000af51956800 Exception <a 'sun/nio/fs/WindowsException'{0x00000000913576b8}> (0x00000000913576b8) thrown at [./src/hotspot/share/prims/jni.cpp, line 615]
Event: 688.064 Thread 0x000000af54c9d800 Exception <a 'sun/nio/fs/WindowsException'{0x00000000918a8920}> (0x00000000918a8920) thrown at [./src/hotspot/share/prims/jni.cpp, line 615]
Event: 688.682 Thread 0x000000af54c9d800 Exception <a 'sun/nio/fs/WindowsException'{0x0000000096fe8618}> (0x0000000096fe8618) thrown at [./src/hotspot/share/prims/jni.cpp, line 615]
Event: 699.955 Thread 0x000000af58942000 Exception <a 'java/lang/NoSuchMethodError'{0x00000000938fe488}: 'int java.lang.invoke.DirectMethodHandle$Holder.invokeInterface(java.lang.Object, java.lang.Object, int)'> (0x00000000938fe488) thrown at [./src/hotspot/share/interpreter/linkResolver.cpp, line 773]
Event: 720.070 Thread 0x000000af5194c800 Exception <a 'sun/nio/fs/WindowsException'{0x0000000093b0b318}> (0x0000000093b0b318) thrown at [./src/hotspot/share/prims/jni.cpp, line 615]
Event: 721.670 Thread 0x000000af58942000 Implicit null exception at 0x000000af405356a0 to 0x000000af40535b9c
Event: 726.779 Thread 0x000000af58947000 Exception <a 'sun/nio/fs/WindowsException'{0x0000000095884018}> (0x0000000095884018) thrown at [./src/hotspot/share/prims/jni.cpp, line 615]
Event: 726.850 Thread 0x000000af58948000 Exception <a 'sun/nio/fs/WindowsException'{0x00000000954ff608}> (0x00000000954ff608) thrown at [./src/hotspot/share/prims/jni.cpp, line 615]

Events (20 events):
Event: 725.389 loading class com/android/tools/r8/graph/G$j done
Event: 725.968 Executing VM operation: RevokeBias
Event: 725.968 Executing VM operation: RevokeBias done
Event: 725.968 Executing VM operation: RevokeBias
Event: 725.968 Executing VM operation: RevokeBias done
Event: 725.969 Executing VM operation: RevokeBias
Event: 725.969 Executing VM operation: RevokeBias done
Event: 725.969 Executing VM operation: RevokeBias
Event: 725.969 Executing VM operation: RevokeBias done
Event: 725.969 Executing VM operation: BulkRevokeBias
Event: 725.971 Executing VM operation: BulkRevokeBias done
Event: 726.350 Executing VM operation: G1CollectForAllocation
Event: 726.380 Executing VM operation: G1CollectForAllocation done
Event: 726.565 Executing VM operation: RevokeBias
Event: 726.567 Executing VM operation: RevokeBias done
Event: 726.570 Executing VM operation: RevokeBias
Event: 726.571 Executing VM operation: RevokeBias done
Event: 726.832 Executing VM operation: RevokeBias
Event: 726.833 Executing VM operation: RevokeBias done
Event: 727.868 Executing VM operation: G1CollectForAllocation


Dynamic libraries:
0x00007ff6f1c00000 - 0x00007ff6f1c0a000 	C:\Program Files\Android\Android Studio\jre\bin\java.exe
0x00007fff6c740000 - 0x00007fff6c902000 	C:\Windows\SYSTEM32\ntdll.dll
0x00007fff6c050000 - 0x00007fff6c0fd000 	C:\Windows\system32\KERNEL32.DLL
0x00007fff69940000 - 0x00007fff69b1d000 	C:\Windows\system32\KERNELBASE.dll
0x00007fff63570000 - 0x00007fff63589000 	C:\Program Files\Android\Android Studio\jre\bin\jli.dll
0x00007fff69f10000 - 0x00007fff6a05e000 	C:\Windows\system32\USER32.dll
0x00007fff6a390000 - 0x00007fff6a514000 	C:\Windows\system32\GDI32.dll
0x00007fff63550000 - 0x00007fff63567000 	C:\Program Files\Android\Android Studio\jre\bin\VCRUNTIME140.dll
0x00007fff600a0000 - 0x00007fff60192000 	C:\Windows\SYSTEM32\ucrtbase.dll
0x00007fff5ccd0000 - 0x00007fff5cf44000 	C:\Windows\WinSxS\amd64_microsoft.windows.common-controls_6595b64144ccf1df_6.0.10240.17184_none_f41d7a705752bce6\COMCTL32.dll
0x00007fff6a7a0000 - 0x00007fff6a83d000 	C:\Windows\system32\msvcrt.dll
0x00007fff6c670000 - 0x00007fff6c6a6000 	C:\Windows\system32\IMM32.DLL
0x00007fff6a210000 - 0x00007fff6a36c000 	C:\Windows\system32\MSCTF.dll
0x00007fff63450000 - 0x00007fff634ed000 	C:\Program Files\Android\Android Studio\jre\bin\msvcp140.dll
0x00007fff53cd0000 - 0x00007fff5479f000 	C:\Program Files\Android\Android Studio\jre\bin\server\jvm.dll
0x00007fff69e00000 - 0x00007fff69ea6000 	C:\Windows\system32\ADVAPI32.dll
0x00007fff6c390000 - 0x00007fff6c3eb000 	C:\Windows\system32\sechost.dll
0x00007fff6be50000 - 0x00007fff6bf76000 	C:\Windows\system32\RPCRT4.dll
0x00007fff6be40000 - 0x00007fff6be48000 	C:\Windows\system32\PSAPI.DLL
0x00007fff5dd40000 - 0x00007fff5dd49000 	C:\Windows\SYSTEM32\WSOCK32.dll
0x00007fff6bdd0000 - 0x00007fff6be39000 	C:\Windows\system32\WS2_32.dll
0x00007fff6c6b0000 - 0x00007fff6c6b8000 	C:\Windows\system32\NSI.dll
0x00007fff67790000 - 0x00007fff677b3000 	C:\Windows\SYSTEM32\WINMM.dll
0x00007fff66360000 - 0x00007fff6636a000 	C:\Windows\SYSTEM32\VERSION.dll
0x00007fff67760000 - 0x00007fff6778c000 	C:\Windows\SYSTEM32\WINMMBASE.dll
0x00007fff69be0000 - 0x00007fff69c24000 	C:\Windows\system32\cfgmgr32.dll
0x00007fff67b00000 - 0x00007fff67b27000 	C:\Windows\SYSTEM32\DEVOBJ.dll
0x00007fff691b0000 - 0x00007fff691bf000 	C:\Windows\system32\kernel.appcore.dll
0x00007fff628b0000 - 0x00007fff628c1000 	C:\Program Files\Android\Android Studio\jre\bin\verify.dll
0x00007fff62720000 - 0x00007fff628aa000 	C:\Windows\SYSTEM32\DBGHELP.DLL
0x00007fff626f0000 - 0x00007fff62715000 	C:\Windows\SYSTEM32\dbgcore.DLL
0x00007fff626c0000 - 0x00007fff626e9000 	C:\Program Files\Android\Android Studio\jre\bin\java.dll
0x00007fff65e00000 - 0x00007fff65e0b000 	C:\Program Files\Android\Android Studio\jre\bin\jimage.dll
0x00007fff5d990000 - 0x00007fff5d9a8000 	C:\Program Files\Android\Android Studio\jre\bin\zip.dll
0x00007fff6a8a0000 - 0x00007fff6bdc3000 	C:\Windows\system32\SHELL32.dll
0x00007fff69260000 - 0x00007fff69889000 	C:\Windows\system32\windows.storage.dll
0x00007fff6a520000 - 0x00007fff6a79c000 	C:\Windows\system32\combase.dll
0x00007fff69eb0000 - 0x00007fff69f01000 	C:\Windows\system32\shlwapi.dll
0x00007fff69b20000 - 0x00007fff69bd3000 	C:\Windows\system32\shcore.dll
0x00007fff69160000 - 0x00007fff691aa000 	C:\Windows\system32\powrprof.dll
0x00007fff691c0000 - 0x00007fff691d3000 	C:\Windows\system32\profapi.dll
0x00007fff5d970000 - 0x00007fff5d98a000 	C:\Program Files\Android\Android Studio\jre\bin\net.dll
0x00007fff647d0000 - 0x00007fff648a6000 	C:\Windows\SYSTEM32\WINHTTP.dll
0x00007fff689d0000 - 0x00007fff68a2d000 	C:\Windows\system32\mswsock.dll
0x00007fff5bdd0000 - 0x00007fff5bde4000 	C:\Program Files\Android\Android Studio\jre\bin\nio.dll
0x00007fff63520000 - 0x00007fff63547000 	C:\Users\Mega\.gradle\native\8bec1ad78214c89d9ad589b4d07fe93259594b29d510b10fafb7a158f7737e5d\windows-amd64\native-platform.dll
0x00007fff3d450000 - 0x00007fff3d58d000 	C:\Users\Mega\.gradle\native\53dbd7edfb1c66fb8903c78663c9afc45aea4f116125fa6feffd364cf09443e8\windows-amd64\native-platform-file-events.dll
0x00007fff62690000 - 0x00007fff6269a000 	C:\Program Files\Android\Android Studio\jre\bin\management.dll
0x00007fff5e640000 - 0x00007fff5e64c000 	C:\Program Files\Android\Android Studio\jre\bin\management_ext.dll
0x00007fff68a30000 - 0x00007fff68a47000 	C:\Windows\SYSTEM32\CRYPTSP.dll
0x00007fff69090000 - 0x00007fff690b8000 	C:\Windows\SYSTEM32\bcrypt.dll
0x00007fff68680000 - 0x00007fff686b3000 	C:\Windows\system32\rsaenh.dll
0x00007fff68770000 - 0x00007fff6878f000 	C:\Windows\SYSTEM32\USERENV.dll
0x00007fff68f80000 - 0x00007fff68feb000 	C:\Windows\system32\bcryptprimitives.dll
0x00007fff68b80000 - 0x00007fff68b8b000 	C:\Windows\SYSTEM32\CRYPTBASE.dll
0x00007fff66850000 - 0x00007fff66888000 	C:\Windows\SYSTEM32\IPHLPAPI.DLL
0x00007fff66830000 - 0x00007fff6683b000 	C:\Windows\SYSTEM32\WINNSI.DLL
0x00007fff64ab0000 - 0x00007fff64ac6000 	C:\Windows\SYSTEM32\dhcpcsvc6.DLL
0x00007fff64a90000 - 0x00007fff64aaa000 	C:\Windows\SYSTEM32\dhcpcsvc.DLL
0x00007fff684a0000 - 0x00007fff684d2000 	C:\Windows\SYSTEM32\ntmarta.dll
0x00007fff55530000 - 0x00007fff55557000 	C:\Program Files\Android\Android Studio\jre\bin\sunec.dll
0x00007fff68790000 - 0x00007fff68838000 	C:\Windows\SYSTEM32\DNSAPI.dll
0x00007fff63c50000 - 0x00007fff63c5a000 	C:\Windows\System32\rasadhlp.dll
0x00007fff64710000 - 0x00007fff64778000 	C:\Windows\System32\fwpuclnt.dll

dbghelp: loaded successfully - version: 4.0.5 - missing functions: none
symbol engine: initialized successfully - sym options: 0x614 - pdb path: .;C:\Program Files\Android\Android Studio\jre\bin;C:\Windows\SYSTEM32;C:\Windows\WinSxS\amd64_microsoft.windows.common-controls_6595b64144ccf1df_6.0.10240.17184_none_f41d7a705752bce6;C:\Program Files\Android\Android Studio\jre\bin\server;C:\Users\Mega\.gradle\native\8bec1ad78214c89d9ad589b4d07fe93259594b29d510b10fafb7a158f7737e5d\windows-amd64;C:\Users\Mega\.gradle\native\53dbd7edfb1c66fb8903c78663c9afc45aea4f116125fa6feffd364cf09443e8\windows-amd64

VM Arguments:
jvm_args: --add-opens=java.base/java.util=ALL-UNNAMED --add-opens=java.base/java.lang=ALL-UNNAMED --add-opens=java.base/java.lang.invoke=ALL-UNNAMED --add-opens=java.base/java.util=ALL-UNNAMED --add-opens=java.prefs/java.util.prefs=ALL-UNNAMED --add-opens=java.prefs/java.util.prefs=ALL-UNNAMED --add-opens=java.base/java.nio.charset=ALL-UNNAMED --add-opens=java.base/java.net=ALL-UNNAMED --add-opens=java.base/java.util.concurrent.atomic=ALL-UNNAMED -Xmx2048m -Dfile.encoding=UTF-8 -Duser.country=US -Duser.language=en -Duser.variant 
java_command: org.gradle.launcher.daemon.bootstrap.GradleDaemon 7.0.2
java_class_path (initial): C:\Users\Mega\.gradle\wrapper\dists\gradle-7.0.2-bin\857tjihv64xamwrf0h14cai3r\gradle-7.0.2\lib\gradle-launcher-7.0.2.jar
Launcher Type: SUN_STANDARD

[Global flags]
     intx CICompilerCount                          = 3                                         {product} {ergonomic}
     uint ConcGCThreads                            = 1                                         {product} {ergonomic}
     uint G1ConcRefinementThreads                  = 4                                         {product} {ergonomic}
   size_t G1HeapRegionSize                         = 1048576                                   {product} {ergonomic}
    uintx GCDrainStackTargetSize                   = 64                                        {product} {ergonomic}
   size_t InitialHeapSize                          = 100663296                                 {product} {ergonomic}
   size_t MarkStackSize                            = 4194304                                   {product} {ergonomic}
   size_t MaxHeapSize                              = 2147483648                                {product} {command line}
   size_t MaxNewSize                               = 1287651328                                {product} {ergonomic}
   size_t MinHeapDeltaBytes                        = 1048576                                   {product} {ergonomic}
    uintx NonNMethodCodeHeapSize                   = 5830732                                {pd product} {ergonomic}
    uintx NonProfiledCodeHeapSize                  = 122913754                              {pd product} {ergonomic}
    uintx ProfiledCodeHeapSize                     = 122913754                              {pd product} {ergonomic}
    uintx ReservedCodeCacheSize                    = 251658240                              {pd product} {ergonomic}
     bool SegmentedCodeCache                       = true                                      {product} {ergonomic}
     bool UseCompressedClassPointers               = true                                 {lp64_product} {ergonomic}
     bool UseCompressedOops                        = true                                 {lp64_product} {ergonomic}
     bool UseG1GC                                  = true                                      {product} {ergonomic}
     bool UseLargePagesIndividualAllocation        = false                                  {pd product} {ergonomic}

Logging:
Log output configuration:
 #0: stdout all=warning uptime,level,tags
 #1: stderr all=off uptime,level,tags

Environment Variables:
JAVA_HOME=C:\Program Files\Java\jdk-11
PATH=C:\Program Files\Common Files\Oracle\Java\javapath;C:\Program Files (x86)\Common Files\Oracle\Java\javapath;C:\Program Files (x86)\VMware\VMware Player\bin\;C:\Windows\system32;C:\Windows;C:\Windows\System32\Wbem;C:\Windows\System32\WindowsPowerShell\v1.0\;C:\xamp\php;C:\composer;C:\Program Files\nodejs\;C:\ProgramData\chocolatey\bin;C:\Program Files\Git\cmd;C:\Program Files\PuTTY\;C:\apache-maven-4.0.0-alpha-3\bin;C:\Users\Mega\AppData\Roaming\Composer\vendor\bin;C:\Users\Mega\AppData\Local\Programs\Microsoft VS Code\bin;C:\Users\Mega\AppData\Roaming\npm;C:\Program Files\MongoDB\Server\5.0\bin;C:\Program Files\Android\Android Studio\jre\bin;C:\Users\Mega\AppData\Local\android\sdk\tools;C:\Program Files\Java\jdk-11\bin
USERNAME=Mega
OS=Windows_NT
PROCESSOR_IDENTIFIER=Intel64 Family 6 Model 42 Stepping 7, GenuineIntel



---------------  S Y S T E M  ---------------

OS: Windows 10 , 64 bit Build 10240 (10.0.10240.17113)
OS uptime: 0 days 0:54 hours

CPU:total 4 (initial active 4) (2 cores per cpu, 2 threads per core) family 6 model 42 stepping 7 microcode 0x29, cmov, cx8, fxsr, mmx, sse, sse2, sse3, ssse3, sse4.1, sse4.2, popcnt, avx, clmul, ht, tsc, tscinvbit

Memory: 4k page, system-wide physical 6091M (379M free)
TotalPageFile size 10510M (AvailPageFile size 2M)
current process WorkingSet (physical memory assigned to process): 724M, peak: 725M
current process commit charge ("private bytes"): 855M, peak: 867M

vm_info: OpenJDK 64-Bit Server VM (11.0.10+0-b96-7249189) for windows-amd64 JRE (11.0.10+0-b96-7249189), built on Mar 31 2021 21:44:00 by "builder" with MS VC++ 14.0 (VS2015)

END.
