#
# A fatal error has been detected by the Java Runtime Environment:
#
#  EXCEPTION_ACCESS_VIOLATION (0xc0000005) at pc=0x00007ffe0c53c9e6, pid=7728, tid=4492
#
# JRE version: OpenJDK Runtime Environment (11.0.10) (build 11.0.10+0-b96-7249189)
# Java VM: OpenJDK 64-Bit Server VM (11.0.10+0-b96-7249189, mixed mode, tiered, compressed oops, g1 gc, windows-amd64)
# Problematic frame:
# V  [jvm.dll+0x18c9e6]
#
# No core dump will be written. Minidumps are not enabled by default on client versions of Windows
#
# If you would like to submit a bug report, please visit:
#   https://bugreport.java.com/bugreport/crash.jsp
#

---------------  S U M M A R Y ------------

Command Line: --add-opens=java.base/java.util=ALL-UNNAMED --add-opens=java.base/java.lang=ALL-UNNAMED --add-opens=java.base/java.lang.invoke=ALL-UNNAMED --add-opens=java.base/java.util=ALL-UNNAMED --add-opens=java.prefs/java.util.prefs=ALL-UNNAMED --add-opens=java.prefs/java.util.prefs=ALL-UNNAMED --add-opens=java.base/java.nio.charset=ALL-UNNAMED --add-opens=java.base/java.net=ALL-UNNAMED --add-opens=java.base/java.util.concurrent.atomic=ALL-UNNAMED -Xmx2048m -Dfile.encoding=UTF-8 -Duser.country=US -Duser.language=en -Duser.variant org.gradle.launcher.daemon.bootstrap.GradleDaemon 7.0.2

Host: Intel(R) Core(TM) i3-2330M CPU @ 2.20GHz, 4 cores, 5G,  Windows 10 , 64 bit Build 10240 (10.0.10240.16384)
Time: Sun Feb 26 05:18:20 2023 Pacific Standard Time elapsed time: 65.531585 seconds (0d 0h 1m 5s)

---------------  T H R E A D  ---------------

Current thread (0x000000c5fda3e000):  GCTaskThread "GC Thread#2" [stack: 0x000000c58f900000,0x000000c58fa00000] [id=4492]

Stack: [0x000000c58f900000,0x000000c58fa00000],  sp=0x000000c58f9ff008,  free space=1020k
Native frames: (J=compiled Java code, j=interpreted, Vv=VM code, C=native code)
V  [jvm.dll+0x18c9e6]


siginfo: EXCEPTION_ACCESS_VIOLATION (0xc0000005), reading address 0x0000000000000008


Register to memory mapping:

RIP=0x00007ffe0c53c9e6 jvm.dll
RAX=0x0000000000000001 is an unknown value
RBX=0x0000000084d884c4 is pointing into object: org.codehaus.groovy.runtime.metaclass.MetaMethodIndex 
{0x0000000084d884b0} - klass: 'org/codehaus/groovy/runtime/metaclass/MetaMethodIndex'
RCX=0x0000000084619db8 is pointing into object: java.util.Hashtable 
{0x0000000084619d98} - klass: 'java/util/Hashtable'
RDX=0x0000000084619db8 is pointing into object: java.util.Hashtable 
{0x0000000084619d98} - klass: 'java/util/Hashtable'
RSP=0x000000c58f9ff008 points into unknown readable memory: 0x00007ffe0c6af61c | 1c f6 6a 0c fe 7f 00 00
RBP=0x0 is NULL
RSI=0x000000c5fe7e1d40 points into unknown readable memory: 0x00007ffe0cbd30f8 | f8 30 bd 0c fe 7f 00 00
RDI=0x000000c5fe7e1d40 points into unknown readable memory: 0x00007ffe0cbd30f8 | f8 30 bd 0c fe 7f 00 00
R8 =0x0000000084619db8 is pointing into object: java.util.Hashtable 
{0x0000000084619d98} - klass: 'java/util/Hashtable'
R9 =0x0 is NULL
R10=0x0000000084619db8 is pointing into object: java.util.Hashtable 
{0x0000000084619d98} - klass: 'java/util/Hashtable'
R11=0x000000c5fe7e1eb0 points into unknown readable memory: 0x00007ffe0cbd30b0 | b0 30 bd 0c fe 7f 00 00
R12=0x0 is NULL
R13=0x0000000000000001 is an unknown value
R14=0x000000c5efd70c40 points into unknown readable memory: 0x0000056f00000a05 | 05 0a 00 00 6f 05 00 00
R15=0x0000000084619db8 is pointing into object: java.util.Hashtable 
{0x0000000084619d98} - klass: 'java/util/Hashtable'


Registers:
RAX=0x0000000000000001, RBX=0x0000000084d884c4, RCX=0x0000000084619db8, RDX=0x0000000084619db8
RSP=0x000000c58f9ff008, RBP=0x0000000000000000, RSI=0x000000c5fe7e1d40, RDI=0x000000c5fe7e1d40
R8 =0x0000000084619db8, R9 =0x0000000000000000, R10=0x0000000084619db8, R11=0x000000c5fe7e1eb0
R12=0x0000000000000000, R13=0x0000000000000001, R14=0x000000c5efd70c40, R15=0x0000000084619db8
RIP=0x00007ffe0c53c9e6, EFLAGS=0x0000000000010246

Top of Stack: (sp=0x000000c58f9ff008)
0x000000c58f9ff008:   00007ffe0c6af61c 0000000084d88401
0x000000c58f9ff018:   0000000000000015 000000c5fe7e1d40
0x000000c58f9ff028:   00007ffe0c6803fe 000000c5efd70bc0
0x000000c58f9ff038:   0000000081f09800 00000002fe7e1eb0
0x000000c58f9ff048:   000000000000001d 0000000000000001
0x000000c58f9ff058:   000000c5fe7e1d40 0000000000000040
0x000000c58f9ff068:   000000c5efd70c40 0000000000000000
0x000000c58f9ff078:   000000c5fe7e1d40 000000c58f9ff301
0x000000c58f9ff088:   00007ffe0c681282 000000c5fe7e1d40
0x000000c58f9ff098:   00007ffe0c684101 0000000083152a00
0x000000c58f9ff0a8:   0000000084d884c4 000000c5efd70bc0
0x000000c58f9ff0b8:   00007ffe0c6adb7b 0000000000000a05
0x000000c58f9ff0c8:   00007ffe0c6b5cfd 0000000083152a5c
0x000000c58f9ff0d8:   00007ffe0c6bc8d6 000000c58f9ff328
0x000000c58f9ff0e8:   0000000100492520 000000c58f9ff1a0
0x000000c58f9ff0f8:   00007ffe0c9970ff 0000000083152c48 

Instructions: (pc=0x00007ffe0c53c9e6)
0x00007ffe0c53c8e6:   82 00 48 d3 e0 48 03 05 1e 22 82 00 eb 04 48 8b
0x00007ffe0c53c8f6:   43 08 81 78 08 00 00 00 c0 73 7d 48 8b 4f 38 48
0x00007ffe0c53c906:   8b d3 48 8b 01 ff 50 20 84 c0 75 6c 38 05 80 ac
0x00007ffe0c53c916:   86 00 74 15 8b 53 08 8b 0d f5 21 82 00 48 d3 e2
0x00007ffe0c53c926:   48 03 15 e3 21 82 00 eb 04 48 8b 53 08 48 8b cb
0x00007ffe0c53c936:   48 89 5c 24 20 e8 a0 00 00 00 80 7f 30 00 48 63
0x00007ffe0c53c946:   c8 48 89 4c 24 28 0f 28 44 24 20 74 17 0f 11 86
0x00007ffe0c53c956:   98 03 00 00 48 8b 5c 24 40 48 8b 74 24 48 48 83
0x00007ffe0c53c966:   c4 30 5f c3 48 8b 07 48 8d 54 24 20 48 8b cf 66
0x00007ffe0c53c976:   0f 7f 44 24 20 ff 50 38 48 8b 5c 24 40 48 8b 74
0x00007ffe0c53c986:   24 48 48 83 c4 30 5f c3 cc cc 48 8b 49 38 48 8b
0x00007ffe0c53c996:   01 48 ff 60 28 cc cc cc cc cc 80 3d f1 ab 86 00
0x00007ffe0c53c9a6:   00 48 8b c1 74 1b 8b 51 08 8b 0d 63 21 82 00 48
0x00007ffe0c53c9b6:   d3 e2 48 8b c8 48 03 15 4e 21 82 00 e9 19 00 00
0x00007ffe0c53c9c6:   00 48 8b 51 08 48 8b c8 e9 0d 00 00 00 cc cc cc
0x00007ffe0c53c9d6:   cc cc cc cc cc cc cc cc cc cc 4c 8b ca 48 8b d1
0x00007ffe0c53c9e6:   45 8b 41 08 45 85 c0 7e 0e 41 f6 c0 01 75 59 41
0x00007ffe0c53c9f6:   c1 f8 03 41 8b c0 c3 79 4f 80 3d 92 ab 86 00 00
0x00007ffe0c53ca06:   b8 0c 00 00 00 b9 10 00 00 00 0f 45 c8 8b 05 ab
0x00007ffe0c53ca16:   6c 80 00 ff c8 4c 63 c8 48 63 c1 41 8b c8 83 e1
0x00007ffe0c53ca26:   3f 48 63 14 10 41 8b c0 48 c1 f8 10 0f b6 c0 48
0x00007ffe0c53ca36:   d3 e2 49 8d 0c 11 49 f7 d1 48 03 c1 49 c1 e9 03
0x00007ffe0c53ca46:   48 c1 e8 03 41 23 c1 c3 49 8b 01 49 8b c9 48 ff
0x00007ffe0c53ca56:   a0 10 01 00 00 cc cc cc cc cc 48 83 ec 38 0f 10
0x00007ffe0c53ca66:   02 48 8b 49 38 48 8d 54 24 20 0f 29 44 24 20 e8
0x00007ffe0c53ca76:   56 f0 ff ff 48 83 c4 38 c3 cc 48 89 5c 24 08 55
0x00007ffe0c53ca86:   56 57 41 54 41 55 41 56 41 57 48 8d 6c 24 e0 48
0x00007ffe0c53ca96:   81 ec 20 01 00 00 48 8b 05 5d a5 83 00 48 33 c4
0x00007ffe0c53caa6:   48 89 45 10 48 8b 05 df 15 86 00 45 33 ed 4c 8b
0x00007ffe0c53cab6:   b5 80 00 00 00 4c 8b fa 48 8b bd 88 00 00 00 4d
0x00007ffe0c53cac6:   8b c6 49 8b d6 49 8b f1 48 8b 48 38 48 8b 59 48
0x00007ffe0c53cad6:   49 8b cf c7 45 c0 ff ff ff ff 44 89 6d d4 4c 89 


Stack slot to memory mapping:
stack at sp + 0 slots: 0x00007ffe0c6af61c jvm.dll
stack at sp + 1 slots: 0x0000000084d88401 is pointing into object: org.codehaus.groovy.util.ManagedReference 
{0x0000000084d883f8} - klass: 'org/codehaus/groovy/util/ManagedReference'
stack at sp + 2 slots: 0x0000000000000015 is an unknown value
stack at sp + 3 slots: 0x000000c5fe7e1d40 points into unknown readable memory: 0x00007ffe0cbd30f8 | f8 30 bd 0c fe 7f 00 00
stack at sp + 4 slots: 0x00007ffe0c6803fe jvm.dll
stack at sp + 5 slots: 0x000000c5efd70bc0 points into unknown readable memory: 0x0000000000000a05 | 05 0a 00 00 00 00 00 00
stack at sp + 6 slots: 0x0000000081f09800 is an oop: [B 
{0x0000000081f09800} - klass: {type array byte}
 - length: 18
stack at sp + 7 slots: 0x00000002fe7e1eb0 is an unknown value


---------------  P R O C E S S  ---------------

Threads class SMR info:
_java_thread_list=0x000000c5912bbd40, length=42, elements={
0x000000c5efd58800, 0x000000c5fae23800, 0x000000c5fae24800, 0x000000c5fb9d3800,
0x000000c5fae3f000, 0x000000c5fae40000, 0x000000c5fae41000, 0x000000c5fae46000,
0x000000c5fb9ec000, 0x000000c5fbaf4800, 0x000000c5fdc1b800, 0x000000c5fd549800,
0x000000c5fd25a800, 0x000000c5fd460800, 0x000000c5fd9bf800, 0x000000c5fd8bb000,
0x000000c5fd9c0000, 0x000000c5fdd0e000, 0x000000c5fd14d800, 0x000000c5fd18a800,
0x000000c5fd18b000, 0x000000c5fd188000, 0x000000c5fd189000, 0x000000c5fd18c000,
0x000000c5fd189800, 0x000000c5fd186800, 0x000000c5fd18d000, 0x000000c5fd187000,
0x000000c5fe826000, 0x000000c5fe825800, 0x000000c5fe827000, 0x000000c5fe828000,
0x000000c5fe828800, 0x000000c5fe824800, 0x000000c5fe829800, 0x000000c5fe82a800,
0x000000c5fe82d800, 0x000000c5fe832800, 0x000000c5fe82c800, 0x000000c5fe831800,
0x000000c5fe995800, 0x000000c5fe996800
}

Java Threads: ( => current thread )
  0x000000c5efd58800 JavaThread "main" [_thread_blocked, id=3892, stack(0x000000c5ef340000,0x000000c5ef440000)]
  0x000000c5fae23800 JavaThread "Reference Handler" daemon [_thread_blocked, id=8652, stack(0x000000c5fb790000,0x000000c5fb890000)]
  0x000000c5fae24800 JavaThread "Finalizer" daemon [_thread_blocked, id=776, stack(0x000000c5fb890000,0x000000c5fb990000)]
  0x000000c5fb9d3800 JavaThread "Signal Dispatcher" daemon [_thread_blocked, id=2568, stack(0x000000c5fbd90000,0x000000c5fbe90000)]
  0x000000c5fae3f000 JavaThread "Attach Listener" daemon [_thread_blocked, id=4008, stack(0x000000c5fbe90000,0x000000c5fbf90000)]
  0x000000c5fae40000 JavaThread "Service Thread" daemon [_thread_blocked, id=4148, stack(0x000000c5fbf90000,0x000000c5fc090000)]
  0x000000c5fae41000 JavaThread "C2 CompilerThread0" daemon [_thread_blocked, id=8180, stack(0x000000c5fc090000,0x000000c5fc190000)]
  0x000000c5fae46000 JavaThread "C1 CompilerThread0" daemon [_thread_blocked, id=8596, stack(0x000000c5fc190000,0x000000c5fc290000)]
  0x000000c5fb9ec000 JavaThread "Sweeper thread" daemon [_thread_blocked, id=2624, stack(0x000000c5fc290000,0x000000c5fc390000)]
  0x000000c5fbaf4800 JavaThread "Common-Cleaner" daemon [_thread_blocked, id=8788, stack(0x000000c5fc390000,0x000000c5fc490000)]
  0x000000c5fdc1b800 JavaThread "Daemon health stats" [_thread_blocked, id=7164, stack(0x000000c5fcd90000,0x000000c5fce90000)]
  0x000000c5fd549800 JavaThread "Incoming local TCP Connector on port 52728" [_thread_in_native, id=7988, stack(0x000000c5ff970000,0x000000c5ffa70000)]
  0x000000c5fd25a800 JavaThread "Daemon periodic checks" [_thread_blocked, id=6448, stack(0x000000c5ffd50000,0x000000c5ffe50000)]
  0x000000c5fd460800 JavaThread "Daemon" [_thread_blocked, id=4432, stack(0x000000c5ffe50000,0x000000c5fff50000)]
  0x000000c5fd9bf800 JavaThread "Handler for socket connection from /127.0.0.1:52728 to /127.0.0.1:52731" [_thread_in_native, id=6048, stack(0x000000c58f000000,0x000000c58f100000)]
  0x000000c5fd8bb000 JavaThread "Cancel handler" [_thread_blocked, id=6964, stack(0x000000c58f100000,0x000000c58f200000)]
  0x000000c5fd9c0000 JavaThread "Daemon worker" [_thread_blocked, id=9244, stack(0x000000c58f200000,0x000000c58f300000)]
  0x000000c5fdd0e000 JavaThread "Asynchronous log dispatcher for DefaultDaemonConnection: socket connection from /127.0.0.1:52728 to /127.0.0.1:52731" [_thread_blocked, id=4264, stack(0x000000c58f300000,0x000000c58f400000)]
  0x000000c5fd14d800 JavaThread "Stdin handler" [_thread_blocked, id=6368, stack(0x000000c58f400000,0x000000c58f500000)]
  0x000000c5fd18a800 JavaThread "Daemon client event forwarder" [_thread_blocked, id=1500, stack(0x000000c58f500000,0x000000c58f600000)]
  0x000000c5fd18b000 JavaThread "Cache worker for file hash cache (C:\Users\Mega\.gradle\caches\7.0.2\fileHashes)" [_thread_blocked, id=9140, stack(0x000000c58fb00000,0x000000c58fc00000)]
  0x000000c5fd188000 JavaThread "File lock request listener" [_thread_in_native, id=9332, stack(0x000000c58fc00000,0x000000c58fd00000)]
  0x000000c5fd189000 JavaThread "File lock release action executor" [_thread_blocked, id=7376, stack(0x000000c58fd00000,0x000000c58fe00000)]
  0x000000c5fd18c000 JavaThread "Cache worker for journal cache (C:\Users\Mega\.gradle\caches\journal-1)" [_thread_blocked, id=5008, stack(0x000000c590000000,0x000000c590100000)]
  0x000000c5fd189800 JavaThread "Cache worker for file hash cache (C:\Users\Mega\AndroidStudioProjects\SafetyApp\.gradle\7.0.2\fileHashes)" [_thread_blocked, id=9060, stack(0x000000c5912d0000,0x000000c5913d0000)]
  0x000000c5fd186800 JavaThread "File watcher server" daemon [_thread_in_native, id=8328, stack(0x000000c5915d0000,0x000000c5916d0000)]
  0x000000c5fd18d000 JavaThread "File watcher consumer" daemon [_thread_blocked, id=8492, stack(0x000000c5916d0000,0x000000c5917d0000)]
  0x000000c5fd187000 JavaThread "jar transforms" [_thread_blocked, id=8856, stack(0x000000c5917d0000,0x000000c5918d0000)]
  0x000000c5fe826000 JavaThread "jar transforms Thread 2" [_thread_blocked, id=3676, stack(0x000000c5918d0000,0x000000c5919d0000)]
  0x000000c5fe825800 JavaThread "jar transforms Thread 3" [_thread_blocked, id=612, stack(0x000000c5919d0000,0x000000c591ad0000)]
  0x000000c5fe827000 JavaThread "jar transforms Thread 4" [_thread_blocked, id=3220, stack(0x000000c591ad0000,0x000000c591bd0000)]
  0x000000c5fe828000 JavaThread "Cache worker for checksums cache (C:\Users\Mega\AndroidStudioProjects\SafetyApp\.gradle\checksums)" [_thread_blocked, id=6156, stack(0x000000c591bd0000,0x000000c591cd0000)]
  0x000000c5fe828800 JavaThread "Cache worker for cache directory md-supplier (C:\Users\Mega\.gradle\caches\7.0.2\md-supplier)" [_thread_blocked, id=9596, stack(0x000000c591cd0000,0x000000c591dd0000)]
  0x000000c5fe824800 JavaThread "Cache worker for cache directory md-rule (C:\Users\Mega\.gradle\caches\7.0.2\md-rule)" [_thread_blocked, id=7508, stack(0x000000c591fd0000,0x000000c5920d0000)]
  0x000000c5fe829800 JavaThread "Cache worker for execution history cache (C:\Users\Mega\.gradle\caches\7.0.2\executionHistory)" [_thread_blocked, id=8676, stack(0x000000c5920d0000,0x000000c5921d0000)]
  0x000000c5fe82a800 JavaThread "Cache worker for file content cache (C:\Users\Mega\.gradle\caches\7.0.2\fileContent)" [_thread_blocked, id=324, stack(0x000000c592ad0000,0x000000c592bd0000)]
  0x000000c5fe82d800 JavaThread "Cache worker for dependencies-accessors (C:\Users\Mega\AndroidStudioProjects\SafetyApp\.gradle\7.0.2\dependencies-accessors)" [_thread_blocked, id=1276, stack(0x000000c5943d0000,0x000000c5944d0000)]
  0x000000c5fe832800 JavaThread "Cache worker for Build Output Cleanup Cache (C:\Users\Mega\AndroidStudioProjects\SafetyApp\.gradle\buildOutputCleanup)" [_thread_blocked, id=2940, stack(0x000000c592ed0000,0x000000c592fd0000)]
  0x000000c5fe82c800 JavaThread "Build operations" [_thread_blocked, id=9968, stack(0x000000c5948d0000,0x000000c5949d0000)]
  0x000000c5fe831800 JavaThread "Build operations Thread 2" [_thread_blocked, id=3516, stack(0x000000c5949d0000,0x000000c594ad0000)]
  0x000000c5fe995800 JavaThread "Build operations Thread 3" [_thread_blocked, id=4040, stack(0x000000c594ad0000,0x000000c594bd0000)]
  0x000000c5fe996800 JavaThread "Build operations Thread 4" [_thread_blocked, id=9480, stack(0x000000c594bd0000,0x000000c594cd0000)]

Other Threads:
  0x000000c5fae1c000 VMThread "VM Thread" [stack: 0x000000c5fb690000,0x000000c5fb790000] [id=4876]
  0x000000c5fbb1a800 WatcherThread [stack: 0x000000c5fc490000,0x000000c5fc590000] [id=3780]
  0x000000c5efd6f000 GCTaskThread "GC Thread#0" [stack: 0x000000c5ef720000,0x000000c5ef820000] [id=8528]
  0x000000c5fcabc000 GCTaskThread "GC Thread#1" [stack: 0x000000c5fce90000,0x000000c5fcf90000] [id=8644]
=>0x000000c5fda3e000 GCTaskThread "GC Thread#2" [stack: 0x000000c58f900000,0x000000c58fa00000] [id=4492]
  0x000000c5fda71000 GCTaskThread "GC Thread#3" [stack: 0x000000c58fa00000,0x000000c58fb00000] [id=6228]
  0x000000c5efd9f000 ConcurrentGCThread "G1 Main Marker" [stack: 0x000000c5f8450000,0x000000c5f8550000] [id=8324]
  0x000000c5efda0800 ConcurrentGCThread "G1 Conc#0" [stack: 0x000000c5f8550000,0x000000c5f8650000] [id=3308]
  0x000000c5efe1a000 ConcurrentGCThread "G1 Refine#0" [stack: 0x000000c5faa90000,0x000000c5fab90000] [id=10004]
  0x000000c5efe1b000 ConcurrentGCThread "G1 Young RemSet Sampling" [stack: 0x000000c5fab90000,0x000000c5fac90000] [id=844]

Threads with active compile tasks:

VM state:at safepoint (normal execution)

VM Mutex/Monitor currently owned by a thread:  ([mutex/lock_event])
[0x000000c5ed98b220] Threads_lock - owner thread: 0x000000c5fae1c000
[0x000000c5ed98a890] Heap_lock - owner thread: 0x000000c5fd9c0000

Heap address: 0x0000000080000000, size: 2048 MB, Compressed Oops mode: 32-bit
Narrow klass base: 0x0000000000000000, Narrow klass shift: 3
Compressed class space size: 1073741824 Address: 0x0000000100000000

Heap:
 garbage-first heap   total 98304K, used 73343K [0x0000000080000000, 0x0000000100000000)
  region size 1024K, 21 young (21504K), 4 survivors (4096K)
 Metaspace       used 50196K, capacity 51738K, committed 51968K, reserved 1093632K
  class space    used 6373K, capacity 6884K, committed 6912K, reserved 1048576K
Heap Regions: E=young(eden), S=young(survivor), O=old, HS=humongous(starts), HC=humongous(continues), CS=collection set, F=free, A=archive, TAMS=top-at-mark-start (previous, next)
|   0|0x0000000080000000, 0x0000000080100000, 0x0000000080100000|100%| O|  |TAMS 0x0000000080100000, 0x0000000080100000| Untracked 
|   1|0x0000000080100000, 0x0000000080200000, 0x0000000080200000|100%| O|  |TAMS 0x0000000080200000, 0x0000000080200000| Untracked 
|   2|0x0000000080200000, 0x0000000080300000, 0x0000000080300000|100%| O|  |TAMS 0x0000000080300000, 0x0000000080300000| Untracked 
|   3|0x0000000080300000, 0x0000000080400000, 0x0000000080400000|100%|HS|  |TAMS 0x0000000080400000, 0x0000000080400000| Complete 
|   4|0x0000000080400000, 0x0000000080500000, 0x0000000080500000|100%|HC|  |TAMS 0x0000000080500000, 0x0000000080500000| Complete 
|   5|0x0000000080500000, 0x0000000080600000, 0x0000000080600000|100%|HC|  |TAMS 0x0000000080600000, 0x0000000080600000| Complete 
|   6|0x0000000080600000, 0x0000000080700000, 0x0000000080700000|100%| O|  |TAMS 0x0000000080700000, 0x0000000080700000| Untracked 
|   7|0x0000000080700000, 0x0000000080800000, 0x0000000080800000|100%| O|  |TAMS 0x0000000080800000, 0x0000000080800000| Untracked 
|   8|0x0000000080800000, 0x0000000080900000, 0x0000000080900000|100%| O|  |TAMS 0x0000000080900000, 0x0000000080900000| Untracked 
|   9|0x0000000080900000, 0x0000000080a00000, 0x0000000080a00000|100%| O|  |TAMS 0x0000000080a00000, 0x0000000080a00000| Untracked 
|  10|0x0000000080a00000, 0x0000000080b00000, 0x0000000080b00000|100%| O|  |TAMS 0x0000000080b00000, 0x0000000080b00000| Untracked 
|  11|0x0000000080b00000, 0x0000000080c00000, 0x0000000080c00000|100%| O|  |TAMS 0x0000000080c00000, 0x0000000080c00000| Untracked 
|  12|0x0000000080c00000, 0x0000000080d00000, 0x0000000080d00000|100%| O|  |TAMS 0x0000000080d00000, 0x0000000080d00000| Untracked 
|  13|0x0000000080d00000, 0x0000000080e00000, 0x0000000080e00000|100%| O|  |TAMS 0x0000000080e00000, 0x0000000080e00000| Untracked 
|  14|0x0000000080e00000, 0x0000000080f00000, 0x0000000080f00000|100%|HS|  |TAMS 0x0000000080f00000, 0x0000000080f00000| Complete 
|  15|0x0000000080f00000, 0x0000000081000000, 0x0000000081000000|100%|HC|  |TAMS 0x0000000081000000, 0x0000000081000000| Complete 
|  16|0x0000000081000000, 0x0000000081100000, 0x0000000081100000|100%|HS|  |TAMS 0x0000000081100000, 0x0000000081100000| Complete 
|  17|0x0000000081100000, 0x0000000081200000, 0x0000000081200000|100%|HC|  |TAMS 0x0000000081200000, 0x0000000081200000| Complete 
|  18|0x0000000081200000, 0x0000000081300000, 0x0000000081300000|100%|HC|  |TAMS 0x0000000081300000, 0x0000000081300000| Complete 
|  19|0x0000000081300000, 0x0000000081400000, 0x0000000081400000|100%|HS|  |TAMS 0x0000000081400000, 0x0000000081400000| Complete 
|  20|0x0000000081400000, 0x0000000081500000, 0x0000000081500000|100%|HC|  |TAMS 0x0000000081500000, 0x0000000081500000| Complete 
|  21|0x0000000081500000, 0x0000000081600000, 0x0000000081600000|100%|HC|  |TAMS 0x0000000081600000, 0x0000000081600000| Complete 
|  22|0x0000000081600000, 0x0000000081700000, 0x0000000081700000|100%|HC|  |TAMS 0x0000000081700000, 0x0000000081700000| Complete 
|  23|0x0000000081700000, 0x0000000081800000, 0x0000000081800000|100%|HC|  |TAMS 0x0000000081800000, 0x0000000081800000| Complete 
|  24|0x0000000081800000, 0x0000000081900000, 0x0000000081900000|100%| O|  |TAMS 0x0000000081900000, 0x0000000081900000| Untracked 
|  25|0x0000000081900000, 0x0000000081a00000, 0x0000000081a00000|100%| O|  |TAMS 0x0000000081a00000, 0x0000000081a00000| Untracked 
|  26|0x0000000081a00000, 0x0000000081b00000, 0x0000000081b00000|100%| O|  |TAMS 0x0000000081b00000, 0x0000000081b00000| Untracked 
|  27|0x0000000081b00000, 0x0000000081c00000, 0x0000000081c00000|100%| O|  |TAMS 0x0000000081c00000, 0x0000000081c00000| Untracked 
|  28|0x0000000081c00000, 0x0000000081d00000, 0x0000000081d00000|100%| O|  |TAMS 0x0000000081d00000, 0x0000000081d00000| Untracked 
|  29|0x0000000081d00000, 0x0000000081e00000, 0x0000000081e00000|100%| O|  |TAMS 0x0000000081e00000, 0x0000000081e00000| Untracked 
|  30|0x0000000081e00000, 0x0000000081f00000, 0x0000000081f00000|100%| O|  |TAMS 0x0000000081f00000, 0x0000000081f00000| Untracked 
|  31|0x0000000081f00000, 0x0000000082000000, 0x0000000082000000|100%| O|  |TAMS 0x0000000082000000, 0x0000000082000000| Untracked 
|  32|0x0000000082000000, 0x0000000082100000, 0x0000000082100000|100%| O|  |TAMS 0x0000000082100000, 0x0000000082100000| Untracked 
|  33|0x0000000082100000, 0x0000000082200000, 0x0000000082200000|100%| O|  |TAMS 0x0000000082200000, 0x0000000082200000| Untracked 
|  34|0x0000000082200000, 0x0000000082300000, 0x0000000082300000|100%| O|  |TAMS 0x0000000082300000, 0x0000000082300000| Untracked 
|  35|0x0000000082300000, 0x0000000082400000, 0x0000000082400000|100%| O|  |TAMS 0x0000000082400000, 0x0000000082400000| Untracked 
|  36|0x0000000082400000, 0x0000000082500000, 0x0000000082500000|100%| O|  |TAMS 0x0000000082500000, 0x0000000082500000| Untracked 
|  37|0x0000000082500000, 0x0000000082600000, 0x0000000082600000|100%|HS|  |TAMS 0x0000000082600000, 0x0000000082600000| Complete 
|  38|0x0000000082600000, 0x0000000082700000, 0x0000000082700000|100%|HC|  |TAMS 0x0000000082700000, 0x0000000082700000| Complete 
|  39|0x0000000082700000, 0x0000000082800000, 0x0000000082800000|100%|HC|  |TAMS 0x0000000082800000, 0x0000000082800000| Complete 
|  40|0x0000000082800000, 0x0000000082900000, 0x0000000082900000|100%|HC|  |TAMS 0x0000000082900000, 0x0000000082900000| Complete 
|  41|0x0000000082900000, 0x0000000082a00000, 0x0000000082a00000|100%|HC|  |TAMS 0x0000000082a00000, 0x0000000082a00000| Complete 
|  42|0x0000000082a00000, 0x0000000082b00000, 0x0000000082b00000|100%|HS|  |TAMS 0x0000000082b00000, 0x0000000082b00000| Complete 
|  43|0x0000000082b00000, 0x0000000082c00000, 0x0000000082c00000|100%|HC|  |TAMS 0x0000000082c00000, 0x0000000082c00000| Complete 
|  44|0x0000000082c00000, 0x0000000082d00000, 0x0000000082d00000|100%|HC|  |TAMS 0x0000000082d00000, 0x0000000082d00000| Complete 
|  45|0x0000000082d00000, 0x0000000082e00000, 0x0000000082e00000|100%| O|  |TAMS 0x0000000082e00000, 0x0000000082e00000| Untracked 
|  46|0x0000000082e00000, 0x0000000082f00000, 0x0000000082f00000|100%| O|  |TAMS 0x0000000082f00000, 0x0000000082f00000| Untracked 
|  47|0x0000000082f00000, 0x0000000083000000, 0x0000000083000000|100%| O|  |TAMS 0x0000000083000000, 0x0000000083000000| Untracked 
|  48|0x0000000083000000, 0x0000000083100000, 0x0000000083100000|100%| O|  |TAMS 0x0000000083100000, 0x0000000083100000| Untracked 
|  49|0x0000000083100000, 0x0000000083200000, 0x0000000083200000|100%| O|  |TAMS 0x0000000083200000, 0x0000000083200000| Untracked 
|  50|0x0000000083200000, 0x0000000083300000, 0x0000000083300000|100%| O|  |TAMS 0x0000000083300000, 0x0000000083300000| Untracked 
|  51|0x0000000083300000, 0x0000000083400000, 0x0000000083400000|100%| O|  |TAMS 0x0000000083400000, 0x0000000083400000| Untracked 
|  52|0x0000000083400000, 0x0000000083500000, 0x0000000083500000|100%| O|  |TAMS 0x00000000834efa00, 0x0000000083500000| Untracked 
|  53|0x0000000083500000, 0x000000008353b360, 0x0000000083600000| 23%| O|  |TAMS 0x0000000083500000, 0x0000000083600000| Untracked 
|  54|0x0000000083600000, 0x0000000083600000, 0x0000000083700000|  0%| F|  |TAMS 0x0000000083600000, 0x0000000083600000| Untracked 
|  55|0x0000000083700000, 0x0000000083700000, 0x0000000083800000|  0%| F|  |TAMS 0x0000000083700000, 0x0000000083700000| Untracked 
|  56|0x0000000083800000, 0x0000000083800000, 0x0000000083900000|  0%| F|  |TAMS 0x0000000083800000, 0x0000000083800000| Untracked 
|  57|0x0000000083900000, 0x0000000083900000, 0x0000000083a00000|  0%| F|  |TAMS 0x0000000083900000, 0x0000000083900000| Untracked 
|  58|0x0000000083a00000, 0x0000000083a00000, 0x0000000083b00000|  0%| F|  |TAMS 0x0000000083a00000, 0x0000000083a00000| Untracked 
|  59|0x0000000083b00000, 0x0000000083b00000, 0x0000000083c00000|  0%| F|  |TAMS 0x0000000083b00000, 0x0000000083b00000| Untracked 
|  60|0x0000000083c00000, 0x0000000083c00000, 0x0000000083d00000|  0%| F|  |TAMS 0x0000000083c00000, 0x0000000083c00000| Untracked 
|  61|0x0000000083d00000, 0x0000000083d00000, 0x0000000083e00000|  0%| F|  |TAMS 0x0000000083d00000, 0x0000000083d00000| Untracked 
|  62|0x0000000083e00000, 0x0000000083e00000, 0x0000000083f00000|  0%| F|  |TAMS 0x0000000083e00000, 0x0000000083e00000| Untracked 
|  63|0x0000000083f00000, 0x0000000083f00000, 0x0000000084000000|  0%| F|  |TAMS 0x0000000083f00000, 0x0000000083f00000| Untracked 
|  64|0x0000000084000000, 0x0000000084000000, 0x0000000084100000|  0%| F|  |TAMS 0x0000000084000000, 0x0000000084000000| Untracked 
|  65|0x0000000084100000, 0x0000000084100000, 0x0000000084200000|  0%| F|  |TAMS 0x0000000084100000, 0x0000000084100000| Untracked 
|  66|0x0000000084200000, 0x0000000084235ea0, 0x0000000084300000| 21%| E|CS|TAMS 0x0000000084200000, 0x0000000084235ea0| Complete 
|  67|0x0000000084300000, 0x0000000084300000, 0x0000000084400000|  0%| F|  |TAMS 0x0000000084300000, 0x0000000084300000| Untracked 
|  68|0x0000000084400000, 0x0000000084400000, 0x0000000084500000|  0%| F|  |TAMS 0x0000000084400000, 0x0000000084400000| Untracked 
|  69|0x0000000084500000, 0x0000000084500000, 0x0000000084600000|  0%| F|  |TAMS 0x0000000084500000, 0x0000000084500000| Untracked 
|  70|0x0000000084600000, 0x0000000084700000, 0x0000000084700000|100%| E|CS|TAMS 0x0000000084600000, 0x0000000084700000| Complete 
|  71|0x0000000084700000, 0x0000000084800000, 0x0000000084800000|100%| E|CS|TAMS 0x0000000084700000, 0x0000000084800000| Complete 
|  72|0x0000000084800000, 0x0000000084800000, 0x0000000084900000|  0%| F|  |TAMS 0x0000000084800000, 0x0000000084800000| Untracked 
|  73|0x0000000084900000, 0x0000000084900000, 0x0000000084a00000|  0%| F|  |TAMS 0x0000000084900000, 0x0000000084900000| Untracked 
|  74|0x0000000084a00000, 0x0000000084a00000, 0x0000000084b00000|  0%| F|  |TAMS 0x0000000084a00000, 0x0000000084a00000| Untracked 
|  75|0x0000000084b00000, 0x0000000084c00000, 0x0000000084c00000|100%| S|  |TAMS 0x0000000084b00000, 0x0000000084b00000| Complete 
|  76|0x0000000084c00000, 0x0000000084d00000, 0x0000000084d00000|100%| S|  |TAMS 0x0000000084c00000, 0x0000000084c00000| Complete 
|  77|0x0000000084d00000, 0x0000000084e00000, 0x0000000084e00000|100%| S|  |TAMS 0x0000000084d00000, 0x0000000084d00000| Complete 
|  78|0x0000000084e00000, 0x0000000084f00000, 0x0000000084f00000|100%| S|  |TAMS 0x0000000084e00000, 0x0000000084e00000| Complete 
|  79|0x0000000084f00000, 0x0000000084f7a598, 0x0000000085000000| 47%| E|CS|TAMS 0x0000000084f00000, 0x0000000084f7a598| Complete 
|  80|0x0000000085000000, 0x0000000085100000, 0x0000000085100000|100%| E|CS|TAMS 0x0000000085000000, 0x0000000085100000| Complete 
|  81|0x0000000085100000, 0x0000000085200000, 0x0000000085200000|100%| E|CS|TAMS 0x0000000085100000, 0x0000000085200000| Complete 
|  82|0x0000000085200000, 0x0000000085300000, 0x0000000085300000|100%| E|CS|TAMS 0x0000000085200000, 0x0000000085300000| Complete 
|  83|0x0000000085300000, 0x0000000085400000, 0x0000000085400000|100%| E|CS|TAMS 0x0000000085300000, 0x0000000085400000| Complete 
|  84|0x0000000085400000, 0x0000000085500000, 0x0000000085500000|100%| E|CS|TAMS 0x0000000085400000, 0x0000000085500000| Complete 
|  85|0x0000000085500000, 0x0000000085600000, 0x0000000085600000|100%| E|CS|TAMS 0x0000000085500000, 0x0000000085600000| Complete 
|  86|0x0000000085600000, 0x0000000085700000, 0x0000000085700000|100%| E|CS|TAMS 0x0000000085600000, 0x0000000085700000| Complete 
|  87|0x0000000085700000, 0x0000000085800000, 0x0000000085800000|100%| E|CS|TAMS 0x0000000085700000, 0x0000000085800000| Complete 
|  88|0x0000000085800000, 0x0000000085900000, 0x0000000085900000|100%| E|CS|TAMS 0x0000000085800000, 0x0000000085900000| Complete 
|  89|0x0000000085900000, 0x0000000085a00000, 0x0000000085a00000|100%| E|CS|TAMS 0x0000000085900000, 0x0000000085a00000| Complete 
|  90|0x0000000085a00000, 0x0000000085b00000, 0x0000000085b00000|100%| E|CS|TAMS 0x0000000085a00000, 0x0000000085b00000| Complete 
|  91|0x0000000085b00000, 0x0000000085c00000, 0x0000000085c00000|100%| E|CS|TAMS 0x0000000085b00000, 0x0000000085c00000| Complete 
|  92|0x0000000085c00000, 0x0000000085d00000, 0x0000000085d00000|100%| E|CS|TAMS 0x0000000085c00000, 0x0000000085d00000| Complete 
|  93|0x0000000085d00000, 0x0000000085e00000, 0x0000000085e00000|100%| E|CS|TAMS 0x0000000085d00000, 0x0000000085e00000| Complete 
|  94|0x0000000085e00000, 0x0000000085f00000, 0x0000000085f00000|100%| E|CS|TAMS 0x0000000085e00000, 0x0000000085f00000| Complete 
|  95|0x0000000085f00000, 0x0000000086000000, 0x0000000086000000|100%| E|CS|TAMS 0x0000000085f00000, 0x0000000086000000| Complete 

Card table byte_map: [0x000000c5f3c50000,0x000000c5f4050000] _byte_map_base: 0x000000c5f3850000

Marking Bits (Prev, Next): (CMBitMap*) 0x000000c5efd961a0, (CMBitMap*) 0x000000c5efd96168
 Prev Bits: [0x000000c5f6450000, 0x000000c5f8450000)
 Next Bits: [0x000000c5f4450000, 0x000000c5f6450000)

Polling page: 0x000000c5edb80000

Metaspace:

Usage:
  Non-class:     43.80 MB capacity,    42.80 MB ( 98%) used,   898.95 KB (  2%) free+waste,   132.63 KB ( <1%) overhead. 
      Class:      6.72 MB capacity,     6.22 MB ( 93%) used,   447.13 KB (  6%) free+waste,    63.13 KB ( <1%) overhead. 
       Both:     50.53 MB capacity,    49.02 MB ( 97%) used,     1.31 MB (  3%) free+waste,   195.75 KB ( <1%) overhead. 

Virtual space:
  Non-class space:       44.00 MB reserved,      44.00 MB (100%) committed 
      Class space:        1.00 GB reserved,       6.75 MB ( <1%) committed 
             Both:        1.04 GB reserved,      50.75 MB (  5%) committed 

Chunk freelists:
   Non-Class:  10.00 KB
       Class:  0 bytes
        Both:  10.00 KB

MaxMetaspaceSize: 17179869184.00 GB
CompressedClassSpaceSize: 1.00 GB

CodeHeap 'non-profiled nmethods': size=120064Kb used=3190Kb max_used=3190Kb free=116873Kb
 bounds [0x000000c587ac0000, 0x000000c587de0000, 0x000000c58f000000]
CodeHeap 'profiled nmethods': size=120000Kb used=12187Kb max_used=12187Kb free=107812Kb
 bounds [0x000000c580590000, 0x000000c581180000, 0x000000c587ac0000]
CodeHeap 'non-nmethods': size=5696Kb used=2223Kb max_used=2268Kb free=3472Kb
 bounds [0x000000c580000000, 0x000000c580270000, 0x000000c580590000]
 total_blobs=6507 nmethods=5709 adapters=708
 compilation: enabled
              stopped_count=0, restarted_count=0
 full_count=0

Compilation events (20 events):
Event: 65.226 Thread 0x000000c5fae41000 5723       4       org.codehaus.groovy.runtime.metaclass.MetaMethodIndex::copyNonPrivateNonNewMetaMethods (171 bytes)
Event: 65.226 Thread 0x000000c5fae46000 5732       3       sun.reflect.annotation.AnnotationParser$1::run (40 bytes)
Event: 65.230 Thread 0x000000c5fae46000 nmethod 5732 0x000000c581173310 code [0x000000c5811735c0, 0x000000c5811744d8]
Event: 65.231 Thread 0x000000c5fae46000 5733       3       java.util.HashMap$EntrySet::iterator (12 bytes)
Event: 65.232 Thread 0x000000c5fae46000 nmethod 5733 0x000000c581174990 code [0x000000c581174b60, 0x000000c581174dc8]
Event: 65.232 Thread 0x000000c5fae46000 5734       3       java.util.HashMap::entrySet (27 bytes)
Event: 65.233 Thread 0x000000c5fae46000 nmethod 5734 0x000000c581174e90 code [0x000000c581175060, 0x000000c581175438]
Event: 65.235 Thread 0x000000c5fae46000 5735       1       jdk.internal.reflect.ClassFileAssembler::setMaxLocals (6 bytes)
Event: 65.235 Thread 0x000000c5fae46000 nmethod 5735 0x000000c587ddc390 code [0x000000c587ddc540, 0x000000c587ddc5f8]
Event: 65.235 Thread 0x000000c5fae46000 5736       3       jdk.internal.reflect.ClassFileAssembler::opc_new (16 bytes)
Event: 65.236 Thread 0x000000c5fae46000 nmethod 5736 0x000000c581175590 code [0x000000c5811757a0, 0x000000c581175cc8]
Event: 65.237 Thread 0x000000c5fae46000 5737       3       jdk.internal.reflect.ByteVectorFactory::create (8 bytes)
Event: 65.237 Thread 0x000000c5fae46000 nmethod 5737 0x000000c581175f90 code [0x000000c581176160, 0x000000c5811764b8]
Event: 65.238 Thread 0x000000c5fae46000 5738       3       jdk.internal.reflect.ClassFileAssembler::<init> (30 bytes)
Event: 65.238 Thread 0x000000c5fae46000 nmethod 5738 0x000000c581176610 code [0x000000c5811767c0, 0x000000c581176998]
Event: 65.238 Thread 0x000000c5fae46000 5739       3       jdk.internal.reflect.ClassFileAssembler::getMaxLocals (6 bytes)
Event: 65.238 Thread 0x000000c5fae46000 nmethod 5739 0x000000c581176a90 code [0x000000c581176c40, 0x000000c581176d58]
Event: 65.255 Thread 0x000000c5fae41000 nmethod 5723 0x000000c587ddc690 code [0x000000c587ddc880, 0x000000c587ddcdb0]
Event: 65.343 Thread 0x000000c5fae41000 5740       4       java.lang.reflect.Method::getAnnotation (6 bytes)
Event: 65.362 Thread 0x000000c5fae41000 nmethod 5740 0x000000c587ddd190 code [0x000000c587ddd360, 0x000000c587ddd6b8]

GC Heap History (20 events):
Event: 31.473 GC heap after
{Heap after GC invocations=10 (full 0):
 garbage-first heap   total 98304K, used 34163K [0x0000000080000000, 0x0000000100000000)
  region size 1024K, 3 young (3072K), 3 survivors (3072K)
 Metaspace       used 33407K, capacity 34242K, committed 34560K, reserved 1079296K
  class space    used 4432K, capacity 4765K, committed 4864K, reserved 1048576K
}
Event: 32.110 GC heap before
{Heap before GC invocations=10 (full 0):
 garbage-first heap   total 98304K, used 38259K [0x0000000080000000, 0x0000000100000000)
  region size 1024K, 8 young (8192K), 3 survivors (3072K)
 Metaspace       used 34808K, capacity 35706K, committed 35840K, reserved 1081344K
  class space    used 4519K, capacity 4870K, committed 4992K, reserved 1048576K
}
Event: 32.133 GC heap after
{Heap after GC invocations=11 (full 0):
 garbage-first heap   total 98304K, used 34592K [0x0000000080000000, 0x0000000100000000)
  region size 1024K, 3 young (3072K), 3 survivors (3072K)
 Metaspace       used 34808K, capacity 35706K, committed 35840K, reserved 1081344K
  class space    used 4519K, capacity 4870K, committed 4992K, reserved 1048576K
}
Event: 37.674 GC heap before
{Heap before GC invocations=12 (full 0):
 garbage-first heap   total 98304K, used 73504K [0x0000000080000000, 0x0000000100000000)
  region size 1024K, 39 young (39936K), 3 survivors (3072K)
 Metaspace       used 39229K, capacity 40252K, committed 40448K, reserved 1085440K
  class space    used 4972K, capacity 5358K, committed 5376K, reserved 1048576K
}
Event: 37.709 GC heap after
{Heap after GC invocations=13 (full 0):
 garbage-first heap   total 98304K, used 37991K [0x0000000080000000, 0x0000000100000000)
  region size 1024K, 4 young (4096K), 4 survivors (4096K)
 Metaspace       used 39229K, capacity 40252K, committed 40448K, reserved 1085440K
  class space    used 4972K, capacity 5358K, committed 5376K, reserved 1048576K
}
Event: 41.326 GC heap before
{Heap before GC invocations=14 (full 0):
 garbage-first heap   total 98304K, used 73831K [0x0000000080000000, 0x0000000100000000)
  region size 1024K, 39 young (39936K), 4 survivors (4096K)
 Metaspace       used 42243K, capacity 43334K, committed 43520K, reserved 1087488K
  class space    used 5415K, capacity 5813K, committed 5888K, reserved 1048576K
}
Event: 41.350 GC heap after
{Heap after GC invocations=15 (full 0):
 garbage-first heap   total 98304K, used 39067K [0x0000000080000000, 0x0000000100000000)
  region size 1024K, 2 young (2048K), 2 survivors (2048K)
 Metaspace       used 42243K, capacity 43334K, committed 43520K, reserved 1087488K
  class space    used 5415K, capacity 5813K, committed 5888K, reserved 1048576K
}
Event: 50.403 GC heap before
{Heap before GC invocations=15 (full 0):
 garbage-first heap   total 98304K, used 52379K [0x0000000080000000, 0x0000000100000000)
  region size 1024K, 12 young (12288K), 2 survivors (2048K)
 Metaspace       used 42601K, capacity 43747K, committed 44032K, reserved 1087488K
  class space    used 5440K, capacity 5858K, committed 5888K, reserved 1048576K
}
Event: 50.418 GC heap after
{Heap after GC invocations=16 (full 0):
 garbage-first heap   total 98304K, used 46050K [0x0000000080000000, 0x0000000100000000)
  region size 1024K, 4 young (4096K), 4 survivors (4096K)
 Metaspace       used 42601K, capacity 43747K, committed 44032K, reserved 1087488K
  class space    used 5440K, capacity 5858K, committed 5888K, reserved 1048576K
}
Event: 51.970 GC heap before
{Heap before GC invocations=17 (full 0):
 garbage-first heap   total 98304K, used 60386K [0x0000000080000000, 0x0000000100000000)
  region size 1024K, 17 young (17408K), 4 survivors (4096K)
 Metaspace       used 43270K, capacity 44530K, committed 44672K, reserved 1087488K
  class space    used 5513K, capacity 5946K, committed 6016K, reserved 1048576K
}
Event: 51.991 GC heap after
{Heap after GC invocations=18 (full 0):
 garbage-first heap   total 98304K, used 50965K [0x0000000080000000, 0x0000000100000000)
  region size 1024K, 3 young (3072K), 3 survivors (3072K)
 Metaspace       used 43270K, capacity 44530K, committed 44672K, reserved 1087488K
  class space    used 5513K, capacity 5946K, committed 6016K, reserved 1048576K
}
Event: 55.540 GC heap before
{Heap before GC invocations=19 (full 0):
 garbage-first heap   total 98304K, used 77589K [0x0000000080000000, 0x0000000100000000)
  region size 1024K, 28 young (28672K), 3 survivors (3072K)
 Metaspace       used 45009K, capacity 46213K, committed 46336K, reserved 1089536K
  class space    used 5635K, capacity 6057K, committed 6144K, reserved 1048576K
}
Event: 55.557 GC heap after
{Heap after GC invocations=20 (full 0):
 garbage-first heap   total 98304K, used 52655K [0x0000000080000000, 0x0000000100000000)
  region size 1024K, 3 young (3072K), 3 survivors (3072K)
 Metaspace       used 45009K, capacity 46213K, committed 46336K, reserved 1089536K
  class space    used 5635K, capacity 6057K, committed 6144K, reserved 1048576K
}
Event: 57.567 GC heap before
{Heap before GC invocations=20 (full 0):
 garbage-first heap   total 98304K, used 77231K [0x0000000080000000, 0x0000000100000000)
  region size 1024K, 27 young (27648K), 3 survivors (3072K)
 Metaspace       used 46651K, capacity 47874K, committed 48128K, reserved 1091584K
  class space    used 5899K, capacity 6333K, committed 6400K, reserved 1048576K
}
Event: 57.602 GC heap after
{Heap after GC invocations=21 (full 0):
 garbage-first heap   total 98304K, used 54389K [0x0000000080000000, 0x0000000100000000)
  region size 1024K, 2 young (2048K), 2 survivors (2048K)
 Metaspace       used 46651K, capacity 47874K, committed 48128K, reserved 1091584K
  class space    used 5899K, capacity 6333K, committed 6400K, reserved 1048576K
}
Event: 60.124 GC heap before
{Heap before GC invocations=22 (full 0):
 garbage-first heap   total 98304K, used 78965K [0x0000000080000000, 0x0000000100000000)
  region size 1024K, 26 young (26624K), 2 survivors (2048K)
 Metaspace       used 48145K, capacity 49532K, committed 49664K, reserved 1091584K
  class space    used 6158K, capacity 6631K, committed 6656K, reserved 1048576K
}
Event: 60.138 GC heap after
{Heap after GC invocations=23 (full 0):
 garbage-first heap   total 98304K, used 55162K [0x0000000080000000, 0x0000000100000000)
  region size 1024K, 3 young (3072K), 3 survivors (3072K)
 Metaspace       used 48145K, capacity 49532K, committed 49664K, reserved 1091584K
  class space    used 6158K, capacity 6631K, committed 6656K, reserved 1048576K
}
Event: 63.493 GC heap before
{Heap before GC invocations=23 (full 0):
 garbage-first heap   total 98304K, used 79738K [0x0000000080000000, 0x0000000100000000)
  region size 1024K, 27 young (27648K), 3 survivors (3072K)
 Metaspace       used 49707K, capacity 51243K, committed 51456K, reserved 1093632K
  class space    used 6333K, capacity 6835K, committed 6912K, reserved 1048576K
}
Event: 63.513 GC heap after
{Heap after GC invocations=24 (full 0):
 garbage-first heap   total 98304K, used 56470K [0x0000000080000000, 0x0000000100000000)
  region size 1024K, 3 young (3072K), 3 survivors (3072K)
 Metaspace       used 49707K, capacity 51243K, committed 51456K, reserved 1093632K
  class space    used 6333K, capacity 6835K, committed 6912K, reserved 1048576K
}
Event: 65.391 GC heap before
{Heap before GC invocations=25 (full 0):
 garbage-first heap   total 98304K, used 71830K [0x0000000080000000, 0x0000000100000000)
  region size 1024K, 20 young (20480K), 3 survivors (3072K)
 Metaspace       used 50196K, capacity 51738K, committed 51968K, reserved 1093632K
  class space    used 6373K, capacity 6884K, committed 6912K, reserved 1048576K
}

Deoptimization events (20 events):
Event: 63.635 Thread 0x000000c5fe996800 DEOPT PACKING pc=0x000000c580d7a574 sp=0x000000c594ccd950
Event: 63.635 Thread 0x000000c5fe996800 DEOPT UNPACKING pc=0x000000c58002764e sp=0x000000c594cccef0 mode 0
Event: 63.678 Thread 0x000000c5fd9c0000 DEOPT PACKING pc=0x000000c580d7a574 sp=0x000000c58f2f78a0
Event: 63.678 Thread 0x000000c5fd9c0000 DEOPT UNPACKING pc=0x000000c58002764e sp=0x000000c58f2f6e40 mode 0
Event: 63.717 Thread 0x000000c5fe995800 DEOPT PACKING pc=0x000000c580d7a574 sp=0x000000c594bcd390
Event: 63.717 Thread 0x000000c5fe995800 DEOPT UNPACKING pc=0x000000c58002764e sp=0x000000c594bcc930 mode 0
Event: 63.830 Thread 0x000000c5fd9c0000 DEOPT PACKING pc=0x000000c580d7a574 sp=0x000000c58f2f7850
Event: 63.830 Thread 0x000000c5fd9c0000 DEOPT UNPACKING pc=0x000000c58002764e sp=0x000000c58f2f6df0 mode 0
Event: 64.102 Thread 0x000000c5fd9c0000 Uncommon trap: trap_request=0xffffff4d fr.pc=0x000000c587cd9ca4 relative=0x0000000000000264
Event: 64.102 Thread 0x000000c5fd9c0000 Uncommon trap: reason=unstable_if action=reinterpret pc=0x000000c587cd9ca4 method=org.gradle.internal.snapshot.PathUtil.equalChars(CCLorg/gradle/internal/snapshot/CaseSensitivity;)Z @ 40 c2
Event: 64.102 Thread 0x000000c5fd9c0000 DEOPT PACKING pc=0x000000c587cd9ca4 sp=0x000000c58f2f97f0
Event: 64.102 Thread 0x000000c5fd9c0000 DEOPT UNPACKING pc=0x000000c58002782f sp=0x000000c58f2f9780 mode 2
Event: 64.529 Thread 0x000000c5fd9c0000 DEOPT PACKING pc=0x000000c580d7a574 sp=0x000000c58f2fa1d0
Event: 64.529 Thread 0x000000c5fd9c0000 DEOPT UNPACKING pc=0x000000c58002764e sp=0x000000c58f2f9770 mode 0
Event: 64.573 Thread 0x000000c5fd18c000 DEOPT PACKING pc=0x000000c5808c6c7a sp=0x000000c5900fe160
Event: 64.573 Thread 0x000000c5fd18c000 DEOPT UNPACKING pc=0x000000c58002764e sp=0x000000c5900fd598 mode 0
Event: 64.966 Thread 0x000000c5fd18b000 DEOPT PACKING pc=0x000000c58110d20b sp=0x000000c58fbfe5d0
Event: 64.966 Thread 0x000000c5fd18b000 DEOPT UNPACKING pc=0x000000c58002764e sp=0x000000c58fbfda58 mode 0
Event: 65.066 Thread 0x000000c5fd9c0000 DEOPT PACKING pc=0x000000c5811655f1 sp=0x000000c58f2f9e50
Event: 65.066 Thread 0x000000c5fd9c0000 DEOPT UNPACKING pc=0x000000c58002764e sp=0x000000c58f2f9348 mode 0

Classes redefined (0 events):
No events

Internal exceptions (20 events):
Event: 58.500 Thread 0x000000c5fd9c0000 Exception <a 'java/lang/ClassNotFoundException'{0x00000000859fa180}: org/gradle/tooling/provider/model/internal/DefaultToolingModelBuilderRegistryBeanInfo> (0x00000000859fa180) thrown at [./src/hotspot/share/classfile/systemDictionary.cpp, line 231]
Event: 58.503 Thread 0x000000c5fd9c0000 Exception <a 'java/lang/ClassNotFoundException'{0x0000000085816658}: org/gradle/tooling/provider/model/internal/DefaultToolingModelBuilderRegistryCustomizer> (0x0000000085816658) thrown at [./src/hotspot/share/classfile/systemDictionary.cpp, line 231]
Event: 58.536 Thread 0x000000c5fd9c0000 Exception <a 'java/lang/ClassNotFoundException'{0x00000000857b6b28}: org/codehaus/groovy/reflection/CachedFieldBeanInfo> (0x00000000857b6b28) thrown at [./src/hotspot/share/classfile/systemDictionary.cpp, line 231]
Event: 58.539 Thread 0x000000c5fd9c0000 Exception <a 'java/lang/ClassNotFoundException'{0x00000000857d7ed8}: groovy/lang/MetaPropertyBeanInfo> (0x00000000857d7ed8) thrown at [./src/hotspot/share/classfile/systemDictionary.cpp, line 231]
Event: 58.542 Thread 0x000000c5fd9c0000 Exception <a 'java/lang/ClassNotFoundException'{0x00000000857f9d30}: groovy/lang/MetaPropertyCustomizer> (0x00000000857f9d30) thrown at [./src/hotspot/share/classfile/systemDictionary.cpp, line 231]
Event: 58.561 Thread 0x000000c5fd9c0000 Exception <a 'java/lang/ClassNotFoundException'{0x0000000085583ac8}: org/codehaus/groovy/reflection/CachedFieldCustomizer> (0x0000000085583ac8) thrown at [./src/hotspot/share/classfile/systemDictionary.cpp, line 231]
Event: 58.712 Thread 0x000000c5fd9c0000 Exception <a 'java/lang/ClassNotFoundException'{0x00000000854aa380}: java/util/ArrayListBeanInfo> (0x00000000854aa380) thrown at [./src/hotspot/share/classfile/systemDictionary.cpp, line 231]
Event: 58.713 Thread 0x000000c5fd9c0000 Exception <a 'java/lang/ClassNotFoundException'{0x00000000854b5178}: java/util/AbstractListBeanInfo> (0x00000000854b5178) thrown at [./src/hotspot/share/classfile/systemDictionary.cpp, line 231]
Event: 58.714 Thread 0x000000c5fd9c0000 Exception <a 'java/lang/ClassNotFoundException'{0x00000000854c0228}: java/util/AbstractListCustomizer> (0x00000000854c0228) thrown at [./src/hotspot/share/classfile/systemDictionary.cpp, line 231]
Event: 58.719 Thread 0x000000c5fd9c0000 Exception <a 'java/lang/ClassNotFoundException'{0x00000000854d5cf0}: java/util/ArrayListCustomizer> (0x00000000854d5cf0) thrown at [./src/hotspot/share/classfile/systemDictionary.cpp, line 231]
Event: 58.740 Thread 0x000000c5fd9c0000 Exception <a 'java/lang/ClassNotFoundException'{0x000000008535ac90}: java/util/CollectionBeanInfo> (0x000000008535ac90) thrown at [./src/hotspot/share/classfile/systemDictionary.cpp, line 231]
Event: 58.742 Thread 0x000000c5fd9c0000 Exception <a 'java/lang/ClassNotFoundException'{0x0000000085365d00}: java/util/CollectionCustomizer> (0x0000000085365d00) thrown at [./src/hotspot/share/classfile/systemDictionary.cpp, line 231]
Event: 58.917 Thread 0x000000c5fd9c0000 Implicit null exception at 0x000000c587aedbf8 to 0x000000c587aedc8a
Event: 59.706 Thread 0x000000c5fd9c0000 Exception <a 'java/lang/ClassNotFoundException'{0x0000000084cacc20}: build_ber78s9xd27sn98hegk1gjoz9BeanInfo> (0x0000000084cacc20) thrown at [./src/hotspot/share/classfile/systemDictionary.cpp, line 231]
Event: 59.708 Thread 0x000000c5fd9c0000 Exception <a 'java/lang/ClassNotFoundException'{0x0000000084cc2ce8}: org/gradle/api/internal/project/ProjectScriptBeanInfo> (0x0000000084cc2ce8) thrown at [./src/hotspot/share/classfile/systemDictionary.cpp, line 231]
Event: 59.710 Thread 0x000000c5fd9c0000 Exception <a 'java/lang/ClassNotFoundException'{0x0000000084cd8d00}: org/gradle/api/internal/project/ProjectScriptCustomizer> (0x0000000084cd8d00) thrown at [./src/hotspot/share/classfile/systemDictionary.cpp, line 231]
Event: 59.714 Thread 0x000000c5fd9c0000 Exception <a 'java/lang/ClassNotFoundException'{0x0000000084cf3ef0}: build_ber78s9xd27sn98hegk1gjoz9Customizer> (0x0000000084cf3ef0) thrown at [./src/hotspot/share/classfile/systemDictionary.cpp, line 231]
Event: 63.418 Thread 0x000000c5fd9c0000 Exception <a 'java/lang/NoSuchMethodError'{0x00000000849ea2b8}: 'void java.lang.invoke.DirectMethodHandle$Holder.invokeStatic(java.lang.Object, java.lang.Object, java.lang.Object, int, java.lang.Object)'> (0x00000000849ea2b8) thrown at [./src/hotspot/share/interpreter/linkResolver.cpp, line 773]
Event: 65.152 Thread 0x000000c5fd9c0000 Exception <a 'java/lang/ClassNotFoundException'{0x0000000085140898}: build_ber78s9xd27sn98hegk1gjoz9BeanInfo> (0x0000000085140898) thrown at [./src/hotspot/share/classfile/systemDictionary.cpp, line 231]
Event: 65.153 Thread 0x000000c5fd9c0000 Exception <a 'java/lang/ClassNotFoundException'{0x000000008514b760}: build_ber78s9xd27sn98hegk1gjoz9Customizer> (0x000000008514b760) thrown at [./src/hotspot/share/classfile/systemDictionary.cpp, line 231]

Events (20 events):
Event: 65.341 loading class org/gradle/api/internal/project/taskfactory/DefaultTaskClassInfoStore$StandardTaskActionFactory done
Event: 65.361 loading class org/gradle/api/internal/project/taskfactory/StandardTaskAction
Event: 65.361 loading class org/gradle/api/internal/project/taskfactory/StandardTaskAction done
Event: 65.364 loading class groovy/runtime/metaclass/org/gradle/api/tasks/Delete_DecoratedMetaClass
Event: 65.364 loading class groovy/runtime/metaclass/org/gradle/api/tasks/Delete_DecoratedMetaClass done
Event: 65.373 loading class org/gradle/api/tasks/Delete_DecoratedBeanInfo
Event: 65.373 loading class org/gradle/api/tasks/Delete_DecoratedBeanInfo done
Event: 65.374 loading class org/gradle/api/tasks/Delete_DecoratedBeanInfo
Event: 65.374 loading class org/gradle/api/tasks/Delete_DecoratedBeanInfo done
Event: 65.374 loading class org/gradle/api/tasks/Delete_DecoratedBeanInfo
Event: 65.374 loading class org/gradle/api/tasks/Delete_DecoratedBeanInfo done
Event: 65.388 Executing VM operation: RevokeBias
Event: 65.389 Executing VM operation: RevokeBias done
Event: 65.389 Executing VM operation: RevokeBias
Event: 65.389 Executing VM operation: RevokeBias done
Event: 65.389 Executing VM operation: RevokeBias
Event: 65.390 Executing VM operation: RevokeBias done
Event: 65.390 Executing VM operation: RevokeBias
Event: 65.391 Executing VM operation: RevokeBias done
Event: 65.391 Executing VM operation: G1CollectForAllocation


Dynamic libraries:
0x00007ff7ca2c0000 - 0x00007ff7ca2ca000 	C:\Program Files\Android\Android Studio\jre\bin\java.exe
0x00007ffe2c5c0000 - 0x00007ffe2c781000 	C:\Windows\SYSTEM32\ntdll.dll
0x00007ffe2a5d0000 - 0x00007ffe2a67d000 	C:\Windows\system32\KERNEL32.DLL
0x00007ffe29360000 - 0x00007ffe2953d000 	C:\Windows\system32\KERNELBASE.dll
0x00007ffe21690000 - 0x00007ffe216a9000 	C:\Program Files\Android\Android Studio\jre\bin\jli.dll
0x00007ffe2c2c0000 - 0x00007ffe2c40e000 	C:\Windows\system32\USER32.dll
0x00007ffe2c420000 - 0x00007ffe2c5a6000 	C:\Windows\system32\GDI32.dll
0x00007ffe21670000 - 0x00007ffe21687000 	C:\Program Files\Android\Android Studio\jre\bin\VCRUNTIME140.dll
0x00007ffe24950000 - 0x00007ffe24a42000 	C:\Windows\SYSTEM32\ucrtbase.dll
0x00007ffe1edd0000 - 0x00007ffe1f044000 	C:\Windows\WinSxS\amd64_microsoft.windows.common-controls_6595b64144ccf1df_6.0.10240.16384_none_f41f7b285750ef43\COMCTL32.dll
0x00007ffe2a680000 - 0x00007ffe2a71d000 	C:\Windows\system32\msvcrt.dll
0x00007ffe2a320000 - 0x00007ffe2a356000 	C:\Windows\system32\IMM32.DLL
0x00007ffe2a410000 - 0x00007ffe2a56c000 	C:\Windows\system32\MSCTF.dll
0x00007ffe1ded0000 - 0x00007ffe1df6d000 	C:\Program Files\Android\Android Studio\jre\bin\msvcp140.dll
0x00007ffe0c3b0000 - 0x00007ffe0ce7f000 	C:\Program Files\Android\Android Studio\jre\bin\server\jvm.dll
0x00007ffe2a360000 - 0x00007ffe2a406000 	C:\Windows\system32\ADVAPI32.dll
0x00007ffe29cf0000 - 0x00007ffe29d4b000 	C:\Windows\system32\sechost.dll
0x00007ffe2a960000 - 0x00007ffe2aa86000 	C:\Windows\system32\RPCRT4.dll
0x00007ffe2c5b0000 - 0x00007ffe2c5b8000 	C:\Windows\system32\PSAPI.DLL
0x00007ffe24af0000 - 0x00007ffe24af9000 	C:\Windows\SYSTEM32\WSOCK32.dll
0x00007ffe29fd0000 - 0x00007ffe2a039000 	C:\Windows\system32\WS2_32.dll
0x00007ffe2c410000 - 0x00007ffe2c418000 	C:\Windows\system32\NSI.dll
0x00007ffe1a620000 - 0x00007ffe1a643000 	C:\Windows\SYSTEM32\WINMM.dll
0x00007ffe1dad0000 - 0x00007ffe1dada000 	C:\Windows\SYSTEM32\VERSION.dll
0x00007ffe1a5f0000 - 0x00007ffe1a61c000 	C:\Windows\SYSTEM32\WINMMBASE.dll
0x00007ffe29090000 - 0x00007ffe290d4000 	C:\Windows\system32\cfgmgr32.dll
0x00007ffe27960000 - 0x00007ffe27987000 	C:\Windows\SYSTEM32\DEVOBJ.dll
0x00007ffe29010000 - 0x00007ffe2901f000 	C:\Windows\system32\kernel.appcore.dll
0x00007ffe23cf0000 - 0x00007ffe23d01000 	C:\Program Files\Android\Android Studio\jre\bin\verify.dll
0x00007ffe1e120000 - 0x00007ffe1e2aa000 	C:\Windows\SYSTEM32\DBGHELP.DLL
0x00007ffe1df70000 - 0x00007ffe1df95000 	C:\Windows\SYSTEM32\dbgcore.DLL
0x00007ffe23cc0000 - 0x00007ffe23ce9000 	C:\Program Files\Android\Android Studio\jre\bin\java.dll
0x00007ffe23cb0000 - 0x00007ffe23cbb000 	C:\Program Files\Android\Android Studio\jre\bin\jimage.dll
0x00007ffe23c90000 - 0x00007ffe23ca8000 	C:\Program Files\Android\Android Studio\jre\bin\zip.dll
0x00007ffe2ace0000 - 0x00007ffe2c202000 	C:\Windows\system32\SHELL32.dll
0x00007ffe29540000 - 0x00007ffe29b69000 	C:\Windows\system32\windows.storage.dll
0x00007ffe2a0a0000 - 0x00007ffe2a31c000 	C:\Windows\system32\combase.dll
0x00007ffe2a570000 - 0x00007ffe2a5c1000 	C:\Windows\system32\shlwapi.dll
0x00007ffe29b70000 - 0x00007ffe29c23000 	C:\Windows\system32\shcore.dll
0x00007ffe29020000 - 0x00007ffe2906a000 	C:\Windows\system32\powrprof.dll
0x00007ffe29070000 - 0x00007ffe29083000 	C:\Windows\system32\profapi.dll
0x00007ffe23c70000 - 0x00007ffe23c8a000 	C:\Program Files\Android\Android Studio\jre\bin\net.dll
0x00007ffe26050000 - 0x00007ffe26126000 	C:\Windows\SYSTEM32\WINHTTP.dll
0x00007ffe28800000 - 0x00007ffe2885d000 	C:\Windows\system32\mswsock.dll
0x00007ffe23c50000 - 0x00007ffe23c64000 	C:\Program Files\Android\Android Studio\jre\bin\nio.dll
0x00007ffe21870000 - 0x00007ffe21897000 	C:\Users\Mega\.gradle\native\8bec1ad78214c89d9ad589b4d07fe93259594b29d510b10fafb7a158f7737e5d\windows-amd64\native-platform.dll
0x00007ffe109f0000 - 0x00007ffe10b2d000 	C:\Users\Mega\.gradle\native\53dbd7edfb1c66fb8903c78663c9afc45aea4f116125fa6feffd364cf09443e8\windows-amd64\native-platform-file-events.dll
0x00007ffe23c40000 - 0x00007ffe23c4a000 	C:\Program Files\Android\Android Studio\jre\bin\management.dll
0x00007ffe23c30000 - 0x00007ffe23c3c000 	C:\Program Files\Android\Android Studio\jre\bin\management_ext.dll
0x00007ffe28860000 - 0x00007ffe28877000 	C:\Windows\SYSTEM32\CRYPTSP.dll
0x00007ffe28f20000 - 0x00007ffe28f48000 	C:\Windows\SYSTEM32\bcrypt.dll
0x00007ffe284b0000 - 0x00007ffe284e3000 	C:\Windows\system32\rsaenh.dll
0x00007ffe285a0000 - 0x00007ffe285bf000 	C:\Windows\SYSTEM32\USERENV.dll
0x00007ffe28e10000 - 0x00007ffe28e7b000 	C:\Windows\system32\bcryptprimitives.dll
0x00007ffe289b0000 - 0x00007ffe289bb000 	C:\Windows\SYSTEM32\CRYPTBASE.dll
0x00007ffe26a30000 - 0x00007ffe26a68000 	C:\Windows\SYSTEM32\IPHLPAPI.DLL
0x00007ffe26a20000 - 0x00007ffe26a2b000 	C:\Windows\SYSTEM32\WINNSI.DLL
0x00007ffe26210000 - 0x00007ffe26226000 	C:\Windows\SYSTEM32\dhcpcsvc6.DLL
0x00007ffe261f0000 - 0x00007ffe2620a000 	C:\Windows\SYSTEM32\dhcpcsvc.DLL

dbghelp: loaded successfully - version: 4.0.5 - missing functions: none
symbol engine: initialized successfully - sym options: 0x614 - pdb path: .;C:\Program Files\Android\Android Studio\jre\bin;C:\Windows\SYSTEM32;C:\Windows\WinSxS\amd64_microsoft.windows.common-controls_6595b64144ccf1df_6.0.10240.16384_none_f41f7b285750ef43;C:\Program Files\Android\Android Studio\jre\bin\server;C:\Users\Mega\.gradle\native\8bec1ad78214c89d9ad589b4d07fe93259594b29d510b10fafb7a158f7737e5d\windows-amd64;C:\Users\Mega\.gradle\native\53dbd7edfb1c66fb8903c78663c9afc45aea4f116125fa6feffd364cf09443e8\windows-amd64

VM Arguments:
jvm_args: --add-opens=java.base/java.util=ALL-UNNAMED --add-opens=java.base/java.lang=ALL-UNNAMED --add-opens=java.base/java.lang.invoke=ALL-UNNAMED --add-opens=java.base/java.util=ALL-UNNAMED --add-opens=java.prefs/java.util.prefs=ALL-UNNAMED --add-opens=java.prefs/java.util.prefs=ALL-UNNAMED --add-opens=java.base/java.nio.charset=ALL-UNNAMED --add-opens=java.base/java.net=ALL-UNNAMED --add-opens=java.base/java.util.concurrent.atomic=ALL-UNNAMED -Xmx2048m -Dfile.encoding=UTF-8 -Duser.country=US -Duser.language=en -Duser.variant 
java_command: org.gradle.launcher.daemon.bootstrap.GradleDaemon 7.0.2
java_class_path (initial): C:\Users\Mega\.gradle\wrapper\dists\gradle-7.0.2-bin\857tjihv64xamwrf0h14cai3r\gradle-7.0.2\lib\gradle-launcher-7.0.2.jar
Launcher Type: SUN_STANDARD

[Global flags]
     intx CICompilerCount                          = 3                                         {product} {ergonomic}
     uint ConcGCThreads                            = 1                                         {product} {ergonomic}
     uint G1ConcRefinementThreads                  = 4                                         {product} {ergonomic}
   size_t G1HeapRegionSize                         = 1048576                                   {product} {ergonomic}
    uintx GCDrainStackTargetSize                   = 64                                        {product} {ergonomic}
   size_t InitialHeapSize                          = 100663296                                 {product} {ergonomic}
   size_t MarkStackSize                            = 4194304                                   {product} {ergonomic}
   size_t MaxHeapSize                              = 2147483648                                {product} {command line}
   size_t MaxNewSize                               = 1287651328                                {product} {ergonomic}
   size_t MinHeapDeltaBytes                        = 1048576                                   {product} {ergonomic}
    uintx NonNMethodCodeHeapSize                   = 5830732                                {pd product} {ergonomic}
    uintx NonProfiledCodeHeapSize                  = 122913754                              {pd product} {ergonomic}
    uintx ProfiledCodeHeapSize                     = 122913754                              {pd product} {ergonomic}
    uintx ReservedCodeCacheSize                    = 251658240                              {pd product} {ergonomic}
     bool SegmentedCodeCache                       = true                                      {product} {ergonomic}
     bool UseCompressedClassPointers               = true                                 {lp64_product} {ergonomic}
     bool UseCompressedOops                        = true                                 {lp64_product} {ergonomic}
     bool UseG1GC                                  = true                                      {product} {ergonomic}
     bool UseLargePagesIndividualAllocation        = false                                  {pd product} {ergonomic}

Logging:
Log output configuration:
 #0: stdout all=warning uptime,level,tags
 #1: stderr all=off uptime,level,tags

Environment Variables:
JAVA_HOME=C:\Program Files\Android\Android Studio\jre
PATH=C:\Program Files (x86)\Common Files\Oracle\Java\javapath;C:\Program Files (x86)\Common Files\Intel\Shared Libraries\ia32;C:\Program Files (x86)\Common Files\Intel\Shared Libraries\intel64;C:\Program Files (x86)\Common Files\Intel\Shared Libraries\;C:\Program Files (x86)\VMware\VMware Player\bin\;C:\Windows\system32;C:\Windows;C:\Windows\System32\Wbem;C:\Windows\System32\WindowsPowerShell\v1.0\;C:\xamp\php;C:\composer;C:\Program Files\nodejs\;C:\ProgramData\chocolatey\bin;C:\Program Files\Git\cmd;C:\Program Files\PuTTY\;C:\apache-maven-4.0.0-alpha-3\bin;C:\Users\Mega\AppData\Roaming\Composer\vendor\bin;C:\Users\Mega\AppData\Local\Programs\Microsoft VS Code\bin;C:\Users\Mega\AppData\Roaming\npm;C:\Program Files\MongoDB\Server\5.0\bin;C:\Program Files\Android\Android Studio\jre\bin;C:\Users\Mega\AppData\Local\android\sdk\tools
USERNAME=Mega
OS=Windows_NT
PROCESSOR_IDENTIFIER=Intel64 Family 6 Model 42 Stepping 7, GenuineIntel



---------------  S Y S T E M  ---------------

OS: Windows 10 , 64 bit Build 10240 (10.0.10240.16384)
OS uptime: 0 days 5:38 hours

CPU:total 4 (initial active 4) (2 cores per cpu, 2 threads per core) family 6 model 42 stepping 7 microcode 0x29, cmov, cx8, fxsr, mmx, sse, sse2, sse3, ssse3, sse4.1, sse4.2, popcnt, avx, clmul, ht, tsc, tscinvbit

Memory: 4k page, system-wide physical 6091M (2042M free)
TotalPageFile size 9629M (AvailPageFile size 4595M)
current process WorkingSet (physical memory assigned to process): 245M, peak: 260M
current process commit charge ("private bytes"): 275M, peak: 289M

vm_info: OpenJDK 64-Bit Server VM (11.0.10+0-b96-7249189) for windows-amd64 JRE (11.0.10+0-b96-7249189), built on Mar 31 2021 21:44:00 by "builder" with MS VC++ 14.0 (VS2015)

END.
