#
# There is insufficient memory for the Java Runtime Environment to continue.
# Native memory allocation (malloc) failed to allocate 1865616 bytes for Chunk::new
# Possible reasons:
#   The system is out of physical RAM or swap space
#   The process is running with CompressedOops enabled, and the Java Heap may be blocking the growth of the native heap
# Possible solutions:
#   Reduce memory load on the system
#   Increase physical memory or swap space
#   Check if swap backing store is full
#   Decrease Java heap size (-Xmx/-Xms)
#   Decrease number of Java threads
#   Decrease Java thread stack sizes (-Xss)
#   Set larger code cache with -XX:ReservedCodeCacheSize=
#   JVM is running with Unscaled Compressed Oops mode in which the Java heap is
#     placed in the first 4GB address space. The Java Heap base address is the
#     maximum limit for the native heap growth. Please use -XX:HeapBaseMinAddress
#     to set the Java Heap base and to place the Java Heap above 4GB virtual address.
# This output file may be truncated or incomplete.
#
#  Out of Memory Error (./src/hotspot/share/memory/arena.cpp:197), pid=6204, tid=2624
#
# JRE version: OpenJDK Runtime Environment (11.0.10) (build 11.0.10+0-b96-7249189)
# Java VM: OpenJDK 64-Bit Server VM (11.0.10+0-b96-7249189, mixed mode, tiered, compressed oops, g1 gc, windows-amd64)
# No core dump will be written. Minidumps are not enabled by default on client versions of Windows
#

---------------  S U M M A R Y ------------

Command Line: --add-opens=java.base/java.util=ALL-UNNAMED --add-opens=java.base/java.lang=ALL-UNNAMED --add-opens=java.base/java.lang.invoke=ALL-UNNAMED --add-opens=java.base/java.util=ALL-UNNAMED --add-opens=java.prefs/java.util.prefs=ALL-UNNAMED --add-opens=java.prefs/java.util.prefs=ALL-UNNAMED --add-opens=java.base/java.nio.charset=ALL-UNNAMED --add-opens=java.base/java.net=ALL-UNNAMED --add-opens=java.base/java.util.concurrent.atomic=ALL-UNNAMED -Xmx2048m -Dfile.encoding=UTF-8 -Duser.country=US -Duser.language=en -Duser.variant org.gradle.launcher.daemon.bootstrap.GradleDaemon 7.0.2

Host: Intel(R) Core(TM) i3-2330M CPU @ 2.20GHz, 4 cores, 5G,  Windows 10 , 64 bit Build 10240 (10.0.10240.17113)
Time: Sat May 13 23:49:49 2023 Pacific Standard Time elapsed time: 111.907518 seconds (0d 0h 1m 51s)

---------------  T H R E A D  ---------------

Current thread (0x000000f85f0d2800):  JavaThread "C2 CompilerThread0" daemon [_thread_in_native, id=2624, stack(0x000000f860400000,0x000000f860500000)]


Current CompileTask:
C2: 111907 8199       4       groovy.lang.MetaClassImpl$1MOPIter::methodNameAction (325 bytes)

Stack: [0x000000f860400000,0x000000f860500000]
Native frames: (J=compiled Java code, j=interpreted, Vv=VM code, C=native code)
V  [jvm.dll+0x5ecfaa]
V  [jvm.dll+0x722bd5]
V  [jvm.dll+0x72412d]
V  [jvm.dll+0x7247e3]
V  [jvm.dll+0x242928]
V  [jvm.dll+0xbc4fc]
V  [jvm.dll+0xbca0c]
V  [jvm.dll+0x352d7d]
V  [jvm.dll+0x320ad3]
V  [jvm.dll+0x31ffca]
V  [jvm.dll+0x1fb602]
V  [jvm.dll+0x1fa7f4]
V  [jvm.dll+0x18354c]
V  [jvm.dll+0x208ee7]
V  [jvm.dll+0x207731]
V  [jvm.dll+0x6eb1cf]
V  [jvm.dll+0x6e3d45]
V  [jvm.dll+0x5ebe96]
C  [ucrtbase.dll+0x6829d]
C  [KERNEL32.DLL+0x12d92]
C  [ntdll.dll+0x9f64]


---------------  P R O C E S S  ---------------

Threads class SMR info:
_java_thread_list=0x000000f86869fe90, length=42, elements={
0x000000f844fd8800, 0x000000f85f0b7800, 0x000000f85f0b9000, 0x000000f85fd43800,
0x000000f85f0d1000, 0x000000f85f0d1800, 0x000000f85f0d2800, 0x000000f85f0d8000,
0x000000f85fd6e000, 0x000000f85fe57000, 0x000000f8620d8800, 0x000000f862103000,
0x000000f861918000, 0x000000f861af5800, 0x000000f861624000, 0x000000f86137c800,
0x000000f8618ee000, 0x000000f85fd5b000, 0x000000f861219000, 0x000000f86121d000,
0x000000f861219800, 0x000000f86121a800, 0x000000f86121b800, 0x000000f86121c000,
0x000000f861217800, 0x000000f861218000, 0x000000f86121e000, 0x000000f862b0b000,
0x000000f862b08800, 0x000000f862b0c800, 0x000000f862b0e000, 0x000000f862b0d800,
0x000000f862b0f000, 0x000000f862b10000, 0x000000f862b0a000, 0x000000f862b10800,
0x000000f862b14000, 0x000000f862b15800, 0x000000f862b11800, 0x000000f862b15000,
0x000000f862b13000, 0x000000f862b12800
}

Java Threads: ( => current thread )
  0x000000f844fd8800 JavaThread "main" [_thread_blocked, id=976, stack(0x000000f8446c0000,0x000000f8447c0000)]
  0x000000f85f0b7800 JavaThread "Reference Handler" daemon [_thread_blocked, id=4776, stack(0x000000f85fa20000,0x000000f85fb20000)]
  0x000000f85f0b9000 JavaThread "Finalizer" daemon [_thread_blocked, id=4568, stack(0x000000f85fb20000,0x000000f85fc20000)]
  0x000000f85fd43800 JavaThread "Signal Dispatcher" daemon [_thread_blocked, id=2196, stack(0x000000f860100000,0x000000f860200000)]
  0x000000f85f0d1000 JavaThread "Attach Listener" daemon [_thread_blocked, id=8096, stack(0x000000f860200000,0x000000f860300000)]
  0x000000f85f0d1800 JavaThread "Service Thread" daemon [_thread_blocked, id=3788, stack(0x000000f860300000,0x000000f860400000)]
=>0x000000f85f0d2800 JavaThread "C2 CompilerThread0" daemon [_thread_in_native, id=2624, stack(0x000000f860400000,0x000000f860500000)]
  0x000000f85f0d8000 JavaThread "C1 CompilerThread0" daemon [_thread_blocked, id=2944, stack(0x000000f860500000,0x000000f860600000)]
  0x000000f85fd6e000 JavaThread "Sweeper thread" daemon [_thread_blocked, id=2108, stack(0x000000f860600000,0x000000f860700000)]
  0x000000f85fe57000 JavaThread "Common-Cleaner" daemon [_thread_blocked, id=6784, stack(0x000000f860700000,0x000000f860800000)]
  0x000000f8620d8800 JavaThread "Daemon health stats" [_thread_blocked, id=2760, stack(0x000000f8623d0000,0x000000f8624d0000)]
  0x000000f862103000 JavaThread "Incoming local TCP Connector on port 50573" [_thread_in_native, id=6020, stack(0x000000f863be0000,0x000000f863ce0000)]
  0x000000f861918000 JavaThread "Daemon periodic checks" [_thread_blocked, id=1112, stack(0x000000f863fc0000,0x000000f8640c0000)]
  0x000000f861af5800 JavaThread "Daemon" [_thread_blocked, id=3140, stack(0x000000f8640c0000,0x000000f8641c0000)]
  0x000000f861624000 JavaThread "Handler for socket connection from /127.0.0.1:50573 to /127.0.0.1:50574" [_thread_in_native, id=3672, stack(0x000000f8641c0000,0x000000f8642c0000)]
  0x000000f86137c800 JavaThread "Cancel handler" [_thread_blocked, id=7308, stack(0x000000f8642c0000,0x000000f8643c0000)]
  0x000000f8618ee000 JavaThread "Daemon worker" [_thread_blocked, id=5512, stack(0x000000f8643c0000,0x000000f8644c0000)]
  0x000000f85fd5b000 JavaThread "Asynchronous log dispatcher for DefaultDaemonConnection: socket connection from /127.0.0.1:50573 to /127.0.0.1:50574" [_thread_blocked, id=5464, stack(0x000000f8644c0000,0x000000f8645c0000)]
  0x000000f861219000 JavaThread "Daemon client event forwarder" [_thread_blocked, id=3388, stack(0x000000f8646c0000,0x000000f8647c0000)]
  0x000000f86121d000 JavaThread "Cache worker for file hash cache (C:\Users\Mega\.gradle\caches\7.0.2\fileHashes)" [_thread_blocked, id=3320, stack(0x000000f864cc0000,0x000000f864dc0000)]
  0x000000f861219800 JavaThread "File lock request listener" [_thread_in_native, id=5720, stack(0x000000f864dc0000,0x000000f864ec0000)]
  0x000000f86121a800 JavaThread "File lock release action executor" [_thread_blocked, id=7096, stack(0x000000f864ec0000,0x000000f864fc0000)]
  0x000000f86121b800 JavaThread "Cache worker for journal cache (C:\Users\Mega\.gradle\caches\journal-1)" [_thread_blocked, id=5636, stack(0x000000f8651c0000,0x000000f8652c0000)]
  0x000000f86121c000 JavaThread "Cache worker for file hash cache (C:\Users\Mega\AndroidStudioProjects\WnE\.gradle\7.0.2\fileHashes)" [_thread_blocked, id=6588, stack(0x000000f866490000,0x000000f866590000)]
  0x000000f861217800 JavaThread "File watcher server" daemon [_thread_in_native, id=3960, stack(0x000000f866590000,0x000000f866690000)]
  0x000000f861218000 JavaThread "File watcher consumer" daemon [_thread_blocked, id=6032, stack(0x000000f866690000,0x000000f866790000)]
  0x000000f86121e000 JavaThread "Cache worker for checksums cache (C:\Users\Mega\AndroidStudioProjects\WnE\.gradle\checksums)" [_thread_blocked, id=3752, stack(0x000000f866990000,0x000000f866a90000)]
  0x000000f862b0b000 JavaThread "Cache worker for cache directory md-supplier (C:\Users\Mega\.gradle\caches\7.0.2\md-supplier)" [_thread_blocked, id=4636, stack(0x000000f866a90000,0x000000f866b90000)]
  0x000000f862b08800 JavaThread "Cache worker for cache directory md-rule (C:\Users\Mega\.gradle\caches\7.0.2\md-rule)" [_thread_blocked, id=5620, stack(0x000000f866d90000,0x000000f866e90000)]
  0x000000f862b0c800 JavaThread "Cache worker for execution history cache (C:\Users\Mega\.gradle\caches\7.0.2\executionHistory)" [_thread_blocked, id=7920, stack(0x000000f866e90000,0x000000f866f90000)]
  0x000000f862b0e000 JavaThread "jar transforms" [_thread_blocked, id=4500, stack(0x000000f842c00000,0x000000f842d00000)]
  0x000000f862b0d800 JavaThread "jar transforms Thread 2" [_thread_blocked, id=6300, stack(0x000000f867790000,0x000000f867890000)]
  0x000000f862b0f000 JavaThread "Cache worker for file content cache (C:\Users\Mega\.gradle\caches\7.0.2\fileContent)" [_thread_blocked, id=640, stack(0x000000f867ac0000,0x000000f867bc0000)]
  0x000000f862b10000 JavaThread "Cache worker for dependencies-accessors (C:\Users\Mega\AndroidStudioProjects\WnE\.gradle\7.0.2\dependencies-accessors)" [_thread_blocked, id=6836, stack(0x000000f867bc0000,0x000000f867cc0000)]
  0x000000f862b0a000 JavaThread "jar transforms Thread 3" [_thread_blocked, id=4368, stack(0x000000f867cc0000,0x000000f867dc0000)]
  0x000000f862b10800 JavaThread "Cache worker for Build Output Cleanup Cache (C:\Users\Mega\AndroidStudioProjects\WnE\.gradle\buildOutputCleanup)" [_thread_blocked, id=1208, stack(0x000000f869480000,0x000000f869580000)]
  0x000000f862b14000 JavaThread "Build operations" [_thread_blocked, id=3512, stack(0x000000f869580000,0x000000f869680000)]
  0x000000f862b15800 JavaThread "Build operations Thread 2" [_thread_blocked, id=3644, stack(0x000000f869680000,0x000000f869780000)]
  0x000000f862b11800 JavaThread "Build operations Thread 3" [_thread_blocked, id=5568, stack(0x000000f869b80000,0x000000f869c80000)]
  0x000000f862b15000 JavaThread "Build operations Thread 4" [_thread_blocked, id=4404, stack(0x000000f869c80000,0x000000f869d80000)]
  0x000000f862b13000 JavaThread "jar transforms Thread 4" [_thread_blocked, id=5184, stack(0x000000f869f80000,0x000000f86a080000)]
  0x000000f862b12800 JavaThread "Memory manager" [_thread_blocked, id=948, stack(0x000000f842d00000,0x000000f842e00000)]

Other Threads:
  0x000000f85f0b0000 VMThread "VM Thread" [stack: 0x000000f85f920000,0x000000f85fa20000] [id=168]
  0x000000f85fe66800 WatcherThread [stack: 0x000000f860800000,0x000000f860900000] [id=5724]
  0x000000f844ff1000 GCTaskThread "GC Thread#0" [stack: 0x000000f8449b0000,0x000000f844ab0000] [id=5504]
  0x000000f85ff1c000 GCTaskThread "GC Thread#1" [stack: 0x000000f861100000,0x000000f861200000] [id=5064]
  0x000000f86182d000 GCTaskThread "GC Thread#2" [stack: 0x000000f864ac0000,0x000000f864bc0000] [id=3872]
  0x000000f8626a8000 GCTaskThread "GC Thread#3" [stack: 0x000000f864bc0000,0x000000f864cc0000] [id=7056]
  0x000000f845021000 ConcurrentGCThread "G1 Main Marker" [stack: 0x000000f85c6d0000,0x000000f85c7d0000] [id=2992]
  0x000000f845023800 ConcurrentGCThread "G1 Conc#0" [stack: 0x000000f85c7d0000,0x000000f85c8d0000] [id=6436]
  0x000000f845099000 ConcurrentGCThread "G1 Refine#0" [stack: 0x000000f85ed20000,0x000000f85ee20000] [id=7968]
  0x000000f84509a000 ConcurrentGCThread "G1 Young RemSet Sampling" [stack: 0x000000f85ee20000,0x000000f85ef20000] [id=3488]

Threads with active compile tasks:
C2 CompilerThread0 113206 8199       4       groovy.lang.MetaClassImpl$1MOPIter::methodNameAction (325 bytes)

VM state:at safepoint (normal execution)

VM Mutex/Monitor currently owned by a thread:  ([mutex/lock_event])
[0x000000f844fd4940] Threads_lock - owner thread: 0x000000f85f0b0000
[0x000000f844fd4f70] Heap_lock - owner thread: 0x000000f8618ee000

Heap address: 0x0000000080000000, size: 2048 MB, Compressed Oops mode: 32-bit
Narrow klass base: 0x0000000000000000, Narrow klass shift: 3
Compressed class space size: 1073741824 Address: 0x0000000100000000

Heap:
 garbage-first heap   total 118784K, used 80371K [0x0000000080000000, 0x0000000100000000)
  region size 1024K, 1 young (1024K), 1 survivors (1024K)
 Metaspace       used 79418K, capacity 81458K, committed 81528K, reserved 1120256K
  class space    used 10313K, capacity 11098K, committed 11128K, reserved 1048576K
Heap Regions: E=young(eden), S=young(survivor), O=old, HS=humongous(starts), HC=humongous(continues), CS=collection set, F=free, A=archive, TAMS=top-at-mark-start (previous, next)
|   0|0x0000000080000000, 0x0000000080100000, 0x0000000080100000|100%| O|  |TAMS 0x0000000080100000, 0x0000000080000000| Updating 
|   1|0x0000000080100000, 0x0000000080200000, 0x0000000080200000|100%| O|  |TAMS 0x0000000080200000, 0x0000000080100000| Updating 
|   2|0x0000000080200000, 0x0000000080300000, 0x0000000080300000|100%| O|  |TAMS 0x0000000080300000, 0x0000000080200000| Updating 
|   3|0x0000000080300000, 0x0000000080400000, 0x0000000080400000|100%|HS|  |TAMS 0x0000000080400000, 0x0000000080300000| Complete 
|   4|0x0000000080400000, 0x0000000080500000, 0x0000000080500000|100%|HC|  |TAMS 0x0000000080500000, 0x0000000080400000| Complete 
|   5|0x0000000080500000, 0x0000000080600000, 0x0000000080600000|100%|HC|  |TAMS 0x0000000080600000, 0x0000000080500000| Complete 
|   6|0x0000000080600000, 0x0000000080700000, 0x0000000080700000|100%| O|  |TAMS 0x0000000080700000, 0x0000000080600000| Updating 
|   7|0x0000000080700000, 0x0000000080800000, 0x0000000080800000|100%| O|  |TAMS 0x0000000080800000, 0x0000000080700000| Updating 
|   8|0x0000000080800000, 0x0000000080900000, 0x0000000080900000|100%| O|  |TAMS 0x0000000080900000, 0x0000000080800000| Updating 
|   9|0x0000000080900000, 0x0000000080a00000, 0x0000000080a00000|100%| O|  |TAMS 0x0000000080a00000, 0x0000000080900000| Updating 
|  10|0x0000000080a00000, 0x0000000080b00000, 0x0000000080b00000|100%| O|  |TAMS 0x0000000080b00000, 0x0000000080a00000| Updating 
|  11|0x0000000080b00000, 0x0000000080c00000, 0x0000000080c00000|100%| O|  |TAMS 0x0000000080c00000, 0x0000000080b00000| Updating 
|  12|0x0000000080c00000, 0x0000000080d00000, 0x0000000080d00000|100%| O|  |TAMS 0x0000000080d00000, 0x0000000080c00000| Updating 
|  13|0x0000000080d00000, 0x0000000080e00000, 0x0000000080e00000|100%| O|  |TAMS 0x0000000080e00000, 0x0000000080d00000| Updating 
|  14|0x0000000080e00000, 0x0000000080f00000, 0x0000000080f00000|100%| O|  |TAMS 0x0000000080f00000, 0x0000000080e00000| Updating 
|  15|0x0000000080f00000, 0x0000000081000000, 0x0000000081000000|100%| O|  |TAMS 0x0000000081000000, 0x0000000080f00000| Updating 
|  16|0x0000000081000000, 0x0000000081100000, 0x0000000081100000|100%| O|  |TAMS 0x0000000081100000, 0x0000000081000000| Updating 
|  17|0x0000000081100000, 0x0000000081200000, 0x0000000081200000|100%| O|  |TAMS 0x0000000081200000, 0x0000000081100000| Updating 
|  18|0x0000000081200000, 0x0000000081300000, 0x0000000081300000|100%| O|  |TAMS 0x0000000081300000, 0x0000000081200000| Updating 
|  19|0x0000000081300000, 0x0000000081400000, 0x0000000081400000|100%| O|  |TAMS 0x0000000081400000, 0x0000000081300000| Updating 
|  20|0x0000000081400000, 0x0000000081500000, 0x0000000081500000|100%| O|  |TAMS 0x0000000081500000, 0x0000000081400000| Updating 
|  21|0x0000000081500000, 0x0000000081600000, 0x0000000081600000|100%| O|  |TAMS 0x0000000081600000, 0x0000000081500000| Updating 
|  22|0x0000000081600000, 0x0000000081700000, 0x0000000081700000|100%| O|  |TAMS 0x0000000081700000, 0x0000000081600000| Updating 
|  23|0x0000000081700000, 0x0000000081800000, 0x0000000081800000|100%| O|  |TAMS 0x0000000081800000, 0x0000000081700000| Updating 
|  24|0x0000000081800000, 0x0000000081900000, 0x0000000081900000|100%| O|  |TAMS 0x0000000081900000, 0x0000000081800000| Updating 
|  25|0x0000000081900000, 0x0000000081a00000, 0x0000000081a00000|100%| O|  |TAMS 0x0000000081a00000, 0x0000000081900000| Updating 
|  26|0x0000000081a00000, 0x0000000081b00000, 0x0000000081b00000|100%| O|  |TAMS 0x0000000081b00000, 0x0000000081a00000| Updating 
|  27|0x0000000081b00000, 0x0000000081c00000, 0x0000000081c00000|100%| O|  |TAMS 0x0000000081c00000, 0x0000000081b00000| Updating 
|  28|0x0000000081c00000, 0x0000000081d00000, 0x0000000081d00000|100%| O|  |TAMS 0x0000000081d00000, 0x0000000081c00000| Updating 
|  29|0x0000000081d00000, 0x0000000081e00000, 0x0000000081e00000|100%|HS|  |TAMS 0x0000000081e00000, 0x0000000081d00000| Complete 
|  30|0x0000000081e00000, 0x0000000081f00000, 0x0000000081f00000|100%|HS|  |TAMS 0x0000000081f00000, 0x0000000081e00000| Complete 
|  31|0x0000000081f00000, 0x0000000082000000, 0x0000000082000000|100%|HS|  |TAMS 0x0000000082000000, 0x0000000081f00000| Complete 
|  32|0x0000000082000000, 0x0000000082100000, 0x0000000082100000|100%|HC|  |TAMS 0x0000000082100000, 0x0000000082000000| Complete 
|  33|0x0000000082100000, 0x0000000082200000, 0x0000000082200000|100%| O|  |TAMS 0x0000000082200000, 0x0000000082100000| Updating 
|  34|0x0000000082200000, 0x0000000082300000, 0x0000000082300000|100%| O|  |TAMS 0x0000000082300000, 0x0000000082200000| Updating 
|  35|0x0000000082300000, 0x0000000082400000, 0x0000000082400000|100%| O|  |TAMS 0x0000000082400000, 0x0000000082300000| Updating 
|  36|0x0000000082400000, 0x0000000082500000, 0x0000000082500000|100%| O|  |TAMS 0x0000000082500000, 0x0000000082400000| Updating 
|  37|0x0000000082500000, 0x0000000082600000, 0x0000000082600000|100%| O|  |TAMS 0x0000000082600000, 0x0000000082500000| Updating 
|  38|0x0000000082600000, 0x0000000082700000, 0x0000000082700000|100%| O|  |TAMS 0x0000000082700000, 0x0000000082600000| Updating 
|  39|0x0000000082700000, 0x0000000082800000, 0x0000000082800000|100%| O|  |TAMS 0x0000000082800000, 0x0000000082700000| Updating 
|  40|0x0000000082800000, 0x0000000082900000, 0x0000000082900000|100%| O|  |TAMS 0x0000000082900000, 0x0000000082800000| Updating 
|  41|0x0000000082900000, 0x0000000082a00000, 0x0000000082a00000|100%| O|  |TAMS 0x0000000082a00000, 0x0000000082900000| Updating 
|  42|0x0000000082a00000, 0x0000000082b00000, 0x0000000082b00000|100%| O|  |TAMS 0x0000000082b00000, 0x0000000082a00000| Updating 
|  43|0x0000000082b00000, 0x0000000082c00000, 0x0000000082c00000|100%| O|  |TAMS 0x0000000082c00000, 0x0000000082b00000| Updating 
|  44|0x0000000082c00000, 0x0000000082d00000, 0x0000000082d00000|100%| O|  |TAMS 0x0000000082d00000, 0x0000000082c00000| Updating 
|  45|0x0000000082d00000, 0x0000000082e00000, 0x0000000082e00000|100%| O|  |TAMS 0x0000000082e00000, 0x0000000082d00000| Updating 
|  46|0x0000000082e00000, 0x0000000082f00000, 0x0000000082f00000|100%| O|  |TAMS 0x0000000082f00000, 0x0000000082e00000| Updating 
|  47|0x0000000082f00000, 0x0000000083000000, 0x0000000083000000|100%| O|  |TAMS 0x0000000083000000, 0x0000000082f00000| Updating 
|  48|0x0000000083000000, 0x0000000083100000, 0x0000000083100000|100%| O|  |TAMS 0x0000000083100000, 0x0000000083000000| Updating 
|  49|0x0000000083100000, 0x0000000083200000, 0x0000000083200000|100%| O|  |TAMS 0x0000000083200000, 0x0000000083100000| Updating 
|  50|0x0000000083200000, 0x0000000083300000, 0x0000000083300000|100%| O|  |TAMS 0x0000000083300000, 0x0000000083200000| Updating 
|  51|0x0000000083300000, 0x0000000083400000, 0x0000000083400000|100%| O|  |TAMS 0x0000000083400000, 0x0000000083300000| Updating 
|  52|0x0000000083400000, 0x0000000083500000, 0x0000000083500000|100%| O|  |TAMS 0x0000000083500000, 0x0000000083400000| Updating 
|  53|0x0000000083500000, 0x0000000083600000, 0x0000000083600000|100%| O|  |TAMS 0x0000000083600000, 0x0000000083500000| Updating 
|  54|0x0000000083600000, 0x0000000083700000, 0x0000000083700000|100%| O|  |TAMS 0x0000000083700000, 0x0000000083600000| Updating 
|  55|0x0000000083700000, 0x0000000083800000, 0x0000000083800000|100%| O|  |TAMS 0x0000000083800000, 0x0000000083700000| Updating 
|  56|0x0000000083800000, 0x0000000083900000, 0x0000000083900000|100%| O|  |TAMS 0x0000000083900000, 0x0000000083800000| Updating 
|  57|0x0000000083900000, 0x0000000083a00000, 0x0000000083a00000|100%| O|  |TAMS 0x0000000083a00000, 0x0000000083900000| Updating 
|  58|0x0000000083a00000, 0x0000000083b00000, 0x0000000083b00000|100%| O|  |TAMS 0x0000000083b00000, 0x0000000083a00000| Updating 
|  59|0x0000000083b00000, 0x0000000083c00000, 0x0000000083c00000|100%| O|  |TAMS 0x0000000083c00000, 0x0000000083b00000| Updating 
|  60|0x0000000083c00000, 0x0000000083d00000, 0x0000000083d00000|100%| O|  |TAMS 0x0000000083d00000, 0x0000000083c00000| Updating 
|  61|0x0000000083d00000, 0x0000000083e00000, 0x0000000083e00000|100%| O|  |TAMS 0x0000000083e00000, 0x0000000083d00000| Updating 
|  62|0x0000000083e00000, 0x0000000083f00000, 0x0000000083f00000|100%| O|  |TAMS 0x0000000083f00000, 0x0000000083e00000| Updating 
|  63|0x0000000083f00000, 0x0000000084000000, 0x0000000084000000|100%| O|  |TAMS 0x0000000084000000, 0x0000000083f00000| Updating 
|  64|0x0000000084000000, 0x0000000084100000, 0x0000000084100000|100%| O|  |TAMS 0x0000000084100000, 0x0000000084000000| Updating 
|  65|0x0000000084100000, 0x0000000084200000, 0x0000000084200000|100%| O|  |TAMS 0x0000000084200000, 0x0000000084100000| Updating 
|  66|0x0000000084200000, 0x0000000084300000, 0x0000000084300000|100%| O|  |TAMS 0x0000000084300000, 0x0000000084200000| Updating 
|  67|0x0000000084300000, 0x0000000084400000, 0x0000000084400000|100%| O|  |TAMS 0x0000000084400000, 0x0000000084300000| Updating 
|  68|0x0000000084400000, 0x0000000084500000, 0x0000000084500000|100%| O|  |TAMS 0x0000000084500000, 0x0000000084400000| Updating 
|  69|0x0000000084500000, 0x0000000084600000, 0x0000000084600000|100%| O|  |TAMS 0x0000000084600000, 0x0000000084500000| Updating 
|  70|0x0000000084600000, 0x0000000084700000, 0x0000000084700000|100%| O|  |TAMS 0x0000000084700000, 0x0000000084600000| Updating 
|  71|0x0000000084700000, 0x0000000084800000, 0x0000000084800000|100%| O|  |TAMS 0x0000000084800000, 0x0000000084700000| Updating 
|  72|0x0000000084800000, 0x0000000084900000, 0x0000000084900000|100%| O|  |TAMS 0x0000000084900000, 0x0000000084800000| Updating 
|  73|0x0000000084900000, 0x0000000084a00000, 0x0000000084a00000|100%| O|  |TAMS 0x0000000084a00000, 0x0000000084900000| Updating 
|  74|0x0000000084a00000, 0x0000000084b00000, 0x0000000084b00000|100%| O|  |TAMS 0x0000000084b00000, 0x0000000084a00000| Updating 
|  75|0x0000000084b00000, 0x0000000084c00000, 0x0000000084c00000|100%| O|  |TAMS 0x0000000084bb5c00, 0x0000000084b00000| Updating 
|  76|0x0000000084c00000, 0x0000000084d00000, 0x0000000084d00000|100%| O|  |TAMS 0x0000000084c00000, 0x0000000084c00000| Updating 
|  77|0x0000000084d00000, 0x0000000084da0600, 0x0000000084e00000| 62%| O|  |TAMS 0x0000000084d00000, 0x0000000084d00000| Untracked 
|  78|0x0000000084e00000, 0x0000000084e00000, 0x0000000084f00000|  0%| F|  |TAMS 0x0000000084e00000, 0x0000000084e00000| Untracked 
|  79|0x0000000084f00000, 0x0000000084f00000, 0x0000000085000000|  0%| F|  |TAMS 0x0000000084f00000, 0x0000000084f00000| Untracked 
|  80|0x0000000085000000, 0x0000000085000000, 0x0000000085100000|  0%| F|  |TAMS 0x0000000085000000, 0x0000000085000000| Untracked 
|  81|0x0000000085100000, 0x0000000085100000, 0x0000000085200000|  0%| F|  |TAMS 0x0000000085100000, 0x0000000085100000| Untracked 
|  82|0x0000000085200000, 0x0000000085200000, 0x0000000085300000|  0%| F|  |TAMS 0x0000000085200000, 0x0000000085200000| Untracked 
|  83|0x0000000085300000, 0x0000000085300000, 0x0000000085400000|  0%| F|  |TAMS 0x0000000085300000, 0x0000000085300000| Untracked 
|  84|0x0000000085400000, 0x0000000085400000, 0x0000000085500000|  0%| F|  |TAMS 0x0000000085400000, 0x0000000085400000| Untracked 
|  85|0x0000000085500000, 0x0000000085500000, 0x0000000085600000|  0%| F|  |TAMS 0x0000000085500000, 0x0000000085500000| Untracked 
|  86|0x0000000085600000, 0x0000000085600000, 0x0000000085700000|  0%| F|  |TAMS 0x0000000085600000, 0x0000000085600000| Untracked 
|  87|0x0000000085700000, 0x0000000085700000, 0x0000000085800000|  0%| F|  |TAMS 0x0000000085700000, 0x0000000085700000| Untracked 
|  88|0x0000000085800000, 0x0000000085800000, 0x0000000085900000|  0%| F|  |TAMS 0x0000000085800000, 0x0000000085800000| Untracked 
|  89|0x0000000085900000, 0x00000000859dc810, 0x0000000085a00000| 86%| S|CS|TAMS 0x0000000085900000, 0x0000000085900000| Complete 
|  90|0x0000000085a00000, 0x0000000085a00000, 0x0000000085b00000|  0%| F|  |TAMS 0x0000000085a00000, 0x0000000085a00000| Untracked 
|  91|0x0000000085b00000, 0x0000000085b00000, 0x0000000085c00000|  0%| F|  |TAMS 0x0000000085b00000, 0x0000000085b00000| Untracked 
|  92|0x0000000085c00000, 0x0000000085c00000, 0x0000000085d00000|  0%| F|  |TAMS 0x0000000085c00000, 0x0000000085c00000| Untracked 
|  93|0x0000000085d00000, 0x0000000085d00000, 0x0000000085e00000|  0%| F|  |TAMS 0x0000000085d00000, 0x0000000085d00000| Untracked 
|  94|0x0000000085e00000, 0x0000000085e00000, 0x0000000085f00000|  0%| F|  |TAMS 0x0000000085e00000, 0x0000000085e00000| Untracked 
|  95|0x0000000085f00000, 0x0000000085f00000, 0x0000000086000000|  0%| F|  |TAMS 0x0000000085f00000, 0x0000000085f00000| Untracked 

Card table byte_map: [0x000000f857ed0000,0x000000f8582d0000] _byte_map_base: 0x000000f857ad0000

Marking Bits (Prev, Next): (CMBitMap*) 0x000000f845018458, (CMBitMap*) 0x000000f845018490
 Prev Bits: [0x000000f8586d0000, 0x000000f85a6d0000)
 Next Bits: [0x000000f85a6d0000, 0x000000f85c6d0000)

Polling page: 0x000000f842fd0000

Metaspace:

Usage:
  Non-class:     68.71 MB capacity,    67.49 MB ( 98%) used,     1.02 MB (  1%) free+waste,   205.38 KB ( <1%) overhead. 
      Class:     10.84 MB capacity,    10.07 MB ( 93%) used,   688.52 KB (  6%) free+waste,    96.31 KB ( <1%) overhead. 
       Both:     79.55 MB capacity,    77.56 MB ( 97%) used,     1.70 MB (  2%) free+waste,   301.69 KB ( <1%) overhead. 

Virtual space:
  Non-class space:       70.00 MB reserved,      68.75 MB ( 98%) committed 
      Class space:        1.00 GB reserved,      10.87 MB (  1%) committed 
             Both:        1.07 GB reserved,      79.62 MB (  7%) committed 

Chunk freelists:
   Non-Class:  40.00 KB
       Class:  6.00 KB
        Both:  46.00 KB

MaxMetaspaceSize: 17179869184.00 GB
CompressedClassSpaceSize: 1.00 GB

CodeHeap 'non-profiled nmethods': size=120064Kb used=5066Kb max_used=5066Kb free=114997Kb
 bounds [0x000000f850590000, 0x000000f850a90000, 0x000000f857ad0000]
CodeHeap 'profiled nmethods': size=120000Kb used=17948Kb max_used=17948Kb free=102051Kb
 bounds [0x000000f849060000, 0x000000f84a1f0000, 0x000000f850590000]
CodeHeap 'non-nmethods': size=5696Kb used=2281Kb max_used=2330Kb free=3414Kb
 bounds [0x000000f848ad0000, 0x000000f848d40000, 0x000000f849060000]
 total_blobs=8986 nmethods=8103 adapters=794
 compilation: enabled
              stopped_count=0, restarted_count=0
 full_count=0

Compilation events (20 events):
Event: 111.061 Thread 0x000000f85f0d2800 nmethod 8194 0x000000f850a81a10 code [0x000000f850a81c00, 0x000000f850a82808]
Event: 111.062 Thread 0x000000f85f0d2800 8199       4       groovy.lang.MetaClassImpl$1MOPIter::methodNameAction (325 bytes)
Event: 111.164 Thread 0x000000f85f0d8000 8219       2       com.sun.proxy.$Proxy69::<init> (6 bytes)
Event: 111.164 Thread 0x000000f85f0d8000 nmethod 8219 0x000000f84a1e4910 code [0x000000f84a1e4ae0, 0x000000f84a1e4d08]
Event: 111.285 Thread 0x000000f85f0d8000 8221       2       org.gradle.internal.metaobject.BeanDynamicObject::<init> (61 bytes)
Event: 111.287 Thread 0x000000f85f0d8000 nmethod 8221 0x000000f84a1e4e10 code [0x000000f84a1e4fe0, 0x000000f84a1e5398]
Event: 111.287 Thread 0x000000f85f0d8000 8222       2       org.gradle.internal.metaobject.BeanDynamicObject$MetaClassAdapter::<init> (6 bytes)
Event: 111.287 Thread 0x000000f85f0d8000 nmethod 8222 0x000000f84a1e5490 code [0x000000f84a1e5640, 0x000000f84a1e5778]
Event: 111.288 Thread 0x000000f85f0d8000 8223       2       org.codehaus.groovy.runtime.ScriptBytecodeAdapter::castToType (6 bytes)
Event: 111.289 Thread 0x000000f85f0d8000 nmethod 8223 0x000000f84a1e5810 code [0x000000f84a1e59c0, 0x000000f84a1e5aa8]
Event: 111.456 Thread 0x000000f85f0d8000 8227       2       org.gradle.internal.serialize.AbstractDecoder::readSmallInt (5 bytes)
Event: 111.457 Thread 0x000000f85f0d8000 nmethod 8227 0x000000f84a1e5b90 code [0x000000f84a1e5d40, 0x000000f84a1e5e68]
Event: 111.469 Thread 0x000000f85f0d8000 8228       2       org.gradle.internal.extensibility.ExtensionsStorage::hasExtension (11 bytes)
Event: 111.470 Thread 0x000000f85f0d8000 nmethod 8228 0x000000f84a1e5f10 code [0x000000f84a1e60c0, 0x000000f84a1e61e8]
Event: 111.487 Thread 0x000000f85f0d8000 8229       2       com.sun.beans.util.Cache$CacheEntry::<init> (56 bytes)
Event: 111.488 Thread 0x000000f85f0d8000 nmethod 8229 0x000000f84a1e6290 code [0x000000f84a1e6460, 0x000000f84a1e6778]
Event: 111.501 Thread 0x000000f85f0d8000 8230       2       org.gradle.internal.extensibility.DefaultConvention::add (11 bytes)
Event: 111.502 Thread 0x000000f85f0d8000 nmethod 8230 0x000000f84a1e6890 code [0x000000f84a1e6a40, 0x000000f84a1e6b68]
Event: 111.502 Thread 0x000000f85f0d8000 8231       2       org.gradle.internal.extensibility.ExtensionsStorage$ExtensionHolder::<init> (8 bytes)
Event: 111.503 Thread 0x000000f85f0d8000 nmethod 8231 0x000000f84a1e6c90 code [0x000000f84a1e6e40, 0x000000f84a1e7058]

GC Heap History (20 events):
Event: 104.720 GC heap before
{Heap before GC invocations=38 (full 0):
 garbage-first heap   total 98304K, used 82597K [0x0000000080000000, 0x0000000100000000)
  region size 1024K, 18 young (18432K), 2 survivors (2048K)
 Metaspace       used 78311K, capacity 80318K, committed 80504K, reserved 1118208K
  class space    used 10196K, capacity 10981K, committed 11128K, reserved 1048576K
}
Event: 104.735 GC heap after
{Heap after GC invocations=39 (full 0):
 garbage-first heap   total 98304K, used 67356K [0x0000000080000000, 0x0000000100000000)
  region size 1024K, 2 young (2048K), 2 survivors (2048K)
 Metaspace       used 78311K, capacity 80318K, committed 80504K, reserved 1118208K
  class space    used 10196K, capacity 10981K, committed 11128K, reserved 1048576K
}
Event: 105.732 GC heap before
{Heap before GC invocations=39 (full 0):
 garbage-first heap   total 98304K, used 83740K [0x0000000080000000, 0x0000000100000000)
  region size 1024K, 18 young (18432K), 2 survivors (2048K)
 Metaspace       used 79224K, capacity 81273K, committed 81528K, reserved 1120256K
  class space    used 10303K, capacity 11062K, committed 11128K, reserved 1048576K
}
Event: 105.748 GC heap after
{Heap after GC invocations=40 (full 0):
 garbage-first heap   total 98304K, used 68679K [0x0000000080000000, 0x0000000100000000)
  region size 1024K, 3 young (3072K), 3 survivors (3072K)
 Metaspace       used 79224K, capacity 81273K, committed 81528K, reserved 1120256K
  class space    used 10303K, capacity 11062K, committed 11128K, reserved 1048576K
}
Event: 106.851 GC heap before
{Heap before GC invocations=41 (full 0):
 garbage-first heap   total 98304K, used 84039K [0x0000000080000000, 0x0000000100000000)
  region size 1024K, 18 young (18432K), 3 survivors (3072K)
 Metaspace       used 79272K, capacity 81312K, committed 81528K, reserved 1120256K
  class space    used 10308K, capacity 11095K, committed 11128K, reserved 1048576K
}
Event: 106.875 GC heap after
{Heap after GC invocations=42 (full 0):
 garbage-first heap   total 98304K, used 70393K [0x0000000080000000, 0x0000000100000000)
  region size 1024K, 3 young (3072K), 3 survivors (3072K)
 Metaspace       used 79272K, capacity 81312K, committed 81528K, reserved 1120256K
  class space    used 10308K, capacity 11095K, committed 11128K, reserved 1048576K
}
Event: 107.670 GC heap before
{Heap before GC invocations=42 (full 0):
 garbage-first heap   total 98304K, used 83705K [0x0000000080000000, 0x0000000100000000)
  region size 1024K, 16 young (16384K), 3 survivors (3072K)
 Metaspace       used 79327K, capacity 81382K, committed 81528K, reserved 1120256K
  class space    used 10311K, capacity 11096K, committed 11128K, reserved 1048576K
}
Event: 107.690 GC heap after
{Heap after GC invocations=43 (full 0):
 garbage-first heap   total 98304K, used 72248K [0x0000000080000000, 0x0000000100000000)
  region size 1024K, 2 young (2048K), 2 survivors (2048K)
 Metaspace       used 79327K, capacity 81382K, committed 81528K, reserved 1120256K
  class space    used 10311K, capacity 11096K, committed 11128K, reserved 1048576K
}
Event: 108.520 GC heap before
{Heap before GC invocations=43 (full 0):
 garbage-first heap   total 98304K, used 83512K [0x0000000080000000, 0x0000000100000000)
  region size 1024K, 13 young (13312K), 2 survivors (2048K)
 Metaspace       used 79346K, capacity 81388K, committed 81528K, reserved 1120256K
  class space    used 10311K, capacity 11097K, committed 11128K, reserved 1048576K
}
Event: 108.533 GC heap after
{Heap after GC invocations=44 (full 0):
 garbage-first heap   total 98304K, used 73723K [0x0000000080000000, 0x0000000100000000)
  region size 1024K, 2 young (2048K), 2 survivors (2048K)
 Metaspace       used 79346K, capacity 81388K, committed 81528K, reserved 1120256K
  class space    used 10311K, capacity 11097K, committed 11128K, reserved 1048576K
}
Event: 109.050 GC heap before
{Heap before GC invocations=45 (full 0):
 garbage-first heap   total 98304K, used 83963K [0x0000000080000000, 0x0000000100000000)
  region size 1024K, 12 young (12288K), 2 survivors (2048K)
 Metaspace       used 79381K, capacity 81388K, committed 81528K, reserved 1120256K
  class space    used 10311K, capacity 11097K, committed 11128K, reserved 1048576K
}
Event: 109.064 GC heap after
{Heap after GC invocations=46 (full 0):
 garbage-first heap   total 98304K, used 75101K [0x0000000080000000, 0x0000000100000000)
  region size 1024K, 2 young (2048K), 2 survivors (2048K)
 Metaspace       used 79381K, capacity 81388K, committed 81528K, reserved 1120256K
  class space    used 10311K, capacity 11097K, committed 11128K, reserved 1048576K
}
Event: 109.301 GC heap before
{Heap before GC invocations=46 (full 0):
 garbage-first heap   total 98304K, used 84317K [0x0000000080000000, 0x0000000100000000)
  region size 1024K, 11 young (11264K), 2 survivors (2048K)
 Metaspace       used 79388K, capacity 81388K, committed 81528K, reserved 1120256K
  class space    used 10311K, capacity 11097K, committed 11128K, reserved 1048576K
}
Event: 109.313 GC heap after
{Heap after GC invocations=47 (full 0):
 garbage-first heap   total 98304K, used 76393K [0x0000000080000000, 0x0000000100000000)
  region size 1024K, 2 young (2048K), 2 survivors (2048K)
 Metaspace       used 79388K, capacity 81388K, committed 81528K, reserved 1120256K
  class space    used 10311K, capacity 11097K, committed 11128K, reserved 1048576K
}
Event: 110.410 GC heap before
{Heap before GC invocations=48 (full 0):
 garbage-first heap   total 98304K, used 83561K [0x0000000080000000, 0x0000000100000000)
  region size 1024K, 9 young (9216K), 2 survivors (2048K)
 Metaspace       used 79393K, capacity 81452K, committed 81528K, reserved 1120256K
  class space    used 10311K, capacity 11097K, committed 11128K, reserved 1048576K
}
Event: 110.425 GC heap after
{Heap after GC invocations=49 (full 0):
 garbage-first heap   total 98304K, used 77503K [0x0000000080000000, 0x0000000100000000)
  region size 1024K, 2 young (2048K), 2 survivors (2048K)
 Metaspace       used 79393K, capacity 81452K, committed 81528K, reserved 1120256K
  class space    used 10311K, capacity 11097K, committed 11128K, reserved 1048576K
}
Event: 110.844 GC heap before
{Heap before GC invocations=49 (full 0):
 garbage-first heap   total 98304K, used 83647K [0x0000000080000000, 0x0000000100000000)
  region size 1024K, 8 young (8192K), 2 survivors (2048K)
 Metaspace       used 79403K, capacity 81452K, committed 81528K, reserved 1120256K
  class space    used 10311K, capacity 11097K, committed 11128K, reserved 1048576K
}
Event: 110.853 GC heap after
{Heap after GC invocations=50 (full 0):
 garbage-first heap   total 98304K, used 78330K [0x0000000080000000, 0x0000000100000000)
  region size 1024K, 1 young (1024K), 1 survivors (1024K)
 Metaspace       used 79403K, capacity 81452K, committed 81528K, reserved 1120256K
  class space    used 10311K, capacity 11097K, committed 11128K, reserved 1048576K
}
Event: 111.339 GC heap before
{Heap before GC invocations=50 (full 0):
 garbage-first heap   total 98304K, used 85498K [0x0000000080000000, 0x0000000100000000)
  region size 1024K, 8 young (8192K), 1 survivors (1024K)
 Metaspace       used 79412K, capacity 81458K, committed 81528K, reserved 1120256K
  class space    used 10312K, capacity 11098K, committed 11128K, reserved 1048576K
}
Event: 111.353 GC heap after
{Heap after GC invocations=51 (full 0):
 garbage-first heap   total 98304K, used 79436K [0x0000000080000000, 0x0000000100000000)
  region size 1024K, 1 young (1024K), 1 survivors (1024K)
 Metaspace       used 79412K, capacity 81458K, committed 81528K, reserved 1120256K
  class space    used 10312K, capacity 11098K, committed 11128K, reserved 1048576K
}

Deoptimization events (20 events):
Event: 104.875 Thread 0x000000f8618ee000 DEOPT PACKING pc=0x000000f850911c50 sp=0x000000f8644b2330
Event: 104.875 Thread 0x000000f8618ee000 DEOPT UNPACKING pc=0x000000f848af782f sp=0x000000f8644b2300 mode 2
Event: 104.902 Thread 0x000000f8618ee000 DEOPT PACKING pc=0x000000f849dd3de5 sp=0x000000f8644b2970
Event: 104.902 Thread 0x000000f8618ee000 DEOPT UNPACKING pc=0x000000f848af764e sp=0x000000f8644b1f10 mode 0
Event: 105.365 Thread 0x000000f8618ee000 DEOPT PACKING pc=0x000000f849dd3cee sp=0x000000f8644b3320
Event: 105.365 Thread 0x000000f8618ee000 DEOPT UNPACKING pc=0x000000f848af764e sp=0x000000f8644b28c0 mode 0
Event: 105.572 Thread 0x000000f8618ee000 DEOPT PACKING pc=0x000000f84a0a8aba sp=0x000000f8644b2540
Event: 105.572 Thread 0x000000f8618ee000 DEOPT UNPACKING pc=0x000000f848af764e sp=0x000000f8644b1a88 mode 0
Event: 105.721 Thread 0x000000f8618ee000 DEOPT PACKING pc=0x000000f849dd3cee sp=0x000000f8644b32c0
Event: 105.721 Thread 0x000000f8618ee000 DEOPT UNPACKING pc=0x000000f848af764e sp=0x000000f8644b2860 mode 0
Event: 107.232 Thread 0x000000f8618ee000 DEOPT PACKING pc=0x000000f849f43af0 sp=0x000000f8644b4520
Event: 107.232 Thread 0x000000f8618ee000 DEOPT UNPACKING pc=0x000000f848af764e sp=0x000000f8644b3a00 mode 0
Event: 107.861 Thread 0x000000f8618ee000 DEOPT PACKING pc=0x000000f84a0676bd sp=0x000000f8644b43f0
Event: 107.861 Thread 0x000000f8618ee000 DEOPT UNPACKING pc=0x000000f848af764e sp=0x000000f8644b3918 mode 0
Event: 109.007 Thread 0x000000f8618ee000 DEOPT PACKING pc=0x000000f84a1aade3 sp=0x000000f8644b4500
Event: 109.007 Thread 0x000000f8618ee000 DEOPT UNPACKING pc=0x000000f848af764e sp=0x000000f8644b39b0 mode 0
Event: 109.181 Thread 0x000000f8618ee000 Uncommon trap: trap_request=0xffffff4d fr.pc=0x000000f850a75e8c relative=0x000000000000054c
Event: 109.181 Thread 0x000000f8618ee000 Uncommon trap: reason=unstable_if action=reinterpret pc=0x000000f850a75e8c method=groovy.lang.MetaClassImpl.filterPropertyMethod(Ljava/lang/Object;ZZ)Ljava/lang/Object; @ 80 c2
Event: 109.181 Thread 0x000000f8618ee000 DEOPT PACKING pc=0x000000f850a75e8c sp=0x000000f8644b4300
Event: 109.181 Thread 0x000000f8618ee000 DEOPT UNPACKING pc=0x000000f848af782f sp=0x000000f8644b4270 mode 2

Classes redefined (0 events):
No events

Internal exceptions (20 events):
Event: 111.337 Thread 0x000000f8618ee000 Exception <a 'java/lang/ClassNotFoundException'{0x00000000858e8498}: com/android/build/gradle/internal/tasks/TestPreBuildTask_DecoratedBeanInfo> (0x00000000858e8498) thrown at [./src/hotspot/share/classfile/systemDictionary.cpp, line 231]
Event: 111.377 Thread 0x000000f8618ee000 Exception <a 'java/lang/ClassNotFoundException'{0x0000000085f054d0}: com/android/build/gradle/internal/tasks/TestPreBuildTaskBeanInfo> (0x0000000085f054d0) thrown at [./src/hotspot/share/classfile/systemDictionary.cpp, line 231]
Event: 111.381 Thread 0x000000f8618ee000 Exception <a 'java/lang/ClassNotFoundException'{0x0000000085f22860}: com/android/build/gradle/internal/tasks/ClasspathComparisonTaskBeanInfo> (0x0000000085f22860) thrown at [./src/hotspot/share/classfile/systemDictionary.cpp, line 231]
Event: 111.383 Thread 0x000000f8618ee000 Exception <a 'java/lang/ClassNotFoundException'{0x0000000085f3fc78}: com/android/build/gradle/internal/tasks/ClasspathComparisonTaskCustomizer> (0x0000000085f3fc78) thrown at [./src/hotspot/share/classfile/systemDictionary.cpp, line 231]
Event: 111.394 Thread 0x000000f8618ee000 Exception <a 'java/lang/ClassNotFoundException'{0x0000000085f6e560}: com/android/build/gradle/internal/tasks/TestPreBuildTaskCustomizer> (0x0000000085f6e560) thrown at [./src/hotspot/share/classfile/systemDictionary.cpp, line 231]
Event: 111.398 Thread 0x000000f8618ee000 Exception <a 'java/lang/ClassNotFoundException'{0x0000000085f9d048}: com/android/build/gradle/internal/tasks/TestPreBuildTask_DecoratedCustomizer> (0x0000000085f9d048) thrown at [./src/hotspot/share/classfile/systemDictionary.cpp, line 231]
Event: 111.416 Thread 0x000000f8618ee000 Exception <a 'java/lang/ClassNotFoundException'{0x0000000085e2fbe8}: com/android/build/gradle/internal/tasks/AndroidVariantTask_DecoratedBeanInfo> (0x0000000085e2fbe8) thrown at [./src/hotspot/share/classfile/systemDictionary.cpp, line 231]
Event: 111.465 Thread 0x000000f8618ee000 Exception <a 'java/lang/ClassNotFoundException'{0x0000000085e5ca70}: com/android/build/gradle/internal/tasks/AndroidVariantTask_DecoratedCustomizer> (0x0000000085e5ca70) thrown at [./src/hotspot/share/classfile/systemDictionary.cpp, line 231]
Event: 111.482 Thread 0x000000f8618ee000 Exception <a 'java/lang/ClassNotFoundException'{0x0000000085eec418}: com/android/build/gradle/internal/tasks/PrepareLintJarForPublish_DecoratedBeanInfo> (0x0000000085eec418) thrown at [./src/hotspot/share/classfile/systemDictionary.cpp, line 231]
Event: 111.484 Thread 0x000000f8618ee000 Exception <a 'java/lang/ClassNotFoundException'{0x0000000085d09a60}: com/android/build/gradle/internal/tasks/PrepareLintJarForPublishBeanInfo> (0x0000000085d09a60) thrown at [./src/hotspot/share/classfile/systemDictionary.cpp, line 231]
Event: 111.486 Thread 0x000000f8618ee000 Exception <a 'java/lang/ClassNotFoundException'{0x0000000085d27608}: com/android/build/gradle/internal/tasks/PrepareLintJarForPublishCustomizer> (0x0000000085d27608) thrown at [./src/hotspot/share/classfile/systemDictionary.cpp, line 231]
Event: 111.496 Thread 0x000000f8618ee000 Exception <a 'java/lang/ClassNotFoundException'{0x0000000085d59db0}: com/android/build/gradle/internal/tasks/PrepareLintJarForPublish_DecoratedCustomizer> (0x0000000085d59db0) thrown at [./src/hotspot/share/classfile/systemDictionary.cpp, line 231]
Event: 111.607 Thread 0x000000f8618ee000 Exception <a 'java/lang/ClassNotFoundException'{0x0000000085df5238}: com/android/build/gradle/tasks/ProcessManifestForBundleTask_DecoratedBeanInfo> (0x0000000085df5238) thrown at [./src/hotspot/share/classfile/systemDictionary.cpp, line 231]
Event: 111.611 Thread 0x000000f8618ee000 Exception <a 'java/lang/ClassNotFoundException'{0x0000000085c124d0}: com/android/build/gradle/tasks/ProcessManifestForBundleTaskBeanInfo> (0x0000000085c124d0) thrown at [./src/hotspot/share/classfile/systemDictionary.cpp, line 231]
Event: 111.613 Thread 0x000000f8618ee000 Exception <a 'java/lang/ClassNotFoundException'{0x0000000085c2f578}: com/android/build/gradle/tasks/ProcessManifestForBundleTaskCustomizer> (0x0000000085c2f578) thrown at [./src/hotspot/share/classfile/systemDictionary.cpp, line 231]
Event: 111.617 Thread 0x000000f8618ee000 Exception <a 'java/lang/ClassNotFoundException'{0x0000000085c5f3c8}: com/android/build/gradle/tasks/ProcessManifestForBundleTask_DecoratedCustomizer> (0x0000000085c5f3c8) thrown at [./src/hotspot/share/classfile/systemDictionary.cpp, line 231]
Event: 111.638 Thread 0x000000f8618ee000 Exception <a 'java/lang/ClassNotFoundException'{0x0000000085b70a10}: com/android/build/gradle/internal/tasks/ProcessJavaResTask_DecoratedBeanInfo> (0x0000000085b70a10) thrown at [./src/hotspot/share/classfile/systemDictionary.cpp, line 231]
Event: 111.641 Thread 0x000000f8618ee000 Exception <a 'java/lang/ClassNotFoundException'{0x0000000085b8d368}: com/android/build/gradle/internal/tasks/ProcessJavaResTaskBeanInfo> (0x0000000085b8d368) thrown at [./src/hotspot/share/classfile/systemDictionary.cpp, line 231]
Event: 111.679 Thread 0x000000f8618ee000 Exception <a 'java/lang/ClassNotFoundException'{0x0000000085ba35d8}: org/gradle/api/tasks/SyncBeanInfo> (0x0000000085ba35d8) thrown at [./src/hotspot/share/classfile/systemDictionary.cpp, line 231]
Event: 111.681 Thread 0x000000f8618ee000 Exception <a 'java/lang/ClassNotFoundException'{0x0000000085bbba88}: org/gradle/api/tasks/AbstractCopyTaskBeanInfo> (0x0000000085bbba88) thrown at [./src/hotspot/share/classfile/systemDictionary.cpp, line 231]

Events (20 events):
Event: 111.638 loading class com/android/build/gradle/internal/tasks/ProcessJavaResTaskBeanInfo
Event: 111.638 loading class com/android/build/gradle/internal/tasks/ProcessJavaResTaskBeanInfo done
Event: 111.640 loading class com/android/build/gradle/internal/tasks/ProcessJavaResTaskBeanInfo
Event: 111.640 loading class com/android/build/gradle/internal/tasks/ProcessJavaResTaskBeanInfo done
Event: 111.640 loading class com/android/build/gradle/internal/tasks/ProcessJavaResTaskBeanInfo
Event: 111.640 loading class com/android/build/gradle/internal/tasks/ProcessJavaResTaskBeanInfo done
Event: 111.641 loading class org/gradle/api/tasks/SyncBeanInfo
Event: 111.641 loading class org/gradle/api/tasks/SyncBeanInfo done
Event: 111.678 loading class org/gradle/api/tasks/SyncBeanInfo
Event: 111.678 loading class org/gradle/api/tasks/SyncBeanInfo done
Event: 111.679 loading class org/gradle/api/tasks/SyncBeanInfo
Event: 111.679 loading class org/gradle/api/tasks/SyncBeanInfo done
Event: 111.680 loading class org/gradle/api/tasks/AbstractCopyTaskBeanInfo
Event: 111.680 loading class org/gradle/api/tasks/AbstractCopyTaskBeanInfo done
Event: 111.681 loading class org/gradle/api/tasks/AbstractCopyTaskBeanInfo
Event: 111.681 loading class org/gradle/api/tasks/AbstractCopyTaskBeanInfo done
Event: 111.681 loading class org/gradle/api/tasks/AbstractCopyTaskBeanInfo
Event: 111.681 loading class org/gradle/api/tasks/AbstractCopyTaskBeanInfo done
Event: 111.682 loading class org/gradle/api/tasks/AbstractCopyTaskCustomizer
Event: 111.682 loading class org/gradle/api/tasks/AbstractCopyTaskCustomizer done


Dynamic libraries:
0x00007ff77ef40000 - 0x00007ff77ef4a000 	C:\Program Files\Android\Android Studio\jre\bin\java.exe
0x00007ff9cb2c0000 - 0x00007ff9cb482000 	C:\Windows\SYSTEM32\ntdll.dll
0x00007ff9ca7b0000 - 0x00007ff9ca85d000 	C:\Windows\system32\KERNEL32.DLL
0x00007ff9c86f0000 - 0x00007ff9c88cd000 	C:\Windows\system32\KERNELBASE.dll
0x00007ff9c6180000 - 0x00007ff9c6199000 	C:\Program Files\Android\Android Studio\jre\bin\jli.dll
0x00007ff9c6160000 - 0x00007ff9c6177000 	C:\Program Files\Android\Android Studio\jre\bin\VCRUNTIME140.dll
0x00007ff9caf30000 - 0x00007ff9cb07e000 	C:\Windows\system32\USER32.dll
0x00007ff9c16c0000 - 0x00007ff9c17b2000 	C:\Windows\SYSTEM32\ucrtbase.dll
0x00007ff9c8980000 - 0x00007ff9c8b04000 	C:\Windows\system32\GDI32.dll
0x00007ff9bb010000 - 0x00007ff9bb284000 	C:\Windows\WinSxS\amd64_microsoft.windows.common-controls_6595b64144ccf1df_6.0.10240.17184_none_f41d7a705752bce6\COMCTL32.dll
0x00007ff9c8e80000 - 0x00007ff9c8f1d000 	C:\Windows\system32\msvcrt.dll
0x00007ff9ca770000 - 0x00007ff9ca7a6000 	C:\Windows\system32\IMM32.DLL
0x00007ff9c8bf0000 - 0x00007ff9c8d4c000 	C:\Windows\system32\MSCTF.dll
0x00007ff9c60c0000 - 0x00007ff9c615d000 	C:\Program Files\Android\Android Studio\jre\bin\msvcp140.dll
0x00007ff9af560000 - 0x00007ff9b002f000 	C:\Program Files\Android\Android Studio\jre\bin\server\jvm.dll
0x00007ff9ca860000 - 0x00007ff9ca906000 	C:\Windows\system32\ADVAPI32.dll
0x00007ff9ca710000 - 0x00007ff9ca76b000 	C:\Windows\system32\sechost.dll
0x00007ff9c8d50000 - 0x00007ff9c8e76000 	C:\Windows\system32\RPCRT4.dll
0x00007ff9ca910000 - 0x00007ff9ca918000 	C:\Windows\system32\PSAPI.DLL
0x00007ff9bc8d0000 - 0x00007ff9bc8d9000 	C:\Windows\SYSTEM32\WSOCK32.dll
0x00007ff9c6370000 - 0x00007ff9c6393000 	C:\Windows\SYSTEM32\WINMM.dll
0x00007ff9c5900000 - 0x00007ff9c590a000 	C:\Windows\SYSTEM32\VERSION.dll
0x00007ff9c8f90000 - 0x00007ff9c8ff9000 	C:\Windows\system32\WS2_32.dll
0x00007ff9ca6e0000 - 0x00007ff9ca6e8000 	C:\Windows\system32\NSI.dll
0x000000f844690000 - 0x000000f8446bc000 	C:\Windows\SYSTEM32\WINMMBASE.dll
0x00007ff9c8930000 - 0x00007ff9c8974000 	C:\Windows\system32\cfgmgr32.dll
0x00007ff9c65c0000 - 0x00007ff9c65e7000 	C:\Windows\SYSTEM32\DEVOBJ.dll
0x00007ff9c7d00000 - 0x00007ff9c7d0f000 	C:\Windows\system32\kernel.appcore.dll
0x00007ff9c1510000 - 0x00007ff9c1521000 	C:\Program Files\Android\Android Studio\jre\bin\verify.dll
0x00007ff9c0fe0000 - 0x00007ff9c116a000 	C:\Windows\SYSTEM32\DBGHELP.DLL
0x00007ff9c06a0000 - 0x00007ff9c06c5000 	C:\Windows\SYSTEM32\dbgcore.DLL
0x00007ff9c14e0000 - 0x00007ff9c1509000 	C:\Program Files\Android\Android Studio\jre\bin\java.dll
0x00007ff9c3f30000 - 0x00007ff9c3f3b000 	C:\Program Files\Android\Android Studio\jre\bin\jimage.dll
0x00007ff9c14c0000 - 0x00007ff9c14d8000 	C:\Program Files\Android\Android Studio\jre\bin\zip.dll
0x00007ff9c9060000 - 0x00007ff9ca583000 	C:\Windows\system32\SHELL32.dll
0x00007ff9c7f50000 - 0x00007ff9c8579000 	C:\Windows\system32\windows.storage.dll
0x00007ff9caa50000 - 0x00007ff9caccc000 	C:\Windows\system32\combase.dll
0x00007ff9c9000000 - 0x00007ff9c9051000 	C:\Windows\system32\shlwapi.dll
0x00007ff9c8580000 - 0x00007ff9c8633000 	C:\Windows\system32\shcore.dll
0x00007ff9c7d10000 - 0x00007ff9c7d5a000 	C:\Windows\system32\powrprof.dll
0x00007ff9c7d60000 - 0x00007ff9c7d73000 	C:\Windows\system32\profapi.dll
0x00007ff9c14a0000 - 0x00007ff9c14ba000 	C:\Program Files\Android\Android Studio\jre\bin\net.dll
0x00007ff9c3ac0000 - 0x00007ff9c3b96000 	C:\Windows\SYSTEM32\WINHTTP.dll
0x00007ff9c74f0000 - 0x00007ff9c754d000 	C:\Windows\system32\mswsock.dll
0x00007ff9c1480000 - 0x00007ff9c1494000 	C:\Program Files\Android\Android Studio\jre\bin\nio.dll
0x00007ff9bd8c0000 - 0x00007ff9bd8e7000 	C:\Users\Mega\.gradle\native\8bec1ad78214c89d9ad589b4d07fe93259594b29d510b10fafb7a158f7737e5d\windows-amd64\native-platform.dll
0x00007ff9ab230000 - 0x00007ff9ab36d000 	C:\Users\Mega\.gradle\native\53dbd7edfb1c66fb8903c78663c9afc45aea4f116125fa6feffd364cf09443e8\windows-amd64\native-platform-file-events.dll
0x00007ff9c1470000 - 0x00007ff9c147a000 	C:\Program Files\Android\Android Studio\jre\bin\management.dll
0x00007ff9c1460000 - 0x00007ff9c146c000 	C:\Program Files\Android\Android Studio\jre\bin\management_ext.dll
0x00007ff9c7550000 - 0x00007ff9c7567000 	C:\Windows\SYSTEM32\CRYPTSP.dll
0x00007ff9c7c10000 - 0x00007ff9c7c38000 	C:\Windows\SYSTEM32\bcrypt.dll
0x00007ff9c71a0000 - 0x00007ff9c71d3000 	C:\Windows\system32\rsaenh.dll
0x00007ff9c7380000 - 0x00007ff9c739f000 	C:\Windows\SYSTEM32\USERENV.dll
0x00007ff9c7b00000 - 0x00007ff9c7b6b000 	C:\Windows\system32\bcryptprimitives.dll
0x00007ff9c76a0000 - 0x00007ff9c76ab000 	C:\Windows\SYSTEM32\CRYPTBASE.dll
0x00007ff9c5b50000 - 0x00007ff9c5b88000 	C:\Windows\SYSTEM32\IPHLPAPI.DLL
0x00007ff9c57c0000 - 0x00007ff9c57cb000 	C:\Windows\SYSTEM32\WINNSI.DLL
0x00007ff9c4880000 - 0x00007ff9c4896000 	C:\Windows\SYSTEM32\dhcpcsvc6.DLL
0x00007ff9c4860000 - 0x00007ff9c487a000 	C:\Windows\SYSTEM32\dhcpcsvc.DLL
0x00007ff9c0b60000 - 0x00007ff9c0b87000 	C:\Program Files\Android\Android Studio\jre\bin\sunec.dll
0x00007ff9c7290000 - 0x00007ff9c7338000 	C:\Windows\SYSTEM32\DNSAPI.dll
0x00007ff9be490000 - 0x00007ff9be49a000 	C:\Windows\System32\rasadhlp.dll

dbghelp: loaded successfully - version: 4.0.5 - missing functions: none
symbol engine: initialized successfully - sym options: 0x614 - pdb path: .;C:\Program Files\Android\Android Studio\jre\bin;C:\Windows\SYSTEM32;C:\Windows\WinSxS\amd64_microsoft.windows.common-controls_6595b64144ccf1df_6.0.10240.17184_none_f41d7a705752bce6;C:\Program Files\Android\Android Studio\jre\bin\server;C:\Users\Mega\.gradle\native\8bec1ad78214c89d9ad589b4d07fe93259594b29d510b10fafb7a158f7737e5d\windows-amd64;C:\Users\Mega\.gradle\native\53dbd7edfb1c66fb8903c78663c9afc45aea4f116125fa6feffd364cf09443e8\windows-amd64

VM Arguments:
jvm_args: --add-opens=java.base/java.util=ALL-UNNAMED --add-opens=java.base/java.lang=ALL-UNNAMED --add-opens=java.base/java.lang.invoke=ALL-UNNAMED --add-opens=java.base/java.util=ALL-UNNAMED --add-opens=java.prefs/java.util.prefs=ALL-UNNAMED --add-opens=java.prefs/java.util.prefs=ALL-UNNAMED --add-opens=java.base/java.nio.charset=ALL-UNNAMED --add-opens=java.base/java.net=ALL-UNNAMED --add-opens=java.base/java.util.concurrent.atomic=ALL-UNNAMED -Xmx2048m -Dfile.encoding=UTF-8 -Duser.country=US -Duser.language=en -Duser.variant 
java_command: org.gradle.launcher.daemon.bootstrap.GradleDaemon 7.0.2
java_class_path (initial): C:\Users\Mega\.gradle\wrapper\dists\gradle-7.0.2-bin\857tjihv64xamwrf0h14cai3r\gradle-7.0.2\lib\gradle-launcher-7.0.2.jar
Launcher Type: SUN_STANDARD

[Global flags]
     intx CICompilerCount                          = 3                                         {product} {ergonomic}
     uint ConcGCThreads                            = 1                                         {product} {ergonomic}
     uint G1ConcRefinementThreads                  = 4                                         {product} {ergonomic}
   size_t G1HeapRegionSize                         = 1048576                                   {product} {ergonomic}
    uintx GCDrainStackTargetSize                   = 64                                        {product} {ergonomic}
   size_t InitialHeapSize                          = 100663296                                 {product} {ergonomic}
   size_t MarkStackSize                            = 4194304                                   {product} {ergonomic}
   size_t MaxHeapSize                              = 2147483648                                {product} {command line}
   size_t MaxNewSize                               = 1287651328                                {product} {ergonomic}
   size_t MinHeapDeltaBytes                        = 1048576                                   {product} {ergonomic}
    uintx NonNMethodCodeHeapSize                   = 5830732                                {pd product} {ergonomic}
    uintx NonProfiledCodeHeapSize                  = 122913754                              {pd product} {ergonomic}
    uintx ProfiledCodeHeapSize                     = 122913754                              {pd product} {ergonomic}
    uintx ReservedCodeCacheSize                    = 251658240                              {pd product} {ergonomic}
     bool SegmentedCodeCache                       = true                                      {product} {ergonomic}
     bool UseCompressedClassPointers               = true                                 {lp64_product} {ergonomic}
     bool UseCompressedOops                        = true                                 {lp64_product} {ergonomic}
     bool UseG1GC                                  = true                                      {product} {ergonomic}
     bool UseLargePagesIndividualAllocation        = false                                  {pd product} {ergonomic}

Logging:
Log output configuration:
 #0: stdout all=warning uptime,level,tags
 #1: stderr all=off uptime,level,tags

Environment Variables:
JAVA_HOME=C:\Program Files\Java\jdk-11
PATH=C:\Program Files\Common Files\Oracle\Java\javapath;C:\Program Files (x86)\Common Files\Oracle\Java\javapath;C:\Program Files (x86)\VMware\VMware Player\bin\;C:\Windows\system32;C:\Windows;C:\Windows\System32\Wbem;C:\Windows\System32\WindowsPowerShell\v1.0\;C:\xamp\php;C:\composer;C:\Program Files\nodejs\;C:\ProgramData\chocolatey\bin;C:\Program Files\Git\cmd;C:\apache-maven-4.0.0-alpha-3\bin;C:\Users\Mega\AppData\Roaming\Composer\vendor\bin;C:\Users\Mega\AppData\Local\Programs\Microsoft VS Code\bin;C:\Users\Mega\AppData\Roaming\npm;C:\Program Files\MongoDB\Server\5.0\bin;C:\Program Files\Android\Android Studio\jre\bin;C:\Users\Mega\AppData\Local\android\sdk\tools;C:\Program Files\Java\jdk-11\bin
USERNAME=Mega
OS=Windows_NT
PROCESSOR_IDENTIFIER=Intel64 Family 6 Model 42 Stepping 7, GenuineIntel



---------------  S Y S T E M  ---------------

OS: Windows 10 , 64 bit Build 10240 (10.0.10240.17113)
OS uptime: 0 days 2:27 hours

CPU:total 4 (initial active 4) (2 cores per cpu, 2 threads per core) family 6 model 42 stepping 7 microcode 0x29, cmov, cx8, fxsr, mmx, sse, sse2, sse3, ssse3, sse4.1, sse4.2, popcnt, avx, clmul, ht, tsc, tscinvbit

Memory: 4k page, system-wide physical 6091M (193M free)
TotalPageFile size 11681M (AvailPageFile size 4M)
current process WorkingSet (physical memory assigned to process): 313M, peak: 316M
current process commit charge ("private bytes"): 338M, peak: 358M

vm_info: OpenJDK 64-Bit Server VM (11.0.10+0-b96-7249189) for windows-amd64 JRE (11.0.10+0-b96-7249189), built on Mar 31 2021 21:44:00 by "builder" with MS VC++ 14.0 (VS2015)

END.
