#
# A fatal error has been detected by the Java Runtime Environment:
#
#  EXCEPTION_ACCESS_VIOLATION (0xc0000005) at pc=0x000000cc95dfd370, pid=1492, tid=472
#
# JRE version: OpenJDK Runtime Environment (11.0.10) (build 11.0.10+0-b96-7249189)
# Java VM: OpenJDK 64-Bit Server VM (11.0.10+0-b96-7249189, mixed mode, tiered, compressed oops, g1 gc, windows-amd64)
# Problematic frame:
# j  com.android.build.gradle.internal.VariantManager.createVariantsFromCombination(Lcom/android/build/gradle/internal/variant/DimensionCombination;Lcom/android/build/gradle/internal/BuildTypeData;Lcom/android/build/gradle/internal/scope/BuildFeatureValues;Z)V+911
#
# No core dump will be written. Minidumps are not enabled by default on client versions of Windows
#
# If you would like to submit a bug report, please visit:
#   https://bugreport.java.com/bugreport/crash.jsp
#

---------------  S U M M A R Y ------------

Command Line: --add-opens=java.base/java.util=ALL-UNNAMED --add-opens=java.base/java.lang=ALL-UNNAMED --add-opens=java.base/java.lang.invoke=ALL-UNNAMED --add-opens=java.base/java.util=ALL-UNNAMED --add-opens=java.prefs/java.util.prefs=ALL-UNNAMED --add-opens=java.prefs/java.util.prefs=ALL-UNNAMED --add-opens=java.base/java.nio.charset=ALL-UNNAMED --add-opens=java.base/java.net=ALL-UNNAMED --add-opens=java.base/java.util.concurrent.atomic=ALL-UNNAMED -Xmx2048m -Dfile.encoding=UTF-8 -Duser.country=US -Duser.language=en -Duser.variant org.gradle.launcher.daemon.bootstrap.GradleDaemon 7.0.2

Host: Intel(R) Core(TM) i3-2330M CPU @ 2.20GHz, 4 cores, 5G,  Windows 10 , 64 bit Build 10240 (10.0.10240.16384)
Time: Wed Sep 28 15:49:12 2022 Pacific Standard Time elapsed time: 424.384653 seconds (0d 0h 7m 4s)

---------------  T H R E A D  ---------------

Current thread (0x000000ccb4f86000):  JavaThread "Daemon worker Thread 2" [_thread_in_Java, id=472, stack(0x000000ccb1d30000,0x000000ccb1e30000)]

Stack: [0x000000ccb1d30000,0x000000ccb1e30000],  sp=0x000000ccb1e2a6d0,  free space=1001k
Native frames: (J=compiled Java code, j=interpreted, Vv=VM code, C=native code)
C  0x000000cc95dfd370


siginfo: EXCEPTION_ACCESS_VIOLATION (0xc0000005), reading address 0xffffffffffffffff


Register to memory mapping:

RIP=0x000000cc95dfd370 is at code_begin+1232 in an Interpreter codelet
invokevirtual  182 invokevirtual  [0x000000cc95dfcea0, 0x000000cc95dfd380]  1248 bytes
RAX=0x000000010094f020 is a pointer to class: 
com.android.build.api.variant.impl.ApplicationVariantImpl_Decorated {0x000000010094f028}
RBX={method} {0x000000ccb9c46d68} 'setUnitTest' '(Lcom/android/build/api/component/UnitTest;)V' in 'com/android/build/api/variant/impl/ApplicationVariantImpl_Decorated'
RCX=0x000000008c268b78 is an oop: com.android.build.api.variant.impl.ApplicationVariantImpl_Decorated 
{0x000000008c268b78} - klass: 'com/android/build/api/variant/impl/ApplicationVariantImpl_Decorated'
RDX=0x0 is NULL
RSP=0x000000ccb1e2a6d0 is pointing into the stack for thread: 0x000000ccb4f86000
RBP=0x000000ccb1e2a730 is pointing into the stack for thread: 0x000000ccb4f86000
RSI=0x0 is NULL
RDI=0x000000008c2884f8 is an oop: com.android.build.api.component.impl.UnitTestImpl_Decorated 
{0x000000008c2884f8} - klass: 'com/android/build/api/component/impl/UnitTestImpl_Decorated'
R8 =0x0000000000000008 is an unknown value
R9 =0x000000ccb66b28d0 points into unknown readable memory: 0x0000001e00000003 | 03 00 00 00 1e 00 00 00
R10=0x00007ffed8d54f40 jvm.dll
R11=0x000000ccb1e2a650 is pointing into the stack for thread: 0x000000ccb4f86000
R12=0x0 is NULL
R13=0x000000ccb1e2a6d8 is pointing into the stack for thread: 0x000000ccb4f86000
R14=0x0 is NULL
R15=0x000000ccb4f86000 is a thread


Registers:
RAX=0x000000010094f020, RBX=0x000000ccb9c46d60, RCX=0x000000008c268b78, RDX=0x0000000000000000
RSP=0x000000ccb1e2a6d0, RBP=0x000000ccb1e2a730, RSI=0x0000000000000000, RDI=0x000000008c2884f8
R8 =0x0000000000000008, R9 =0x000000ccb66b28d0, R10=0x00007ffed8d54f40, R11=0x000000ccb1e2a650
R12=0x0000000000000000, R13=0x000000ccb1e2a6d8, R14=0x0000000000000000, R15=0x000000ccb4f86000
RIP=0x000000cc95dfd370, EFLAGS=0x0000000000010246

Top of Stack: (sp=0x000000ccb1e2a6d0)
0x000000ccb1e2a6d0:   000000cc95dea0c3 000000008c2884f8
0x000000ccb1e2a6e0:   000000008c268b78 000000ccb1e2a6e8
0x000000ccb1e2a6f0:   000000ccb8c7273f 000000ccb1e2a878
0x000000ccb1e2a700:   000000ccb98b7d68 0000000000000000
0x000000ccb1e2a710:   0000000082b59730 000000ccb8c72d98
0x000000ccb1e2a720:   000000ccb1e2a6d8 000000ccb1e2a858
0x000000ccb1e2a730:   000000ccb1e2a8c8 000000cc95dea0c3
0x000000ccb1e2a740:   0000000000000000 0000000000000000
0x000000ccb1e2a750:   0000000000000000 0000000000000000
0x000000ccb1e2a760:   0000000000000000 0000000000000000
0x000000ccb1e2a770:   0000000000000000 0000000000000000
0x000000ccb1e2a780:   0000000000000000 0000000000000000
0x000000ccb1e2a790:   0000000000000000 000000008c2884f8
0x000000ccb1e2a7a0:   0000000000000000 0000000000000000
0x000000ccb1e2a7b0:   000000008c2884f8 000000008c2884f8
0x000000ccb1e2a7c0:   000000008c2884f8 0000000000000000 

Instructions: (pc=0x000000cc95dfd370)
0x000000cc95dfd270:   75 0a 48 81 4a 08 01 00 00 00 eb 4d 45 8b 6d 08
0x000000cc95dfd280:   49 c1 e5 03 4c 33 6a 08 49 f7 c5 fc ff ff ff 74
0x000000cc95dfd290:   38 49 f7 c5 02 00 00 00 75 2f 48 81 7a 08 00 00
0x000000cc95dfd2a0:   00 00 74 21 48 81 7a 08 01 00 00 00 74 17 4c 33
0x000000cc95dfd2b0:   6a 08 49 f7 c5 fc ff ff ff 74 0e 48 81 4a 08 02
0x000000cc95dfd2c0:   00 00 00 eb 04 4c 89 6a 08 48 83 c2 10 4c 8b 6a
0x000000cc95dfd2d0:   e8 41 83 ed 02 41 83 fd 02 0f 8c 7d 00 00 00 4c
0x000000cc95dfd2e0:   8b 6b 08 45 0f b7 6d 34 4c 2b 2a 41 83 ed 01 4e
0x000000cc95dfd2f0:   8b 6c ec 08 4d 85 ed 75 0a 48 81 4a 08 01 00 00
0x000000cc95dfd300:   00 eb 4d 45 8b 6d 08 49 c1 e5 03 4c 33 6a 08 49
0x000000cc95dfd310:   f7 c5 fc ff ff ff 74 38 49 f7 c5 02 00 00 00 75
0x000000cc95dfd320:   2f 48 81 7a 08 00 00 00 00 74 21 48 81 7a 08 01
0x000000cc95dfd330:   00 00 00 74 17 4c 33 6a 08 49 f7 c5 fc ff ff ff
0x000000cc95dfd340:   74 0e 48 81 4a 08 02 00 00 00 eb 04 4c 89 6a 08
0x000000cc95dfd350:   48 83 c2 10 4c 8b 6a d8 41 83 ed 04 41 c1 e5 03
0x000000cc95dfd360:   49 03 d5 48 89 55 d8 4c 8d 6c 24 08 4c 89 6d f0
0x000000cc95dfd370:   ff 63 48 0f 1f 44 00 00 00 00 00 00 00 00 00 00
0x000000cc95dfd380:   00 03 00 00 00 00 00 00 30 a3 b2 d8 fe 7f 00 00
0x000000cc95dfd390:   b7 00 00 00 00 00 00 00 00 00 00 00 00 00 00 00
0x000000cc95dfd3a0:   50 e9 39 00 00 00 48 83 ec 08 c5 fa 11 04 24 e9
0x000000cc95dfd3b0:   2b 00 00 00 48 83 ec 10 c5 fb 11 04 24 e9 1d 00
0x000000cc95dfd3c0:   00 00 48 83 ec 10 48 89 04 24 49 ba 00 00 00 00
0x000000cc95dfd3d0:   00 00 00 00 4c 89 54 24 08 e9 01 00 00 00 50 4c
0x000000cc95dfd3e0:   89 6d c0 41 0f b7 55 01 48 8b 4d d0 c1 e2 02 8b
0x000000cc95dfd3f0:   5c d1 20 c1 eb 10 81 e3 ff 00 00 00 81 fb b7 00
0x000000cc95dfd400:   00 00 0f 84 c8 00 00 00 bb b7 00 00 00 e8 05 00
0x000000cc95dfd410:   00 00 e9 ad 00 00 00 48 8b d3 48 8d 44 24 08 4c
0x000000cc95dfd420:   89 6d c0 49 8b cf c5 f8 77 49 89 af 38 03 00 00
0x000000cc95dfd430:   49 89 87 28 03 00 00 48 83 ec 20 f7 c4 0f 00 00
0x000000cc95dfd440:   00 0f 84 1a 00 00 00 48 83 ec 08 49 ba 20 e7 6a
0x000000cc95dfd450:   d8 fe 7f 00 00 41 ff d2 48 83 c4 08 e9 0d 00 00
0x000000cc95dfd460:   00 49 ba 20 e7 6a d8 fe 7f 00 00 41 ff d2 48 83 


Stack slot to memory mapping:
stack at sp + 0 slots: 0x000000cc95dea0c3 is at code_begin+2307 in an Interpreter codelet
invoke return entry points  [0x000000cc95de97c0, 0x000000cc95dea1a0]  2528 bytes
stack at sp + 1 slots: 0x000000008c2884f8 is an oop: com.android.build.api.component.impl.UnitTestImpl_Decorated 
{0x000000008c2884f8} - klass: 'com/android/build/api/component/impl/UnitTestImpl_Decorated'
stack at sp + 2 slots: 0x000000008c268b78 is an oop: com.android.build.api.variant.impl.ApplicationVariantImpl_Decorated 
{0x000000008c268b78} - klass: 'com/android/build/api/variant/impl/ApplicationVariantImpl_Decorated'
stack at sp + 3 slots: 0x000000ccb1e2a6e8 is pointing into the stack for thread: 0x000000ccb4f86000
stack at sp + 4 slots: 0x000000ccb8c7273f is pointing into metadata
stack at sp + 5 slots: 0x000000ccb1e2a878 is pointing into the stack for thread: 0x000000ccb4f86000
stack at sp + 6 slots: 0x000000ccb98b7d68 is pointing into metadata
stack at sp + 7 slots: 0x0 is NULL

invokevirtual  182 invokevirtual  [0x000000cc95dfcea0, 0x000000cc95dfd380]  1248 bytes

---------------  P R O C E S S  ---------------

Threads class SMR info:
_java_thread_list=0x000000ccaf323c40, length=43, elements={
0x000000cc922e6800, 0x000000ccacb20800, 0x000000ccacb23800, 0x000000ccad771800,
0x000000ccad772800, 0x000000ccad77a800, 0x000000ccad77c800, 0x000000ccacb7c800,
0x000000ccacb7e800, 0x000000ccad8ce800, 0x000000ccafc3d000, 0x000000ccae6a4000,
0x000000ccae6a5000, 0x000000ccb0154000, 0x000000ccb0156800, 0x000000ccb0158800,
0x000000ccb0159000, 0x000000ccb0153800, 0x000000ccb0155000, 0x000000ccb015c800,
0x000000ccb0161800, 0x000000ccb015d000, 0x000000ccb015f000, 0x000000ccb4f8c000,
0x000000ccb4f89800, 0x000000ccb4f88000, 0x000000ccb4f8a800, 0x000000ccb4f8b000,
0x000000ccb4f86000, 0x000000ccb4f87000, 0x000000ccb4f8e800, 0x000000ccb4f8d800,
0x000000ccb4f88800, 0x000000ccb4f8f000, 0x000000ccb4f91800, 0x000000ccb4f90000,
0x000000ccb4f94000, 0x000000ccb4f95000, 0x000000ccb4f92800, 0x000000ccae6a5800,
0x000000ccae6a0800, 0x000000ccae6a3000, 0x000000ccb576c800
}

Java Threads: ( => current thread )
  0x000000cc922e6800 JavaThread "main" [_thread_blocked, id=6024, stack(0x000000cc921d0000,0x000000cc922d0000)]
  0x000000ccacb20800 JavaThread "Reference Handler" daemon [_thread_blocked, id=3192, stack(0x000000ccad490000,0x000000ccad590000)]
  0x000000ccacb23800 JavaThread "Finalizer" daemon [_thread_blocked, id=2880, stack(0x000000ccad590000,0x000000ccad690000)]
  0x000000ccad771800 JavaThread "Signal Dispatcher" daemon [_thread_blocked, id=2872, stack(0x000000ccadb70000,0x000000ccadc70000)]
  0x000000ccad772800 JavaThread "Attach Listener" daemon [_thread_blocked, id=1308, stack(0x000000ccadc70000,0x000000ccadd70000)]
  0x000000ccad77a800 JavaThread "Service Thread" daemon [_thread_blocked, id=1304, stack(0x000000ccadd70000,0x000000ccade70000)]
  0x000000ccad77c800 JavaThread "C2 CompilerThread0" daemon [_thread_in_native, id=5632, stack(0x000000ccade70000,0x000000ccadf70000)]
  0x000000ccacb7c800 JavaThread "C1 CompilerThread0" daemon [_thread_blocked, id=5688, stack(0x000000ccadf70000,0x000000ccae070000)]
  0x000000ccacb7e800 JavaThread "Sweeper thread" daemon [_thread_blocked, id=2904, stack(0x000000ccae070000,0x000000ccae170000)]
  0x000000ccad8ce800 JavaThread "Common-Cleaner" daemon [_thread_blocked, id=2992, stack(0x000000ccae170000,0x000000ccae270000)]
  0x000000ccafc3d000 JavaThread "Daemon health stats" [_thread_blocked, id=3140, stack(0x000000ccb1110000,0x000000ccb1210000)]
  0x000000ccae6a4000 JavaThread "Incoming local TCP Connector on port 50407" [_thread_in_native, id=3136, stack(0x000000ccaeb70000,0x000000ccaec70000)]
  0x000000ccae6a5000 JavaThread "Daemon periodic checks" [_thread_blocked, id=2760, stack(0x000000ccb1a30000,0x000000ccb1b30000)]
  0x000000ccb0154000 JavaThread "Cache worker for file hash cache (C:\Users\Mega\.gradle\caches\7.0.2\fileHashes)" [_thread_blocked, id=3268, stack(0x000000ccb2730000,0x000000ccb2830000)]
  0x000000ccb0156800 JavaThread "File lock request listener" [_thread_in_native, id=3264, stack(0x000000ccb2830000,0x000000ccb2930000)]
  0x000000ccb0158800 JavaThread "Cache worker for journal cache (C:\Users\Mega\.gradle\caches\journal-1)" [_thread_blocked, id=5924, stack(0x000000ccb2b30000,0x000000ccb2c30000)]
  0x000000ccb0159000 JavaThread "File watcher server" daemon [_thread_in_native, id=3640, stack(0x000000ccb2f30000,0x000000ccb3030000)]
  0x000000ccb0153800 JavaThread "File watcher consumer" daemon [_thread_blocked, id=3236, stack(0x000000ccb40c0000,0x000000ccb41c0000)]
  0x000000ccb0155000 JavaThread "Cache worker for execution history cache (C:\Users\Mega\.gradle\caches\7.0.2\executionHistory)" [_thread_blocked, id=3840, stack(0x000000ccb5d30000,0x000000ccb5e30000)]
  0x000000ccb015c800 JavaThread "jar transforms" [_thread_blocked, id=4540, stack(0x000000ccb4bc0000,0x000000ccb4cc0000)]
  0x000000ccb0161800 JavaThread "jar transforms Thread 2" [_thread_blocked, id=4476, stack(0x000000ccb79e0000,0x000000ccb7ae0000)]
  0x000000ccb015d000 JavaThread "Cache worker for file content cache (C:\Users\Mega\.gradle\caches\7.0.2\fileContent)" [_thread_blocked, id=4112, stack(0x000000ccb7200000,0x000000ccb7300000)]
  0x000000ccb015f000 JavaThread "jar transforms Thread 3" [_thread_blocked, id=3660, stack(0x000000ccb7600000,0x000000ccb7700000)]
  0x000000ccb4f8c000 JavaThread "jar transforms Thread 4" [_thread_blocked, id=5588, stack(0x000000ccb45c0000,0x000000ccb46c0000)]
  0x000000ccb4f89800 JavaThread "Memory manager" [_thread_blocked, id=4556, stack(0x000000ccb9500000,0x000000ccb9600000)]
  0x000000ccb4f88000 JavaThread "Daemon Thread 2" [_thread_blocked, id=6016, stack(0x000000cc905a0000,0x000000cc906a0000)]
  0x000000ccb4f8a800 JavaThread "Handler for socket connection from /127.0.0.1:50407 to /127.0.0.1:50638" [_thread_in_native, id=4748, stack(0x000000ccb1b30000,0x000000ccb1c30000)]
  0x000000ccb4f8b000 JavaThread "Cancel handler" [_thread_blocked, id=912, stack(0x000000ccb1c30000,0x000000ccb1d30000)]
=>0x000000ccb4f86000 JavaThread "Daemon worker Thread 2" [_thread_in_Java, id=472, stack(0x000000ccb1d30000,0x000000ccb1e30000)]
  0x000000ccb4f87000 JavaThread "Asynchronous log dispatcher for DefaultDaemonConnection: socket connection from /127.0.0.1:50407 to /127.0.0.1:50638" [_thread_blocked, id=468, stack(0x000000ccb1e30000,0x000000ccb1f30000)]
  0x000000ccb4f8e800 JavaThread "Stdin handler" [_thread_blocked, id=5636, stack(0x000000ccb1f30000,0x000000ccb2030000)]
  0x000000ccb4f8d800 JavaThread "Daemon client event forwarder" [_thread_blocked, id=440, stack(0x000000ccb2030000,0x000000ccb2130000)]
  0x000000ccb4f88800 JavaThread "Cache worker for file hash cache (C:\Users\Mega\AndroidStudioProjects\WnE\.gradle\7.0.2\fileHashes)" [_thread_blocked, id=2520, stack(0x000000ccb2130000,0x000000ccb2230000)]
  0x000000ccb4f8f000 JavaThread "Cache worker for checksums cache (C:\Users\Mega\AndroidStudioProjects\WnE\.gradle\checksums)" [_thread_blocked, id=3828, stack(0x000000ccb2e30000,0x000000ccb2f30000)]
  0x000000ccb4f91800 JavaThread "Cache worker for cache directory md-supplier (C:\Users\Mega\.gradle\caches\7.0.2\md-supplier)" [_thread_blocked, id=4496, stack(0x000000ccb44c0000,0x000000ccb45c0000)]
  0x000000ccb4f90000 JavaThread "Cache worker for cache directory md-rule (C:\Users\Mega\.gradle\caches\7.0.2\md-rule)" [_thread_blocked, id=2460, stack(0x000000ccb48c0000,0x000000ccb49c0000)]
  0x000000ccb4f94000 JavaThread "Cache worker for dependencies-accessors (C:\Users\Mega\AndroidStudioProjects\WnE\.gradle\7.0.2\dependencies-accessors)" [_thread_blocked, id=5144, stack(0x000000ccb7500000,0x000000ccb7600000)]
  0x000000ccb4f95000 JavaThread "Cache worker for Build Output Cleanup Cache (C:\Users\Mega\AndroidStudioProjects\WnE\.gradle\buildOutputCleanup)" [_thread_blocked, id=4840, stack(0x000000ccb7ae0000,0x000000ccb7be0000)]
  0x000000ccb4f92800 JavaThread "Build operations" [_thread_blocked, id=2840, stack(0x000000ccb7ff0000,0x000000ccb80f0000)]
  0x000000ccae6a5800 JavaThread "Build operations Thread 2" [_thread_blocked, id=4696, stack(0x000000ccb80f0000,0x000000ccb81f0000)]
  0x000000ccae6a0800 JavaThread "Build operations Thread 3" [_thread_blocked, id=4912, stack(0x000000ccb43c0000,0x000000ccb44c0000)]
  0x000000ccae6a3000 JavaThread "Build operations Thread 4" [_thread_blocked, id=1408, stack(0x000000ccb8700000,0x000000ccb8800000)]
  0x000000ccb576c800 JavaThread "C2 CompilerThread1" daemon [_thread_in_native, id=6252, stack(0x000000ccb8e00000,0x000000ccb8f00000)]

Other Threads:
  0x000000ccacb1b000 VMThread "VM Thread" [stack: 0x000000ccad390000,0x000000ccad490000] [id=5436]
  0x000000ccad8e6000 WatcherThread [stack: 0x000000ccae270000,0x000000ccae370000] [id=3092]
  0x000000cc922ff000 GCTaskThread "GC Thread#0" [stack: 0x000000cca4fc0000,0x000000cca50c0000] [id=2224]
  0x000000ccae535000 GCTaskThread "GC Thread#1" [stack: 0x000000ccaec70000,0x000000ccaed70000] [id=3116]
  0x000000ccaf55d800 GCTaskThread "GC Thread#2" [stack: 0x000000ccb2530000,0x000000ccb2630000] [id=4048]
  0x000000ccae997800 GCTaskThread "GC Thread#3" [stack: 0x000000ccb2630000,0x000000ccb2730000] [id=3128]
  0x000000cc92331000 ConcurrentGCThread "G1 Main Marker" [stack: 0x000000ccaa150000,0x000000ccaa250000] [id=6020]
  0x000000cc92333000 ConcurrentGCThread "G1 Conc#0" [stack: 0x000000ccaa250000,0x000000ccaa350000] [id=5504]
  0x000000cc923aa000 ConcurrentGCThread "G1 Refine#0" [stack: 0x000000ccac790000,0x000000ccac890000] [id=5804]
  0x000000cc923ab000 ConcurrentGCThread "G1 Young RemSet Sampling" [stack: 0x000000ccac890000,0x000000ccac990000] [id=4060]

Threads with active compile tasks:
C2 CompilerThread0 424444 14315       4       org.gradle.internal.component.model.ComponentAttributeMatcher::match (259 bytes)
C2 CompilerThread1 424444 14341       4       org.gradle.api.internal.attributes.DefaultAttributesSchema$MergedSchema::matchValue (138 bytes)

VM state:not at safepoint (normal execution)

VM Mutex/Monitor currently owned by a thread: None

Heap address: 0x0000000080000000, size: 2048 MB, Compressed Oops mode: 32-bit
Narrow klass base: 0x0000000000000000, Narrow klass shift: 3
Compressed class space size: 1073741824 Address: 0x0000000100000000

Heap:
 garbage-first heap   total 206848K, used 132772K [0x0000000080000000, 0x0000000100000000)
  region size 1024K, 14 young (14336K), 6 survivors (6144K)
 Metaspace       used 95081K, capacity 98007K, committed 98252K, reserved 1134592K
  class space    used 12359K, capacity 13441K, committed 13568K, reserved 1048576K
Heap Regions: E=young(eden), S=young(survivor), O=old, HS=humongous(starts), HC=humongous(continues), CS=collection set, F=free, A=archive, TAMS=top-at-mark-start (previous, next)
|   0|0x0000000080000000, 0x0000000080100000, 0x0000000080100000|100%| O|  |TAMS 0x0000000080100000, 0x0000000080000000| Untracked 
|   1|0x0000000080100000, 0x0000000080200000, 0x0000000080200000|100%| O|  |TAMS 0x0000000080200000, 0x0000000080100000| Untracked 
|   2|0x0000000080200000, 0x0000000080300000, 0x0000000080300000|100%| O|  |TAMS 0x0000000080300000, 0x0000000080200000| Untracked 
|   3|0x0000000080300000, 0x0000000080400000, 0x0000000080400000|100%|HS|  |TAMS 0x0000000080400000, 0x0000000080300000| Complete 
|   4|0x0000000080400000, 0x0000000080500000, 0x0000000080500000|100%|HC|  |TAMS 0x0000000080500000, 0x0000000080400000| Complete 
|   5|0x0000000080500000, 0x0000000080600000, 0x0000000080600000|100%|HC|  |TAMS 0x0000000080600000, 0x0000000080500000| Complete 
|   6|0x0000000080600000, 0x0000000080700000, 0x0000000080700000|100%| O|  |TAMS 0x0000000080700000, 0x0000000080600000| Untracked 
|   7|0x0000000080700000, 0x0000000080800000, 0x0000000080800000|100%| O|  |TAMS 0x0000000080800000, 0x0000000080700000| Untracked 
|   8|0x0000000080800000, 0x0000000080900000, 0x0000000080900000|100%| O|  |TAMS 0x0000000080900000, 0x0000000080800000| Untracked 
|   9|0x0000000080900000, 0x0000000080a00000, 0x0000000080a00000|100%| O|  |TAMS 0x0000000080a00000, 0x0000000080900000| Untracked 
|  10|0x0000000080a00000, 0x0000000080b00000, 0x0000000080b00000|100%| O|  |TAMS 0x0000000080b00000, 0x0000000080a00000| Untracked 
|  11|0x0000000080b00000, 0x0000000080c00000, 0x0000000080c00000|100%| O|  |TAMS 0x0000000080c00000, 0x0000000080b00000| Untracked 
|  12|0x0000000080c00000, 0x0000000080d00000, 0x0000000080d00000|100%| O|  |TAMS 0x0000000080d00000, 0x0000000080c00000| Untracked 
|  13|0x0000000080d00000, 0x0000000080e00000, 0x0000000080e00000|100%| O|  |TAMS 0x0000000080e00000, 0x0000000080d00000| Untracked 
|  14|0x0000000080e00000, 0x0000000080f00000, 0x0000000080f00000|100%| O|  |TAMS 0x0000000080f00000, 0x0000000080e00000| Untracked 
|  15|0x0000000080f00000, 0x0000000081000000, 0x0000000081000000|100%| O|  |TAMS 0x0000000081000000, 0x0000000080f00000| Untracked 
|  16|0x0000000081000000, 0x0000000081100000, 0x0000000081100000|100%| O|  |TAMS 0x0000000081100000, 0x0000000081000000| Untracked 
|  17|0x0000000081100000, 0x0000000081200000, 0x0000000081200000|100%| O|  |TAMS 0x0000000081200000, 0x0000000081100000| Untracked 
|  18|0x0000000081200000, 0x0000000081300000, 0x0000000081300000|100%| O|  |TAMS 0x0000000081300000, 0x0000000081200000| Untracked 
|  19|0x0000000081300000, 0x0000000081400000, 0x0000000081400000|100%| O|  |TAMS 0x0000000081400000, 0x0000000081300000| Untracked 
|  20|0x0000000081400000, 0x0000000081500000, 0x0000000081500000|100%| O|  |TAMS 0x0000000081500000, 0x0000000081400000| Untracked 
|  21|0x0000000081500000, 0x0000000081600000, 0x0000000081600000|100%| O|  |TAMS 0x0000000081600000, 0x0000000081500000| Untracked 
|  22|0x0000000081600000, 0x0000000081700000, 0x0000000081700000|100%| O|  |TAMS 0x0000000081700000, 0x0000000081600000| Untracked 
|  23|0x0000000081700000, 0x0000000081800000, 0x0000000081800000|100%| O|  |TAMS 0x0000000081800000, 0x0000000081700000| Untracked 
|  24|0x0000000081800000, 0x0000000081900000, 0x0000000081900000|100%| O|  |TAMS 0x0000000081900000, 0x0000000081800000| Untracked 
|  25|0x0000000081900000, 0x0000000081a00000, 0x0000000081a00000|100%| O|  |TAMS 0x0000000081a00000, 0x0000000081900000| Untracked 
|  26|0x0000000081a00000, 0x0000000081b00000, 0x0000000081b00000|100%|HS|  |TAMS 0x0000000081b00000, 0x0000000081a00000| Complete 
|  27|0x0000000081b00000, 0x0000000081c00000, 0x0000000081c00000|100%|HS|  |TAMS 0x0000000081c00000, 0x0000000081b00000| Complete 
|  28|0x0000000081c00000, 0x0000000081d00000, 0x0000000081d00000|100%|HS|  |TAMS 0x0000000081d00000, 0x0000000081c00000| Complete 
|  29|0x0000000081d00000, 0x0000000081e00000, 0x0000000081e00000|100%|HC|  |TAMS 0x0000000081e00000, 0x0000000081d00000| Complete 
|  30|0x0000000081e00000, 0x0000000081f00000, 0x0000000081f00000|100%| O|  |TAMS 0x0000000081f00000, 0x0000000081e00000| Untracked 
|  31|0x0000000081f00000, 0x0000000082000000, 0x0000000082000000|100%| O|  |TAMS 0x0000000082000000, 0x0000000081f00000| Untracked 
|  32|0x0000000082000000, 0x0000000082100000, 0x0000000082100000|100%| O|  |TAMS 0x0000000082100000, 0x0000000082000000| Untracked 
|  33|0x0000000082100000, 0x0000000082200000, 0x0000000082200000|100%| O|  |TAMS 0x0000000082200000, 0x0000000082100000| Untracked 
|  34|0x0000000082200000, 0x0000000082300000, 0x0000000082300000|100%| O|  |TAMS 0x0000000082300000, 0x0000000082200000| Untracked 
|  35|0x0000000082300000, 0x0000000082400000, 0x0000000082400000|100%| O|  |TAMS 0x0000000082400000, 0x0000000082300000| Untracked 
|  36|0x0000000082400000, 0x0000000082500000, 0x0000000082500000|100%| O|  |TAMS 0x0000000082500000, 0x0000000082400000| Untracked 
|  37|0x0000000082500000, 0x0000000082600000, 0x0000000082600000|100%| O|  |TAMS 0x0000000082600000, 0x0000000082500000| Untracked 
|  38|0x0000000082600000, 0x0000000082700000, 0x0000000082700000|100%| O|  |TAMS 0x0000000082700000, 0x0000000082600000| Untracked 
|  39|0x0000000082700000, 0x0000000082800000, 0x0000000082800000|100%| O|  |TAMS 0x0000000082800000, 0x0000000082700000| Untracked 
|  40|0x0000000082800000, 0x0000000082900000, 0x0000000082900000|100%| O|  |TAMS 0x0000000082900000, 0x0000000082800000| Untracked 
|  41|0x0000000082900000, 0x0000000082a00000, 0x0000000082a00000|100%| O|  |TAMS 0x0000000082a00000, 0x0000000082900000| Untracked 
|  42|0x0000000082a00000, 0x0000000082b00000, 0x0000000082b00000|100%| O|  |TAMS 0x0000000082b00000, 0x0000000082a00000| Untracked 
|  43|0x0000000082b00000, 0x0000000082c00000, 0x0000000082c00000|100%| O|  |TAMS 0x0000000082c00000, 0x0000000082b00000| Untracked 
|  44|0x0000000082c00000, 0x0000000082d00000, 0x0000000082d00000|100%| O|  |TAMS 0x0000000082d00000, 0x0000000082c00000| Untracked 
|  45|0x0000000082d00000, 0x0000000082e00000, 0x0000000082e00000|100%| O|  |TAMS 0x0000000082e00000, 0x0000000082d00000| Untracked 
|  46|0x0000000082e00000, 0x0000000082f00000, 0x0000000082f00000|100%| O|  |TAMS 0x0000000082f00000, 0x0000000082e00000| Untracked 
|  47|0x0000000082f00000, 0x0000000083000000, 0x0000000083000000|100%| O|  |TAMS 0x0000000083000000, 0x0000000082f00000| Untracked 
|  48|0x0000000083000000, 0x0000000083100000, 0x0000000083100000|100%| O|  |TAMS 0x0000000083100000, 0x0000000083000000| Untracked 
|  49|0x0000000083100000, 0x0000000083200000, 0x0000000083200000|100%| O|  |TAMS 0x0000000083200000, 0x0000000083100000| Untracked 
|  50|0x0000000083200000, 0x0000000083300000, 0x0000000083300000|100%| O|  |TAMS 0x0000000083300000, 0x0000000083200000| Untracked 
|  51|0x0000000083300000, 0x0000000083400000, 0x0000000083400000|100%| O|  |TAMS 0x0000000083400000, 0x0000000083300000| Untracked 
|  52|0x0000000083400000, 0x0000000083500000, 0x0000000083500000|100%| O|  |TAMS 0x0000000083500000, 0x0000000083400000| Untracked 
|  53|0x0000000083500000, 0x0000000083600000, 0x0000000083600000|100%| O|  |TAMS 0x0000000083600000, 0x0000000083500000| Untracked 
|  54|0x0000000083600000, 0x0000000083700000, 0x0000000083700000|100%| O|  |TAMS 0x0000000083700000, 0x0000000083600000| Untracked 
|  55|0x0000000083700000, 0x0000000083800000, 0x0000000083800000|100%| O|  |TAMS 0x0000000083800000, 0x0000000083700000| Untracked 
|  56|0x0000000083800000, 0x0000000083900000, 0x0000000083900000|100%| O|  |TAMS 0x0000000083900000, 0x0000000083800000| Untracked 
|  57|0x0000000083900000, 0x0000000083a00000, 0x0000000083a00000|100%| O|  |TAMS 0x0000000083a00000, 0x0000000083900000| Untracked 
|  58|0x0000000083a00000, 0x0000000083b00000, 0x0000000083b00000|100%| O|  |TAMS 0x0000000083b00000, 0x0000000083a00000| Untracked 
|  59|0x0000000083b00000, 0x0000000083c00000, 0x0000000083c00000|100%| O|  |TAMS 0x0000000083c00000, 0x0000000083b00000| Untracked 
|  60|0x0000000083c00000, 0x0000000083d00000, 0x0000000083d00000|100%| O|  |TAMS 0x0000000083d00000, 0x0000000083c00000| Untracked 
|  61|0x0000000083d00000, 0x0000000083e00000, 0x0000000083e00000|100%| O|  |TAMS 0x0000000083e00000, 0x0000000083d00000| Untracked 
|  62|0x0000000083e00000, 0x0000000083f00000, 0x0000000083f00000|100%| O|  |TAMS 0x0000000083f00000, 0x0000000083e00000| Untracked 
|  63|0x0000000083f00000, 0x0000000084000000, 0x0000000084000000|100%| O|  |TAMS 0x0000000084000000, 0x0000000083f00000| Untracked 
|  64|0x0000000084000000, 0x0000000084100000, 0x0000000084100000|100%| O|  |TAMS 0x0000000084100000, 0x0000000084000000| Untracked 
|  65|0x0000000084100000, 0x0000000084200000, 0x0000000084200000|100%| O|  |TAMS 0x0000000084200000, 0x0000000084100000| Untracked 
|  66|0x0000000084200000, 0x0000000084300000, 0x0000000084300000|100%| O|  |TAMS 0x0000000084300000, 0x0000000084200000| Untracked 
|  67|0x0000000084300000, 0x0000000084400000, 0x0000000084400000|100%| O|  |TAMS 0x0000000084400000, 0x0000000084300000| Untracked 
|  68|0x0000000084400000, 0x0000000084500000, 0x0000000084500000|100%| O|  |TAMS 0x0000000084500000, 0x0000000084400000| Untracked 
|  69|0x0000000084500000, 0x0000000084600000, 0x0000000084600000|100%| O|  |TAMS 0x0000000084600000, 0x0000000084500000| Untracked 
|  70|0x0000000084600000, 0x0000000084700000, 0x0000000084700000|100%| O|  |TAMS 0x0000000084700000, 0x0000000084600000| Untracked 
|  71|0x0000000084700000, 0x0000000084800000, 0x0000000084800000|100%| O|  |TAMS 0x0000000084800000, 0x0000000084700000| Untracked 
|  72|0x0000000084800000, 0x0000000084900000, 0x0000000084900000|100%| O|  |TAMS 0x0000000084900000, 0x0000000084800000| Untracked 
|  73|0x0000000084900000, 0x0000000084a00000, 0x0000000084a00000|100%| O|  |TAMS 0x0000000084a00000, 0x0000000084900000| Untracked 
|  74|0x0000000084a00000, 0x0000000084b00000, 0x0000000084b00000|100%| O|  |TAMS 0x0000000084b00000, 0x0000000084a00000| Untracked 
|  75|0x0000000084b00000, 0x0000000084c00000, 0x0000000084c00000|100%| O|  |TAMS 0x0000000084c00000, 0x0000000084b00000| Untracked 
|  76|0x0000000084c00000, 0x0000000084d00000, 0x0000000084d00000|100%| O|  |TAMS 0x0000000084d00000, 0x0000000084c00000| Untracked 
|  77|0x0000000084d00000, 0x0000000084e00000, 0x0000000084e00000|100%| O|  |TAMS 0x0000000084e00000, 0x0000000084d00000| Untracked 
|  78|0x0000000084e00000, 0x0000000084f00000, 0x0000000084f00000|100%| O|  |TAMS 0x0000000084f00000, 0x0000000084e00000| Untracked 
|  79|0x0000000084f00000, 0x0000000085000000, 0x0000000085000000|100%| O|  |TAMS 0x0000000085000000, 0x0000000084f00000| Untracked 
|  80|0x0000000085000000, 0x0000000085100000, 0x0000000085100000|100%| O|  |TAMS 0x0000000085100000, 0x0000000085000000| Untracked 
|  81|0x0000000085100000, 0x0000000085200000, 0x0000000085200000|100%| O|  |TAMS 0x0000000085200000, 0x0000000085100000| Untracked 
|  82|0x0000000085200000, 0x0000000085300000, 0x0000000085300000|100%| O|  |TAMS 0x0000000085300000, 0x0000000085200000| Untracked 
|  83|0x0000000085300000, 0x0000000085400000, 0x0000000085400000|100%| O|  |TAMS 0x0000000085400000, 0x0000000085300000| Untracked 
|  84|0x0000000085400000, 0x0000000085500000, 0x0000000085500000|100%| O|  |TAMS 0x0000000085500000, 0x0000000085400000| Untracked 
|  85|0x0000000085500000, 0x0000000085600000, 0x0000000085600000|100%| O|  |TAMS 0x0000000085600000, 0x0000000085500000| Untracked 
|  86|0x0000000085600000, 0x0000000085700000, 0x0000000085700000|100%| O|  |TAMS 0x0000000085700000, 0x0000000085600000| Untracked 
|  87|0x0000000085700000, 0x0000000085800000, 0x0000000085800000|100%| O|  |TAMS 0x0000000085800000, 0x0000000085700000| Untracked 
|  88|0x0000000085800000, 0x0000000085900000, 0x0000000085900000|100%| O|  |TAMS 0x0000000085900000, 0x0000000085800000| Untracked 
|  89|0x0000000085900000, 0x0000000085a00000, 0x0000000085a00000|100%| O|  |TAMS 0x0000000085a00000, 0x0000000085900000| Untracked 
|  90|0x0000000085a00000, 0x0000000085b00000, 0x0000000085b00000|100%| O|  |TAMS 0x0000000085b00000, 0x0000000085a00000| Untracked 
|  91|0x0000000085b00000, 0x0000000085c00000, 0x0000000085c00000|100%| O|  |TAMS 0x0000000085c00000, 0x0000000085b00000| Untracked 
|  92|0x0000000085c00000, 0x0000000085d00000, 0x0000000085d00000|100%| O|  |TAMS 0x0000000085d00000, 0x0000000085c00000| Untracked 
|  93|0x0000000085d00000, 0x0000000085e00000, 0x0000000085e00000|100%| O|  |TAMS 0x0000000085e00000, 0x0000000085d00000| Untracked 
|  94|0x0000000085e00000, 0x0000000085f00000, 0x0000000085f00000|100%| O|  |TAMS 0x0000000085f00000, 0x0000000085e00000| Untracked 
|  95|0x0000000085f00000, 0x0000000086000000, 0x0000000086000000|100%| O|  |TAMS 0x0000000086000000, 0x0000000085f00000| Untracked 
|  96|0x0000000086000000, 0x0000000086100000, 0x0000000086100000|100%| O|  |TAMS 0x0000000086100000, 0x0000000086000000| Untracked 
|  97|0x0000000086100000, 0x0000000086200000, 0x0000000086200000|100%| O|  |TAMS 0x0000000086200000, 0x0000000086100000| Untracked 
|  98|0x0000000086200000, 0x0000000086300000, 0x0000000086300000|100%| O|  |TAMS 0x0000000086300000, 0x0000000086200000| Untracked 
|  99|0x0000000086300000, 0x0000000086400000, 0x0000000086400000|100%| O|  |TAMS 0x0000000086400000, 0x0000000086300000| Untracked 
| 100|0x0000000086400000, 0x0000000086500000, 0x0000000086500000|100%| O|  |TAMS 0x0000000086500000, 0x0000000086400000| Untracked 
| 101|0x0000000086500000, 0x0000000086600000, 0x0000000086600000|100%| O|  |TAMS 0x0000000086600000, 0x0000000086500000| Untracked 
| 102|0x0000000086600000, 0x0000000086700000, 0x0000000086700000|100%| O|  |TAMS 0x0000000086700000, 0x0000000086600000| Untracked 
| 103|0x0000000086700000, 0x0000000086800000, 0x0000000086800000|100%| O|  |TAMS 0x0000000086800000, 0x0000000086700000| Untracked 
| 104|0x0000000086800000, 0x0000000086900000, 0x0000000086900000|100%| O|  |TAMS 0x0000000086900000, 0x0000000086800000| Untracked 
| 105|0x0000000086900000, 0x0000000086a00000, 0x0000000086a00000|100%| O|  |TAMS 0x0000000086a00000, 0x0000000086900000| Untracked 
| 106|0x0000000086a00000, 0x0000000086b00000, 0x0000000086b00000|100%| O|  |TAMS 0x0000000086b00000, 0x0000000086a00000| Untracked 
| 107|0x0000000086b00000, 0x0000000086c00000, 0x0000000086c00000|100%| O|  |TAMS 0x0000000086c00000, 0x0000000086b00000| Untracked 
| 108|0x0000000086c00000, 0x0000000086d00000, 0x0000000086d00000|100%| O|  |TAMS 0x0000000086d00000, 0x0000000086c00000| Untracked 
| 109|0x0000000086d00000, 0x0000000086e00000, 0x0000000086e00000|100%| O|  |TAMS 0x0000000086e00000, 0x0000000086d00000| Untracked 
| 110|0x0000000086e00000, 0x0000000086f00000, 0x0000000086f00000|100%| O|  |TAMS 0x0000000086f00000, 0x0000000086e00000| Untracked 
| 111|0x0000000086f00000, 0x0000000087000000, 0x0000000087000000|100%| O|  |TAMS 0x0000000087000000, 0x0000000086f00000| Untracked 
| 112|0x0000000087000000, 0x0000000087100000, 0x0000000087100000|100%| O|  |TAMS 0x0000000087100000, 0x0000000087000000| Untracked 
| 113|0x0000000087100000, 0x0000000087200000, 0x0000000087200000|100%| O|  |TAMS 0x000000008714f600, 0x0000000087100000| Untracked 
| 114|0x0000000087200000, 0x0000000087200000, 0x0000000087300000|  0%| F|  |TAMS 0x0000000087200000, 0x0000000087200000| Untracked 
| 115|0x0000000087300000, 0x0000000087400000, 0x0000000087400000|100%| O|  |TAMS 0x0000000087300000, 0x0000000087300000| Untracked 
| 116|0x0000000087400000, 0x0000000087500000, 0x0000000087500000|100%| O|  |TAMS 0x0000000087400000, 0x0000000087400000| Untracked 
| 117|0x0000000087500000, 0x0000000087600000, 0x0000000087600000|100%| O|  |TAMS 0x0000000087500000, 0x0000000087500000| Untracked 
| 118|0x0000000087600000, 0x000000008765e600, 0x0000000087700000| 36%| O|  |TAMS 0x0000000087600000, 0x0000000087600000| Untracked 
| 119|0x0000000087700000, 0x0000000087700000, 0x0000000087800000|  0%| F|  |TAMS 0x0000000087700000, 0x0000000087700000| Untracked 
| 120|0x0000000087800000, 0x0000000087800000, 0x0000000087900000|  0%| F|  |TAMS 0x0000000087800000, 0x0000000087800000| Untracked 
| 121|0x0000000087900000, 0x0000000087900000, 0x0000000087a00000|  0%| F|  |TAMS 0x0000000087900000, 0x0000000087900000| Untracked 
| 122|0x0000000087a00000, 0x0000000087a00000, 0x0000000087b00000|  0%| F|  |TAMS 0x0000000087a00000, 0x0000000087a00000| Untracked 
| 123|0x0000000087b00000, 0x0000000087b00000, 0x0000000087c00000|  0%| F|  |TAMS 0x0000000087b00000, 0x0000000087b00000| Untracked 
| 124|0x0000000087c00000, 0x0000000087c00000, 0x0000000087d00000|  0%| F|  |TAMS 0x0000000087c00000, 0x0000000087c00000| Untracked 
| 125|0x0000000087d00000, 0x0000000087d00000, 0x0000000087e00000|  0%| F|  |TAMS 0x0000000087d00000, 0x0000000087d00000| Untracked 
| 126|0x0000000087e00000, 0x0000000087e00000, 0x0000000087f00000|  0%| F|  |TAMS 0x0000000087e00000, 0x0000000087e00000| Untracked 
| 127|0x0000000087f00000, 0x0000000087f00000, 0x0000000088000000|  0%| F|  |TAMS 0x0000000087f00000, 0x0000000087f00000| Untracked 
| 128|0x0000000088000000, 0x0000000088000000, 0x0000000088100000|  0%| F|  |TAMS 0x0000000088000000, 0x0000000088000000| Untracked 
| 129|0x0000000088100000, 0x0000000088100000, 0x0000000088200000|  0%| F|  |TAMS 0x0000000088100000, 0x0000000088100000| Untracked 
| 130|0x0000000088200000, 0x0000000088200000, 0x0000000088300000|  0%| F|  |TAMS 0x0000000088200000, 0x0000000088200000| Untracked 
| 131|0x0000000088300000, 0x0000000088300000, 0x0000000088400000|  0%| F|  |TAMS 0x0000000088300000, 0x0000000088300000| Untracked 
| 132|0x0000000088400000, 0x0000000088400000, 0x0000000088500000|  0%| F|  |TAMS 0x0000000088400000, 0x0000000088400000| Untracked 
| 133|0x0000000088500000, 0x0000000088500000, 0x0000000088600000|  0%| F|  |TAMS 0x0000000088500000, 0x0000000088500000| Untracked 
| 134|0x0000000088600000, 0x0000000088600000, 0x0000000088700000|  0%| F|  |TAMS 0x0000000088600000, 0x0000000088600000| Untracked 
| 135|0x0000000088700000, 0x0000000088700000, 0x0000000088800000|  0%| F|  |TAMS 0x0000000088700000, 0x0000000088700000| Untracked 
| 136|0x0000000088800000, 0x0000000088800000, 0x0000000088900000|  0%| F|  |TAMS 0x0000000088800000, 0x0000000088800000| Untracked 
| 137|0x0000000088900000, 0x0000000088900000, 0x0000000088a00000|  0%| F|  |TAMS 0x0000000088900000, 0x0000000088900000| Untracked 
| 138|0x0000000088a00000, 0x0000000088a00000, 0x0000000088b00000|  0%| F|  |TAMS 0x0000000088a00000, 0x0000000088a00000| Untracked 
| 139|0x0000000088b00000, 0x0000000088b00000, 0x0000000088c00000|  0%| F|  |TAMS 0x0000000088b00000, 0x0000000088b00000| Untracked 
| 140|0x0000000088c00000, 0x0000000088c4acb0, 0x0000000088d00000| 29%| S|CS|TAMS 0x0000000088c00000, 0x0000000088c00000| Complete 
| 141|0x0000000088d00000, 0x0000000088e00000, 0x0000000088e00000|100%| S|CS|TAMS 0x0000000088d00000, 0x0000000088d00000| Complete 
| 142|0x0000000088e00000, 0x0000000088f00000, 0x0000000088f00000|100%| S|CS|TAMS 0x0000000088e00000, 0x0000000088e00000| Complete 
| 143|0x0000000088f00000, 0x0000000089000000, 0x0000000089000000|100%| S|CS|TAMS 0x0000000088f00000, 0x0000000088f00000| Complete 
| 144|0x0000000089000000, 0x0000000089100000, 0x0000000089100000|100%| S|CS|TAMS 0x0000000089000000, 0x0000000089000000| Complete 
| 145|0x0000000089100000, 0x0000000089200000, 0x0000000089200000|100%| S|CS|TAMS 0x0000000089100000, 0x0000000089100000| Complete 
| 146|0x0000000089200000, 0x0000000089200000, 0x0000000089300000|  0%| F|  |TAMS 0x0000000089200000, 0x0000000089200000| Untracked 
| 147|0x0000000089300000, 0x0000000089300000, 0x0000000089400000|  0%| F|  |TAMS 0x0000000089300000, 0x0000000089300000| Untracked 
| 148|0x0000000089400000, 0x0000000089400000, 0x0000000089500000|  0%| F|  |TAMS 0x0000000089400000, 0x0000000089400000| Untracked 
| 149|0x0000000089500000, 0x0000000089500000, 0x0000000089600000|  0%| F|  |TAMS 0x0000000089500000, 0x0000000089500000| Untracked 
| 150|0x0000000089600000, 0x0000000089600000, 0x0000000089700000|  0%| F|  |TAMS 0x0000000089600000, 0x0000000089600000| Untracked 
| 151|0x0000000089700000, 0x0000000089700000, 0x0000000089800000|  0%| F|  |TAMS 0x0000000089700000, 0x0000000089700000| Untracked 
| 152|0x0000000089800000, 0x0000000089800000, 0x0000000089900000|  0%| F|  |TAMS 0x0000000089800000, 0x0000000089800000| Untracked 
| 153|0x0000000089900000, 0x0000000089900000, 0x0000000089a00000|  0%| F|  |TAMS 0x0000000089900000, 0x0000000089900000| Untracked 
| 154|0x0000000089a00000, 0x0000000089a00000, 0x0000000089b00000|  0%| F|  |TAMS 0x0000000089a00000, 0x0000000089a00000| Untracked 
| 155|0x0000000089b00000, 0x0000000089b00000, 0x0000000089c00000|  0%| F|  |TAMS 0x0000000089b00000, 0x0000000089b00000| Untracked 
| 156|0x0000000089c00000, 0x0000000089c00000, 0x0000000089d00000|  0%| F|  |TAMS 0x0000000089c00000, 0x0000000089c00000| Untracked 
| 157|0x0000000089d00000, 0x0000000089d00000, 0x0000000089e00000|  0%| F|  |TAMS 0x0000000089d00000, 0x0000000089d00000| Untracked 
| 158|0x0000000089e00000, 0x0000000089e00000, 0x0000000089f00000|  0%| F|  |TAMS 0x0000000089e00000, 0x0000000089e00000| Untracked 
| 159|0x0000000089f00000, 0x0000000089f00000, 0x000000008a000000|  0%| F|  |TAMS 0x0000000089f00000, 0x0000000089f00000| Untracked 
| 160|0x000000008a000000, 0x000000008a000000, 0x000000008a100000|  0%| F|  |TAMS 0x000000008a000000, 0x000000008a000000| Untracked 
| 161|0x000000008a100000, 0x000000008a100000, 0x000000008a200000|  0%| F|  |TAMS 0x000000008a100000, 0x000000008a100000| Untracked 
| 162|0x000000008a200000, 0x000000008a200000, 0x000000008a300000|  0%| F|  |TAMS 0x000000008a200000, 0x000000008a200000| Untracked 
| 163|0x000000008a300000, 0x000000008a300000, 0x000000008a400000|  0%| F|  |TAMS 0x000000008a300000, 0x000000008a300000| Untracked 
| 164|0x000000008a400000, 0x000000008a400000, 0x000000008a500000|  0%| F|  |TAMS 0x000000008a400000, 0x000000008a400000| Untracked 
| 165|0x000000008a500000, 0x000000008a500000, 0x000000008a600000|  0%| F|  |TAMS 0x000000008a500000, 0x000000008a500000| Untracked 
| 166|0x000000008a600000, 0x000000008a600000, 0x000000008a700000|  0%| F|  |TAMS 0x000000008a600000, 0x000000008a600000| Untracked 
| 167|0x000000008a700000, 0x000000008a700000, 0x000000008a800000|  0%| F|  |TAMS 0x000000008a700000, 0x000000008a700000| Untracked 
| 168|0x000000008a800000, 0x000000008a800000, 0x000000008a900000|  0%| F|  |TAMS 0x000000008a800000, 0x000000008a800000| Untracked 
| 169|0x000000008a900000, 0x000000008a900000, 0x000000008aa00000|  0%| F|  |TAMS 0x000000008a900000, 0x000000008a900000| Untracked 
| 170|0x000000008aa00000, 0x000000008aa00000, 0x000000008ab00000|  0%| F|  |TAMS 0x000000008aa00000, 0x000000008aa00000| Untracked 
| 171|0x000000008ab00000, 0x000000008ab00000, 0x000000008ac00000|  0%| F|  |TAMS 0x000000008ab00000, 0x000000008ab00000| Untracked 
| 172|0x000000008ac00000, 0x000000008ac00000, 0x000000008ad00000|  0%| F|  |TAMS 0x000000008ac00000, 0x000000008ac00000| Untracked 
| 173|0x000000008ad00000, 0x000000008ad00000, 0x000000008ae00000|  0%| F|  |TAMS 0x000000008ad00000, 0x000000008ad00000| Untracked 
| 174|0x000000008ae00000, 0x000000008ae00000, 0x000000008af00000|  0%| F|  |TAMS 0x000000008ae00000, 0x000000008ae00000| Untracked 
| 175|0x000000008af00000, 0x000000008af00000, 0x000000008b000000|  0%| F|  |TAMS 0x000000008af00000, 0x000000008af00000| Untracked 
| 176|0x000000008b000000, 0x000000008b000000, 0x000000008b100000|  0%| F|  |TAMS 0x000000008b000000, 0x000000008b000000| Untracked 
| 177|0x000000008b100000, 0x000000008b100000, 0x000000008b200000|  0%| F|  |TAMS 0x000000008b100000, 0x000000008b100000| Untracked 
| 178|0x000000008b200000, 0x000000008b200000, 0x000000008b300000|  0%| F|  |TAMS 0x000000008b200000, 0x000000008b200000| Untracked 
| 179|0x000000008b300000, 0x000000008b300000, 0x000000008b400000|  0%| F|  |TAMS 0x000000008b300000, 0x000000008b300000| Untracked 
| 180|0x000000008b400000, 0x000000008b400000, 0x000000008b500000|  0%| F|  |TAMS 0x000000008b400000, 0x000000008b400000| Untracked 
| 181|0x000000008b500000, 0x000000008b500000, 0x000000008b600000|  0%| F|  |TAMS 0x000000008b500000, 0x000000008b500000| Untracked 
| 182|0x000000008b600000, 0x000000008b600000, 0x000000008b700000|  0%| F|  |TAMS 0x000000008b600000, 0x000000008b600000| Untracked 
| 183|0x000000008b700000, 0x000000008b700000, 0x000000008b800000|  0%| F|  |TAMS 0x000000008b700000, 0x000000008b700000| Untracked 
| 184|0x000000008b800000, 0x000000008b800000, 0x000000008b900000|  0%| F|  |TAMS 0x000000008b800000, 0x000000008b800000| Untracked 
| 185|0x000000008b900000, 0x000000008b900000, 0x000000008ba00000|  0%| F|  |TAMS 0x000000008b900000, 0x000000008b900000| Untracked 
| 186|0x000000008ba00000, 0x000000008ba00000, 0x000000008bb00000|  0%| F|  |TAMS 0x000000008ba00000, 0x000000008ba00000| Untracked 
| 187|0x000000008bb00000, 0x000000008bb00000, 0x000000008bc00000|  0%| F|  |TAMS 0x000000008bb00000, 0x000000008bb00000| Untracked 
| 188|0x000000008bc00000, 0x000000008bc00000, 0x000000008bd00000|  0%| F|  |TAMS 0x000000008bc00000, 0x000000008bc00000| Untracked 
| 189|0x000000008bd00000, 0x000000008bd00000, 0x000000008be00000|  0%| F|  |TAMS 0x000000008bd00000, 0x000000008bd00000| Untracked 
| 190|0x000000008be00000, 0x000000008be00000, 0x000000008bf00000|  0%| F|  |TAMS 0x000000008be00000, 0x000000008be00000| Untracked 
| 191|0x000000008bf00000, 0x000000008bf00000, 0x000000008c000000|  0%| F|  |TAMS 0x000000008bf00000, 0x000000008bf00000| Untracked 
| 192|0x000000008c000000, 0x000000008c000000, 0x000000008c100000|  0%| F|  |TAMS 0x000000008c000000, 0x000000008c000000| Untracked 
| 193|0x000000008c100000, 0x000000008c100000, 0x000000008c200000|  0%| F|  |TAMS 0x000000008c100000, 0x000000008c100000| Untracked 
| 194|0x000000008c200000, 0x000000008c28cc18, 0x000000008c300000| 54%| E|  |TAMS 0x000000008c200000, 0x000000008c200000| Complete 
| 195|0x000000008c300000, 0x000000008c400000, 0x000000008c400000|100%| E|CS|TAMS 0x000000008c300000, 0x000000008c300000| Complete 
| 196|0x000000008c400000, 0x000000008c500000, 0x000000008c500000|100%| E|CS|TAMS 0x000000008c400000, 0x000000008c400000| Complete 
| 197|0x000000008c500000, 0x000000008c600000, 0x000000008c600000|100%| E|CS|TAMS 0x000000008c500000, 0x000000008c500000| Complete 
| 198|0x000000008c600000, 0x000000008c700000, 0x000000008c700000|100%| E|CS|TAMS 0x000000008c600000, 0x000000008c600000| Complete 
| 199|0x000000008c700000, 0x000000008c800000, 0x000000008c800000|100%| E|CS|TAMS 0x000000008c700000, 0x000000008c700000| Complete 
| 200|0x000000008c800000, 0x000000008c900000, 0x000000008c900000|100%| E|CS|TAMS 0x000000008c800000, 0x000000008c800000| Complete 
| 201|0x000000008c900000, 0x000000008ca00000, 0x000000008ca00000|100%| E|CS|TAMS 0x000000008c900000, 0x000000008c900000| Complete 

Card table byte_map: [0x000000cca5900000,0x000000cca5d00000] _byte_map_base: 0x000000cca5500000

Marking Bits (Prev, Next): (CMBitMap*) 0x000000cc92328378, (CMBitMap*) 0x000000cc923283b0
 Prev Bits: [0x000000cca6100000, 0x000000cca8100000)
 Next Bits: [0x000000cca8100000, 0x000000ccaa100000)

Polling page: 0x000000cc90a40000

Metaspace:

Usage:
  Non-class:     82.58 MB capacity,    80.78 MB ( 98%) used,     1.52 MB (  2%) free+waste,   292.63 KB ( <1%) overhead. 
      Class:     13.13 MB capacity,    12.07 MB ( 92%) used,   947.85 KB (  7%) free+waste,   133.94 KB ( <1%) overhead. 
       Both:     95.71 MB capacity,    92.85 MB ( 97%) used,     2.44 MB (  3%) free+waste,   426.56 KB ( <1%) overhead. 

Virtual space:
  Non-class space:       84.00 MB reserved,      82.70 MB ( 98%) committed 
      Class space:        1.00 GB reserved,      13.25 MB (  1%) committed 
             Both:        1.08 GB reserved,      95.95 MB (  9%) committed 

Chunk freelists:
   Non-Class:  54.00 KB
       Class:  0 bytes
        Both:  54.00 KB

MaxMetaspaceSize: 17179869184.00 GB
CompressedClassSpaceSize: 1.00 GB

CodeHeap 'non-profiled nmethods': size=120064Kb used=10601Kb max_used=10601Kb free=109463Kb
 bounds [0x000000cc9d8a0000, 0x000000cc9e300000, 0x000000cca4de0000]
CodeHeap 'profiled nmethods': size=120000Kb used=31127Kb max_used=31127Kb free=88872Kb
 bounds [0x000000cc96370000, 0x000000cc981e0000, 0x000000cc9d8a0000]
CodeHeap 'non-nmethods': size=5696Kb used=2299Kb max_used=2349Kb free=3397Kb
 bounds [0x000000cc95de0000, 0x000000cc96050000, 0x000000cc96370000]
 total_blobs=15096 nmethods=14186 adapters=821
 compilation: enabled
              stopped_count=0, restarted_count=0
 full_count=0

Compilation events (20 events):
Event: 424.333 Thread 0x000000ccacb7c800 nmethod 14474 0x000000cc981cdb90 code [0x000000cc981cdda0, 0x000000cc981ce498]
Event: 424.333 Thread 0x000000ccacb7c800 14476       3       org.gradle.api.internal.plugins.DefaultPluginRegistry$PluginIdLookupCacheKey::hashCode (23 bytes)
Event: 424.334 Thread 0x000000ccacb7c800 nmethod 14476 0x000000cc981ce710 code [0x000000cc981ce8e0, 0x000000cc981ceb78]
Event: 424.334 Thread 0x000000ccacb7c800 14475       3       org.gradle.api.internal.plugins.DefaultPluginRegistry::access$200 (7 bytes)
Event: 424.335 Thread 0x000000ccacb7c800 nmethod 14475 0x000000cc981cec90 code [0x000000cc981cee40, 0x000000cc981cef48]
Event: 424.336 Thread 0x000000ccacb7c800 14477       3       org.gradle.internal.event.DefaultListenerManager::createAnonymousBroadcaster (29 bytes)
Event: 424.339 Thread 0x000000ccacb7c800 nmethod 14477 0x000000cc981cf010 code [0x000000cc981cf260, 0x000000cc981cfc88]
Event: 424.346 Thread 0x000000ccacb7c800 14478       3       org.gradle.api.internal.file.DefaultFilePropertyFactory$FixedFile::<init> (6 bytes)
Event: 424.347 Thread 0x000000ccacb7c800 nmethod 14478 0x000000cc981d0010 code [0x000000cc981d01c0, 0x000000cc981d03d8]
Event: 424.349 Thread 0x000000ccacb7c800 14479       3       org.gradle.api.internal.artifacts.configurations.DefaultConfigurationContainer_Decorated::getStore (40 bytes)
Event: 424.351 Thread 0x000000ccacb7c800 nmethod 14479 0x000000cc981d0510 code [0x000000cc981d0740, 0x000000cc981d0e88]
Event: 424.351 Thread 0x000000ccacb7c800 14480       3       org.gradle.internal.event.ListenerBroadcast::add (14 bytes)
Event: 424.353 Thread 0x000000ccacb7c800 nmethod 14480 0x000000cc981d1090 code [0x000000cc981d12a0, 0x000000cc981d1958]
Event: 424.353 Thread 0x000000ccacb7c800 14481       3       org.gradle.internal.event.BroadcastDispatch::add (26 bytes)
Event: 424.354 Thread 0x000000ccacb7c800 nmethod 14481 0x000000cc981d1b90 code [0x000000cc981d1d80, 0x000000cc981d22b8]
Event: 424.357 Thread 0x000000ccacb7c800 14482       3       org.gradle.api.internal.AbstractNamedDomainObjectContainer::maybeCreate (18 bytes)
Event: 424.358 Thread 0x000000ccacb7c800 nmethod 14482 0x000000cc981d2490 code [0x000000cc981d26a0, 0x000000cc981d2c98]
Event: 424.361 Thread 0x000000ccacb7c800 14483       3       org.gradle.api.internal.DefaultNamedDomainObjectCollection::assertCanAdd (44 bytes)
Event: 424.364 Thread 0x000000ccacb7c800 nmethod 14483 0x000000cc981d2e90 code [0x000000cc981d3180, 0x000000cc981d41f8]
Event: 424.369 Thread 0x000000ccacb7c800 14484       3       kotlin.text.StringsKt__AppendableKt::appendElement (100 bytes)

GC Heap History (20 events):
Event: 87.061 GC heap before
{Heap before GC invocations=27 (full 0):
 garbage-first heap   total 172032K, used 141198K [0x0000000080000000, 0x0000000100000000)
  region size 1024K, 50 young (51200K), 6 survivors (6144K)
 Metaspace       used 89192K, capacity 91786K, committed 91852K, reserved 1128448K
  class space    used 11767K, capacity 12778K, committed 12800K, reserved 1048576K
}
Event: 87.118 GC heap after
{Heap after GC invocations=28 (full 0):
 garbage-first heap   total 172032K, used 100092K [0x0000000080000000, 0x0000000100000000)
  region size 1024K, 4 young (4096K), 4 survivors (4096K)
 Metaspace       used 89192K, capacity 91786K, committed 91852K, reserved 1128448K
  class space    used 11767K, capacity 12778K, committed 12800K, reserved 1048576K
}
Event: 92.224 GC heap before
{Heap before GC invocations=29 (full 0):
 garbage-first heap   total 172032K, used 143100K [0x0000000080000000, 0x0000000100000000)
  region size 1024K, 47 young (48128K), 4 survivors (4096K)
 Metaspace       used 89653K, capacity 92311K, committed 92492K, reserved 1128448K
  class space    used 11802K, capacity 12833K, committed 12928K, reserved 1048576K
}
Event: 92.267 GC heap after
{Heap after GC invocations=30 (full 0):
 garbage-first heap   total 206848K, used 102885K [0x0000000080000000, 0x0000000100000000)
  region size 1024K, 3 young (3072K), 3 survivors (3072K)
 Metaspace       used 89653K, capacity 92311K, committed 92492K, reserved 1128448K
  class space    used 11802K, capacity 12833K, committed 12928K, reserved 1048576K
}
Event: 98.040 GC heap before
{Heap before GC invocations=30 (full 0):
 garbage-first heap   total 206848K, used 161253K [0x0000000080000000, 0x0000000100000000)
  region size 1024K, 61 young (62464K), 3 survivors (3072K)
 Metaspace       used 90029K, capacity 92693K, committed 93004K, reserved 1130496K
  class space    used 11814K, capacity 12837K, committed 12928K, reserved 1048576K
}
Event: 98.082 GC heap after
{Heap after GC invocations=31 (full 0):
 garbage-first heap   total 206848K, used 106891K [0x0000000080000000, 0x0000000100000000)
  region size 1024K, 7 young (7168K), 7 survivors (7168K)
 Metaspace       used 90029K, capacity 92693K, committed 93004K, reserved 1130496K
  class space    used 11814K, capacity 12837K, committed 12928K, reserved 1048576K
}
Event: 105.672 GC heap before
{Heap before GC invocations=32 (full 0):
 garbage-first heap   total 206848K, used 164235K [0x0000000080000000, 0x0000000100000000)
  region size 1024K, 64 young (65536K), 7 survivors (7168K)
 Metaspace       used 90444K, capacity 93117K, committed 93260K, reserved 1130496K
  class space    used 11832K, capacity 12859K, committed 12928K, reserved 1048576K
}
Event: 105.749 GC heap after
{Heap after GC invocations=33 (full 0):
 garbage-first heap   total 206848K, used 110329K [0x0000000080000000, 0x0000000100000000)
  region size 1024K, 8 young (8192K), 8 survivors (8192K)
 Metaspace       used 90444K, capacity 93117K, committed 93260K, reserved 1130496K
  class space    used 11832K, capacity 12859K, committed 12928K, reserved 1048576K
}
Event: 120.888 GC heap before
{Heap before GC invocations=33 (full 0):
 garbage-first heap   total 206848K, used 166649K [0x0000000080000000, 0x0000000100000000)
  region size 1024K, 64 young (65536K), 8 survivors (8192K)
 Metaspace       used 90863K, capacity 93510K, committed 93772K, reserved 1130496K
  class space    used 11854K, capacity 12875K, committed 12928K, reserved 1048576K
}
Event: 120.946 GC heap after
{Heap after GC invocations=34 (full 0):
 garbage-first heap   total 206848K, used 114573K [0x0000000080000000, 0x0000000100000000)
  region size 1024K, 8 young (8192K), 8 survivors (8192K)
 Metaspace       used 90863K, capacity 93510K, committed 93772K, reserved 1130496K
  class space    used 11854K, capacity 12875K, committed 12928K, reserved 1048576K
}
Event: 130.415 GC heap before
{Heap before GC invocations=35 (full 0):
 garbage-first heap   total 206848K, used 168845K [0x0000000080000000, 0x0000000100000000)
  region size 1024K, 62 young (63488K), 8 survivors (8192K)
 Metaspace       used 91030K, capacity 93671K, committed 93772K, reserved 1130496K
  class space    used 11874K, capacity 12918K, committed 12928K, reserved 1048576K
}
Event: 130.487 GC heap after
{Heap after GC invocations=36 (full 0):
 garbage-first heap   total 206848K, used 116396K [0x0000000080000000, 0x0000000100000000)
  region size 1024K, 6 young (6144K), 6 survivors (6144K)
 Metaspace       used 91030K, capacity 93671K, committed 93772K, reserved 1130496K
  class space    used 11874K, capacity 12918K, committed 12928K, reserved 1048576K
}
Event: 134.939 GC heap before
{Heap before GC invocations=36 (full 0):
 garbage-first heap   total 206848K, used 170668K [0x0000000080000000, 0x0000000100000000)
  region size 1024K, 60 young (61440K), 6 survivors (6144K)
 Metaspace       used 91147K, capacity 93737K, committed 93772K, reserved 1130496K
  class space    used 11882K, capacity 12918K, committed 12928K, reserved 1048576K
}
Event: 134.992 GC heap after
{Heap after GC invocations=37 (full 0):
 garbage-first heap   total 206848K, used 118058K [0x0000000080000000, 0x0000000100000000)
  region size 1024K, 5 young (5120K), 5 survivors (5120K)
 Metaspace       used 91147K, capacity 93737K, committed 93772K, reserved 1130496K
  class space    used 11882K, capacity 12918K, committed 12928K, reserved 1048576K
}
Event: 141.264 GC heap before
{Heap before GC invocations=38 (full 0):
 garbage-first heap   total 206848K, used 172330K [0x0000000080000000, 0x0000000100000000)
  region size 1024K, 59 young (60416K), 5 survivors (5120K)
 Metaspace       used 91225K, capacity 93930K, committed 94028K, reserved 1130496K
  class space    used 11882K, capacity 12918K, committed 12928K, reserved 1048576K
}
Event: 141.324 GC heap after
{Heap after GC invocations=39 (full 0):
 garbage-first heap   total 206848K, used 120264K [0x0000000080000000, 0x0000000100000000)
  region size 1024K, 7 young (7168K), 7 survivors (7168K)
 Metaspace       used 91225K, capacity 93930K, committed 94028K, reserved 1130496K
  class space    used 11882K, capacity 12918K, committed 12928K, reserved 1048576K
}
Event: 146.089 GC heap before
{Heap before GC invocations=39 (full 0):
 garbage-first heap   total 206848K, used 159176K [0x0000000080000000, 0x0000000100000000)
  region size 1024K, 47 young (48128K), 7 survivors (7168K)
 Metaspace       used 91954K, capacity 94727K, committed 95052K, reserved 1130496K
  class space    used 12007K, capacity 13064K, committed 13184K, reserved 1048576K
}
Event: 146.128 GC heap after
{Heap after GC invocations=40 (full 0):
 garbage-first heap   total 206848K, used 123197K [0x0000000080000000, 0x0000000100000000)
  region size 1024K, 7 young (7168K), 7 survivors (7168K)
 Metaspace       used 91954K, capacity 94727K, committed 95052K, reserved 1130496K
  class space    used 12007K, capacity 13064K, committed 13184K, reserved 1048576K
}
Event: 423.119 GC heap before
{Heap before GC invocations=41 (full 0):
 garbage-first heap   total 206848K, used 173373K [0x0000000080000000, 0x0000000100000000)
  region size 1024K, 56 young (57344K), 7 survivors (7168K)
 Metaspace       used 94909K, capacity 97767K, committed 97868K, reserved 1134592K
  class space    used 12354K, capacity 13432K, committed 13440K, reserved 1048576K
}
Event: 423.190 GC heap after
{Heap after GC invocations=42 (full 0):
 garbage-first heap   total 206848K, used 125604K [0x0000000080000000, 0x0000000100000000)
  region size 1024K, 6 young (6144K), 6 survivors (6144K)
 Metaspace       used 94909K, capacity 97767K, committed 97868K, reserved 1134592K
  class space    used 12354K, capacity 13432K, committed 13440K, reserved 1048576K
}

Deoptimization events (20 events):
Event: 423.324 Thread 0x000000ccb4f8d800 DEOPT PACKING pc=0x000000cc9e27ce90 sp=0x000000ccb212df00
Event: 423.324 Thread 0x000000ccb4f8d800 DEOPT UNPACKING pc=0x000000cc95e0782f sp=0x000000ccb212dcb8 mode 2
Event: 423.325 Thread 0x000000ccb4f8d800 Uncommon trap: trap_request=0xffffff4d fr.pc=0x000000cc9e264ee0 relative=0x00000000000001a0
Event: 423.325 Thread 0x000000ccb4f8d800 Uncommon trap: reason=unstable_if action=reinterpret pc=0x000000cc9e264ee0 method=java.io.ObjectOutputStream$ReplaceTable.lookup(Ljava/lang/Object;)Ljava/lang/Object; @ 10 c2
Event: 423.325 Thread 0x000000ccb4f8d800 DEOPT PACKING pc=0x000000cc9e264ee0 sp=0x000000ccb212de40
Event: 423.325 Thread 0x000000ccb4f8d800 DEOPT UNPACKING pc=0x000000cc95e0782f sp=0x000000ccb212ddf8 mode 2
Event: 423.427 Thread 0x000000ccb4f86000 Uncommon trap: trap_request=0xffffffc6 fr.pc=0x000000cc9d9a0ef8 relative=0x0000000000000218
Event: 423.427 Thread 0x000000ccb4f86000 Uncommon trap: reason=bimorphic_or_optimized_type_check action=maybe_recompile pc=0x000000cc9d9a0ef8 method=com.google.common.base.CharMatcher.indexIn(Ljava/lang/CharSequence;I)I @ 31 c2
Event: 423.427 Thread 0x000000ccb4f86000 DEOPT PACKING pc=0x000000cc9d9a0ef8 sp=0x000000ccb1e28e70
Event: 423.427 Thread 0x000000ccb4f86000 DEOPT UNPACKING pc=0x000000cc95e0782f sp=0x000000ccb1e28e18 mode 2
Event: 424.215 Thread 0x000000ccb4f86000 Uncommon trap: trap_request=0xffffff4d fr.pc=0x000000cc9dd8d53c relative=0x000000000000157c
Event: 424.215 Thread 0x000000ccb4f86000 Uncommon trap: reason=unstable_if action=reinterpret pc=0x000000cc9dd8d53c method=org.codehaus.groovy.runtime.metaclass.MetaMethodIndex.isNonRealMethod(Lgroovy/lang/MetaMethod;)Z @ 18 c2
Event: 424.215 Thread 0x000000ccb4f86000 DEOPT PACKING pc=0x000000cc9dd8d53c sp=0x000000ccb1e29de0
Event: 424.215 Thread 0x000000ccb4f86000 DEOPT UNPACKING pc=0x000000cc95e0782f sp=0x000000ccb1e29cd8 mode 2
Event: 424.271 Thread 0x000000ccb4f86000 Uncommon trap: trap_request=0xffffffbe fr.pc=0x000000cc9e01e60c relative=0x0000000000000cec
Event: 424.271 Thread 0x000000ccb4f86000 Uncommon trap: reason=profile_predicate action=maybe_recompile pc=0x000000cc9e01e60c method=com.google.common.collect.ImmutableSet.construct(I[Ljava/lang/Object;)Lcom/google/common/collect/ImmutableSet; @ 68 c2
Event: 424.271 Thread 0x000000ccb4f86000 DEOPT PACKING pc=0x000000cc9e01e60c sp=0x000000ccb1e2a090
Event: 424.271 Thread 0x000000ccb4f86000 DEOPT UNPACKING pc=0x000000cc95e0782f sp=0x000000ccb1e2a020 mode 2
Event: 424.314 Thread 0x000000ccb4f86000 DEOPT PACKING pc=0x000000cc9683a1f9 sp=0x000000ccb1e29720
Event: 424.314 Thread 0x000000ccb4f86000 DEOPT UNPACKING pc=0x000000cc95e0764e sp=0x000000ccb1e28be8 mode 0

Classes redefined (0 events):
No events

Internal exceptions (20 events):
Event: 148.052 Thread 0x000000ccae6a3000 Exception <a 'java/lang/NoSuchMethodError'{0x000000008c1f5b40}: <clinit>> (0x000000008c1f5b40) thrown at [./src/hotspot/share/prims/jni.cpp, line 1362]
Event: 148.054 Thread 0x000000ccae6a3000 Exception <a 'java/lang/NoSuchMethodError'{0x000000008c007148}: <clinit>> (0x000000008c007148) thrown at [./src/hotspot/share/prims/jni.cpp, line 1362]
Event: 148.054 Thread 0x000000ccae6a3000 Exception <a 'java/lang/NoSuchMethodError'{0x000000008c008830}: <clinit>> (0x000000008c008830) thrown at [./src/hotspot/share/prims/jni.cpp, line 1362]
Event: 148.057 Thread 0x000000ccae6a3000 Exception <a 'java/lang/NoSuchMethodError'{0x000000008c01a998}: <clinit>> (0x000000008c01a998) thrown at [./src/hotspot/share/prims/jni.cpp, line 1362]
Event: 148.059 Thread 0x000000ccae6a3000 Exception <a 'java/lang/NoSuchMethodError'{0x000000008c026ae8}: <clinit>> (0x000000008c026ae8) thrown at [./src/hotspot/share/prims/jni.cpp, line 1362]
Event: 148.069 Thread 0x000000ccae6a3000 Exception <a 'java/lang/NoSuchMethodError'{0x000000008c03e0e0}: <clinit>> (0x000000008c03e0e0) thrown at [./src/hotspot/share/prims/jni.cpp, line 1362]
Event: 157.618 Thread 0x000000ccae6a5000 Implicit null exception at 0x000000cc9d8ecef4 to 0x000000cc9d8ed474
Event: 393.042 Thread 0x000000ccb4f86000 Implicit null exception at 0x000000cc9e1866c5 to 0x000000cc9e18ad88
Event: 393.042 Thread 0x000000ccb4f86000 Implicit null exception at 0x000000cc9df603af to 0x000000cc9df603fc
Event: 393.042 Thread 0x000000ccb4f86000 Implicit null exception at 0x000000cc9e011756 to 0x000000cc9e011a4c
Event: 393.042 Thread 0x000000ccb4f86000 Implicit null exception at 0x000000cc9df696a2 to 0x000000cc9df6a2f8
Event: 393.043 Thread 0x000000ccb4f86000 Implicit null exception at 0x000000cc9e243302 to 0x000000cc9e247eec
Event: 409.796 Thread 0x000000ccae6a0800 Exception <a 'java/net/SocketTimeoutException'{0x000000008a2b1760}: Read timed out> (0x000000008a2b1760) thrown at [./src/hotspot/share/prims/jni.cpp, line 636]
Event: 409.796 Thread 0x000000ccae6a5800 Exception <a 'java/net/SocketTimeoutException'{0x000000008a21bc98}: Read timed out> (0x000000008a21bc98) thrown at [./src/hotspot/share/prims/jni.cpp, line 636]
Event: 414.758 Thread 0x000000ccae6a5800 Exception <a 'java/net/SocketTimeoutException'{0x0000000089833200}: Read timed out> (0x0000000089833200) thrown at [./src/hotspot/share/prims/jni.cpp, line 636]
Event: 417.681 Thread 0x000000ccb4f92800 Exception <a 'java/net/SocketTimeoutException'{0x000000008979daf8}: Read timed out> (0x000000008979daf8) thrown at [./src/hotspot/share/prims/jni.cpp, line 636]
Event: 420.252 Thread 0x000000ccae6a0800 Exception <a 'java/net/SocketTimeoutException'{0x0000000089684dd0}: Read timed out> (0x0000000089684dd0) thrown at [./src/hotspot/share/prims/jni.cpp, line 636]
Event: 420.523 Thread 0x000000ccb4f92800 Exception <a 'java/net/SocketTimeoutException'{0x00000000897f2a08}: Read timed out> (0x00000000897f2a08) thrown at [./src/hotspot/share/prims/jni.cpp, line 636]
Event: 420.524 Thread 0x000000ccae6a3000 Exception <a 'java/net/SocketTimeoutException'{0x00000000897c9fd0}: Read timed out> (0x00000000897c9fd0) thrown at [./src/hotspot/share/prims/jni.cpp, line 636]
Event: 424.144 Thread 0x000000ccb4f86000 Exception <a 'sun/nio/fs/WindowsException'{0x000000008c4ea178}> (0x000000008c4ea178) thrown at [./src/hotspot/share/prims/jni.cpp, line 615]

Events (20 events):
Event: 423.991 Executing VM operation: RevokeBias done
Event: 424.095 Executing VM operation: RevokeBias
Event: 424.095 Executing VM operation: RevokeBias done
Event: 424.215 Executing VM operation: RevokeBias
Event: 424.215 Executing VM operation: RevokeBias done
Event: 424.217 loading class org/codehaus/groovy/runtime/ArrayUtil
Event: 424.217 loading class org/codehaus/groovy/runtime/ArrayUtil done
Event: 424.255 Executing VM operation: RevokeBias
Event: 424.255 Executing VM operation: RevokeBias done
Event: 424.277 loading class org/codehaus/groovy/runtime/ArrayUtil
Event: 424.277 loading class org/codehaus/groovy/runtime/ArrayUtil done
Event: 424.288 Executing VM operation: RevokeBias
Event: 424.288 Executing VM operation: RevokeBias done
Event: 424.288 Executing VM operation: RevokeBias
Event: 424.289 Executing VM operation: RevokeBias done
Event: 424.299 Executing VM operation: RevokeBias
Event: 424.300 Executing VM operation: RevokeBias done
Event: 424.301 Executing VM operation: RevokeBias
Event: 424.301 Executing VM operation: RevokeBias done
Event: 424.324 Loaded shared library C:\Program Files\Android\Android Studio\jre\bin\zip.dll


Dynamic libraries:
0x00007ff711710000 - 0x00007ff71171a000 	C:\Program Files\Android\Android Studio\jre\bin\java.exe
0x00007fff06080000 - 0x00007fff06241000 	C:\Windows\SYSTEM32\ntdll.dll
0x00007fff04160000 - 0x00007fff0420d000 	C:\Windows\system32\KERNEL32.DLL
0x00007fff03180000 - 0x00007fff0335d000 	C:\Windows\system32\KERNELBASE.dll
0x00007ffefe120000 - 0x00007ffefe139000 	C:\Program Files\Android\Android Studio\jre\bin\jli.dll
0x00007ffefd8c0000 - 0x00007ffefd8d7000 	C:\Program Files\Android\Android Studio\jre\bin\VCRUNTIME140.dll
0x00007ffefc490000 - 0x00007ffefc582000 	C:\Windows\SYSTEM32\ucrtbase.dll
0x00007fff05d40000 - 0x00007fff05e8e000 	C:\Windows\system32\USER32.dll
0x00007fff05e90000 - 0x00007fff06016000 	C:\Windows\system32\GDI32.dll
0x00007ffef6260000 - 0x00007ffef64d4000 	C:\Windows\WinSxS\amd64_microsoft.windows.common-controls_6595b64144ccf1df_6.0.10240.16384_none_f41f7b285750ef43\COMCTL32.dll
0x00007fff03af0000 - 0x00007fff03b8d000 	C:\Windows\system32\msvcrt.dll
0x00007fff04210000 - 0x00007fff04246000 	C:\Windows\system32\IMM32.DLL
0x00007fff05be0000 - 0x00007fff05d3c000 	C:\Windows\system32\MSCTF.dll
0x00007ffef4910000 - 0x00007ffef49ad000 	C:\Program Files\Android\Android Studio\jre\bin\msvcp140.dll
0x00007ffed8340000 - 0x00007ffed8e0f000 	C:\Program Files\Android\Android Studio\jre\bin\server\jvm.dll
0x00007fff03b90000 - 0x00007fff03c36000 	C:\Windows\system32\ADVAPI32.dll
0x00007fff03880000 - 0x00007fff038db000 	C:\Windows\system32\sechost.dll
0x00007fff04330000 - 0x00007fff04456000 	C:\Windows\system32\RPCRT4.dll
0x00007fff03a30000 - 0x00007fff03a38000 	C:\Windows\system32\PSAPI.DLL
0x00007ffefe1c0000 - 0x00007ffefe1c9000 	C:\Windows\SYSTEM32\WSOCK32.dll
0x00007ffef3d30000 - 0x00007ffef3d53000 	C:\Windows\SYSTEM32\WINMM.dll
0x00007fff00e90000 - 0x00007fff00e9a000 	C:\Windows\SYSTEM32\VERSION.dll
0x00007fff04640000 - 0x00007fff046a9000 	C:\Windows\system32\WS2_32.dll
0x00007fff04090000 - 0x00007fff04098000 	C:\Windows\system32\NSI.dll
0x000000cc90a10000 - 0x000000cc90a3c000 	C:\Windows\SYSTEM32\WINMMBASE.dll
0x00007fff03360000 - 0x00007fff033a4000 	C:\Windows\system32\cfgmgr32.dll
0x00007fff024b0000 - 0x00007fff024d7000 	C:\Windows\SYSTEM32\DEVOBJ.dll
0x00007fff02b20000 - 0x00007fff02b2f000 	C:\Windows\system32\kernel.appcore.dll
0x00007ffefdc10000 - 0x00007ffefdc21000 	C:\Program Files\Android\Android Studio\jre\bin\verify.dll
0x00007fff02320000 - 0x00007fff024aa000 	C:\Windows\SYSTEM32\DBGHELP.DLL
0x00007fff021e0000 - 0x00007fff02205000 	C:\Windows\SYSTEM32\dbgcore.DLL
0x00007ffefdbc0000 - 0x00007ffefdbe9000 	C:\Program Files\Android\Android Studio\jre\bin\java.dll
0x00007ffefe1b0000 - 0x00007ffefe1bb000 	C:\Program Files\Android\Android Studio\jre\bin\jimage.dll
0x00007ffefda00000 - 0x00007ffefda18000 	C:\Program Files\Android\Android Studio\jre\bin\zip.dll
0x00007fff046b0000 - 0x00007fff05bd2000 	C:\Windows\system32\SHELL32.dll
0x00007fff02b50000 - 0x00007fff03179000 	C:\Windows\system32\windows.storage.dll
0x00007fff03c40000 - 0x00007fff03ebc000 	C:\Windows\system32\combase.dll
0x00007fff03750000 - 0x00007fff037a1000 	C:\Windows\system32\shlwapi.dll
0x00007fff033b0000 - 0x00007fff03463000 	C:\Windows\system32\shcore.dll
0x00007fff02ad0000 - 0x00007fff02b1a000 	C:\Windows\system32\powrprof.dll
0x00007fff02ab0000 - 0x00007fff02ac3000 	C:\Windows\system32\profapi.dll
0x00007ffefd910000 - 0x00007ffefd92a000 	C:\Program Files\Android\Android Studio\jre\bin\net.dll
0x00007ffefd260000 - 0x00007ffefd336000 	C:\Windows\SYSTEM32\WINHTTP.dll
0x00007fff01fd0000 - 0x00007fff0202d000 	C:\Windows\system32\mswsock.dll
0x00007ffefd8f0000 - 0x00007ffefd904000 	C:\Program Files\Android\Android Studio\jre\bin\nio.dll
0x00007ffefdde0000 - 0x00007ffefde07000 	C:\Users\Mega\.gradle\native\8bec1ad78214c89d9ad589b4d07fe93259594b29d510b10fafb7a158f7737e5d\windows-amd64\native-platform.dll
0x00007ffefdca0000 - 0x00007ffefdddd000 	C:\Users\Mega\.gradle\native\53dbd7edfb1c66fb8903c78663c9afc45aea4f116125fa6feffd364cf09443e8\windows-amd64\native-platform-file-events.dll
0x00007ffefe190000 - 0x00007ffefe19a000 	C:\Program Files\Android\Android Studio\jre\bin\management.dll
0x00007ffefde10000 - 0x00007ffefde1c000 	C:\Program Files\Android\Android Studio\jre\bin\management_ext.dll
0x00007fff02030000 - 0x00007fff02047000 	C:\Windows\SYSTEM32\CRYPTSP.dll
0x00007fff029e0000 - 0x00007fff02a08000 	C:\Windows\SYSTEM32\bcrypt.dll
0x00007fff01c80000 - 0x00007fff01cb3000 	C:\Windows\system32\rsaenh.dll
0x00007fff01d70000 - 0x00007fff01d8f000 	C:\Windows\SYSTEM32\USERENV.dll
0x00007fff028d0000 - 0x00007fff0293b000 	C:\Windows\system32\bcryptprimitives.dll
0x00007fff02230000 - 0x00007fff0223b000 	C:\Windows\SYSTEM32\CRYPTBASE.dll
0x00007fff004b0000 - 0x00007fff004e8000 	C:\Windows\SYSTEM32\IPHLPAPI.DLL
0x00007fff00490000 - 0x00007fff0049b000 	C:\Windows\SYSTEM32\WINNSI.DLL
0x00007ffefeca0000 - 0x00007ffefecb6000 	C:\Windows\SYSTEM32\dhcpcsvc6.DLL
0x00007ffefec80000 - 0x00007ffefec9a000 	C:\Windows\SYSTEM32\dhcpcsvc.DLL
0x00007ffef7020000 - 0x00007ffef7047000 	C:\Program Files\Android\Android Studio\jre\bin\sunec.dll
0x00007fff01d90000 - 0x00007fff01e38000 	C:\Windows\SYSTEM32\DNSAPI.dll
0x00007ffef9170000 - 0x00007ffef917a000 	C:\Windows\System32\rasadhlp.dll
0x00007ffefec10000 - 0x00007ffefec78000 	C:\Windows\System32\fwpuclnt.dll

dbghelp: loaded successfully - version: 4.0.5 - missing functions: none
symbol engine: initialized successfully - sym options: 0x614 - pdb path: .;C:\Program Files\Android\Android Studio\jre\bin;C:\Windows\SYSTEM32;C:\Windows\WinSxS\amd64_microsoft.windows.common-controls_6595b64144ccf1df_6.0.10240.16384_none_f41f7b285750ef43;C:\Program Files\Android\Android Studio\jre\bin\server;C:\Users\Mega\.gradle\native\8bec1ad78214c89d9ad589b4d07fe93259594b29d510b10fafb7a158f7737e5d\windows-amd64;C:\Users\Mega\.gradle\native\53dbd7edfb1c66fb8903c78663c9afc45aea4f116125fa6feffd364cf09443e8\windows-amd64

VM Arguments:
jvm_args: --add-opens=java.base/java.util=ALL-UNNAMED --add-opens=java.base/java.lang=ALL-UNNAMED --add-opens=java.base/java.lang.invoke=ALL-UNNAMED --add-opens=java.base/java.util=ALL-UNNAMED --add-opens=java.prefs/java.util.prefs=ALL-UNNAMED --add-opens=java.prefs/java.util.prefs=ALL-UNNAMED --add-opens=java.base/java.nio.charset=ALL-UNNAMED --add-opens=java.base/java.net=ALL-UNNAMED --add-opens=java.base/java.util.concurrent.atomic=ALL-UNNAMED -Xmx2048m -Dfile.encoding=UTF-8 -Duser.country=US -Duser.language=en -Duser.variant 
java_command: org.gradle.launcher.daemon.bootstrap.GradleDaemon 7.0.2
java_class_path (initial): C:\Users\Mega\.gradle\wrapper\dists\gradle-7.0.2-bin\857tjihv64xamwrf0h14cai3r\gradle-7.0.2\lib\gradle-launcher-7.0.2.jar
Launcher Type: SUN_STANDARD

[Global flags]
     intx CICompilerCount                          = 3                                         {product} {ergonomic}
     uint ConcGCThreads                            = 1                                         {product} {ergonomic}
     uint G1ConcRefinementThreads                  = 4                                         {product} {ergonomic}
   size_t G1HeapRegionSize                         = 1048576                                   {product} {ergonomic}
    uintx GCDrainStackTargetSize                   = 64                                        {product} {ergonomic}
   size_t InitialHeapSize                          = 100663296                                 {product} {ergonomic}
   size_t MarkStackSize                            = 4194304                                   {product} {ergonomic}
   size_t MaxHeapSize                              = 2147483648                                {product} {command line}
   size_t MaxNewSize                               = 1287651328                                {product} {ergonomic}
   size_t MinHeapDeltaBytes                        = 1048576                                   {product} {ergonomic}
    uintx NonNMethodCodeHeapSize                   = 5830732                                {pd product} {ergonomic}
    uintx NonProfiledCodeHeapSize                  = 122913754                              {pd product} {ergonomic}
    uintx ProfiledCodeHeapSize                     = 122913754                              {pd product} {ergonomic}
    uintx ReservedCodeCacheSize                    = 251658240                              {pd product} {ergonomic}
     bool SegmentedCodeCache                       = true                                      {product} {ergonomic}
     bool UseCompressedClassPointers               = true                                 {lp64_product} {ergonomic}
     bool UseCompressedOops                        = true                                 {lp64_product} {ergonomic}
     bool UseG1GC                                  = true                                      {product} {ergonomic}
     bool UseLargePagesIndividualAllocation        = false                                  {pd product} {ergonomic}

Logging:
Log output configuration:
 #0: stdout all=warning uptime,level,tags
 #1: stderr all=off uptime,level,tags

Environment Variables:
JAVA_HOME=C:\Program Files\Android\Android Studio\jre
PATH=C:\Program Files (x86)\Common Files\Oracle\Java\javapath;C:\Program Files (x86)\Common Files\Intel\Shared Libraries\ia32;C:\Program Files (x86)\Common Files\Intel\Shared Libraries\intel64;C:\Program Files (x86)\Common Files\Intel\Shared Libraries\;C:\Program Files (x86)\VMware\VMware Player\bin\;C:\Windows\system32;C:\Windows;C:\Windows\System32\Wbem;C:\Windows\System32\WindowsPowerShell\v1.0\;C:\xamp\php;C:\composer;C:\Program Files\nodejs\;C:\ProgramData\chocolatey\bin;C:\Program Files\Git\cmd;C:\Users\Mega\AppData\Roaming\Composer\vendor\bin;C:\Users\Mega\AppData\Local\Programs\Microsoft VS Code\bin;C:\Users\Mega\AppData\Roaming\npm;C:\Program Files\MongoDB\Server\5.0\bin;C:\Program Files\Android\Android Studio\jre\bin
USERNAME=Mega
OS=Windows_NT
PROCESSOR_IDENTIFIER=Intel64 Family 6 Model 42 Stepping 7, GenuineIntel



---------------  S Y S T E M  ---------------

OS: Windows 10 , 64 bit Build 10240 (10.0.10240.16384)
OS uptime: 0 days 0:37 hours

CPU:total 4 (initial active 4) (2 cores per cpu, 2 threads per core) family 6 model 42 stepping 7 microcode 0x29, cmov, cx8, fxsr, mmx, sse, sse2, sse3, ssse3, sse4.1, sse4.2, popcnt, avx, clmul, ht, tsc, tscinvbit

Memory: 4k page, system-wide physical 6091M (1473M free)
TotalPageFile size 8395M (AvailPageFile size 3677M)
current process WorkingSet (physical memory assigned to process): 489M, peak: 489M
current process commit charge ("private bytes"): 513M, peak: 514M

vm_info: OpenJDK 64-Bit Server VM (11.0.10+0-b96-7249189) for windows-amd64 JRE (11.0.10+0-b96-7249189), built on Mar 31 2021 21:44:00 by "builder" with MS VC++ 14.0 (VS2015)

END.
