#
# There is insufficient memory for the Java Runtime Environment to continue.
# Native memory allocation (mmap) failed to map 276824064 bytes for Failed to commit area from 0x0000000088400000 to 0x0000000098c00000 of length 276824064.
# Possible reasons:
#   The system is out of physical RAM or swap space
#   The process is running with CompressedOops enabled, and the Java Heap may be blocking the growth of the native heap
# Possible solutions:
#   Reduce memory load on the system
#   Increase physical memory or swap space
#   Check if swap backing store is full
#   Decrease Java heap size (-Xmx/-Xms)
#   Decrease number of Java threads
#   Decrease Java thread stack sizes (-Xss)
#   Set larger code cache with -XX:ReservedCodeCacheSize=
#   JVM is running with Unscaled Compressed Oops mode in which the Java heap is
#     placed in the first 4GB address space. The Java Heap base address is the
#     maximum limit for the native heap growth. Please use -XX:HeapBaseMinAddress
#     to set the Java Heap base and to place the Java Heap above 4GB virtual address.
# This output file may be truncated or incomplete.
#
#  Out of Memory Error (./src/hotspot/os/windows/os_windows.cpp:3301), pid=5472, tid=7284
#
# JRE version: OpenJDK Runtime Environment (11.0.10) (build 11.0.10+0-b96-7249189)
# Java VM: OpenJDK 64-Bit Server VM (11.0.10+0-b96-7249189, mixed mode, tiered, compressed oops, g1 gc, windows-amd64)
# No core dump will be written. Minidumps are not enabled by default on client versions of Windows
#

---------------  S U M M A R Y ------------

Command Line: --add-opens=java.base/java.util=ALL-UNNAMED --add-opens=java.base/java.lang=ALL-UNNAMED --add-opens=java.base/java.lang.invoke=ALL-UNNAMED --add-opens=java.base/java.util=ALL-UNNAMED --add-opens=java.prefs/java.util.prefs=ALL-UNNAMED --add-opens=java.prefs/java.util.prefs=ALL-UNNAMED --add-opens=java.base/java.nio.charset=ALL-UNNAMED --add-opens=java.base/java.net=ALL-UNNAMED --add-opens=java.base/java.util.concurrent.atomic=ALL-UNNAMED -Xmx2048m -Dfile.encoding=UTF-8 -Duser.country=US -Duser.language=en -Duser.variant org.gradle.launcher.daemon.bootstrap.GradleDaemon 7.0.2

Host: Intel(R) Core(TM) i3-2330M CPU @ 2.20GHz, 4 cores, 5G,  Windows 10 , 64 bit Build 10240 (10.0.10240.17113)
Time: Sun May 14 01:45:04 2023 Pacific Standard Time elapsed time: 594.371316 seconds (0d 0h 9m 54s)

---------------  T H R E A D  ---------------

Current thread (0x00000027c274c000):  VMThread "VM Thread" [stack: 0x00000027c2fc0000,0x00000027c30c0000] [id=7284]

Stack: [0x00000027c2fc0000,0x00000027c30c0000]
[error occurred during error reporting (printing stack bounds), id 0xc0000005, EXCEPTION_ACCESS_VIOLATION (0xc0000005) at pc=0x00000027ac180f2d]

Native frames: (J=compiled Java code, j=interpreted, Vv=VM code, C=native code)
V  [jvm.dll+0x5ecfaa]
V  [jvm.dll+0x722bd5]
V  [jvm.dll+0x72412d]
V  [jvm.dll+0x724745]
V  [jvm.dll+0x7246fb]
V  [jvm.dll+0x5ec348]
V  [jvm.dll+0x5ecad8]
C  [ntdll.dll+0x9666d]
C  [ntdll.dll+0x13c00]
C  [ntdll.dll+0x9577a]
C  0x00000027ac180f2d

VM_Operation (0x00000027c7b4f8b0): G1CollectForAllocation, mode: safepoint, requested by thread 0x00000027c5c89800


---------------  P R O C E S S  ---------------

Threads class SMR info:
_java_thread_list=0x00000027cb8ec5d0, length=41, elements={
0x00000027a868c800, 0x00000027c2755800, 0x00000027c275f800, 0x00000027c33e3800,
0x00000027c2770000, 0x00000027c2771000, 0x00000027c2772000, 0x00000027c2775800,
0x00000027c27bd000, 0x00000027c34f1000, 0x00000027c51ad800, 0x00000027c54e8800,
0x00000027c5836800, 0x00000027c544d800, 0x00000027c5450000, 0x00000027c544e800,
0x00000027c544f000, 0x00000027c5451000, 0x00000027c5c89000, 0x00000027c5c8a800,
0x00000027c5c8b800, 0x00000027c5c8d000, 0x00000027c5c8e000, 0x00000027c5c87800,
0x00000027c5c8e800, 0x00000027c5c8f800, 0x00000027c5c89800, 0x00000027c5c90000,
0x00000027c5c91000, 0x00000027c5c95000, 0x00000027c5c93800, 0x00000027c5c92000,
0x00000027c5c92800, 0x00000027c5c94800, 0x00000027c544a800, 0x00000027c544b000,
0x00000027c544c000, 0x00000027c544c800, 0x00000027c580e800, 0x00000027c580c000,
0x00000027c580d000
}

Java Threads: ( => current thread )
  0x00000027a868c800 JavaThread "main" [_thread_blocked, id=2096, stack(0x00000027a6640000,0x00000027a6740000)]
  0x00000027c2755800 JavaThread "Reference Handler" daemon [_thread_blocked, id=7812, stack(0x00000027c30c0000,0x00000027c31c0000)]
  0x00000027c275f800 JavaThread "Finalizer" daemon [_thread_blocked, id=4792, stack(0x00000027c31c0000,0x00000027c32c0000)]
  0x00000027c33e3800 JavaThread "Signal Dispatcher" daemon [_thread_blocked, id=4948, stack(0x00000027c37a0000,0x00000027c38a0000)]
  0x00000027c2770000 JavaThread "Attach Listener" daemon [_thread_blocked, id=4304, stack(0x00000027c38a0000,0x00000027c39a0000)]
  0x00000027c2771000 JavaThread "Service Thread" daemon [_thread_blocked, id=3212, stack(0x00000027c39a0000,0x00000027c3aa0000)]
  0x00000027c2772000 JavaThread "C2 CompilerThread0" daemon [_thread_blocked, id=4436, stack(0x00000027c3aa0000,0x00000027c3ba0000)]
  0x00000027c2775800 JavaThread "C1 CompilerThread0" daemon [_thread_blocked, id=5724, stack(0x00000027c3ba0000,0x00000027c3ca0000)]
  0x00000027c27bd000 JavaThread "Sweeper thread" daemon [_thread_blocked, id=7852, stack(0x00000027c3ca0000,0x00000027c3da0000)]
  0x00000027c34f1000 JavaThread "Common-Cleaner" daemon [_thread_blocked, id=6992, stack(0x00000027c3da0000,0x00000027c3ea0000)]
  0x00000027c51ad800 JavaThread "Daemon health stats" [_thread_blocked, id=6084, stack(0x00000027a64d0000,0x00000027a65d0000)]
  0x00000027c54e8800 JavaThread "Incoming local TCP Connector on port 50744" [_thread_in_native, id=7556, stack(0x00000027c7280000,0x00000027c7380000)]
  0x00000027c5836800 JavaThread "Daemon periodic checks" [_thread_blocked, id=6624, stack(0x00000027c7660000,0x00000027c7760000)]
  0x00000027c544d800 JavaThread "Cache worker for file hash cache (C:\Users\Mega\.gradle\caches\7.0.2\fileHashes)" [_thread_blocked, id=4444, stack(0x00000027c8360000,0x00000027c8460000)]
  0x00000027c5450000 JavaThread "File lock request listener" [_thread_in_native, id=7588, stack(0x00000027c8460000,0x00000027c8560000)]
  0x00000027c544e800 JavaThread "Cache worker for journal cache (C:\Users\Mega\.gradle\caches\journal-1)" [_thread_blocked, id=4496, stack(0x00000027c8760000,0x00000027c8860000)]
  0x00000027c544f000 JavaThread "File watcher server" daemon [_thread_in_native, id=908, stack(0x00000027c9d30000,0x00000027c9e30000)]
  0x00000027c5451000 JavaThread "File watcher consumer" daemon [_thread_blocked, id=4452, stack(0x00000027ca030000,0x00000027ca130000)]
  0x00000027c5c89000 JavaThread "Cache worker for execution history cache (C:\Users\Mega\.gradle\caches\7.0.2\executionHistory)" [_thread_blocked, id=5232, stack(0x00000027ca630000,0x00000027ca730000)]
  0x00000027c5c8a800 JavaThread "jar transforms" [_thread_blocked, id=3712, stack(0x00000027a62b0000,0x00000027a63b0000)]
  0x00000027c5c8b800 JavaThread "jar transforms Thread 2" [_thread_blocked, id=7620, stack(0x00000027a63d0000,0x00000027a64d0000)]
  0x00000027c5c8d000 JavaThread "Cache worker for file content cache (C:\Users\Mega\.gradle\caches\7.0.2\fileContent)" [_thread_blocked, id=5164, stack(0x00000027c7180000,0x00000027c7280000)]
  0x00000027c5c8e000 JavaThread "jar transforms Thread 3" [_thread_blocked, id=4580, stack(0x00000027c7c60000,0x00000027c7d60000)]
  0x00000027c5c87800 JavaThread "Daemon Thread 2" [_thread_blocked, id=7336, stack(0x00000027c7760000,0x00000027c7860000)]
  0x00000027c5c8e800 JavaThread "Handler for socket connection from /127.0.0.1:50744 to /127.0.0.1:50760" [_thread_in_native, id=6356, stack(0x00000027c7860000,0x00000027c7960000)]
  0x00000027c5c8f800 JavaThread "Cancel handler" [_thread_blocked, id=2356, stack(0x00000027c7960000,0x00000027c7a60000)]
  0x00000027c5c89800 JavaThread "Daemon worker Thread 2" [_thread_blocked, id=4672, stack(0x00000027c7a60000,0x00000027c7b60000)]
  0x00000027c5c90000 JavaThread "Asynchronous log dispatcher for DefaultDaemonConnection: socket connection from /127.0.0.1:50744 to /127.0.0.1:50760" [_thread_blocked, id=352, stack(0x00000027c7b60000,0x00000027c7c60000)]
  0x00000027c5c91000 JavaThread "Daemon client event forwarder" [_thread_blocked, id=2040, stack(0x00000027c9c30000,0x00000027c9d30000)]
  0x00000027c5c95000 JavaThread "Cache worker for file hash cache (C:\Users\Mega\AndroidStudioProjects\WnE\.gradle\7.0.2\fileHashes)" [_thread_blocked, id=3272, stack(0x00000027ca130000,0x00000027ca230000)]
  0x00000027c5c93800 JavaThread "Cache worker for checksums cache (C:\Users\Mega\AndroidStudioProjects\WnE\.gradle\checksums)" [_thread_blocked, id=4284, stack(0x00000027ca230000,0x00000027ca330000)]
  0x00000027c5c92000 JavaThread "Cache worker for cache directory md-supplier (C:\Users\Mega\.gradle\caches\7.0.2\md-supplier)" [_thread_blocked, id=4512, stack(0x00000027ca530000,0x00000027ca630000)]
  0x00000027c5c92800 JavaThread "Cache worker for cache directory md-rule (C:\Users\Mega\.gradle\caches\7.0.2\md-rule)" [_thread_blocked, id=3852, stack(0x00000027cb130000,0x00000027cb230000)]
  0x00000027c5c94800 JavaThread "Cache worker for dependencies-accessors (C:\Users\Mega\AndroidStudioProjects\WnE\.gradle\7.0.2\dependencies-accessors)" [_thread_blocked, id=7508, stack(0x00000027cb430000,0x00000027cb530000)]
  0x00000027c544a800 JavaThread "Cache worker for Build Output Cleanup Cache (C:\Users\Mega\AndroidStudioProjects\WnE\.gradle\buildOutputCleanup)" [_thread_blocked, id=7968, stack(0x00000027cb530000,0x00000027cb630000)]
  0x00000027c544b000 JavaThread "Build operations" [_thread_blocked, id=3760, stack(0x00000027ccf80000,0x00000027cd080000)]
  0x00000027c544c000 JavaThread "Build operations Thread 2" [_thread_blocked, id=5956, stack(0x00000027cd480000,0x00000027cd580000)]
  0x00000027c544c800 JavaThread "Build operations Thread 3" [_thread_blocked, id=6052, stack(0x00000027cd580000,0x00000027cd680000)]
  0x00000027c580e800 JavaThread "Build operations Thread 4" [_thread_blocked, id=6432, stack(0x00000027cd680000,0x00000027cd780000)]
  0x00000027c580c000 JavaThread "jar transforms Thread 4" [_thread_blocked, id=4440, stack(0x00000027c7d60000,0x00000027c7e60000)]
  0x00000027c580d000 JavaThread "Memory manager" [_thread_blocked, id=3840, stack(0x00000027cf150000,0x00000027cf250000)]

Other Threads:
=>0x00000027c274c000 VMThread "VM Thread" [stack: 0x00000027c2fc0000,0x00000027c30c0000] [id=7284]
  0x00000027c3520000 WatcherThread [stack: 0x00000027c3ea0000,0x00000027c3fa0000] [id=6556]
  0x00000027a61ec000 GCTaskThread "GC Thread#0" [stack: 0x00000027a8080000,0x00000027a8180000] [id=2952]
  0x00000027c4348800 GCTaskThread "GC Thread#1" [stack: 0x00000027c47a0000,0x00000027c48a0000] [id=856]
  0x00000027c4637800 GCTaskThread "GC Thread#2" [stack: 0x00000027c7f60000,0x00000027c8060000] [id=516]
  0x00000027c545a800 GCTaskThread "GC Thread#3" [stack: 0x00000027c8060000,0x00000027c8160000] [id=2544]
  0x00000027a86d0800 ConcurrentGCThread "G1 Main Marker" [stack: 0x00000027bfd80000,0x00000027bfe80000] [id=6900]
  0x00000027a86d2800 ConcurrentGCThread "G1 Conc#0" [stack: 0x00000027bfe80000,0x00000027bff80000] [id=2560]
  0x00000027a874b000 ConcurrentGCThread "G1 Refine#0" [stack: 0x00000027c23c0000,0x00000027c24c0000] [id=4724]
  0x00000027a874c000 ConcurrentGCThread "G1 Young RemSet Sampling" [stack: 0x00000027c24c0000,0x00000027c25c0000] [id=6296]

Threads with active compile tasks:
C2 CompilerThread0 607465 9743       4       org.codehaus.groovy.vmplugin.v9.Java9::checkCanSetAccessible (137 bytes)

VM state:at safepoint (normal execution)

VM Mutex/Monitor currently owned by a thread:  ([mutex/lock_event])
[0x00000027a8689790] Threads_lock - owner thread: 0x00000027c274c000
[0x00000027a868a090] Heap_lock - owner thread: 0x00000027c5c89800

Heap address: 0x0000000080000000, size: 2048 MB, Compressed Oops mode: 32-bit
Narrow klass base: 0x0000000000000000, Narrow klass shift: 3
Compressed class space size: 1073741824 Address: 0x0000000100000000

Heap:
 garbage-first heap   total 405504K, used 87608K [0x0000000080000000, 0x0000000100000000)
  region size 1024K, 1 young (1024K), 1 survivors (1024K)
 Metaspace       used 83938K, capacity 86063K, committed 86220K, reserved 1124352K
  class space    used 10817K, capacity 11580K, committed 11596K, reserved 1048576K
Heap Regions: E=young(eden), S=young(survivor), O=old, HS=humongous(starts), HC=humongous(continues), CS=collection set, F=free, A=archive, TAMS=top-at-mark-start (previous, next)
|   0|0x0000000080000000, 0x0000000080100000, 0x0000000080100000|100%| O|  |TAMS 0x0000000080100000, 0x0000000080100000| Untracked 
|   1|0x0000000080100000, 0x0000000080200000, 0x0000000080200000|100%| O|  |TAMS 0x0000000080200000, 0x0000000080200000| Untracked 
|   2|0x0000000080200000, 0x0000000080300000, 0x0000000080300000|100%| O|  |TAMS 0x0000000080300000, 0x0000000080300000| Untracked 
|   3|0x0000000080300000, 0x0000000080400000, 0x0000000080400000|100%|HS|  |TAMS 0x0000000080400000, 0x0000000080400000| Complete 
|   4|0x0000000080400000, 0x0000000080500000, 0x0000000080500000|100%|HC|  |TAMS 0x0000000080500000, 0x0000000080500000| Complete 
|   5|0x0000000080500000, 0x0000000080600000, 0x0000000080600000|100%|HC|  |TAMS 0x0000000080600000, 0x0000000080600000| Complete 
|   6|0x0000000080600000, 0x0000000080700000, 0x0000000080700000|100%| O|  |TAMS 0x0000000080700000, 0x0000000080700000| Untracked 
|   7|0x0000000080700000, 0x0000000080800000, 0x0000000080800000|100%| O|  |TAMS 0x0000000080800000, 0x0000000080800000| Untracked 
|   8|0x0000000080800000, 0x0000000080900000, 0x0000000080900000|100%| O|  |TAMS 0x0000000080900000, 0x0000000080900000| Untracked 
|   9|0x0000000080900000, 0x0000000080a00000, 0x0000000080a00000|100%| O|  |TAMS 0x0000000080a00000, 0x0000000080a00000| Untracked 
|  10|0x0000000080a00000, 0x0000000080b00000, 0x0000000080b00000|100%| O|  |TAMS 0x0000000080b00000, 0x0000000080b00000| Untracked 
|  11|0x0000000080b00000, 0x0000000080c00000, 0x0000000080c00000|100%| O|  |TAMS 0x0000000080c00000, 0x0000000080c00000| Untracked 
|  12|0x0000000080c00000, 0x0000000080d00000, 0x0000000080d00000|100%| O|  |TAMS 0x0000000080d00000, 0x0000000080d00000| Untracked 
|  13|0x0000000080d00000, 0x0000000080e00000, 0x0000000080e00000|100%| O|  |TAMS 0x0000000080e00000, 0x0000000080e00000| Untracked 
|  14|0x0000000080e00000, 0x0000000080f00000, 0x0000000080f00000|100%| O|  |TAMS 0x0000000080f00000, 0x0000000080f00000| Untracked 
|  15|0x0000000080f00000, 0x0000000081000000, 0x0000000081000000|100%| O|  |TAMS 0x0000000081000000, 0x0000000081000000| Untracked 
|  16|0x0000000081000000, 0x0000000081100000, 0x0000000081100000|100%| O|  |TAMS 0x0000000081100000, 0x0000000081100000| Untracked 
|  17|0x0000000081100000, 0x0000000081200000, 0x0000000081200000|100%| O|  |TAMS 0x0000000081200000, 0x0000000081200000| Untracked 
|  18|0x0000000081200000, 0x0000000081300000, 0x0000000081300000|100%| O|  |TAMS 0x0000000081300000, 0x0000000081300000| Untracked 
|  19|0x0000000081300000, 0x0000000081400000, 0x0000000081400000|100%| O|  |TAMS 0x0000000081400000, 0x0000000081400000| Untracked 
|  20|0x0000000081400000, 0x0000000081500000, 0x0000000081500000|100%| O|  |TAMS 0x0000000081500000, 0x0000000081500000| Untracked 
|  21|0x0000000081500000, 0x0000000081600000, 0x0000000081600000|100%| O|  |TAMS 0x0000000081600000, 0x0000000081600000| Untracked 
|  22|0x0000000081600000, 0x0000000081700000, 0x0000000081700000|100%| O|  |TAMS 0x0000000081700000, 0x0000000081700000| Untracked 
|  23|0x0000000081700000, 0x0000000081800000, 0x0000000081800000|100%| O|  |TAMS 0x0000000081800000, 0x0000000081800000| Untracked 
|  24|0x0000000081800000, 0x0000000081900000, 0x0000000081900000|100%| O|  |TAMS 0x0000000081900000, 0x0000000081900000| Untracked 
|  25|0x0000000081900000, 0x0000000081a00000, 0x0000000081a00000|100%| O|  |TAMS 0x0000000081a00000, 0x0000000081a00000| Untracked 
|  26|0x0000000081a00000, 0x0000000081b00000, 0x0000000081b00000|100%| O|  |TAMS 0x0000000081b00000, 0x0000000081b00000| Untracked 
|  27|0x0000000081b00000, 0x0000000081c00000, 0x0000000081c00000|100%| O|  |TAMS 0x0000000081c00000, 0x0000000081c00000| Untracked 
|  28|0x0000000081c00000, 0x0000000081d00000, 0x0000000081d00000|100%| O|  |TAMS 0x0000000081d00000, 0x0000000081d00000| Untracked 
|  29|0x0000000081d00000, 0x0000000081e00000, 0x0000000081e00000|100%| O|  |TAMS 0x0000000081e00000, 0x0000000081e00000| Untracked 
|  30|0x0000000081e00000, 0x0000000081f00000, 0x0000000081f00000|100%| O|  |TAMS 0x0000000081f00000, 0x0000000081f00000| Untracked 
|  31|0x0000000081f00000, 0x0000000082000000, 0x0000000082000000|100%| O|  |TAMS 0x0000000082000000, 0x0000000082000000| Untracked 
|  32|0x0000000082000000, 0x0000000082100000, 0x0000000082100000|100%| O|  |TAMS 0x0000000082100000, 0x0000000082100000| Untracked 
|  33|0x0000000082100000, 0x0000000082200000, 0x0000000082200000|100%|HS|  |TAMS 0x0000000082200000, 0x0000000082200000| Complete 
|  34|0x0000000082200000, 0x0000000082300000, 0x0000000082300000|100%|HS|  |TAMS 0x0000000082300000, 0x0000000082300000| Complete 
|  35|0x0000000082300000, 0x0000000082400000, 0x0000000082400000|100%|HS|  |TAMS 0x0000000082400000, 0x0000000082400000| Complete 
|  36|0x0000000082400000, 0x0000000082500000, 0x0000000082500000|100%|HC|  |TAMS 0x0000000082500000, 0x0000000082500000| Complete 
|  37|0x0000000082500000, 0x0000000082600000, 0x0000000082600000|100%| O|  |TAMS 0x0000000082600000, 0x0000000082600000| Untracked 
|  38|0x0000000082600000, 0x0000000082700000, 0x0000000082700000|100%| O|  |TAMS 0x0000000082700000, 0x0000000082700000| Untracked 
|  39|0x0000000082700000, 0x0000000082800000, 0x0000000082800000|100%| O|  |TAMS 0x0000000082800000, 0x0000000082800000| Untracked 
|  40|0x0000000082800000, 0x0000000082900000, 0x0000000082900000|100%| O|  |TAMS 0x0000000082900000, 0x0000000082900000| Untracked 
|  41|0x0000000082900000, 0x0000000082a00000, 0x0000000082a00000|100%| O|  |TAMS 0x0000000082a00000, 0x0000000082a00000| Untracked 
|  42|0x0000000082a00000, 0x0000000082b00000, 0x0000000082b00000|100%| O|  |TAMS 0x0000000082b00000, 0x0000000082b00000| Untracked 
|  43|0x0000000082b00000, 0x0000000082c00000, 0x0000000082c00000|100%| O|  |TAMS 0x0000000082c00000, 0x0000000082c00000| Untracked 
|  44|0x0000000082c00000, 0x0000000082d00000, 0x0000000082d00000|100%| O|  |TAMS 0x0000000082d00000, 0x0000000082d00000| Untracked 
|  45|0x0000000082d00000, 0x0000000082e00000, 0x0000000082e00000|100%| O|  |TAMS 0x0000000082e00000, 0x0000000082e00000| Untracked 
|  46|0x0000000082e00000, 0x0000000082f00000, 0x0000000082f00000|100%| O|  |TAMS 0x0000000082f00000, 0x0000000082f00000| Untracked 
|  47|0x0000000082f00000, 0x0000000083000000, 0x0000000083000000|100%| O|  |TAMS 0x0000000083000000, 0x0000000083000000| Untracked 
|  48|0x0000000083000000, 0x0000000083100000, 0x0000000083100000|100%| O|  |TAMS 0x0000000083100000, 0x0000000083100000| Untracked 
|  49|0x0000000083100000, 0x0000000083200000, 0x0000000083200000|100%| O|  |TAMS 0x0000000083200000, 0x0000000083200000| Untracked 
|  50|0x0000000083200000, 0x0000000083300000, 0x0000000083300000|100%| O|  |TAMS 0x0000000083300000, 0x0000000083300000| Untracked 
|  51|0x0000000083300000, 0x0000000083400000, 0x0000000083400000|100%| O|  |TAMS 0x0000000083400000, 0x0000000083400000| Untracked 
|  52|0x0000000083400000, 0x0000000083500000, 0x0000000083500000|100%| O|  |TAMS 0x0000000083500000, 0x0000000083500000| Untracked 
|  53|0x0000000083500000, 0x0000000083600000, 0x0000000083600000|100%| O|  |TAMS 0x0000000083600000, 0x0000000083600000| Untracked 
|  54|0x0000000083600000, 0x0000000083700000, 0x0000000083700000|100%| O|  |TAMS 0x0000000083700000, 0x0000000083700000| Untracked 
|  55|0x0000000083700000, 0x0000000083800000, 0x0000000083800000|100%| O|  |TAMS 0x0000000083800000, 0x0000000083800000| Untracked 
|  56|0x0000000083800000, 0x0000000083900000, 0x0000000083900000|100%| O|  |TAMS 0x0000000083900000, 0x0000000083900000| Untracked 
|  57|0x0000000083900000, 0x0000000083a00000, 0x0000000083a00000|100%| O|  |TAMS 0x0000000083a00000, 0x0000000083a00000| Untracked 
|  58|0x0000000083a00000, 0x0000000083b00000, 0x0000000083b00000|100%| O|  |TAMS 0x0000000083b00000, 0x0000000083b00000| Untracked 
|  59|0x0000000083b00000, 0x0000000083c00000, 0x0000000083c00000|100%| O|  |TAMS 0x0000000083c00000, 0x0000000083c00000| Untracked 
|  60|0x0000000083c00000, 0x0000000083d00000, 0x0000000083d00000|100%| O|  |TAMS 0x0000000083d00000, 0x0000000083d00000| Untracked 
|  61|0x0000000083d00000, 0x0000000083e00000, 0x0000000083e00000|100%| O|  |TAMS 0x0000000083e00000, 0x0000000083e00000| Untracked 
|  62|0x0000000083e00000, 0x0000000083f00000, 0x0000000083f00000|100%| O|  |TAMS 0x0000000083f00000, 0x0000000083f00000| Untracked 
|  63|0x0000000083f00000, 0x0000000084000000, 0x0000000084000000|100%| O|  |TAMS 0x0000000084000000, 0x0000000084000000| Untracked 
|  64|0x0000000084000000, 0x0000000084100000, 0x0000000084100000|100%| O|  |TAMS 0x0000000084100000, 0x0000000084100000| Untracked 
|  65|0x0000000084100000, 0x0000000084200000, 0x0000000084200000|100%| O|  |TAMS 0x0000000084200000, 0x0000000084200000| Untracked 
|  66|0x0000000084200000, 0x0000000084300000, 0x0000000084300000|100%| O|  |TAMS 0x0000000084300000, 0x0000000084300000| Untracked 
|  67|0x0000000084300000, 0x0000000084400000, 0x0000000084400000|100%| O|  |TAMS 0x0000000084400000, 0x0000000084400000| Untracked 
|  68|0x0000000084400000, 0x0000000084500000, 0x0000000084500000|100%| O|  |TAMS 0x0000000084500000, 0x0000000084500000| Untracked 
|  69|0x0000000084500000, 0x0000000084600000, 0x0000000084600000|100%| O|  |TAMS 0x0000000084600000, 0x0000000084600000| Untracked 
|  70|0x0000000084600000, 0x0000000084700000, 0x0000000084700000|100%| O|  |TAMS 0x0000000084700000, 0x0000000084700000| Untracked 
|  71|0x0000000084700000, 0x0000000084800000, 0x0000000084800000|100%| O|  |TAMS 0x0000000084800000, 0x0000000084800000| Untracked 
|  72|0x0000000084800000, 0x0000000084900000, 0x0000000084900000|100%| O|  |TAMS 0x0000000084900000, 0x0000000084900000| Untracked 
|  73|0x0000000084900000, 0x0000000084a00000, 0x0000000084a00000|100%| O|  |TAMS 0x0000000084a00000, 0x0000000084a00000| Untracked 
|  74|0x0000000084a00000, 0x0000000084b00000, 0x0000000084b00000|100%| O|  |TAMS 0x0000000084b00000, 0x0000000084b00000| Untracked 
|  75|0x0000000084b00000, 0x0000000084c00000, 0x0000000084c00000|100%| O|  |TAMS 0x0000000084bb4e00, 0x0000000084c00000| Untracked 
|  76|0x0000000084c00000, 0x0000000084d00000, 0x0000000084d00000|100%| O|  |TAMS 0x0000000084c00000, 0x0000000084d00000| Untracked 
|  77|0x0000000084d00000, 0x0000000084e00000, 0x0000000084e00000|100%| O|  |TAMS 0x0000000084d00000, 0x0000000084e00000| Untracked 
|  78|0x0000000084e00000, 0x0000000084f00000, 0x0000000084f00000|100%| O|  |TAMS 0x0000000084e00000, 0x0000000084f00000| Untracked 
|  79|0x0000000084f00000, 0x0000000085000000, 0x0000000085000000|100%| O|  |TAMS 0x0000000084f00000, 0x0000000085000000| Untracked 
|  80|0x0000000085000000, 0x0000000085100000, 0x0000000085100000|100%| O|  |TAMS 0x0000000085000000, 0x0000000085100000| Untracked 
|  81|0x0000000085100000, 0x0000000085200000, 0x0000000085200000|100%| O|  |TAMS 0x0000000085100000, 0x0000000085200000| Untracked 
|  82|0x0000000085200000, 0x0000000085300000, 0x0000000085300000|100%| O|  |TAMS 0x0000000085200000, 0x0000000085300000| Untracked 
|  83|0x0000000085300000, 0x0000000085400000, 0x0000000085400000|100%| O|  |TAMS 0x0000000085300000, 0x0000000085333c00| Untracked 
|  84|0x0000000085400000, 0x00000000854e0800, 0x0000000085500000| 87%| O|  |TAMS 0x0000000085400000, 0x0000000085400000| Untracked 
|  85|0x0000000085500000, 0x0000000085500000, 0x0000000085600000|  0%| F|  |TAMS 0x0000000085500000, 0x0000000085500000| Untracked 
|  86|0x0000000085600000, 0x0000000085600000, 0x0000000085700000|  0%| F|  |TAMS 0x0000000085600000, 0x0000000085600000| Untracked 
|  87|0x0000000085700000, 0x0000000085700000, 0x0000000085800000|  0%| F|  |TAMS 0x0000000085700000, 0x0000000085700000| Untracked 
|  88|0x0000000085800000, 0x0000000085800000, 0x0000000085900000|  0%| F|  |TAMS 0x0000000085800000, 0x0000000085800000| Untracked 
|  89|0x0000000085900000, 0x0000000085900000, 0x0000000085a00000|  0%| F|  |TAMS 0x0000000085900000, 0x0000000085900000| Untracked 
|  90|0x0000000085a00000, 0x0000000085a00000, 0x0000000085b00000|  0%| F|  |TAMS 0x0000000085a00000, 0x0000000085a00000| Untracked 
|  91|0x0000000085b00000, 0x0000000085b00000, 0x0000000085c00000|  0%| F|  |TAMS 0x0000000085b00000, 0x0000000085b00000| Untracked 
|  92|0x0000000085c00000, 0x0000000085c00000, 0x0000000085d00000|  0%| F|  |TAMS 0x0000000085c00000, 0x0000000085c00000| Untracked 
|  93|0x0000000085d00000, 0x0000000085d00000, 0x0000000085e00000|  0%| F|  |TAMS 0x0000000085d00000, 0x0000000085d00000| Untracked 
|  94|0x0000000085e00000, 0x0000000085e00000, 0x0000000085f00000|  0%| F|  |TAMS 0x0000000085e00000, 0x0000000085e00000| Untracked 
|  95|0x0000000085f00000, 0x0000000085f00000, 0x0000000086000000|  0%| F|  |TAMS 0x0000000085f00000, 0x0000000085f00000| Untracked 
|  96|0x0000000086000000, 0x0000000086000000, 0x0000000086100000|  0%| F|  |TAMS 0x0000000086000000, 0x0000000086000000| Untracked 
|  97|0x0000000086100000, 0x0000000086100000, 0x0000000086200000|  0%| F|  |TAMS 0x0000000086100000, 0x0000000086100000| Untracked 
|  98|0x0000000086200000, 0x0000000086200000, 0x0000000086300000|  0%| F|  |TAMS 0x0000000086200000, 0x0000000086200000| Untracked 
|  99|0x0000000086300000, 0x0000000086300000, 0x0000000086400000|  0%| F|  |TAMS 0x0000000086300000, 0x0000000086300000| Untracked 
| 100|0x0000000086400000, 0x0000000086400000, 0x0000000086500000|  0%| F|  |TAMS 0x0000000086400000, 0x0000000086400000| Untracked 
| 101|0x0000000086500000, 0x0000000086500000, 0x0000000086600000|  0%| F|  |TAMS 0x0000000086500000, 0x0000000086500000| Untracked 
| 102|0x0000000086600000, 0x0000000086600000, 0x0000000086700000|  0%| F|  |TAMS 0x0000000086600000, 0x0000000086600000| Untracked 
| 103|0x0000000086700000, 0x0000000086700000, 0x0000000086800000|  0%| F|  |TAMS 0x0000000086700000, 0x0000000086700000| Untracked 
| 104|0x0000000086800000, 0x0000000086800000, 0x0000000086900000|  0%| F|  |TAMS 0x0000000086800000, 0x0000000086800000| Untracked 
| 105|0x0000000086900000, 0x0000000086900000, 0x0000000086a00000|  0%| F|  |TAMS 0x0000000086900000, 0x0000000086900000| Untracked 
| 106|0x0000000086a00000, 0x0000000086a00000, 0x0000000086b00000|  0%| F|  |TAMS 0x0000000086a00000, 0x0000000086a00000| Untracked 
| 107|0x0000000086b00000, 0x0000000086b00000, 0x0000000086c00000|  0%| F|  |TAMS 0x0000000086b00000, 0x0000000086b00000| Untracked 
| 108|0x0000000086c00000, 0x0000000086c00000, 0x0000000086d00000|  0%| F|  |TAMS 0x0000000086c00000, 0x0000000086c00000| Untracked 
| 109|0x0000000086d00000, 0x0000000086d00000, 0x0000000086e00000|  0%| F|  |TAMS 0x0000000086d00000, 0x0000000086d00000| Untracked 
| 110|0x0000000086e00000, 0x0000000086e00000, 0x0000000086f00000|  0%| F|  |TAMS 0x0000000086e00000, 0x0000000086e00000| Untracked 
| 111|0x0000000086f00000, 0x0000000086f00000, 0x0000000087000000|  0%| F|  |TAMS 0x0000000086f00000, 0x0000000086f00000| Untracked 
| 112|0x0000000087000000, 0x0000000087000000, 0x0000000087100000|  0%| F|  |TAMS 0x0000000087000000, 0x0000000087000000| Untracked 
| 113|0x0000000087100000, 0x0000000087100000, 0x0000000087200000|  0%| F|  |TAMS 0x0000000087100000, 0x0000000087100000| Untracked 
| 114|0x0000000087200000, 0x0000000087200000, 0x0000000087300000|  0%| F|  |TAMS 0x0000000087200000, 0x0000000087200000| Untracked 
| 115|0x0000000087300000, 0x0000000087300000, 0x0000000087400000|  0%| F|  |TAMS 0x0000000087300000, 0x0000000087300000| Untracked 
| 116|0x0000000087400000, 0x0000000087400000, 0x0000000087500000|  0%| F|  |TAMS 0x0000000087400000, 0x0000000087400000| Untracked 
| 117|0x0000000087500000, 0x0000000087500000, 0x0000000087600000|  0%| F|  |TAMS 0x0000000087500000, 0x0000000087500000| Untracked 
| 118|0x0000000087600000, 0x0000000087600000, 0x0000000087700000|  0%| F|  |TAMS 0x0000000087600000, 0x0000000087600000| Untracked 
| 119|0x0000000087700000, 0x0000000087700000, 0x0000000087800000|  0%| F|  |TAMS 0x0000000087700000, 0x0000000087700000| Untracked 
| 120|0x0000000087800000, 0x0000000087800000, 0x0000000087900000|  0%| F|  |TAMS 0x0000000087800000, 0x0000000087800000| Untracked 
| 121|0x0000000087900000, 0x0000000087900000, 0x0000000087a00000|  0%| F|  |TAMS 0x0000000087900000, 0x0000000087900000| Untracked 
| 122|0x0000000087a00000, 0x0000000087a00000, 0x0000000087b00000|  0%| F|  |TAMS 0x0000000087a00000, 0x0000000087a00000| Untracked 
| 123|0x0000000087b00000, 0x0000000087b00000, 0x0000000087c00000|  0%| F|  |TAMS 0x0000000087b00000, 0x0000000087b00000| Untracked 
| 124|0x0000000087c00000, 0x0000000087c00000, 0x0000000087d00000|  0%| F|  |TAMS 0x0000000087c00000, 0x0000000087c00000| Untracked 
| 125|0x0000000087d00000, 0x0000000087dadb60, 0x0000000087e00000| 67%| S|CS|TAMS 0x0000000087d00000, 0x0000000087d00000| Complete 
| 126|0x0000000087e00000, 0x0000000087e00000, 0x0000000087f00000|  0%| F|  |TAMS 0x0000000087e00000, 0x0000000087e00000| Untracked 
| 127|0x0000000087f00000, 0x0000000087f00000, 0x0000000088000000|  0%| F|  |TAMS 0x0000000087f00000, 0x0000000087f00000| Untracked 
| 128|0x0000000088000000, 0x0000000088000000, 0x0000000088100000|  0%| F|  |TAMS 0x0000000088000000, 0x0000000088000000| Untracked 
| 129|0x0000000088100000, 0x0000000088100000, 0x0000000088200000|  0%| F|  |TAMS 0x0000000088100000, 0x0000000088100000| Untracked 
| 130|0x0000000088200000, 0x0000000088200000, 0x0000000088300000|  0%| F|  |TAMS 0x0000000088200000, 0x0000000088200000| Untracked 
| 131|0x0000000088300000, 0x0000000088300000, 0x0000000088400000|  0%| F|  |TAMS 0x0000000088300000, 0x0000000088300000| Untracked 

Card table byte_map: [0x00000027bb580000,0x00000027bb980000] _byte_map_base: 0x00000027bb180000

Marking Bits (Prev, Next): (CMBitMap*) 0x00000027a86c7af0, (CMBitMap*) 0x00000027a86c7ab8
 Prev Bits: [0x00000027bdd80000, 0x00000027bfd80000)
 Next Bits: [0x00000027bbd80000, 0x00000027bdd80000)

Polling page: 0x00000027a7e70000

Metaspace:

Usage:
  Non-class:     72.74 MB capacity,    71.41 MB ( 98%) used,     1.11 MB (  2%) free+waste,   221.94 KB ( <1%) overhead. 
      Class:     11.31 MB capacity,    10.56 MB ( 93%) used,   659.54 KB (  6%) free+waste,   103.19 KB ( <1%) overhead. 
       Both:     84.05 MB capacity,    81.97 MB ( 98%) used,     1.76 MB (  2%) free+waste,   325.13 KB ( <1%) overhead. 

Virtual space:
  Non-class space:       74.00 MB reserved,      72.88 MB ( 98%) committed 
      Class space:        1.00 GB reserved,      11.32 MB (  1%) committed 
             Both:        1.07 GB reserved,      84.20 MB (  8%) committed 

Chunk freelists:
   Non-Class:  13.00 KB
       Class:  4.00 KB
        Both:  17.00 KB

MaxMetaspaceSize: 17179869184.00 GB
CompressedClassSpaceSize: 1.00 GB

CodeHeap 'non-profiled nmethods': size=120064Kb used=6546Kb max_used=6546Kb free=113517Kb
 bounds [0x00000027b3c40000, 0x00000027b42b0000, 0x00000027bb180000]
CodeHeap 'profiled nmethods': size=120000Kb used=21151Kb max_used=21151Kb free=98848Kb
 bounds [0x00000027ac710000, 0x00000027adbc0000, 0x00000027b3c40000]
CodeHeap 'non-nmethods': size=5696Kb used=2292Kb max_used=2347Kb free=3403Kb
 bounds [0x00000027ac180000, 0x00000027ac3f0000, 0x00000027ac710000]
 total_blobs=10482 nmethods=9582 adapters=811
 compilation: enabled
              stopped_count=0, restarted_count=0
 full_count=0

Compilation events (20 events):
Event: 579.285 Thread 0x00000027c2775800 9751   !   3       jdk.internal.reflect.GeneratedConstructorAccessor50::newInstance (53 bytes)
Event: 579.287 Thread 0x00000027c2775800 nmethod 9751 0x00000027adbaf690 code [0x00000027adbaf8e0, 0x00000027adbb0148]
Event: 579.314 Thread 0x00000027c2775800 9752       3       java.util.TimSort::mergeLo (659 bytes)
Event: 579.323 Thread 0x00000027c2775800 nmethod 9752 0x00000027adbb0590 code [0x00000027adbb0920, 0x00000027adbb2cd8]
Event: 579.401 Thread 0x00000027c2775800 9754       3       org.gradle.internal.metaobject.BeanDynamicObject::<init> (15 bytes)
Event: 579.402 Thread 0x00000027c2775800 nmethod 9754 0x00000027adbb3490 code [0x00000027adbb3640, 0x00000027adbb3788]
Event: 579.402 Thread 0x00000027c2775800 9755       3       org.gradle.internal.extensibility.DefaultConvention::<init> (58 bytes)
Event: 579.407 Thread 0x00000027c2775800 nmethod 9755 0x00000027adbb3890 code [0x00000027adbb3b60, 0x00000027adbb4be8]
Event: 579.407 Thread 0x00000027c2775800 9756       3       org.gradle.internal.extensibility.DefaultConvention$ExtensionsDynamicObject::<init> (6 bytes)
Event: 579.408 Thread 0x00000027c2775800 nmethod 9756 0x00000027adbb5190 code [0x00000027adbb5360, 0x00000027adbb55d8]
Event: 579.438 Thread 0x00000027c2775800 9757       3       groovy.lang.MetaClassImpl$MethodIndexAction::<init> (6 bytes)
Event: 579.438 Thread 0x00000027c2775800 nmethod 9757 0x00000027adbb5710 code [0x00000027adbb58c0, 0x00000027adbb5ad8]
Event: 579.439 Thread 0x00000027c2775800 9758       3       groovy.lang.MetaClassImpl$MethodIndexAction::<init> (10 bytes)
Event: 579.439 Thread 0x00000027c2775800 nmethod 9758 0x00000027adbb5c10 code [0x00000027adbb5dc0, 0x00000027adbb5f78]
Event: 579.530 Thread 0x00000027c2775800 9760       3       org.gradle.api.internal.AbstractTask::assertDynamicObject (41 bytes)
Event: 579.533 Thread 0x00000027c2775800 nmethod 9760 0x00000027adbb6090 code [0x00000027adbb6300, 0x00000027adbb6d58]
Event: 579.575 Thread 0x00000027c2775800 9761       3       org.codehaus.groovy.reflection.CachedClass$2$$Lambda$264/0x0000000100476840::test (8 bytes)
Event: 579.576 Thread 0x00000027c2775800 nmethod 9761 0x00000027adbb7110 code [0x00000027adbb7300, 0x00000027adbb7738]
Event: 579.576 Thread 0x00000027c2775800 9762       3       org.codehaus.groovy.reflection.CachedClass$2::lambda$initValue$0 (13 bytes)
Event: 579.577 Thread 0x00000027c2775800 nmethod 9762 0x00000027adbb7890 code [0x00000027adbb7a60, 0x00000027adbb7d38]

GC Heap History (20 events):
Event: 576.256 GC heap after
{Heap after GC invocations=60 (full 0):
 garbage-first heap   total 98304K, used 81545K [0x0000000080000000, 0x0000000100000000)
  region size 1024K, 1 young (1024K), 1 survivors (1024K)
 Metaspace       used 83898K, capacity 86063K, committed 86220K, reserved 1124352K
  class space    used 10816K, capacity 11580K, committed 11596K, reserved 1048576K
}
Event: 576.354 GC heap before
{Heap before GC invocations=60 (full 0):
 garbage-first heap   total 98304K, used 85641K [0x0000000080000000, 0x0000000100000000)
  region size 1024K, 5 young (5120K), 1 survivors (1024K)
 Metaspace       used 83899K, capacity 86063K, committed 86220K, reserved 1124352K
  class space    used 10816K, capacity 11580K, committed 11596K, reserved 1048576K
}
Event: 576.362 GC heap after
{Heap after GC invocations=61 (full 0):
 garbage-first heap   total 98304K, used 82192K [0x0000000080000000, 0x0000000100000000)
  region size 1024K, 1 young (1024K), 1 survivors (1024K)
 Metaspace       used 83899K, capacity 86063K, committed 86220K, reserved 1124352K
  class space    used 10816K, capacity 11580K, committed 11596K, reserved 1048576K
}
Event: 576.455 GC heap before
{Heap before GC invocations=61 (full 0):
 garbage-first heap   total 98304K, used 85264K [0x0000000080000000, 0x0000000100000000)
  region size 1024K, 4 young (4096K), 1 survivors (1024K)
 Metaspace       used 83910K, capacity 86063K, committed 86220K, reserved 1124352K
  class space    used 10816K, capacity 11580K, committed 11596K, reserved 1048576K
}
Event: 576.462 GC heap after
{Heap after GC invocations=62 (full 0):
 garbage-first heap   total 98304K, used 82727K [0x0000000080000000, 0x0000000100000000)
  region size 1024K, 1 young (1024K), 1 survivors (1024K)
 Metaspace       used 83910K, capacity 86063K, committed 86220K, reserved 1124352K
  class space    used 10816K, capacity 11580K, committed 11596K, reserved 1048576K
}
Event: 576.557 GC heap before
{Heap before GC invocations=62 (full 0):
 garbage-first heap   total 98304K, used 85799K [0x0000000080000000, 0x0000000100000000)
  region size 1024K, 4 young (4096K), 1 survivors (1024K)
 Metaspace       used 83913K, capacity 86063K, committed 86220K, reserved 1124352K
  class space    used 10816K, capacity 11580K, committed 11596K, reserved 1048576K
}
Event: 576.563 GC heap after
{Heap after GC invocations=63 (full 0):
 garbage-first heap   total 98304K, used 83104K [0x0000000080000000, 0x0000000100000000)
  region size 1024K, 1 young (1024K), 1 survivors (1024K)
 Metaspace       used 83913K, capacity 86063K, committed 86220K, reserved 1124352K
  class space    used 10816K, capacity 11580K, committed 11596K, reserved 1048576K
}
Event: 576.621 GC heap before
{Heap before GC invocations=63 (full 0):
 garbage-first heap   total 98304K, used 86176K [0x0000000080000000, 0x0000000100000000)
  region size 1024K, 4 young (4096K), 1 survivors (1024K)
 Metaspace       used 83916K, capacity 86063K, committed 86220K, reserved 1124352K
  class space    used 10816K, capacity 11580K, committed 11596K, reserved 1048576K
}
Event: 576.630 GC heap after
{Heap after GC invocations=64 (full 0):
 garbage-first heap   total 98304K, used 83610K [0x0000000080000000, 0x0000000100000000)
  region size 1024K, 1 young (1024K), 1 survivors (1024K)
 Metaspace       used 83916K, capacity 86063K, committed 86220K, reserved 1124352K
  class space    used 10816K, capacity 11580K, committed 11596K, reserved 1048576K
}
Event: 576.683 GC heap before
{Heap before GC invocations=64 (full 0):
 garbage-first heap   total 98304K, used 86682K [0x0000000080000000, 0x0000000100000000)
  region size 1024K, 4 young (4096K), 1 survivors (1024K)
 Metaspace       used 83920K, capacity 86063K, committed 86220K, reserved 1124352K
  class space    used 10816K, capacity 11580K, committed 11596K, reserved 1048576K
}
Event: 576.694 GC heap after
{Heap after GC invocations=65 (full 0):
 garbage-first heap   total 98304K, used 84058K [0x0000000080000000, 0x0000000100000000)
  region size 1024K, 1 young (1024K), 1 survivors (1024K)
 Metaspace       used 83920K, capacity 86063K, committed 86220K, reserved 1124352K
  class space    used 10816K, capacity 11580K, committed 11596K, reserved 1048576K
}
Event: 576.766 GC heap before
{Heap before GC invocations=65 (full 0):
 garbage-first heap   total 98304K, used 87130K [0x0000000080000000, 0x0000000100000000)
  region size 1024K, 4 young (4096K), 1 survivors (1024K)
 Metaspace       used 83921K, capacity 86063K, committed 86220K, reserved 1124352K
  class space    used 10816K, capacity 11580K, committed 11596K, reserved 1048576K
}
Event: 578.872 GC heap after
{Heap after GC invocations=66 (full 0):
 garbage-first heap   total 135168K, used 84501K [0x0000000080000000, 0x0000000100000000)
  region size 1024K, 1 young (1024K), 1 survivors (1024K)
 Metaspace       used 83921K, capacity 86063K, committed 86220K, reserved 1124352K
  class space    used 10816K, capacity 11580K, committed 11596K, reserved 1048576K
}
Event: 579.232 GC heap before
{Heap before GC invocations=67 (full 0):
 garbage-first heap   total 135168K, used 89621K [0x0000000080000000, 0x0000000100000000)
  region size 1024K, 6 young (6144K), 1 survivors (1024K)
 Metaspace       used 83926K, capacity 86063K, committed 86220K, reserved 1124352K
  class space    used 10817K, capacity 11580K, committed 11596K, reserved 1048576K
}
Event: 579.243 GC heap after
{Heap after GC invocations=68 (full 0):
 garbage-first heap   total 135168K, used 85138K [0x0000000080000000, 0x0000000100000000)
  region size 1024K, 1 young (1024K), 1 survivors (1024K)
 Metaspace       used 83926K, capacity 86063K, committed 86220K, reserved 1124352K
  class space    used 10817K, capacity 11580K, committed 11596K, reserved 1048576K
}
Event: 579.338 GC heap before
{Heap before GC invocations=68 (full 0):
 garbage-first heap   total 135168K, used 90258K [0x0000000080000000, 0x0000000100000000)
  region size 1024K, 6 young (6144K), 1 survivors (1024K)
 Metaspace       used 83930K, capacity 86063K, committed 86220K, reserved 1124352K
  class space    used 10817K, capacity 11580K, committed 11596K, reserved 1048576K
}
Event: 579.351 GC heap after
{Heap after GC invocations=69 (full 0):
 garbage-first heap   total 135168K, used 86214K [0x0000000080000000, 0x0000000100000000)
  region size 1024K, 1 young (1024K), 1 survivors (1024K)
 Metaspace       used 83930K, capacity 86063K, committed 86220K, reserved 1124352K
  class space    used 10817K, capacity 11580K, committed 11596K, reserved 1048576K
}
Event: 579.464 GC heap before
{Heap before GC invocations=69 (full 0):
 garbage-first heap   total 135168K, used 91334K [0x0000000080000000, 0x0000000100000000)
  region size 1024K, 6 young (6144K), 1 survivors (1024K)
 Metaspace       used 83934K, capacity 86063K, committed 86220K, reserved 1124352K
  class space    used 10817K, capacity 11580K, committed 11596K, reserved 1048576K
}
Event: 579.473 GC heap after
{Heap after GC invocations=70 (full 0):
 garbage-first heap   total 135168K, used 86851K [0x0000000080000000, 0x0000000100000000)
  region size 1024K, 1 young (1024K), 1 survivors (1024K)
 Metaspace       used 83934K, capacity 86063K, committed 86220K, reserved 1124352K
  class space    used 10817K, capacity 11580K, committed 11596K, reserved 1048576K
}
Event: 579.586 GC heap before
{Heap before GC invocations=70 (full 0):
 garbage-first heap   total 135168K, used 91971K [0x0000000080000000, 0x0000000100000000)
  region size 1024K, 6 young (6144K), 1 survivors (1024K)
 Metaspace       used 83938K, capacity 86063K, committed 86220K, reserved 1124352K
  class space    used 10817K, capacity 11580K, committed 11596K, reserved 1048576K
}

Deoptimization events (20 events):
Event: 553.049 Thread 0x00000027c5c89800 Uncommon trap: trap_request=0xffffff4d fr.pc=0x00000027b40b6174 relative=0x00000000000027d4
Event: 553.049 Thread 0x00000027c5c89800 Uncommon trap: reason=unstable_if action=reinterpret pc=0x00000027b40b6174 method=java.util.TreeMap.put(Ljava/lang/Object;Ljava/lang/Object;)Ljava/lang/Object; @ 163 c2
Event: 553.049 Thread 0x00000027c5c89800 DEOPT PACKING pc=0x00000027b40b6174 sp=0x00000027c7b51eb0
Event: 553.049 Thread 0x00000027c5c89800 DEOPT UNPACKING pc=0x00000027ac1a782f sp=0x00000027c7b51e70 mode 2
Event: 564.411 Thread 0x00000027c5c89800 Uncommon trap: trap_request=0xffffff4d fr.pc=0x00000027b41e351c relative=0x00000000000001dc
Event: 564.411 Thread 0x00000027c5c89800 Uncommon trap: reason=unstable_if action=reinterpret pc=0x00000027b41e351c method=org.gradle.internal.instantiation.generator.AbstractClassGenerator.isNameProperty(Lorg/gradle/internal/instantiation/generator/AbstractClassGenerator$PropertyMetadata;)Z @ 2
Event: 564.411 Thread 0x00000027c5c89800 DEOPT PACKING pc=0x00000027b41e351c sp=0x00000027c7b52720
Event: 564.411 Thread 0x00000027c5c89800 DEOPT UNPACKING pc=0x00000027ac1a782f sp=0x00000027c7b526b0 mode 2
Event: 575.990 Thread 0x00000027c5c89800 DEOPT PACKING pc=0x00000027ad85fdca sp=0x00000027c7b53ed0
Event: 575.990 Thread 0x00000027c5c89800 DEOPT UNPACKING pc=0x00000027ac1a764e sp=0x00000027c7b53330 mode 0
Event: 576.067 Thread 0x00000027c5c89800 Uncommon trap: trap_request=0xffffff4d fr.pc=0x00000027b4291120 relative=0x0000000000000560
Event: 576.067 Thread 0x00000027c5c89800 Uncommon trap: reason=unstable_if action=reinterpret pc=0x00000027b4291120 method=groovy.lang.MetaClassImpl.filterPropertyMethod(Ljava/lang/Object;ZZ)Ljava/lang/Object; @ 80 c2
Event: 576.067 Thread 0x00000027c5c89800 DEOPT PACKING pc=0x00000027b4291120 sp=0x00000027c7b53e50
Event: 576.067 Thread 0x00000027c5c89800 DEOPT UNPACKING pc=0x00000027ac1a782f sp=0x00000027c7b53dc0 mode 2
Event: 576.244 Thread 0x00000027c5c89800 DEOPT PACKING pc=0x00000027ad85fdca sp=0x00000027c7b53f20
Event: 576.244 Thread 0x00000027c5c89800 DEOPT UNPACKING pc=0x00000027ac1a764e sp=0x00000027c7b53380 mode 0
Event: 576.499 Thread 0x00000027c5c89800 DEOPT PACKING pc=0x00000027ad85fdca sp=0x00000027c7b53ff0
Event: 576.499 Thread 0x00000027c5c89800 DEOPT UNPACKING pc=0x00000027ac1a764e sp=0x00000027c7b53450 mode 0
Event: 579.520 Thread 0x00000027c5c89800 DEOPT PACKING pc=0x00000027ad9bdc62 sp=0x00000027c7b52370
Event: 579.520 Thread 0x00000027c5c89800 DEOPT UNPACKING pc=0x00000027ac1a764e sp=0x00000027c7b51848 mode 0

Classes redefined (0 events):
No events

Internal exceptions (20 events):
Event: 579.462 Thread 0x00000027c5c89800 Exception <a 'java/lang/ClassNotFoundException'{0x0000000087feacb0}: org/gradle/api/tasks/diagnostics/ProjectReportTaskCustomizer> (0x0000000087feacb0) thrown at [./src/hotspot/share/classfile/systemDictionary.cpp, line 231]
Event: 579.476 Thread 0x00000027c5c89800 Exception <a 'java/lang/ClassNotFoundException'{0x00000000883233b0}: org/gradle/api/tasks/diagnostics/ProjectReportTask_DecoratedCustomizer> (0x00000000883233b0) thrown at [./src/hotspot/share/classfile/systemDictionary.cpp, line 231]
Event: 579.485 Thread 0x00000027c5c89800 Exception <a 'java/lang/ClassNotFoundException'{0x00000000883b6508}: org/gradle/api/tasks/diagnostics/PropertyReportTask_DecoratedBeanInfo> (0x00000000883b6508) thrown at [./src/hotspot/share/classfile/systemDictionary.cpp, line 231]
Event: 579.489 Thread 0x00000027c5c89800 Exception <a 'java/lang/ClassNotFoundException'{0x00000000883dd1f8}: org/gradle/api/tasks/diagnostics/PropertyReportTaskBeanInfo> (0x00000000883dd1f8) thrown at [./src/hotspot/share/classfile/systemDictionary.cpp, line 231]
Event: 579.492 Thread 0x00000027c5c89800 Exception <a 'java/lang/ClassNotFoundException'{0x00000000882046e8}: org/gradle/api/tasks/diagnostics/PropertyReportTaskCustomizer> (0x00000000882046e8) thrown at [./src/hotspot/share/classfile/systemDictionary.cpp, line 231]
Event: 579.496 Thread 0x00000027c5c89800 Exception <a 'java/lang/ClassNotFoundException'{0x000000008823cc08}: org/gradle/api/tasks/diagnostics/PropertyReportTask_DecoratedCustomizer> (0x000000008823cc08) thrown at [./src/hotspot/share/classfile/systemDictionary.cpp, line 231]
Event: 579.512 Thread 0x00000027c5c89800 Exception <a 'java/lang/ClassNotFoundException'{0x00000000882d35f8}: com/android/build/gradle/internal/tasks/SdkDependencyDataGeneratorTask_DecoratedBeanInfo> (0x00000000882d35f8) thrown at [./src/hotspot/share/classfile/systemDictionary.cpp, line 231]
Event: 579.515 Thread 0x00000027c5c89800 Exception <a 'java/lang/ClassNotFoundException'{0x00000000882f1be0}: com/android/build/gradle/internal/tasks/SdkDependencyDataGeneratorTaskBeanInfo> (0x00000000882f1be0) thrown at [./src/hotspot/share/classfile/systemDictionary.cpp, line 231]
Event: 579.518 Thread 0x00000027c5c89800 Exception <a 'java/lang/ClassNotFoundException'{0x00000000881106e8}: com/android/build/gradle/internal/tasks/SdkDependencyDataGeneratorTaskCustomizer> (0x00000000881106e8) thrown at [./src/hotspot/share/classfile/systemDictionary.cpp, line 231]
Event: 579.523 Thread 0x00000027c5c89800 Exception <a 'java/lang/ClassNotFoundException'{0x0000000088141ae0}: com/android/build/gradle/internal/tasks/SdkDependencyDataGeneratorTask_DecoratedCustomizer> (0x0000000088141ae0) thrown at [./src/hotspot/share/classfile/systemDictionary.cpp, line 231]
Event: 579.541 Thread 0x00000027c5c89800 Exception <a 'java/lang/ClassNotFoundException'{0x00000000881d59b8}: com/android/build/gradle/internal/tasks/FinalizeBundleTask_DecoratedBeanInfo> (0x00000000881d59b8) thrown at [./src/hotspot/share/classfile/systemDictionary.cpp, line 231]
Event: 579.543 Thread 0x00000027c5c89800 Exception <a 'java/lang/ClassNotFoundException'{0x00000000881f22f8}: com/android/build/gradle/internal/tasks/FinalizeBundleTaskBeanInfo> (0x00000000881f22f8) thrown at [./src/hotspot/share/classfile/systemDictionary.cpp, line 231]
Event: 579.544 Thread 0x00000027c5c89800 Exception <a 'java/lang/ClassNotFoundException'{0x000000008800f8d0}: com/android/build/gradle/internal/tasks/FinalizeBundleTaskCustomizer> (0x000000008800f8d0) thrown at [./src/hotspot/share/classfile/systemDictionary.cpp, line 231]
Event: 579.548 Thread 0x00000027c5c89800 Exception <a 'java/lang/ClassNotFoundException'{0x0000000088040940}: com/android/build/gradle/internal/tasks/FinalizeBundleTask_DecoratedCustomizer> (0x0000000088040940) thrown at [./src/hotspot/share/classfile/systemDictionary.cpp, line 231]
Event: 579.560 Thread 0x00000027c5c89800 Exception <a 'java/lang/ClassNotFoundException'{0x00000000880d23d8}: com/android/build/gradle/internal/tasks/SigningConfigWriterTask_DecoratedBeanInfo> (0x00000000880d23d8) thrown at [./src/hotspot/share/classfile/systemDictionary.cpp, line 231]
Event: 579.562 Thread 0x00000027c5c89800 Exception <a 'java/lang/ClassNotFoundException'{0x00000000880ef788}: com/android/build/gradle/internal/tasks/SigningConfigWriterTaskBeanInfo> (0x00000000880ef788) thrown at [./src/hotspot/share/classfile/systemDictionary.cpp, line 231]
Event: 579.564 Thread 0x00000027c5c89800 Exception <a 'java/lang/ClassNotFoundException'{0x0000000087f0d128}: com/android/build/gradle/internal/tasks/SigningConfigWriterTaskCustomizer> (0x0000000087f0d128) thrown at [./src/hotspot/share/classfile/systemDictionary.cpp, line 231]
Event: 579.567 Thread 0x00000027c5c89800 Exception <a 'java/lang/ClassNotFoundException'{0x0000000087f40c08}: com/android/build/gradle/internal/tasks/SigningConfigWriterTask_DecoratedCustomizer> (0x0000000087f40c08) thrown at [./src/hotspot/share/classfile/systemDictionary.cpp, line 231]
Event: 579.581 Thread 0x00000027c5c89800 Exception <a 'java/lang/ClassNotFoundException'{0x0000000087fc93b0}: com/android/build/gradle/internal/tasks/SigningReportTask_DecoratedBeanInfo> (0x0000000087fc93b0) thrown at [./src/hotspot/share/classfile/systemDictionary.cpp, line 231]
Event: 579.583 Thread 0x00000027c5c89800 Exception <a 'java/lang/ClassNotFoundException'{0x0000000087fe5790}: com/android/build/gradle/internal/tasks/SigningReportTaskBeanInfo> (0x0000000087fe5790) thrown at [./src/hotspot/share/classfile/systemDictionary.cpp, line 231]

Events (20 events):
Event: 579.567 loading class com/android/build/gradle/internal/tasks/SigningConfigWriterTask_DecoratedCustomizer done
Event: 579.573 loading class groovy/runtime/metaclass/com/android/build/gradle/internal/tasks/SigningReportTask_DecoratedMetaClass
Event: 579.573 loading class groovy/runtime/metaclass/com/android/build/gradle/internal/tasks/SigningReportTask_DecoratedMetaClass done
Event: 579.578 loading class com/android/build/gradle/internal/tasks/SigningReportTask_DecoratedBeanInfo
Event: 579.578 loading class com/android/build/gradle/internal/tasks/SigningReportTask_DecoratedBeanInfo done
Event: 579.579 loading class com/android/build/gradle/internal/tasks/SigningReportTask_DecoratedBeanInfo
Event: 579.579 loading class com/android/build/gradle/internal/tasks/SigningReportTask_DecoratedBeanInfo done
Event: 579.580 loading class com/android/build/gradle/internal/tasks/SigningReportTask_DecoratedBeanInfo
Event: 579.580 loading class com/android/build/gradle/internal/tasks/SigningReportTask_DecoratedBeanInfo done
Event: 579.581 loading class com/android/build/gradle/internal/tasks/SigningReportTaskBeanInfo
Event: 579.581 loading class com/android/build/gradle/internal/tasks/SigningReportTaskBeanInfo done
Event: 579.582 loading class com/android/build/gradle/internal/tasks/SigningReportTaskBeanInfo
Event: 579.582 loading class com/android/build/gradle/internal/tasks/SigningReportTaskBeanInfo done
Event: 579.583 loading class com/android/build/gradle/internal/tasks/SigningReportTaskBeanInfo
Event: 579.583 loading class com/android/build/gradle/internal/tasks/SigningReportTaskBeanInfo done
Event: 579.584 loading class com/android/build/gradle/internal/tasks/SigningReportTaskCustomizer
Event: 579.584 loading class com/android/build/gradle/internal/tasks/SigningReportTaskCustomizer done
Event: 579.585 loading class com/android/build/gradle/internal/tasks/SigningReportTaskCustomizer
Event: 579.585 loading class com/android/build/gradle/internal/tasks/SigningReportTaskCustomizer done
Event: 579.586 Executing VM operation: G1CollectForAllocation


Dynamic libraries:
0x00007ff77ef40000 - 0x00007ff77ef4a000 	C:\Program Files\Android\Android Studio\jre\bin\java.exe
0x00007ff9cb2c0000 - 0x00007ff9cb482000 	C:\Windows\SYSTEM32\ntdll.dll
0x00007ff9ca7b0000 - 0x00007ff9ca85d000 	C:\Windows\system32\KERNEL32.DLL
0x00007ff9c86f0000 - 0x00007ff9c88cd000 	C:\Windows\system32\KERNELBASE.dll
0x00007ff9be830000 - 0x00007ff9be849000 	C:\Program Files\Android\Android Studio\jre\bin\jli.dll
0x00007ff9c0b20000 - 0x00007ff9c0b37000 	C:\Program Files\Android\Android Studio\jre\bin\VCRUNTIME140.dll
0x00007ff9c16c0000 - 0x00007ff9c17b2000 	C:\Windows\SYSTEM32\ucrtbase.dll
0x00007ff9caf30000 - 0x00007ff9cb07e000 	C:\Windows\system32\USER32.dll
0x00007ff9bb010000 - 0x00007ff9bb284000 	C:\Windows\WinSxS\amd64_microsoft.windows.common-controls_6595b64144ccf1df_6.0.10240.17184_none_f41d7a705752bce6\COMCTL32.dll
0x00007ff9c8980000 - 0x00007ff9c8b04000 	C:\Windows\system32\GDI32.dll
0x00007ff9c8e80000 - 0x00007ff9c8f1d000 	C:\Windows\system32\msvcrt.dll
0x00007ff9ca770000 - 0x00007ff9ca7a6000 	C:\Windows\system32\IMM32.DLL
0x00007ff9c8bf0000 - 0x00007ff9c8d4c000 	C:\Windows\system32\MSCTF.dll
0x00007ff9b4f20000 - 0x00007ff9b4fbd000 	C:\Program Files\Android\Android Studio\jre\bin\msvcp140.dll
0x00007ff9a9590000 - 0x00007ff9aa05f000 	C:\Program Files\Android\Android Studio\jre\bin\server\jvm.dll
0x00007ff9ca860000 - 0x00007ff9ca906000 	C:\Windows\system32\ADVAPI32.dll
0x00007ff9ca710000 - 0x00007ff9ca76b000 	C:\Windows\system32\sechost.dll
0x00007ff9c8d50000 - 0x00007ff9c8e76000 	C:\Windows\system32\RPCRT4.dll
0x00007ff9ca910000 - 0x00007ff9ca918000 	C:\Windows\system32\PSAPI.DLL
0x00007ff9c6370000 - 0x00007ff9c6393000 	C:\Windows\SYSTEM32\WINMM.dll
0x00007ff9c5900000 - 0x00007ff9c590a000 	C:\Windows\SYSTEM32\VERSION.dll
0x00007ff9bc8d0000 - 0x00007ff9bc8d9000 	C:\Windows\SYSTEM32\WSOCK32.dll
0x00007ff9c8f90000 - 0x00007ff9c8ff9000 	C:\Windows\system32\WS2_32.dll
0x00007ff9ca6e0000 - 0x00007ff9ca6e8000 	C:\Windows\system32\NSI.dll
0x00000027a6610000 - 0x00000027a663c000 	C:\Windows\SYSTEM32\WINMMBASE.dll
0x00007ff9c8930000 - 0x00007ff9c8974000 	C:\Windows\system32\cfgmgr32.dll
0x00007ff9c65c0000 - 0x00007ff9c65e7000 	C:\Windows\SYSTEM32\DEVOBJ.dll
0x00007ff9c7d00000 - 0x00007ff9c7d0f000 	C:\Windows\system32\kernel.appcore.dll
0x00007ff9c6140000 - 0x00007ff9c6151000 	C:\Program Files\Android\Android Studio\jre\bin\verify.dll
0x00007ff9c0fe0000 - 0x00007ff9c116a000 	C:\Windows\SYSTEM32\DBGHELP.DLL
0x00007ff9c06a0000 - 0x00007ff9c06c5000 	C:\Windows\SYSTEM32\dbgcore.DLL
0x00007ff9c6110000 - 0x00007ff9c6139000 	C:\Program Files\Android\Android Studio\jre\bin\java.dll
0x00007ff9c6100000 - 0x00007ff9c610b000 	C:\Program Files\Android\Android Studio\jre\bin\jimage.dll
0x00007ff9c60e0000 - 0x00007ff9c60f8000 	C:\Program Files\Android\Android Studio\jre\bin\zip.dll
0x00007ff9c9060000 - 0x00007ff9ca583000 	C:\Windows\system32\SHELL32.dll
0x00007ff9c7f50000 - 0x00007ff9c8579000 	C:\Windows\system32\windows.storage.dll
0x00007ff9caa50000 - 0x00007ff9caccc000 	C:\Windows\system32\combase.dll
0x00007ff9c9000000 - 0x00007ff9c9051000 	C:\Windows\system32\shlwapi.dll
0x00007ff9c8580000 - 0x00007ff9c8633000 	C:\Windows\system32\shcore.dll
0x00007ff9c7d10000 - 0x00007ff9c7d5a000 	C:\Windows\system32\powrprof.dll
0x00007ff9c7d60000 - 0x00007ff9c7d73000 	C:\Windows\system32\profapi.dll
0x00007ff9c60c0000 - 0x00007ff9c60da000 	C:\Program Files\Android\Android Studio\jre\bin\net.dll
0x00007ff9c3ac0000 - 0x00007ff9c3b96000 	C:\Windows\SYSTEM32\WINHTTP.dll
0x00007ff9c74f0000 - 0x00007ff9c754d000 	C:\Windows\system32\mswsock.dll
0x00007ff9c6070000 - 0x00007ff9c6084000 	C:\Program Files\Android\Android Studio\jre\bin\nio.dll
0x00007ff9c52a0000 - 0x00007ff9c52c7000 	C:\Users\Mega\.gradle\native\8bec1ad78214c89d9ad589b4d07fe93259594b29d510b10fafb7a158f7737e5d\windows-amd64\native-platform.dll
0x00007ff9b8440000 - 0x00007ff9b857d000 	C:\Users\Mega\.gradle\native\53dbd7edfb1c66fb8903c78663c9afc45aea4f116125fa6feffd364cf09443e8\windows-amd64\native-platform-file-events.dll
0x00007ff9c6160000 - 0x00007ff9c616a000 	C:\Program Files\Android\Android Studio\jre\bin\management.dll
0x00007ff9c6060000 - 0x00007ff9c606c000 	C:\Program Files\Android\Android Studio\jre\bin\management_ext.dll
0x00007ff9c7550000 - 0x00007ff9c7567000 	C:\Windows\SYSTEM32\CRYPTSP.dll
0x00007ff9c7c10000 - 0x00007ff9c7c38000 	C:\Windows\SYSTEM32\bcrypt.dll
0x00007ff9c71a0000 - 0x00007ff9c71d3000 	C:\Windows\system32\rsaenh.dll
0x00007ff9c7380000 - 0x00007ff9c739f000 	C:\Windows\SYSTEM32\USERENV.dll
0x00007ff9c7b00000 - 0x00007ff9c7b6b000 	C:\Windows\system32\bcryptprimitives.dll
0x00007ff9c76a0000 - 0x00007ff9c76ab000 	C:\Windows\SYSTEM32\CRYPTBASE.dll
0x00007ff9c5b50000 - 0x00007ff9c5b88000 	C:\Windows\SYSTEM32\IPHLPAPI.DLL
0x00007ff9c57c0000 - 0x00007ff9c57cb000 	C:\Windows\SYSTEM32\WINNSI.DLL
0x00007ff9c4880000 - 0x00007ff9c4896000 	C:\Windows\SYSTEM32\dhcpcsvc6.DLL
0x00007ff9c4860000 - 0x00007ff9c487a000 	C:\Windows\SYSTEM32\dhcpcsvc.DLL
0x00007ff9c1450000 - 0x00007ff9c1477000 	C:\Program Files\Android\Android Studio\jre\bin\sunec.dll
0x00007ff9c7290000 - 0x00007ff9c7338000 	C:\Windows\SYSTEM32\DNSAPI.dll
0x00007ff9be490000 - 0x00007ff9be49a000 	C:\Windows\System32\rasadhlp.dll
0x00007ff9c1d40000 - 0x00007ff9c1da8000 	C:\Windows\System32\fwpuclnt.dll

dbghelp: loaded successfully - version: 4.0.5 - missing functions: none
symbol engine: initialized successfully - sym options: 0x614 - pdb path: .;C:\Program Files\Android\Android Studio\jre\bin;C:\Windows\SYSTEM32;C:\Windows\WinSxS\amd64_microsoft.windows.common-controls_6595b64144ccf1df_6.0.10240.17184_none_f41d7a705752bce6;C:\Program Files\Android\Android Studio\jre\bin\server;C:\Users\Mega\.gradle\native\8bec1ad78214c89d9ad589b4d07fe93259594b29d510b10fafb7a158f7737e5d\windows-amd64;C:\Users\Mega\.gradle\native\53dbd7edfb1c66fb8903c78663c9afc45aea4f116125fa6feffd364cf09443e8\windows-amd64

VM Arguments:
jvm_args: --add-opens=java.base/java.util=ALL-UNNAMED --add-opens=java.base/java.lang=ALL-UNNAMED --add-opens=java.base/java.lang.invoke=ALL-UNNAMED --add-opens=java.base/java.util=ALL-UNNAMED --add-opens=java.prefs/java.util.prefs=ALL-UNNAMED --add-opens=java.prefs/java.util.prefs=ALL-UNNAMED --add-opens=java.base/java.nio.charset=ALL-UNNAMED --add-opens=java.base/java.net=ALL-UNNAMED --add-opens=java.base/java.util.concurrent.atomic=ALL-UNNAMED -Xmx2048m -Dfile.encoding=UTF-8 -Duser.country=US -Duser.language=en -Duser.variant 
java_command: org.gradle.launcher.daemon.bootstrap.GradleDaemon 7.0.2
java_class_path (initial): C:\Users\Mega\.gradle\wrapper\dists\gradle-7.0.2-bin\857tjihv64xamwrf0h14cai3r\gradle-7.0.2\lib\gradle-launcher-7.0.2.jar
Launcher Type: SUN_STANDARD

[Global flags]
     intx CICompilerCount                          = 3                                         {product} {ergonomic}
     uint ConcGCThreads                            = 1                                         {product} {ergonomic}
     uint G1ConcRefinementThreads                  = 4                                         {product} {ergonomic}
   size_t G1HeapRegionSize                         = 1048576                                   {product} {ergonomic}
    uintx GCDrainStackTargetSize                   = 64                                        {product} {ergonomic}
   size_t InitialHeapSize                          = 100663296                                 {product} {ergonomic}
   size_t MarkStackSize                            = 4194304                                   {product} {ergonomic}
   size_t MaxHeapSize                              = 2147483648                                {product} {command line}
   size_t MaxNewSize                               = 1287651328                                {product} {ergonomic}
   size_t MinHeapDeltaBytes                        = 1048576                                   {product} {ergonomic}
    uintx NonNMethodCodeHeapSize                   = 5830732                                {pd product} {ergonomic}
    uintx NonProfiledCodeHeapSize                  = 122913754                              {pd product} {ergonomic}
    uintx ProfiledCodeHeapSize                     = 122913754                              {pd product} {ergonomic}
    uintx ReservedCodeCacheSize                    = 251658240                              {pd product} {ergonomic}
     bool SegmentedCodeCache                       = true                                      {product} {ergonomic}
     bool UseCompressedClassPointers               = true                                 {lp64_product} {ergonomic}
     bool UseCompressedOops                        = true                                 {lp64_product} {ergonomic}
     bool UseG1GC                                  = true                                      {product} {ergonomic}
     bool UseLargePagesIndividualAllocation        = false                                  {pd product} {ergonomic}

Logging:
Log output configuration:
 #0: stdout all=warning uptime,level,tags
 #1: stderr all=off uptime,level,tags

Environment Variables:
JAVA_HOME=C:\Program Files\Java\jdk-11
PATH=C:\Program Files\Common Files\Oracle\Java\javapath;C:\Program Files (x86)\Common Files\Oracle\Java\javapath;C:\Program Files (x86)\VMware\VMware Player\bin\;C:\Windows\system32;C:\Windows;C:\Windows\System32\Wbem;C:\Windows\System32\WindowsPowerShell\v1.0\;C:\xamp\php;C:\composer;C:\Program Files\nodejs\;C:\ProgramData\chocolatey\bin;C:\Program Files\Git\cmd;C:\apache-maven-4.0.0-alpha-3\bin;C:\Users\Mega\AppData\Roaming\Composer\vendor\bin;C:\Users\Mega\AppData\Local\Programs\Microsoft VS Code\bin;C:\Users\Mega\AppData\Roaming\npm;C:\Program Files\MongoDB\Server\5.0\bin;C:\Program Files\Android\Android Studio\jre\bin;C:\Users\Mega\AppData\Local\android\sdk\tools;C:\Program Files\Java\jdk-11\bin
USERNAME=Mega
OS=Windows_NT
PROCESSOR_IDENTIFIER=Intel64 Family 6 Model 42 Stepping 7, GenuineIntel



---------------  S Y S T E M  ---------------

OS: Windows 10 , 64 bit Build 10240 (10.0.10240.17113)
OS uptime: 0 days 4:22 hours

CPU:total 4 (initial active 4) (2 cores per cpu, 2 threads per core) family 6 model 42 stepping 7 microcode 0x29, cmov, cx8, fxsr, mmx, sse, sse2, sse3, ssse3, sse4.1, sse4.2, popcnt, avx, clmul, ht, tsc, tscinvbit

Memory: 4k page, system-wide physical 6091M (479M free)
TotalPageFile size 15359M (AvailPageFile size 94M)
current process WorkingSet (physical memory assigned to process): 237M, peak: 286M
current process commit charge ("private bytes"): 387M, peak: 651M

vm_info: OpenJDK 64-Bit Server VM (11.0.10+0-b96-7249189) for windows-amd64 JRE (11.0.10+0-b96-7249189), built on Mar 31 2021 21:44:00 by "builder" with MS VC++ 14.0 (VS2015)

END.
